2538.575439 -771.963440 3.024029 3.590819 309.000000 1000.000000
-721.001831 2501.849365 6.169024 -2.519511 309.000000 1000.000000
775.632263 725.062378 1.553918 -4.256715 309.000000 1000.000000
-1899.389404 3626.607178 6.763061 -1.925062 309.000000 1000.000000
715.978760 439.043427 2.073137 0.172767 309.000000 1000.000000
1703.571289 1248.450195 3.387348 -1.322924 309.000000 1000.000000
1228.878784 2201.229980 1.994358 -0.504454 309.000000 1000.000000
1744.742432 2378.570557 0.907736 -1.509661 309.000000 1000.000000
1394.819580 -640.676758 8.566297 3.302936 309.000000 1000.000000
2111.196289 487.269592 2.148199 0.842358 309.000000 1000.000000
1249.315186 804.094238 1.342619 -2.897548 309.000000 1000.000000
1802.379028 749.064819 1.161842 2.258081 309.000000 1000.000000
1748.199341 2180.196289 1.084540 -1.573469 309.000000 1000.000000
994.255859 1364.029541 3.371109 -1.859038 309.000000 1000.000000
845.079956 1297.528320 1.192831 0.003114 309.000000 1000.000000
1214.573975 1111.785034 0.484797 -0.126246 309.000000 1000.000000
1214.516968 1114.147949 0.484797 -0.034829 309.000000 1000.000000
1412.159668 1460.125122 1.662203 -3.834403 309.000000 1000.000000
1215.600342 1112.771606 0.492174 0.010132 309.000000 1000.000000
402.922668 1337.725952 1.635301 -0.016234 309.000000 1000.000000
1032.311523 1152.075684 0.677857 -1.153412 309.000000 1000.000000
292.522003 429.492188 0.651463 -2.770533 309.000000 1000.000000
1209.231567 1104.741821 0.523427 -0.035468 309.000000 1000.000000
1341.079712 2044.249023 0.852315 3.404446 309.000000 1000.000000
770.187256 1703.337891 1.012719 -1.052778 309.000000 1000.000000
490.010437 823.079590 2.584241 2.244373 309.000000 1000.000000
956.953735 179.273270 1.936577 0.085011 309.000000 1000.000000
1949.320313 2200.423096 1.026980 1.534622 309.000000 1000.000000
957.449280 1959.750244 2.997610 -1.717591 309.000000 1000.000000
2145.810303 1166.635864 0.288456 5.860785 309.000000 1000.000000
1785.898804 1834.948486 3.016842 -4.045071 309.000000 1000.000000
753.051636 1588.322021 0.980202 -1.087206 309.000000 1000.000000
1211.071655 1115.404907 0.468647 -0.039781 309.000000 1000.000000
1212.344116 1106.355835 0.526455 -0.193936 309.000000 1000.000000
1508.654175 2341.378418 0.680990 -4.238194 309.000000 1000.000000
357.085114 1913.845825 0.339411 2.094295 309.000000 1000.000000
1193.824097 1104.083374 0.542396 -0.229031 309.000000 1000.000000
729.433899 1506.500732 1.360031 -0.079161 309.000000 1000.000000
1207.697632 1110.581421 0.507125 -0.060342 309.000000 1000.000000
872.484375 485.854828 1.712365 1.559467 309.000000 1000.000000
607.734070 1523.115234 1.253008 -3.069162 309.000000 1000.000000
1422.371582 1802.626465 0.506922 2.340961 309.000000 1000.000000
1209.284668 1110.468506 0.502877 -0.068044 309.000000 1000.000000
1214.759399 1112.920776 0.502877 0.021717 309.000000 1000.000000
1330.398438 560.439514 1.358762 3.097468 309.000000 1000.000000
1223.229614 1122.235107 0.541771 -0.135167 309.000000 1000.000000
1558.516113 2922.665771 1.369963 0.678547 309.000000 1000.000000
645.907837 701.269653 3.329623 -1.223051 309.000000 1000.000000
1182.318481 2025.250977 0.999536 0.028846 309.000000 1000.000000
1248.333008 1301.838989 1.362180 -0.470818 309.000000 1000.000000
745.264038 2575.106689 0.546822 3.713447 309.000000 1000.000000
1161.667603 1008.351807 1.348464 -4.124254 309.000000 1000.000000
727.228882 1751.613037 1.863708 3.799495 309.000000 1000.000000
1931.301392 3769.679199 2.242846 0.242105 309.000000 1000.000000
1185.336182 3216.152100 0.818322 0.572273 309.000000 1000.000000
2031.776611 1551.983887 0.751888 -3.157975 309.000000 1000.000000
1551.574951 1825.883667 0.754289 3.397542 309.000000 1000.000000
730.049377 2283.856445 0.455059 -0.461596 309.000000 1000.000000
2154.375488 3019.282715 2.048863 -1.724603 309.000000 1000.000000
1572.184082 3372.196045 1.781958 -3.687618 309.000000 1000.000000
1493.070313 1131.359863 0.305576 -0.064740 309.000000 1000.000000
31.809723 880.053711 1.198366 1.540747 309.000000 1000.000000
2280.677979 1283.027344 1.348621 0.187508 309.000000 1000.000000
458.921539 1817.322632 0.531967 3.045547 309.000000 1000.000000
574.981079 522.223450 0.845699 -3.189535 309.000000 1000.000000
1344.069702 2031.868286 0.347375 -0.914740 309.000000 1000.000000
892.774597 3218.390625 1.132115 -0.059143 309.000000 1000.000000
992.750488 2411.949463 1.259227 -2.978695 309.000000 1000.000000
467.269501 2652.887695 0.965635 0.011086 309.000000 1000.000000
1501.962402 2007.131470 0.366006 0.331776 309.000000 1000.000000
774.162292 1312.599487 0.901172 4.303826 309.000000 1000.000000
492.886353 247.501266 0.450882 3.026296 309.000000 1000.000000
968.188477 932.995972 0.679024 1.164616 309.000000 1000.000000
1213.297241 3835.133301 1.312043 -3.707102 309.000000 1000.000000
541.795898 952.683777 1.251467 -1.348675 309.000000 1000.000000
-390.668976 695.543823 1.757041 1.309472 309.000000 1000.000000
950.703857 2067.163330 1.494122 2.895333 309.000000 1000.000000
466.342896 1156.811035 0.800777 2.105096 309.000000 1000.000000
1979.152344 417.969116 0.637758 2.074670 309.000000 1000.000000
1328.219238 190.534546 1.320194 -0.466855 309.000000 1000.000000
1345.015747 2201.732422 0.180427 -0.682090 309.000000 1000.000000
1504.967163 3276.696045 1.519925 -3.672253 309.000000 1000.000000
2189.846680 1683.161865 0.564218 -0.816423 309.000000 1000.000000
1209.389282 1115.210693 0.518749 -0.010701 309.000000 1000.000000
2394.218994 1934.442505 1.183751 -0.940419 309.000000 1000.000000
883.311340 1808.449585 0.801797 1.853128 309.000000 1000.000000
590.288208 186.877136 1.833184 -0.667257 309.000000 1000.000000
195.978943 2703.249756 1.227918 0.361317 309.000000 1000.000000
983.273804 1589.555786 0.635512 0.594562 309.000000 1000.000000
677.073608 19.586121 2.325271 3.569436 309.000000 1000.000000
1853.805054 2623.801514 1.143704 0.684193 309.000000 1000.000000
858.743774 1221.804443 0.306444 0.521230 309.000000 1000.000000
479.983124 2433.627441 0.107138 4.574058 309.000000 1000.000000
701.446716 2473.839355 0.774728 1.236284 309.000000 1000.000000
1838.111084 2216.905273 0.938426 3.139740 309.000000 1000.000000
998.059570 1276.547363 0.168239 -2.951769 309.000000 1000.000000
1200.245117 1464.368652 1.498334 3.389302 309.000000 1000.000000
1943.620972 971.606873 0.486635 -1.216176 309.000000 1000.000000
1514.456787 2226.240967 1.320055 1.408948 309.000000 1000.000000
214.277084 2068.815430 0.925310 2.714368 309.000000 1000.000000
1643.019043 2958.220703 0.589131 2.489811 309.000000 1000.000000
1335.560303 1911.443359 1.001497 -0.035821 309.000000 1000.000000
637.596313 1035.475708 0.207409 -3.032340 309.000000 1000.000000
1776.446045 1431.210327 1.057997 0.124930 309.000000 1000.000000
1638.108887 2395.013428 0.364283 -0.649543 309.000000 1000.000000
412.981781 1385.474609 1.211523 -1.137798 309.000000 1000.000000
1898.866943 531.273071 0.503128 2.828932 309.000000 1000.000000
2149.632813 650.800720 1.178915 -1.228238 309.000000 1000.000000
751.739624 2938.581787 1.636761 2.980227 309.000000 1000.000000
-146.576904 1303.150146 1.050913 1.643499 309.000000 1000.000000
835.195007 3757.915527 1.134438 -3.676227 309.000000 1000.000000
-102.088165 498.185699 0.892818 -2.106679 309.000000 1000.000000
751.321899 2166.893799 0.654436 -0.810530 309.000000 1000.000000
2356.974121 1036.136108 1.023483 -1.011564 309.000000 1000.000000
520.210938 1653.989746 0.848516 1.647020 309.000000 1000.000000
552.496216 516.360779 0.560897 0.785878 309.000000 1000.000000
902.410583 2233.007080 0.799974 -4.698021 309.000000 1000.000000
1699.559570 1244.500977 0.290126 -0.819558 309.000000 1000.000000
2226.609863 821.057129 1.339952 2.697411 309.000000 1000.000000
415.235626 1533.654785 0.649330 -1.008125 309.000000 1000.000000
857.295166 2721.114502 1.328070 -4.761604 309.000000 1000.000000
1215.184937 1512.272095 1.337674 3.424646 309.000000 1000.000000
1631.003784 2702.465576 0.763370 -0.517239 309.000000 1000.000000
1908.092529 367.284607 0.701960 -1.963110 309.000000 1000.000000
1018.563904 1141.268677 0.113786 3.276207 309.000000 1000.000000
1930.471802 1027.457397 0.984735 -1.010513 309.000000 1000.000000
867.148193 2247.721436 0.989941 2.547346 309.000000 1000.000000
754.661682 1820.244385 1.107386 1.486123 309.000000 1000.000000
1666.685303 1117.000000 1.053857 0.176251 309.000000 1000.000000
2162.689209 2133.297119 0.469232 -0.772623 309.000000 1000.000000
2326.659668 1798.885010 0.878183 -3.664317 309.000000 1000.000000
627.362549 2589.881836 0.872850 -0.540852 309.000000 1000.000000
1213.456299 1114.648560 0.485969 0.023428 309.000000 1000.000000
904.212769 1226.756226 0.974496 1.456927 309.000000 1000.000000
-144.564804 973.843201 1.145469 1.655916 309.000000 1000.000000
97.078819 1239.153320 0.973175 2.550937 309.000000 1000.000000
1924.581787 2884.574707 0.316962 -0.919490 309.000000 1000.000000
1518.989136 3459.008545 1.575492 -3.047171 309.000000 1000.000000
124.147194 547.005737 0.327385 1.715376 309.000000 1000.000000
1204.420532 1116.145264 0.482825 -0.043559 309.000000 1000.000000
546.783386 2301.318115 1.170811 -0.783990 309.000000 1000.000000
1826.973755 2119.005615 0.429262 -1.223253 309.000000 1000.000000
747.261963 3720.055664 1.044480 -3.653131 309.000000 1000.000000
1896.073242 2549.350098 0.534894 2.151128 309.000000 1000.000000
552.401611 2133.798096 0.516153 -0.863996 309.000000 1000.000000
1750.933838 1622.010376 1.035798 -0.165496 309.000000 1000.000000
1530.898560 2137.978027 0.469069 0.596197 309.000000 1000.000000
1919.359863 1215.597412 1.442595 -3.019202 309.000000 1000.000000
705.967041 725.764587 1.253727 -0.351847 309.000000 1000.000000
753.424988 2778.377441 1.006731 0.215073 309.000000 1000.000000
2361.698975 2944.518799 1.195670 -1.242726 309.000000 1000.000000
1244.383301 713.375610 0.935666 -0.324137 309.000000 1000.000000
510.895477 2216.837158 0.890626 3.347819 309.000000 1000.000000
729.103699 2346.046387 0.739186 -0.656791 309.000000 1000.000000
1230.007568 2453.758057 0.844800 3.462226 309.000000 1000.000000
2155.496094 1724.578125 0.920983 4.840689 309.000000 1000.000000
741.926514 2359.190430 0.747450 -3.670340 309.000000 1000.000000
941.090088 2449.532959 0.860872 3.393295 309.000000 1000.000000
205.217712 2716.577881 0.627971 3.292129 309.000000 1000.000000
-42.954666 1977.346313 0.964457 1.478429 309.000000 1000.000000
936.130737 340.415955 0.975549 4.132135 309.000000 1000.000000
1155.504761 1358.022949 1.154620 0.069293 309.000000 1000.000000
2056.946045 668.901184 0.758423 1.914856 309.000000 1000.000000
843.687195 1035.552490 0.326653 0.207360 309.000000 1000.000000
2283.945801 1603.712402 0.986160 3.338518 309.000000 1000.000000
501.789612 1719.675903 0.716094 -3.694099 309.000000 1000.000000
1785.176392 1241.908447 0.509200 1.795613 309.000000 1000.000000
1151.332520 2139.605469 0.260938 2.880084 309.000000 1000.000000
2398.208984 2206.860596 0.851944 -1.753847 309.000000 1000.000000
1184.504517 2422.071045 0.325069 2.998542 309.000000 1000.000000
1422.911743 869.546387 0.836726 4.446853 309.000000 1000.000000
385.328064 2914.764160 0.945794 -1.997198 309.000000 1000.000000
1295.742310 711.629272 0.890851 2.450718 309.000000 1000.000000
654.694519 2346.337891 0.716981 -0.578002 309.000000 1000.000000
1704.772705 1763.804688 0.972531 -3.000541 309.000000 1000.000000
1820.107666 939.791321 0.963250 -2.757105 309.000000 1000.000000
520.466736 3324.132813 0.475150 -1.098453 309.000000 1000.000000
