1620.927490 910.995361 0.737818 -0.009462 2816.000000 2112.000000
1538.679688 908.079834 0.773880 -0.015934 2816.000000 2112.000000
1372.074097 884.793335 0.757633 -0.013970 2816.000000 2112.000000
1660.547974 880.434998 0.701834 0.019068 2816.000000 2112.000000
1501.828125 889.341125 0.784872 0.021349 2816.000000 2112.000000
1501.943848 898.960571 0.784872 -0.007981 2816.000000 2112.000000
1383.911621 913.782043 0.782366 0.060130 2816.000000 2112.000000
1400.166992 891.721985 0.767498 0.010635 2816.000000 2112.000000
1387.794922 881.790222 0.846959 -0.009374 2816.000000 2112.000000
1359.457275 814.744751 0.718139 -0.111638 2816.000000 2112.000000
1447.932739 898.295837 0.770606 -0.002642 2816.000000 2112.000000
1440.463501 896.209290 0.770606 0.041917 2816.000000 2112.000000
1402.096924 863.273071 0.977960 0.032989 2816.000000 2112.000000
1389.750122 941.544556 0.814075 0.196977 2816.000000 2112.000000
1753.578247 583.801453 0.092662 3.249635 2816.000000 2112.000000
1474.064209 915.885986 0.832325 -0.040914 2816.000000 2112.000000
1403.437256 918.720947 0.791898 0.064913 2816.000000 2112.000000
1511.732666 818.553711 0.744734 0.137418 2816.000000 2112.000000
1409.131714 903.356262 0.815958 0.066792 2816.000000 2112.000000
1406.145874 885.063354 0.705411 0.032363 2816.000000 2112.000000
1328.346069 1119.682373 0.843301 0.255138 2816.000000 2112.000000
1391.902588 884.250366 0.792312 -0.006280 2816.000000 2112.000000
1556.667725 877.081299 0.784740 0.040035 2816.000000 2112.000000
1465.442383 889.188477 0.748128 0.020265 2816.000000 2112.000000
1396.689697 865.112000 0.900754 0.006432 2816.000000 2112.000000
1449.611328 925.105530 0.872353 -0.009664 2816.000000 2112.000000
1335.828125 888.586426 0.732877 0.000468 2816.000000 2112.000000
1656.005737 846.056824 0.773489 0.067416 2816.000000 2112.000000
1497.380127 923.700439 0.840052 -0.040074 2816.000000 2112.000000
1340.635742 859.136658 0.817554 -0.036139 2816.000000 2112.000000
1420.282471 897.038696 0.814002 0.007411 2816.000000 2112.000000
1405.447144 902.444397 0.743961 0.015075 2816.000000 2112.000000
1525.936768 846.592773 0.814918 0.083905 2816.000000 2112.000000
1545.169678 1036.364746 0.814918 -0.204635 2816.000000 2112.000000
1371.430176 1105.487915 0.876595 -6.070855 2816.000000 2112.000000
1489.480225 819.663574 0.964790 0.119740 2816.000000 2112.000000
1527.559814 903.548340 0.915395 -0.017533 2816.000000 2112.000000
1475.597290 893.865356 0.809049 0.012964 2816.000000 2112.000000
1588.119019 866.520325 0.763918 0.046995 2816.000000 2112.000000
1546.723267 1083.528076 0.856107 -0.156006 2816.000000 2112.000000
1516.980347 867.841248 0.856107 0.044736 2816.000000 2112.000000
1518.536865 978.785645 0.849695 -0.096836 2816.000000 2112.000000
1422.227051 909.243835 0.872528 0.025473 2816.000000 2112.000000
1535.138184 1001.791138 0.849343 -0.083473 2816.000000 2112.000000
1395.508545 931.993896 0.844850 0.079793 2816.000000 2112.000000
1399.146484 968.131226 0.873316 -6.180812 2816.000000 2112.000000
1392.219604 864.140625 0.873279 -0.024462 2816.000000 2112.000000
1474.942505 926.971619 0.899615 -0.026605 2816.000000 2112.000000
1357.039795 904.128418 0.819574 0.004500 2816.000000 2112.000000
1379.914429 887.503418 0.772333 -0.004201 2816.000000 2112.000000
1437.335693 906.916016 0.847919 0.026330 2816.000000 2112.000000
1488.059326 890.082947 0.846759 0.033520 2816.000000 2112.000000
1400.249268 883.474365 0.863080 0.016990 2816.000000 2112.000000
1288.599976 923.738892 0.744926 0.055779 2816.000000 2112.000000
1550.107544 913.481506 0.771913 -0.022684 2816.000000 2112.000000
1409.830566 876.069214 0.872974 0.012103 2816.000000 2112.000000
1373.977539 903.061829 0.802906 0.019342 2816.000000 2112.000000
1594.175781 882.200684 0.805991 0.025244 2816.000000 2112.000000
1429.851563 876.977905 0.884528 0.037884 2816.000000 2112.000000
1434.313477 899.890564 0.903578 -0.082692 2816.000000 2112.000000
1394.132446 958.796814 1.009237 -0.082801 2816.000000 2112.000000
1491.590820 906.439514 0.820061 -0.010413 2816.000000 2112.000000
1489.260254 835.045166 0.970640 0.021460 2816.000000 2112.000000
1381.921631 906.566650 0.812518 -0.005241 2816.000000 2112.000000
1515.800903 908.761902 0.729249 -0.054601 2816.000000 2112.000000
1415.145020 878.960876 0.865065 0.013111 2816.000000 2112.000000
1414.786133 907.668335 0.740317 0.008445 2816.000000 2112.000000
1342.379150 850.673828 0.861047 -0.030920 2816.000000 2112.000000
1464.087158 809.308594 0.999070 0.037801 2816.000000 2112.000000
1385.874390 882.697083 0.889675 0.023003 2816.000000 2112.000000
1499.608887 952.925659 0.803687 -0.132949 2816.000000 2112.000000
1396.927490 868.753296 0.891084 0.003510 2816.000000 2112.000000
1566.690063 912.589722 0.843426 -0.003441 2816.000000 2112.000000
1424.107910 902.347473 0.867979 0.031633 2816.000000 2112.000000
1738.510986 906.755371 0.612405 -0.090144 2816.000000 2112.000000
1430.996216 874.208130 0.922598 0.024147 2816.000000 2112.000000
1403.547729 848.834045 0.916297 -0.024010 2816.000000 2112.000000
1406.064209 881.448853 0.887779 0.037637 2816.000000 2112.000000
1392.705933 927.661316 0.842201 0.077985 2816.000000 2112.000000
1378.570068 893.730835 0.893225 0.030558 2816.000000 2112.000000
1589.628906 868.408813 0.785619 0.044207 2816.000000 2112.000000
1448.661987 907.128906 0.897370 -0.017049 2816.000000 2112.000000
1581.403931 908.665039 0.708849 0.003241 2816.000000 2112.000000
1269.778442 831.563232 0.817300 -0.066502 2816.000000 2112.000000
1577.850342 835.166870 0.776063 0.085663 2816.000000 2112.000000
1393.223145 856.237122 0.868888 -0.039632 2816.000000 2112.000000
1541.385742 897.425537 0.880155 0.000571 2816.000000 2112.000000
1323.179199 934.537476 0.823543 0.062114 2816.000000 2112.000000
1476.587646 882.292480 0.830221 0.048055 2816.000000 2112.000000
1492.991211 961.804993 0.830221 -0.144099 2816.000000 2112.000000
1480.716064 989.635864 0.888543 -0.108289 2816.000000 2112.000000
1427.574097 911.474792 0.892848 0.061320 2816.000000 2112.000000
1409.835449 882.272095 0.840937 0.002903 2816.000000 2112.000000
1372.735596 897.547241 0.866091 0.029368 2816.000000 2112.000000
1387.628052 945.913330 0.907713 -6.191955 2816.000000 2112.000000
1370.287109 884.159058 0.907713 0.027424 2816.000000 2112.000000
1501.038086 1062.404907 0.880573 6.085691 2816.000000 2112.000000
1438.707764 893.117432 0.824944 0.050202 2816.000000 2112.000000
1446.564209 894.417480 0.804103 0.004366 2816.000000 2112.000000
1472.638672 935.113037 0.827589 -0.136713 2816.000000 2112.000000
1452.760132 876.197388 0.887950 0.114214 2816.000000 2112.000000
1443.407349 896.035339 0.798968 -0.046786 2816.000000 2112.000000
1448.992432 904.433533 0.845887 0.014988 2816.000000 2112.000000
1416.875244 859.466919 0.949011 0.024151 2816.000000 2112.000000
1521.587280 830.328796 0.924757 0.046250 2816.000000 2112.000000
1488.082520 848.421143 0.956941 0.014222 2816.000000 2112.000000
1504.692871 814.979248 0.956941 0.049903 2816.000000 2112.000000
1442.418213 892.013611 0.807187 0.029331 2816.000000 2112.000000
1541.385742 900.923462 0.854242 -0.003819 2816.000000 2112.000000
1449.953613 880.137939 0.966597 -0.024982 2816.000000 2112.000000
1511.984375 871.534485 0.844304 0.040118 2816.000000 2112.000000
1315.123901 998.887817 0.794282 0.142298 2816.000000 2112.000000
1440.863770 893.483398 0.793934 0.015855 2816.000000 2112.000000
1495.148804 923.493530 0.828032 -0.047383 2816.000000 2112.000000
1431.268188 886.535034 0.855868 0.013471 2816.000000 2112.000000
1497.504395 899.446167 0.836364 -0.006568 2816.000000 2112.000000
1448.886963 806.462769 1.011414 0.033848 2816.000000 2112.000000
1468.739014 829.825684 0.975924 0.026124 2816.000000 2112.000000
1372.469971 920.028931 0.765514 0.101137 2816.000000 2112.000000
1448.740845 905.615723 0.940266 0.121770 2816.000000 2112.000000
1496.108154 802.295227 0.974781 0.059455 2816.000000 2112.000000
1418.184326 871.716553 0.897709 0.028357 2816.000000 2112.000000
1377.127441 903.779907 0.841086 0.051807 2816.000000 2112.000000
1454.720215 893.158508 0.783584 0.008428 2816.000000 2112.000000
1444.987305 833.486694 0.979818 0.020168 2816.000000 2112.000000
1484.278076 927.365845 0.861291 -0.034910 2816.000000 2112.000000
1444.224487 902.290955 0.962054 -0.049936 2816.000000 2112.000000
1499.863403 931.538391 0.775635 -0.010739 2816.000000 2112.000000
1440.378052 880.598816 0.898918 0.024933 2816.000000 2112.000000
1503.378418 876.668091 0.892681 0.009502 2816.000000 2112.000000
1451.233154 946.681213 0.917007 -0.118594 2816.000000 2112.000000
1479.809448 916.926147 0.786903 -0.066433 2816.000000 2112.000000
1543.023193 1046.895264 0.833525 6.101581 2816.000000 2112.000000
1504.415039 865.222717 0.934776 0.008942 2816.000000 2112.000000
1493.843140 892.101501 0.845471 0.003926 2816.000000 2112.000000
1525.989746 845.479553 0.891562 0.051669 2816.000000 2112.000000
1507.942627 887.263672 0.836902 0.016183 2816.000000 2112.000000
1453.643311 868.092773 0.957634 -0.013612 2816.000000 2112.000000
1225.939453 1015.778320 0.729957 0.334269 2816.000000 2112.000000
1427.121094 892.539001 0.777037 0.003152 2816.000000 2112.000000
1398.794434 898.522095 0.848052 0.006537 2816.000000 2112.000000
1366.846680 856.981079 0.862423 -0.034740 2816.000000 2112.000000
1469.045166 1010.043518 0.896358 -0.092846 2816.000000 2112.000000
1464.046753 884.668640 0.830394 0.034086 2816.000000 2112.000000
1467.515869 905.997925 0.796542 -0.000917 2816.000000 2112.000000
1357.993408 892.784851 0.842771 0.012164 2816.000000 2112.000000
1414.251587 932.294250 0.869128 0.150712 2816.000000 2112.000000
1446.702515 815.452209 1.028171 0.032114 2816.000000 2112.000000
1434.887085 905.371460 0.843759 0.042111 2816.000000 2112.000000
1362.074341 936.374390 0.791425 0.097216 2816.000000 2112.000000
1462.185059 912.011963 0.829254 0.003412 2816.000000 2112.000000
1582.479370 886.275879 0.730125 0.026030 2816.000000 2112.000000
1402.503052 881.281006 0.805605 -0.122851 2816.000000 2112.000000
1433.364136 889.931519 0.832620 -0.015640 2816.000000 2112.000000
1457.557373 924.461487 0.858232 -0.036035 2816.000000 2112.000000
1439.956421 891.461853 0.798053 0.081538 2816.000000 2112.000000
1395.576904 720.946960 1.200488 -0.006632 2816.000000 2112.000000
1421.657593 829.847351 0.983646 0.002230 2816.000000 2112.000000
1396.370972 883.775085 0.770771 -0.030973 2816.000000 2112.000000
1420.853516 892.651001 0.778951 -0.001259 2816.000000 2112.000000
1489.703613 942.625488 0.839240 -0.083086 2816.000000 2112.000000
1488.515625 935.086792 0.839240 -0.067813 2816.000000 2112.000000
1492.084229 872.966187 0.945553 -0.001786 2816.000000 2112.000000
1520.957031 834.135559 0.884411 0.063355 2816.000000 2112.000000
1532.750122 888.352051 0.912202 -0.003604 2816.000000 2112.000000
1381.851318 943.365112 0.828518 0.107764 2816.000000 2112.000000
1426.502441 900.330444 0.881141 0.121541 2816.000000 2112.000000
1464.327026 856.518738 0.870097 0.172850 2816.000000 2112.000000
1362.593506 969.037170 0.826137 0.089008 2816.000000 2112.000000
1487.037476 807.840759 0.961034 0.062734 2816.000000 2112.000000
1578.612915 938.588745 0.728486 -0.030420 2816.000000 2112.000000
1469.542480 853.329346 0.964262 0.008992 2816.000000 2112.000000
1468.850830 847.276489 0.965730 0.012626 2816.000000 2112.000000
1423.379761 949.230042 0.909552 0.134524 2816.000000 2112.000000
1416.879639 872.565552 0.927203 0.042936 2816.000000 2112.000000
1393.738525 853.934998 0.921883 0.003509 2816.000000 2112.000000
1433.627808 850.934204 0.993291 -0.001049 2816.000000 2112.000000
1478.977051 871.229553 0.952494 -0.004198 2816.000000 2112.000000
1471.829102 866.263489 0.950391 -0.001930 2816.000000 2112.000000
1371.970703 884.184875 0.785860 -0.031923 2816.000000 2112.000000
1604.642822 892.306763 0.694366 -0.005237 2816.000000 2112.000000
1554.823120 860.344788 0.853131 0.042791 2816.000000 2112.000000
1512.455078 997.397095 0.845346 -0.131298 2816.000000 2112.000000
1418.422241 808.952942 1.036870 -0.005032 2816.000000 2112.000000
1446.662842 878.073364 0.859479 0.095386 2816.000000 2112.000000
1419.724121 883.640503 0.835710 -0.035401 2816.000000 2112.000000
1458.251343 914.312744 0.835361 -0.092784 2816.000000 2112.000000
1458.110107 839.173218 0.994809 0.004429 2816.000000 2112.000000
1430.571533 899.317017 0.730122 0.012652 2816.000000 2112.000000
1505.224121 939.388428 0.919096 -0.057283 2816.000000 2112.000000
1441.267334 1035.229614 0.936850 -0.150199 2816.000000 2112.000000
1439.885376 1027.204346 0.936850 -0.140700 2816.000000 2112.000000
1493.207764 889.910522 0.835239 0.025470 2816.000000 2112.000000
1361.896851 1017.356567 0.839130 0.200763 2816.000000 2112.000000
1466.242920 892.856689 0.781352 0.002049 2816.000000 2112.000000
1476.000610 840.074097 0.962015 0.024220 2816.000000 2112.000000
1434.896362 909.419067 0.871605 0.008068 2816.000000 2112.000000
1414.177856 898.912415 0.852701 0.031416 2816.000000 2112.000000
1363.601807 856.773010 0.878922 -0.016995 2816.000000 2112.000000
1462.991699 927.120605 0.851675 -0.093400 2816.000000 2112.000000
1327.721191 930.221191 0.756197 0.073052 2816.000000 2112.000000
1475.889282 949.517151 0.858672 -0.106046 2816.000000 2112.000000
1375.170288 993.407715 0.849232 0.107063 2816.000000 2112.000000
1397.841309 818.780273 0.989348 0.083958 2816.000000 2112.000000
1477.027100 829.476257 0.977288 0.024406 2816.000000 2112.000000
1486.985352 870.103760 0.941744 -0.000298 2816.000000 2112.000000
1475.260986 922.967651 0.858202 -0.046122 2816.000000 2112.000000
1447.368408 892.684570 0.765563 -0.002148 2816.000000 2112.000000
1316.735718 879.645386 0.802022 -0.009432 2816.000000 2112.000000
1394.595215 916.253052 0.970559 0.000474 2816.000000 2112.000000
1401.866943 889.254761 0.811634 -0.026621 2816.000000 2112.000000
1467.890015 853.269775 0.930969 0.025856 2816.000000 2112.000000
1337.847656 900.431946 0.703611 0.007495 2816.000000 2112.000000
1405.646606 913.981323 0.819334 0.069183 2816.000000 2112.000000
1420.744873 899.447266 0.771374 0.062000 2816.000000 2112.000000
1461.129150 884.072144 0.805411 0.057978 2816.000000 2112.000000
1500.194092 882.419128 0.858792 0.019415 2816.000000 2112.000000
1409.221680 860.231689 0.912354 0.002542 2816.000000 2112.000000
1454.441650 800.417480 1.022005 0.052657 2816.000000 2112.000000
1586.959229 1041.935303 0.782644 -0.165919 2816.000000 2112.000000
1450.853882 896.572021 0.816850 -0.039805 2816.000000 2112.000000
1454.532349 909.332397 0.784461 -0.012698 2816.000000 2112.000000
1509.940918 881.911011 0.913828 -0.002562 2816.000000 2112.000000
1451.417480 928.341064 0.895852 -0.058231 2816.000000 2112.000000
1479.702271 791.738586 0.996478 0.052442 2816.000000 2112.000000
1514.489014 877.490662 0.721232 0.054385 2816.000000 2112.000000
1538.560059 808.416260 0.930330 0.064408 2816.000000 2112.000000
1483.850708 988.132935 0.877301 -0.233037 2816.000000 2112.000000
1468.892578 889.863281 0.765885 0.033645 2816.000000 2112.000000
1489.228760 898.312866 0.753268 0.016934 2816.000000 2112.000000
1420.432129 891.883789 0.799728 0.022380 2816.000000 2112.000000
1452.151611 949.431885 0.892093 -0.012705 2816.000000 2112.000000
1418.121094 888.789124 0.826678 -0.000273 2816.000000 2112.000000
1610.301025 879.006470 0.713921 0.021369 2816.000000 2112.000000
1394.995117 890.037231 0.795521 -0.003942 2816.000000 2112.000000
1393.069824 902.859863 0.795521 0.042754 2816.000000 2112.000000
1391.292969 912.129822 0.795521 0.076745 2816.000000 2112.000000
1608.832153 860.173889 0.778187 0.056316 2816.000000 2112.000000
1536.406616 816.614685 0.857334 0.091571 2816.000000 2112.000000
1472.490479 911.141724 0.747059 -0.045524 2816.000000 2112.000000
1488.541260 767.146484 0.996747 0.079131 2816.000000 2112.000000
1690.679443 823.372681 0.628242 0.058425 2816.000000 2112.000000
1568.935669 898.005249 0.737993 0.007397 2816.000000 2112.000000
1439.308716 897.367798 0.928312 0.023381 2816.000000 2112.000000
1343.226563 964.275452 0.814588 -6.176336 2816.000000 2112.000000
1402.612793 1013.003174 0.887930 0.158527 2816.000000 2112.000000
1520.200439 1112.284180 0.869374 -0.165543 2816.000000 2112.000000
1412.783447 881.949219 0.865841 0.018542 2816.000000 2112.000000
1407.484985 873.443787 0.865841 -0.017198 2816.000000 2112.000000
1381.271851 885.856934 0.775601 -0.021780 2816.000000 2112.000000
1612.038330 903.087402 0.683484 -0.020570 2816.000000 2112.000000
1412.353149 915.148926 0.759259 0.029478 2816.000000 2112.000000
1417.912109 902.946167 0.851651 0.019952 2816.000000 2112.000000
1482.733398 825.001709 0.968174 0.033374 2816.000000 2112.000000
1518.140869 944.399414 0.747546 -0.017559 2816.000000 2112.000000
1395.386108 923.456177 0.794325 0.145624 2816.000000 2112.000000
1413.493408 937.932190 0.872559 0.106109 2816.000000 2112.000000
1406.073975 955.343994 0.872559 0.159743 2816.000000 2112.000000
1338.813232 953.827515 0.792240 0.083118 2816.000000 2112.000000
1417.180664 880.392029 0.893462 0.043493 2816.000000 2112.000000
1438.104248 901.621704 0.898679 -0.074327 2816.000000 2112.000000
1440.707031 889.597961 0.898679 -0.002305 2816.000000 2112.000000
1353.787842 924.794617 0.871228 0.058909 2816.000000 2112.000000
1369.407227 939.864441 0.795040 0.119738 2816.000000 2112.000000
1387.889160 904.908325 0.821710 0.012760 2816.000000 2112.000000
1433.607788 910.033020 0.896804 0.029823 2816.000000 2112.000000
1424.554199 969.025635 0.915604 0.155034 2816.000000 2112.000000
1419.338135 879.791809 0.862271 -0.045526 2816.000000 2112.000000
1423.514282 884.753540 0.884189 0.043224 2816.000000 2112.000000
1408.591431 862.636230 0.884189 -0.059079 2816.000000 2112.000000
1395.792358 884.599609 0.756678 -0.025663 2816.000000 2112.000000
1383.163696 883.816833 0.850833 0.000957 2816.000000 2112.000000
1314.088867 940.951416 0.761605 0.052927 2816.000000 2112.000000
1426.346924 871.674377 0.651339 0.004975 2816.000000 2112.000000
1506.217041 909.231140 0.779251 0.001513 2816.000000 2112.000000
1472.834961 894.057434 0.791664 0.000168 2816.000000 2112.000000
1577.967529 885.548462 0.696767 0.001834 2816.000000 2112.000000
1413.167480 888.291504 0.918842 0.064805 2816.000000 2112.000000
1511.122681 907.843018 0.824196 -0.006561 2816.000000 2112.000000
1443.182495 890.357300 0.863146 0.000974 2816.000000 2112.000000
1421.831177 853.797607 0.931743 -0.002151 2816.000000 2112.000000
1429.863281 907.096985 0.854411 0.046864 2816.000000 2112.000000
1465.875000 893.215088 0.816640 0.002009 2816.000000 2112.000000
1579.153564 910.421143 0.727261 -0.018082 2816.000000 2112.000000
1434.771240 858.645691 0.969038 0.017367 2816.000000 2112.000000
1543.718262 895.799438 0.722919 0.014960 2816.000000 2112.000000
1473.016846 879.232056 0.916729 -0.008023 2816.000000 2112.000000
1398.465820 832.977905 0.684452 -0.117308 2816.000000 2112.000000
1532.561890 894.929077 0.845461 0.013892 2816.000000 2112.000000
1335.372681 981.527039 0.809891 0.100460 2816.000000 2112.000000
1455.924927 870.893188 0.888519 0.034181 2816.000000 2112.000000
1675.234619 862.147095 0.627797 -0.007341 2816.000000 2112.000000
1623.580322 867.167603 0.670487 0.024811 2816.000000 2112.000000
1433.883667 893.542969 0.877901 -0.007938 2816.000000 2112.000000
1556.344727 975.728699 0.797512 -0.031341 2816.000000 2112.000000
1391.897705 922.306274 0.903015 0.065319 2816.000000 2112.000000
1640.191650 1047.505249 0.741866 -0.190984 2816.000000 2112.000000
1618.441528 936.575012 0.723506 -0.051530 2816.000000 2112.000000
1399.812622 877.124146 0.851938 -0.012867 2816.000000 2112.000000
1556.639404 926.873901 0.739857 -0.005725 2816.000000 2112.000000
1418.027466 956.504272 0.812395 0.001510 2816.000000 2112.000000
1366.478760 895.442322 0.827135 0.019540 2816.000000 2112.000000
1673.852051 942.467896 0.699038 -0.041510 2816.000000 2112.000000
1423.661865 864.616333 0.888151 -0.060254 2816.000000 2112.000000
1414.323608 835.585571 0.943659 -0.025816 2816.000000 2112.000000
1431.053833 1055.656006 0.942196 -0.114776 2816.000000 2112.000000
1417.631226 902.037354 0.849013 0.008193 2816.000000 2112.000000
1441.238525 895.909790 0.781909 0.004878 2816.000000 2112.000000
1490.815430 905.460938 0.759345 -0.032813 2816.000000 2112.000000
1475.963501 884.298340 0.839312 0.026698 2816.000000 2112.000000
1497.490356 953.605713 0.824828 -0.051703 2816.000000 2112.000000
1307.243042 915.863281 0.769552 0.039481 2816.000000 2112.000000
1568.385498 1058.182373 1.044412 0.232031 2816.000000 2112.000000
1448.427734 893.651550 0.738215 -0.008520 2816.000000 2112.000000
1439.988159 935.401794 0.928240 -0.024843 2816.000000 2112.000000
1466.942139 879.900940 0.857693 0.036358 2816.000000 2112.000000
1445.102661 922.222595 0.866502 -0.002232 2816.000000 2112.000000
1569.420898 885.328064 0.681095 -0.007309 2816.000000 2112.000000
1513.452515 872.785278 0.915715 0.006883 2816.000000 2112.000000
1429.480713 909.805786 0.888997 0.023831 2816.000000 2112.000000
1443.671753 891.894836 0.786672 -0.002321 2816.000000 2112.000000
1571.380371 827.854126 0.822518 0.081654 2816.000000 2112.000000
1354.210938 888.496887 0.843716 0.001561 2816.000000 2112.000000
1536.763672 932.828430 0.795939 -0.049349 2816.000000 2112.000000
1522.736328 832.622559 0.899362 0.063901 2816.000000 2112.000000
1438.132568 848.226318 0.975359 0.015352 2816.000000 2112.000000
1616.111084 951.332764 0.712716 -0.081353 2816.000000 2112.000000
1512.999756 869.365173 0.860038 0.038503 2816.000000 2112.000000
1461.067627 901.521606 0.831917 0.016619 2816.000000 2112.000000
1349.550537 903.975281 0.778410 0.022865 2816.000000 2112.000000
1551.966675 830.437012 0.866370 0.067644 2816.000000 2112.000000
1386.124878 896.060120 0.777572 0.014184 2816.000000 2112.000000
1422.238525 867.818237 0.919137 0.026836 2816.000000 2112.000000
1647.833252 884.330933 0.687749 0.005373 2816.000000 2112.000000
1426.381958 860.704712 0.932080 0.009182 2816.000000 2112.000000
1422.455322 880.006531 0.907409 0.046014 2816.000000 2112.000000
1445.527832 925.105591 0.907409 0.172344 2816.000000 2112.000000
1435.603638 877.420288 0.890680 0.037957 2816.000000 2112.000000
1421.002441 873.681885 0.890680 -0.055474 2816.000000 2112.000000
1439.889893 859.250000 0.968087 0.052332 2816.000000 2112.000000
1307.180908 964.119690 0.732321 0.202654 2816.000000 2112.000000
1356.960815 850.901611 0.874422 -0.045750 2816.000000 2112.000000
1343.029419 873.925903 0.640121 0.060974 2816.000000 2112.000000
1313.277222 763.000061 0.825225 -0.141077 2816.000000 2112.000000
1294.098755 876.834106 0.648498 0.009134 2816.000000 2112.000000
1547.618408 953.387817 0.758741 -0.028909 2816.000000 2112.000000
1446.228516 877.781372 0.920616 -0.074477 2816.000000 2112.000000
1423.528320 896.944824 0.786288 0.112309 2816.000000 2112.000000
1402.588623 912.740723 0.909408 0.064741 2816.000000 2112.000000
1389.740845 864.506165 0.909408 0.005250 2816.000000 2112.000000
1431.313354 796.126587 1.059631 -0.023439 2816.000000 2112.000000
1397.891357 1069.657593 0.892515 0.178554 2816.000000 2112.000000
1392.103882 925.846008 0.834417 0.063842 2816.000000 2112.000000
1388.087646 942.403320 0.834417 0.100405 2816.000000 2112.000000
-332.813690 1813.563354 0.781884 -0.014751 2816.000000 2112.000000
1361.850830 894.770874 0.808359 -0.006752 2816.000000 2112.000000
1703.860107 922.262329 0.756296 -0.000185 2816.000000 2112.000000
1394.552246 908.035156 0.813272 0.044011 2816.000000 2112.000000
1375.186035 880.083557 0.852267 0.006350 2816.000000 2112.000000
1400.471680 878.818726 0.864548 0.012698 2816.000000 2112.000000
1454.444824 893.870361 0.809140 0.045997 2816.000000 2112.000000
1427.989990 882.948975 0.885555 0.050362 2816.000000 2112.000000
1398.145508 937.278320 0.849877 0.078895 2816.000000 2112.000000
1377.223999 804.881226 0.964634 -0.030308 2816.000000 2112.000000
1497.197021 801.290771 0.837354 0.162664 2816.000000 2112.000000
1397.446411 839.460693 0.934569 -0.014733 2816.000000 2112.000000
1433.811401 890.339478 0.872910 -0.078830 2816.000000 2112.000000
1384.939941 882.962219 0.776901 -0.028403 2816.000000 2112.000000
1428.302368 889.784241 0.731220 0.070447 2816.000000 2112.000000
1425.700562 789.948120 1.040324 0.043110 2816.000000 2112.000000
1452.696289 893.385986 0.879600 -0.002094 2816.000000 2112.000000
1561.570923 872.433716 0.650789 -0.013827 2816.000000 2112.000000
1415.030762 913.291992 0.975709 -0.085446 2816.000000 2112.000000
1381.432373 861.158569 0.870473 -0.026477 2816.000000 2112.000000
1431.701538 893.584961 0.853458 0.079578 2816.000000 2112.000000
1435.071289 861.398315 0.953016 0.056448 2816.000000 2112.000000
1424.489624 865.908325 1.005068 -0.038494 2816.000000 2112.000000
1574.794800 940.391541 0.810943 -0.031332 2816.000000 2112.000000
1428.056274 886.499207 0.838601 -0.062522 2816.000000 2112.000000
1433.316284 869.900635 0.895472 0.020428 2816.000000 2112.000000
1452.876099 884.862976 0.822428 0.041357 2816.000000 2112.000000
1545.567993 877.907959 0.690801 0.018552 2816.000000 2112.000000
1569.171387 897.427734 0.803107 0.016484 2816.000000 2112.000000
1523.344727 771.998291 0.919824 0.118110 2816.000000 2112.000000
1486.273438 893.084351 0.919824 -0.011829 2816.000000 2112.000000
1334.821289 990.054321 0.789857 0.173792 2816.000000 2112.000000
1422.215820 870.882568 0.897334 -0.029833 2816.000000 2112.000000
1418.608154 900.455139 0.858738 0.035987 2816.000000 2112.000000
1404.680542 821.552856 0.970563 -0.025027 2816.000000 2112.000000
1481.090698 868.288452 0.656154 -0.010215 2816.000000 2112.000000
1409.142212 887.392761 0.870454 0.033492 2816.000000 2112.000000
1288.677612 1018.876526 0.783848 0.157971 2816.000000 2112.000000
1517.592285 942.438843 0.843608 -0.050826 2816.000000 2112.000000
1393.714478 943.769165 0.851641 0.086623 2816.000000 2112.000000
1329.988281 929.735352 0.699915 0.084298 2816.000000 2112.000000
1433.954712 919.717651 0.777678 -0.029549 2816.000000 2112.000000
1410.428711 1049.117188 0.972071 -0.152360 2816.000000 2112.000000
1586.887207 912.511597 0.765908 0.003030 2816.000000 2112.000000
1414.027100 936.839233 0.875897 0.138744 2816.000000 2112.000000
1429.243652 874.313965 0.875897 -0.078796 2816.000000 2112.000000
1567.038696 907.210510 0.798006 -0.001255 2816.000000 2112.000000
1437.075317 904.882690 0.840805 -0.001859 2816.000000 2112.000000
1416.229980 906.353394 0.840805 0.153920 2816.000000 2112.000000
1383.935791 890.993347 0.811350 0.003271 2816.000000 2112.000000
1387.035645 894.301147 0.811350 0.016563 2816.000000 2112.000000
1512.273438 923.353943 0.837697 -0.031745 2816.000000 2112.000000
1374.507813 889.131470 0.825433 0.014909 2816.000000 2112.000000
1479.456055 894.526733 0.821442 0.000687 2816.000000 2112.000000
1472.179199 1163.989868 0.930110 -0.210024 2816.000000 2112.000000
1419.109619 904.645691 0.855439 0.065045 2816.000000 2112.000000
1355.110107 1018.026428 0.827398 0.214206 2816.000000 2112.000000
1422.347168 887.026489 0.720438 -0.004768 2816.000000 2112.000000
1449.004395 1025.448608 0.920748 -0.111048 2816.000000 2112.000000
1438.736816 919.693359 0.828644 0.064270 2816.000000 2112.000000
1444.238647 888.763733 0.827630 -0.004120 2816.000000 2112.000000
1507.139648 872.075562 0.812748 0.062170 2816.000000 2112.000000
1450.728760 881.218201 0.947969 0.101843 2816.000000 2112.000000
1444.332642 873.387085 0.947969 0.071700 2816.000000 2112.000000
1368.174561 821.963989 0.929073 -0.029861 2816.000000 2112.000000
1381.976318 855.466309 0.952375 -0.132188 2816.000000 2112.000000
1427.375732 848.827637 0.952375 -0.006399 2816.000000 2112.000000
1442.451172 943.115417 0.899194 0.032179 2816.000000 2112.000000
1476.288574 894.092041 0.792661 0.001300 2816.000000 2112.000000
1471.739258 860.753174 0.937625 0.012613 2816.000000 2112.000000
1422.140747 846.613525 0.956764 -0.018868 2816.000000 2112.000000
1640.258545 1061.544312 0.851279 -0.248934 2816.000000 2112.000000
1339.193237 861.604309 0.956764 -0.249747 2816.000000 2112.000000
1661.605957 1055.877075 0.851279 -0.181078 2816.000000 2112.000000
1767.002197 1049.264282 0.851279 0.144737 2816.000000 2112.000000
1355.817261 973.531982 0.823673 -6.187045 2816.000000 2112.000000
1553.447754 889.015381 0.687973 -0.009759 2816.000000 2112.000000
1470.682251 883.837585 0.694354 -0.073229 2816.000000 2112.000000
1462.567871 891.793396 0.824106 0.005588 2816.000000 2112.000000
1480.845825 891.101379 0.749185 0.010415 2816.000000 2112.000000
1434.013428 894.422119 0.902473 -0.003689 2816.000000 2112.000000
1528.257324 905.870972 0.871851 -0.017709 2816.000000 2112.000000
1408.029175 892.338135 0.864651 0.045959 2816.000000 2112.000000
1392.474487 857.997009 0.898212 -0.011607 2816.000000 2112.000000
1333.111450 952.448364 0.790345 0.095104 2816.000000 2112.000000
1464.078369 1115.356445 0.926843 -0.178676 2816.000000 2112.000000
2009.199219 992.245544 0.850093 -0.008499 2816.000000 2112.000000
1471.187012 823.518982 0.995981 0.019344 2816.000000 2112.000000
1380.781738 874.958679 0.893286 0.014640 2816.000000 2112.000000
1581.977539 940.534607 0.707548 -0.097500 2816.000000 2112.000000
1420.919678 922.599731 0.876607 0.061594 2816.000000 2112.000000
1334.069580 969.544189 0.787976 0.123198 2816.000000 2112.000000
1372.886353 973.901733 1.044348 -0.103158 2816.000000 2112.000000
1494.135010 748.858521 1.013224 0.110307 2816.000000 2112.000000
1339.180298 909.562256 1.056898 -0.118401 2816.000000 2112.000000
1387.464478 823.388062 1.056898 -0.017452 2816.000000 2112.000000
1563.187622 901.693420 0.874535 -0.005220 2816.000000 2112.000000
1452.013062 892.699585 0.848320 -0.002586 2816.000000 2112.000000
1484.736328 874.199524 0.930495 0.001099 2816.000000 2112.000000
1411.038574 878.255493 0.682068 0.001138 2816.000000 2112.000000
1416.712646 887.150513 0.868008 0.051089 2816.000000 2112.000000
1379.586182 912.266724 0.725225 0.066734 2816.000000 2112.000000
1399.314697 927.879028 0.833967 0.023784 2816.000000 2112.000000
1403.489502 888.450073 0.761290 -0.024939 2816.000000 2112.000000
1408.020752 900.583801 0.761290 0.071083 2816.000000 2112.000000
1428.622925 901.954102 0.831062 0.057299 2816.000000 2112.000000
1656.297607 906.941650 0.746546 -0.000969 2816.000000 2112.000000
1314.439941 892.276733 0.802404 0.006641 2816.000000 2112.000000
1413.186279 892.307617 0.991234 -0.056990 2816.000000 2112.000000
1488.808105 942.910767 0.817974 -0.119580 2816.000000 2112.000000
1368.989746 848.737610 0.849679 -0.059363 2816.000000 2112.000000
1419.743408 899.373474 0.819519 0.148615 2816.000000 2112.000000
1370.964600 923.426270 0.838274 0.079714 2816.000000 2112.000000
1587.012329 1074.133301 0.814454 -0.174644 2816.000000 2112.000000
1510.493164 952.548157 0.773805 -0.069039 2816.000000 2112.000000
1402.490112 814.670044 1.048092 0.001808 2816.000000 2112.000000
1516.216064 936.312561 0.788118 -0.085920 2816.000000 2112.000000
1495.383057 984.483093 0.856542 -0.121597 2816.000000 2112.000000
1486.048340 934.189758 0.856542 -0.042337 2816.000000 2112.000000
1442.095947 911.366882 0.975536 0.085299 2816.000000 2112.000000
1392.040405 804.234802 0.975536 -0.021133 2816.000000 2112.000000
1354.838745 890.210266 0.772173 -0.004617 2816.000000 2112.000000
2815.211670 943.485657 0.832895 0.037755 2816.000000 2112.000000
1353.675293 887.117676 0.850120 0.016634 2816.000000 2112.000000
1394.793457 852.977295 0.938116 0.009031 2816.000000 2112.000000
1447.465698 901.876099 0.837288 -0.065504 2816.000000 2112.000000
1414.921021 854.971313 0.663224 0.159591 2816.000000 2112.000000
512.599731 1307.507324 0.844703 -3.057786 2816.000000 2112.000000
1434.458984 899.128296 0.920899 0.097892 2816.000000 2112.000000
1425.369019 954.466614 0.954187 -0.121804 2816.000000 2112.000000
1360.066040 949.065430 0.759247 0.129732 2816.000000 2112.000000
1309.285400 970.559814 0.759247 0.250479 2816.000000 2112.000000
1386.909668 907.129028 0.740578 0.097649 2816.000000 2112.000000
1505.146484 1034.922241 0.843870 -0.097273 2816.000000 2112.000000
1461.351074 962.782837 0.843870 0.001344 2816.000000 2112.000000
1434.203003 878.598999 0.866122 0.004181 2816.000000 2112.000000
1418.027222 889.786987 0.872991 0.052690 2816.000000 2112.000000
1487.263672 886.281982 0.881457 -0.006074 2816.000000 2112.000000
1543.529297 935.057312 0.852639 -0.027418 2816.000000 2112.000000
1404.176270 842.638184 0.927247 -0.018059 2816.000000 2112.000000
948.034546 816.829224 0.817304 0.025989 2816.000000 2112.000000
947.001038 816.791748 0.817304 0.020989 2816.000000 2112.000000
1505.056763 899.565796 0.921117 -0.015963 2816.000000 2112.000000
1606.167480 926.749756 0.753299 -0.018876 2816.000000 2112.000000
1462.990967 910.494873 0.775253 0.001298 2816.000000 2112.000000
1433.920898 909.055542 0.795990 -0.004589 2816.000000 2112.000000
1384.433105 908.392456 0.754195 0.083565 2816.000000 2112.000000
1566.338623 906.054199 0.748301 0.000163 2816.000000 2112.000000
1437.022217 921.083374 0.966765 0.091174 2816.000000 2112.000000
1371.757935 910.258789 0.744316 0.079998 2816.000000 2112.000000
1465.240356 926.927612 0.877574 -0.042283 2816.000000 2112.000000
1437.658447 917.399780 0.896832 0.148331 2816.000000 2112.000000
1435.648682 881.517517 0.927926 0.056657 2816.000000 2112.000000
1391.765625 941.743652 0.790977 0.103152 2816.000000 2112.000000
1575.301025 1074.117554 0.823525 6.108911 2816.000000 2112.000000
1297.523071 1000.948364 0.781112 0.130550 2816.000000 2112.000000
1427.530151 865.052979 0.932570 0.033630 2816.000000 2112.000000
1435.977661 892.773804 0.879932 -0.044646 2816.000000 2112.000000
1393.276123 850.471497 1.036034 -0.040082 2816.000000 2112.000000
1446.442993 885.375000 0.842732 0.034489 2816.000000 2112.000000
1427.713013 861.668823 0.931241 0.000043 2816.000000 2112.000000
1466.878540 902.926819 0.799101 -0.047248 2816.000000 2112.000000
1458.834717 908.384766 0.824449 -0.006199 2816.000000 2112.000000
1346.187744 1039.257935 0.832042 0.180222 2816.000000 2112.000000
1470.032349 940.521729 0.854235 -0.075182 2816.000000 2112.000000
131.836243 1587.978760 0.911349 3.279407 2816.000000 2112.000000
1428.740479 885.615845 0.848171 0.009119 2816.000000 2112.000000
1430.760986 886.593262 0.848171 0.030878 2816.000000 2112.000000
1451.632324 905.136108 0.820702 -0.091437 2816.000000 2112.000000
1418.681396 907.879700 0.820702 0.117764 2816.000000 2112.000000
1489.322998 879.001404 0.815395 0.050774 2816.000000 2112.000000
1412.483398 841.062378 0.971421 -0.045523 2816.000000 2112.000000
1402.570801 1026.121216 0.888676 0.151385 2816.000000 2112.000000
1432.774536 902.221069 0.754070 -0.046351 2816.000000 2112.000000
1435.376221 899.680847 0.914662 0.016526 2816.000000 2112.000000
1377.281616 779.252930 0.969316 -0.058898 2816.000000 2112.000000
2854.629395 961.889648 0.869749 0.077601 2816.000000 2112.000000
1411.889893 877.529297 0.916277 0.037632 2816.000000 2112.000000
1530.640625 897.865112 0.833327 0.015591 2816.000000 2112.000000
1528.937256 872.656799 0.833327 0.043029 2816.000000 2112.000000
1321.366333 914.003662 0.791005 0.036897 2816.000000 2112.000000
1445.938110 1122.945435 0.936034 -0.228619 2816.000000 2112.000000
1440.548584 940.801147 0.888260 0.186911 2816.000000 2112.000000
2259.653564 745.329712 0.481533 -3.149040 2816.000000 2112.000000
1326.443604 1004.563416 0.804633 0.137904 2816.000000 2112.000000
1430.847656 877.237549 0.904017 0.061795 2816.000000 2112.000000
1387.642334 824.848206 0.834195 -0.131742 2816.000000 2112.000000
1446.670654 893.727661 0.919034 -0.004518 2816.000000 2112.000000
1056.745972 857.866150 0.933621 0.032226 2816.000000 2112.000000
1504.723999 1027.305420 0.870126 -0.152813 2816.000000 2112.000000
1458.038696 768.284668 1.013825 0.069278 2816.000000 2112.000000
1441.596558 901.226929 0.890555 0.133673 2816.000000 2112.000000
1430.791870 859.935913 0.977280 0.039758 2816.000000 2112.000000
1421.757080 957.367432 0.945282 -0.132592 2816.000000 2112.000000
1424.851440 889.541016 0.895554 0.056597 2816.000000 2112.000000
1469.421631 906.826477 0.743636 -0.006241 2816.000000 2112.000000
1350.198730 849.344116 0.813510 -0.139046 2816.000000 2112.000000
1356.721558 897.755493 0.680848 0.058835 2816.000000 2112.000000
1356.293213 981.965942 0.809337 0.153572 2816.000000 2112.000000
3315.982666 1751.586060 1.046496 -3.147245 2816.000000 2112.000000
1392.109619 899.910278 0.816129 0.021796 2816.000000 2112.000000
1428.545898 881.596436 0.854925 -0.008900 2816.000000 2112.000000
1511.379517 908.026001 0.757285 -0.002608 2816.000000 2112.000000
1381.096069 882.961731 0.876795 0.024007 2816.000000 2112.000000
1408.687866 851.371826 0.905427 -0.054722 2816.000000 2112.000000
1368.093140 1006.452698 1.005445 6.107682 2816.000000 2112.000000
1403.174805 889.599365 1.005445 -0.051348 2816.000000 2112.000000
1415.829712 901.834961 0.854670 0.084338 2816.000000 2112.000000
1409.735596 888.870178 0.854670 0.036276 2816.000000 2112.000000
1360.676392 1029.456055 0.999432 6.071512 2816.000000 2112.000000
1277.987915 1046.301758 0.763439 0.260313 2816.000000 2112.000000
1399.713867 894.705811 0.793644 0.020143 2816.000000 2112.000000
1461.697021 821.714844 0.986694 0.029685 2816.000000 2112.000000
1358.591187 863.010315 0.785732 -0.091874 2816.000000 2112.000000
1045.242065 864.209534 0.839310 -0.155821 2816.000000 2112.000000
1470.439697 901.982666 0.817373 0.017650 2816.000000 2112.000000
1566.517212 924.735901 0.693820 -0.127105 2816.000000 2112.000000
1416.993164 889.804199 0.882551 0.064400 2816.000000 2112.000000
1436.282104 893.320862 0.890830 -0.058896 2816.000000 2112.000000
1433.461792 913.241333 0.934689 -0.070778 2816.000000 2112.000000
1575.785156 1006.875854 0.768872 -0.178487 2816.000000 2112.000000
1850.467773 869.138428 0.588176 0.006553 2816.000000 2112.000000
1307.137695 942.536682 0.709379 0.144263 2816.000000 2112.000000
1490.704834 883.121033 0.722021 0.048687 2816.000000 2112.000000
2393.214600 1357.706055 0.478613 0.030795 2816.000000 2112.000000
1489.143921 882.920654 0.793022 0.058307 2816.000000 2112.000000
1514.623535 910.399048 0.807092 -0.018527 2816.000000 2112.000000
637.240295 849.693115 0.967585 0.171362 2816.000000 2112.000000
1395.962646 906.810120 0.955967 0.107051 2816.000000 2112.000000
1650.961670 1045.981323 0.753926 -0.121686 2816.000000 2112.000000
1498.693848 845.444946 1.051390 0.087780 2816.000000 2112.000000
1440.533813 874.937561 0.918373 0.057626 2816.000000 2112.000000
1314.643921 1075.253174 0.819093 0.209041 2816.000000 2112.000000
919.953369 1192.119873 0.580571 -0.118816 2816.000000 2112.000000
1460.237427 879.452026 0.902626 0.019719 2816.000000 2112.000000
1447.474976 905.588745 0.842144 -0.098251 2816.000000 2112.000000
1395.818359 886.522949 0.821388 -0.019264 2816.000000 2112.000000
1430.065063 912.271606 0.898217 0.120744 2816.000000 2112.000000
1529.364502 911.570740 0.771543 -0.025239 2816.000000 2112.000000
1586.819214 851.305908 0.806432 0.060748 2816.000000 2112.000000
1504.574463 938.937378 0.837542 -0.047514 2816.000000 2112.000000
1465.024170 924.156372 0.839064 -0.060185 2816.000000 2112.000000
1479.192261 875.690063 0.889808 0.009121 2816.000000 2112.000000
1463.538574 833.432251 0.956209 0.107789 2816.000000 2112.000000
1423.409668 884.176392 0.900749 0.043689 2816.000000 2112.000000
1526.863037 954.168274 0.851955 -0.042831 2816.000000 2112.000000
1485.279785 844.437866 0.957213 0.019365 2816.000000 2112.000000
1369.268555 786.461792 0.663197 -0.153511 2816.000000 2112.000000
1258.288330 930.851807 0.663197 0.111431 2816.000000 2112.000000
1376.802124 815.871521 1.067417 -0.009240 2816.000000 2112.000000
1454.770508 897.562378 0.823579 -0.011116 2816.000000 2112.000000
1454.981934 898.865234 0.823579 -0.019329 2816.000000 2112.000000
1437.359863 878.462341 0.979156 -0.041268 2816.000000 2112.000000
1406.436279 926.674072 0.789000 0.003176 2816.000000 2112.000000
1312.086426 1000.347534 0.781908 0.164151 2816.000000 2112.000000
984.528137 713.578247 1.049807 0.065907 2816.000000 2112.000000
1436.345215 969.985229 0.918698 0.099173 2816.000000 2112.000000
1446.922974 904.700439 0.760302 0.002918 2816.000000 2112.000000
1441.693481 910.703552 0.932092 0.107518 2816.000000 2112.000000
1365.044067 950.095093 0.808906 0.116195 2816.000000 2112.000000
1436.556152 889.971375 0.935537 -0.143791 2816.000000 2112.000000
1435.716797 891.938782 0.935537 -0.034552 2816.000000 2112.000000
1487.741577 901.422852 0.846589 0.006132 2816.000000 2112.000000
1495.895264 959.930969 0.846589 -0.091365 2816.000000 2112.000000
1424.230469 893.644897 0.761245 0.098497 2816.000000 2112.000000
1442.441162 892.959290 0.761245 -0.047481 2816.000000 2112.000000
1412.156738 924.139526 0.914302 0.080264 2816.000000 2112.000000
1431.781982 912.635315 0.905527 0.116372 2816.000000 2112.000000
1429.218140 861.460205 0.935465 -0.006842 2816.000000 2112.000000
1483.119141 837.215332 0.788600 0.246576 2816.000000 2112.000000
1472.835693 881.513550 0.989187 0.116876 2816.000000 2112.000000
1445.377197 885.892700 0.837816 0.140637 2816.000000 2112.000000
1459.567627 899.337280 0.850033 -0.010624 2816.000000 2112.000000
1460.044800 872.747070 0.951187 0.112808 2816.000000 2112.000000
1436.649170 993.040649 0.925952 0.183245 2816.000000 2112.000000
1292.969238 1142.021362 0.820495 0.291865 2816.000000 2112.000000
1386.651855 940.639038 0.881995 0.101541 2816.000000 2112.000000
1368.479614 870.440979 0.885484 0.006114 2816.000000 2112.000000
1441.491455 893.425049 0.801161 -0.033987 2816.000000 2112.000000
392.865387 719.083435 0.913811 0.102919 2816.000000 2112.000000
1419.085083 890.925110 0.910349 0.046141 2816.000000 2112.000000
1388.858154 909.316101 0.894000 0.058514 2816.000000 2112.000000
1491.322632 978.041077 0.826854 -0.078523 2816.000000 2112.000000
1529.033447 874.541504 0.878873 0.018131 2816.000000 2112.000000
1443.189453 1020.811401 0.912802 -0.182375 2816.000000 2112.000000
1434.070190 899.993286 0.803322 0.033367 2816.000000 2112.000000
1434.337891 835.884949 0.964410 -0.022232 2816.000000 2112.000000
1417.974609 878.843445 0.803923 -0.080620 2816.000000 2112.000000
1421.662598 890.835022 0.807082 0.019657 2816.000000 2112.000000
1374.664917 921.034302 0.782348 0.015026 2816.000000 2112.000000
1437.171265 891.086914 0.936674 0.089234 2816.000000 2112.000000
1418.898926 883.147278 0.985246 0.054999 2816.000000 2112.000000
1476.232910 927.958435 0.986192 0.143873 2816.000000 2112.000000
1459.190308 899.995850 0.861341 -0.030857 2816.000000 2112.000000
1625.894897 1161.493164 0.810266 -0.263074 2816.000000 2112.000000
1633.704590 992.133789 0.723085 -0.138281 2816.000000 2112.000000
1465.750732 916.572144 0.828750 -0.081690 2816.000000 2112.000000
1450.512939 922.780640 0.874157 -0.019773 2816.000000 2112.000000
1307.702148 1060.255981 0.800979 0.231304 2816.000000 2112.000000
1312.816406 1043.392334 0.800979 -6.075489 2816.000000 2112.000000
1455.002441 853.329529 0.854690 0.210458 2816.000000 2112.000000
1448.552979 951.999878 0.954366 0.137754 2816.000000 2112.000000
1458.603027 877.897949 0.985585 0.065758 2816.000000 2112.000000
2022.990112 891.513977 0.896049 0.027134 2816.000000 2112.000000
1435.823730 961.486023 0.943577 -0.114345 2816.000000 2112.000000
1414.588623 898.637939 0.990097 -0.056415 2816.000000 2112.000000
1435.050659 896.926758 0.938984 0.017790 2816.000000 2112.000000
1487.570557 881.435852 0.877048 0.007482 2816.000000 2112.000000
1432.190918 912.604248 0.878508 0.045352 2816.000000 2112.000000
1363.444336 983.872192 0.826154 0.137203 2816.000000 2112.000000
1475.227051 943.037231 0.801668 -0.028689 2816.000000 2112.000000
1276.827637 926.738708 1.116756 -0.002521 2816.000000 2112.000000
1247.152344 931.692261 0.984693 -0.033213 2816.000000 2112.000000
1361.304565 1006.929565 0.872179 0.147887 2816.000000 2112.000000
1494.001709 787.481934 0.966449 0.091166 2816.000000 2112.000000
1465.540771 825.967957 1.039817 0.052171 2816.000000 2112.000000
1434.163574 809.510864 1.004875 -0.026490 2816.000000 2112.000000
1465.512695 895.995361 0.874225 0.015426 2816.000000 2112.000000
1435.260742 869.706360 0.936864 0.111701 2816.000000 2112.000000
1432.898071 899.681885 0.936864 -0.041928 2816.000000 2112.000000
1395.792358 873.928345 0.709722 -0.062371 2816.000000 2112.000000
1427.155029 922.658203 0.985850 -0.075036 2816.000000 2112.000000
1485.049927 765.002319 1.006484 0.064038 2816.000000 2112.000000
1466.669922 803.092041 1.006484 0.031923 2816.000000 2112.000000
1422.111694 918.707153 0.883471 0.090021 2816.000000 2112.000000
1457.416260 892.102966 0.813514 0.021041 2816.000000 2112.000000
1436.301758 903.142517 0.825920 0.021747 2816.000000 2112.000000
1400.394775 798.400452 0.972640 -0.044044 2816.000000 2112.000000
1475.188354 888.830994 0.802435 0.016334 2816.000000 2112.000000
1433.232666 891.188904 0.885151 0.021973 2816.000000 2112.000000
1326.572021 1019.806335 0.808284 0.155400 2816.000000 2112.000000
1464.948730 888.227844 0.822869 0.033406 2816.000000 2112.000000
1414.955933 870.402466 0.908689 0.031510 2816.000000 2112.000000
1457.237671 824.046326 0.985290 0.041061 2816.000000 2112.000000
1380.851563 1034.407104 0.990712 -0.112086 2816.000000 2112.000000
1445.394409 896.451111 0.873853 -0.011232 2816.000000 2112.000000
1404.019043 910.011230 0.804803 0.078570 2816.000000 2112.000000
1546.433716 930.085266 0.836676 -0.026525 2816.000000 2112.000000
1477.276489 932.617981 0.789322 -0.056595 2816.000000 2112.000000
1454.616211 888.692505 0.857732 0.018837 2816.000000 2112.000000
1357.393677 972.629822 0.810415 0.148397 2816.000000 2112.000000
1501.729980 1000.557983 0.855318 -0.154630 2816.000000 2112.000000
1444.836060 897.818054 0.886417 -0.013858 2816.000000 2112.000000
1489.720459 965.204468 0.856568 -0.097488 2816.000000 2112.000000
1496.863525 995.703857 0.856568 -0.148862 2816.000000 2112.000000
2192.732666 271.480560 1.478196 -1.583436 2816.000000 2112.000000
1442.951416 892.573853 0.832705 -0.013935 2816.000000 2112.000000
1326.611694 937.635803 0.845250 0.067762 2816.000000 2112.000000
1435.564453 890.785095 0.861939 0.155350 2816.000000 2112.000000
1435.817383 892.581482 0.861939 0.008538 2816.000000 2112.000000
1344.326416 989.435181 0.809934 0.130744 2816.000000 2112.000000
1398.386108 829.212280 0.951986 -0.011696 2816.000000 2112.000000
1308.636353 894.759644 0.772855 0.010649 2816.000000 2112.000000
1463.136597 881.396912 0.866139 0.004862 2816.000000 2112.000000
1318.567871 869.305664 0.800357 -0.025857 2816.000000 2112.000000
1162.769287 828.197510 0.577030 0.012272 2816.000000 2112.000000
1257.537720 941.706177 0.669631 0.155954 2816.000000 2112.000000
1461.168457 856.697388 1.017085 0.021226 2816.000000 2112.000000
1393.504395 878.241089 0.956695 -0.097893 2816.000000 2112.000000
1464.552002 861.738037 0.919204 0.026865 2816.000000 2112.000000
1512.857910 913.482422 0.723201 -0.053161 2816.000000 2112.000000
1488.680054 922.647522 0.933402 0.234582 2816.000000 2112.000000
1510.876831 962.439514 0.829799 -0.095474 2816.000000 2112.000000
1520.460205 969.191895 0.809089 -0.057322 2816.000000 2112.000000
1432.819092 860.399719 0.942751 0.030895 2816.000000 2112.000000
1345.817139 1053.525391 0.754831 0.125278 2816.000000 2112.000000
1437.534546 889.378235 0.910666 0.014312 2816.000000 2112.000000
1505.703979 999.334595 0.837988 -0.057036 2816.000000 2112.000000
1544.129639 888.068604 0.745009 0.030439 2816.000000 2112.000000
1369.697998 1013.791138 0.848764 0.171947 2816.000000 2112.000000
1345.578125 968.201477 0.864674 0.106257 2816.000000 2112.000000
2001.050049 824.257813 0.925057 0.007903 2816.000000 2112.000000
1456.944702 943.696289 0.889434 -0.053624 2816.000000 2112.000000
1537.604004 1087.241699 0.854648 -0.191217 2816.000000 2112.000000
1532.973633 1080.188232 0.854648 -0.181093 2816.000000 2112.000000
1273.483154 952.664673 0.687768 0.177277 2816.000000 2112.000000
1481.336182 988.146912 0.977212 0.184951 2816.000000 2112.000000
1446.841553 967.843384 0.931602 -6.111708 2816.000000 2112.000000
1514.787598 974.525330 0.831782 -0.117280 2816.000000 2112.000000
1483.534912 891.258118 0.811896 0.004830 2816.000000 2112.000000
1477.786865 913.626160 0.811896 -0.065827 2816.000000 2112.000000
1525.314941 1109.206299 0.874530 -0.206444 2816.000000 2112.000000
1417.639893 911.812622 0.757339 0.000229 2816.000000 2112.000000
1424.328491 975.645020 0.912366 0.140812 2816.000000 2112.000000
1471.539551 968.750305 0.956328 0.185303 2816.000000 2112.000000
1512.770264 1050.547729 0.853569 -0.131353 2816.000000 2112.000000
1598.400635 959.767822 0.732316 -0.090105 2816.000000 2112.000000
1402.436279 990.788025 0.881137 0.182372 2816.000000 2112.000000
1434.525024 962.495361 0.944232 -0.053621 2816.000000 2112.000000
1427.753296 975.409546 0.877083 0.226810 2816.000000 2112.000000
1436.997437 856.999390 0.928998 0.022551 2816.000000 2112.000000
1532.926758 923.567871 0.789882 -0.036905 2816.000000 2112.000000
1364.711670 857.706116 0.856598 -0.044147 2816.000000 2112.000000
1407.588867 875.579224 0.843180 -0.048466 2816.000000 2112.000000
1395.651245 929.887085 0.817051 0.139152 2816.000000 2112.000000
1406.988159 927.403076 0.817051 0.097545 2816.000000 2112.000000
1457.531250 920.410278 0.956831 -0.064461 2816.000000 2112.000000
1405.551270 855.661743 0.737602 -0.125655 2816.000000 2112.000000
1431.463135 889.816650 0.820371 0.027561 2816.000000 2112.000000
1435.852417 993.012512 0.929215 -0.157190 2816.000000 2112.000000
1432.284790 863.970215 0.945460 0.024311 2816.000000 2112.000000
1318.898438 1006.219177 0.787519 0.176817 2816.000000 2112.000000
1466.955933 886.832886 0.721816 0.026043 2816.000000 2112.000000
1463.190674 717.519348 1.073104 0.121595 2816.000000 2112.000000
1372.033936 966.718262 1.036104 -0.047736 2816.000000 2112.000000
1592.381958 1216.403564 0.852825 -0.274879 2816.000000 2112.000000
1401.535889 895.995605 0.933006 0.052908 2816.000000 2112.000000
1474.155151 835.995605 0.966517 0.023521 2816.000000 2112.000000
1435.557861 892.369751 0.819562 -0.017287 2816.000000 2112.000000
1435.564331 892.381714 0.819562 -0.020647 2816.000000 2112.000000
1480.515869 957.493896 0.850633 -0.130142 2816.000000 2112.000000
1423.049683 953.330200 0.952567 -0.123391 2816.000000 2112.000000
1442.494873 871.644592 0.961567 0.035309 2816.000000 2112.000000
1581.803467 913.894104 0.809935 -0.008942 2816.000000 2112.000000
1391.289429 1065.575562 0.885419 0.183773 2816.000000 2112.000000
1383.484985 862.219421 0.911507 0.004711 2816.000000 2112.000000
1399.385986 919.301758 0.911507 0.069913 2816.000000 2112.000000
1434.841919 808.884277 1.019932 0.007206 2816.000000 2112.000000
1340.286865 931.909485 0.801443 0.080004 2816.000000 2112.000000
1463.894409 918.655273 0.908082 -0.063796 2816.000000 2112.000000
1473.073975 892.029419 0.979370 0.127610 2816.000000 2112.000000
1431.585571 840.990967 0.979370 0.027604 2816.000000 2112.000000
1442.335938 909.159119 0.853049 -0.036068 2816.000000 2112.000000
1452.709229 895.677185 0.845927 0.003705 2816.000000 2112.000000
1466.503174 842.163940 1.015155 0.068659 2816.000000 2112.000000
1403.038330 940.236816 0.859015 0.090957 2816.000000 2112.000000
1373.560547 895.447510 0.871233 0.023724 2816.000000 2112.000000
1388.303833 895.708374 0.832300 0.021021 2816.000000 2112.000000
1559.869873 942.611145 0.827320 -0.042271 2816.000000 2112.000000
1421.218506 900.291321 0.753159 0.009584 2816.000000 2112.000000
1252.792725 857.193970 0.745765 -0.039469 2816.000000 2112.000000
1397.064453 881.527405 0.925762 0.041602 2816.000000 2112.000000
1354.004150 801.904297 0.925762 -0.067261 2816.000000 2112.000000
1396.179688 845.042480 0.948736 -0.081437 2816.000000 2112.000000
1459.407471 1738.822144 0.979902 -3.139576 2816.000000 2112.000000
1019.796448 709.285645 1.103603 0.107351 2816.000000 2112.000000
1337.028809 818.115723 0.871925 -0.074830 2816.000000 2112.000000
1361.630005 880.768066 0.871925 0.015220 2816.000000 2112.000000
1429.866211 892.691162 0.954980 0.053835 2816.000000 2112.000000
1472.280029 845.200684 0.971428 -6.272958 2816.000000 2112.000000
1378.750977 772.022217 1.022458 -0.093370 2816.000000 2112.000000
667.868103 1298.822754 1.620767 -3.110821 2816.000000 2112.000000
1420.753174 966.325562 0.897073 0.094863 2816.000000 2112.000000
1451.029175 1008.970581 0.954896 -6.115206 2816.000000 2112.000000
1453.523315 892.452820 0.854443 0.011920 2816.000000 2112.000000
1480.913818 922.366943 0.979773 0.161069 2816.000000 2112.000000
1436.312012 943.354126 0.975702 6.201876 2816.000000 2112.000000
1424.386108 981.573364 0.975702 -0.115993 2816.000000 2112.000000
1535.017578 889.927979 0.740084 0.017166 2816.000000 2112.000000
1538.312744 1030.224976 1.016722 0.235973 2816.000000 2112.000000
1272.700684 895.606689 0.741095 0.010204 2816.000000 2112.000000
1475.999756 918.559509 0.801978 -0.090273 2816.000000 2112.000000
1368.287109 808.481934 1.077386 -0.005608 2816.000000 2112.000000
1376.612427 926.974182 0.763929 0.089175 2816.000000 2112.000000
243.031250 929.542847 0.627278 4.012411 2816.000000 2112.000000
1569.223389 913.371521 0.760009 -0.002708 2816.000000 2112.000000
1435.276367 902.548828 0.915922 0.099847 2816.000000 2112.000000
1522.462769 814.981384 0.954618 0.046407 2816.000000 2112.000000
1402.806152 854.095398 1.026394 -0.024967 2816.000000 2112.000000
1372.907227 927.351318 1.026394 -0.097266 2816.000000 2112.000000
1447.538574 907.327026 0.933404 0.138383 2816.000000 2112.000000
1441.764648 904.190735 0.919039 0.122524 2816.000000 2112.000000
1364.867188 901.311523 1.036518 -0.090464 2816.000000 2112.000000
1361.747314 913.173584 0.893811 0.052495 2816.000000 2112.000000
1488.014404 952.970703 0.989210 -6.123810 2816.000000 2112.000000
1445.310547 811.660278 0.998914 0.037306 2816.000000 2112.000000
1507.884277 706.877258 0.998914 0.165767 2816.000000 2112.000000
1481.710449 899.800354 0.768089 0.011189 2816.000000 2112.000000
1505.711426 930.090210 0.768089 -0.098309 2816.000000 2112.000000
1406.974609 917.872192 0.842159 0.078760 2816.000000 2112.000000
1434.406982 916.239563 0.920536 0.030525 2816.000000 2112.000000
1426.360107 917.921570 0.920536 0.092637 2816.000000 2112.000000
1428.601563 892.055054 0.794838 0.019631 2816.000000 2112.000000
1428.836548 894.570435 0.794838 0.087818 2816.000000 2112.000000
1506.313110 784.887207 0.982363 0.063579 2816.000000 2112.000000
1551.643799 916.931763 0.821720 -0.018279 2816.000000 2112.000000
1458.043091 896.037109 0.814192 0.010650 2816.000000 2112.000000
1473.077393 965.236572 0.868671 -0.136147 2816.000000 2112.000000
1470.750244 798.374207 1.068971 0.029266 2816.000000 2112.000000
1506.273682 962.908936 1.085496 0.249552 2816.000000 2112.000000
1444.916748 902.597534 0.753716 -0.009941 2816.000000 2112.000000
1471.161987 879.673706 0.687404 0.009744 2816.000000 2112.000000
1428.043945 865.050720 0.943134 -0.031693 2816.000000 2112.000000
1380.549438 894.698975 0.748875 -0.006885 2816.000000 2112.000000
1527.275635 896.052734 0.864224 -0.005280 2816.000000 2112.000000
1509.987305 919.414429 0.929303 -0.038279 2816.000000 2112.000000
1458.607666 898.785400 0.742320 0.001606 2816.000000 2112.000000
1365.262329 830.452209 0.572768 0.023559 2816.000000 2112.000000
1401.847900 885.159424 0.857444 -0.054163 2816.000000 2112.000000
1441.346680 1012.861816 0.922520 -0.172256 2816.000000 2112.000000
1397.552734 1035.109619 0.980342 -0.176034 2816.000000 2112.000000
1391.893799 1127.420898 1.001383 -0.196470 2816.000000 2112.000000
1459.944580 822.124939 0.989258 0.056393 2816.000000 2112.000000
1391.932617 979.564880 0.861171 0.144090 2816.000000 2112.000000
1290.365601 949.201294 0.693305 0.155614 2816.000000 2112.000000
1304.962769 929.831299 0.689193 0.130144 2816.000000 2112.000000
1430.054199 910.861938 0.960554 -0.078450 2816.000000 2112.000000
1572.334229 927.739136 0.741138 -0.042322 2816.000000 2112.000000
1765.307861 1047.186523 0.866595 0.144965 2816.000000 2112.000000
1487.932129 791.066162 0.941022 0.088060 2816.000000 2112.000000
1532.811890 1002.707642 1.017780 -6.067204 2816.000000 2112.000000
1365.806763 852.810303 1.027507 -0.107250 2816.000000 2112.000000
1055.098145 754.754761 1.079949 -6.117323 2816.000000 2112.000000
1381.692139 877.143799 0.941993 0.035367 2816.000000 2112.000000
1535.739990 890.999146 0.761777 0.035258 2816.000000 2112.000000
1500.397583 860.907166 0.837642 0.066527 2816.000000 2112.000000
1368.120483 893.228394 0.754530 0.004664 2816.000000 2112.000000
1418.362305 883.728516 0.977091 0.069619 2816.000000 2112.000000
1436.914551 990.751587 0.931945 -0.148978 2816.000000 2112.000000
1488.387207 929.513794 0.847705 -0.039265 2816.000000 2112.000000
1451.629272 873.838867 0.869682 0.083454 2816.000000 2112.000000
1388.355469 930.977173 0.877684 0.076718 2816.000000 2112.000000
1428.816162 889.867310 0.785956 -0.075917 2816.000000 2112.000000
1558.390625 903.867615 0.784249 -0.002983 2816.000000 2112.000000
1351.582886 1005.122986 0.817061 0.220276 2816.000000 2112.000000
1437.897461 901.757080 0.915594 -0.030394 2816.000000 2112.000000
1438.192749 890.678772 0.915594 0.009244 2816.000000 2112.000000
1396.132690 848.284668 0.929149 -0.075056 2816.000000 2112.000000
1403.751465 911.690002 1.009947 -0.064971 2816.000000 2112.000000
1407.872314 828.159180 0.970142 -0.002326 2816.000000 2112.000000
1484.000732 877.039063 0.787536 0.073245 2816.000000 2112.000000
1441.514648 884.250549 0.893051 0.012020 2816.000000 2112.000000
1500.953125 808.729980 0.922208 0.000697 2816.000000 2112.000000
1408.656860 859.646118 0.961531 0.026934 2816.000000 2112.000000
1289.226807 1009.126343 1.076293 -0.188921 2816.000000 2112.000000
1437.019165 893.166443 0.867611 -0.020716 2816.000000 2112.000000
1507.000244 1088.896240 0.887267 6.135685 2816.000000 2112.000000
1343.930298 980.770264 0.793938 0.169120 2816.000000 2112.000000
1392.026123 761.674072 1.074361 0.036816 2816.000000 2112.000000
1312.458740 910.051392 0.671340 0.082958 2816.000000 2112.000000
1301.950928 918.162048 0.671340 0.105880 2816.000000 2112.000000
1338.542236 903.027466 0.712464 0.048198 2816.000000 2112.000000
1466.467529 930.639282 0.851908 -0.112807 2816.000000 2112.000000
1496.018799 884.928955 0.816029 0.035779 2816.000000 2112.000000
1427.961914 895.919312 0.761168 0.056135 2816.000000 2112.000000
1446.476074 872.812622 0.974026 0.046575 2816.000000 2112.000000
1521.369995 872.842163 0.869944 0.023222 2816.000000 2112.000000
1439.646606 895.383057 0.824526 -0.060179 2816.000000 2112.000000
1469.512817 944.484436 0.699064 -0.098227 2816.000000 2112.000000
1535.041870 919.494751 0.680471 -0.159322 2816.000000 2112.000000
1559.570557 1025.510254 0.805843 -0.109077 2816.000000 2112.000000
1433.381958 891.705078 0.933314 -0.005324 2816.000000 2112.000000
1453.735596 1007.090576 0.957309 -6.113865 2816.000000 2112.000000
1387.880371 808.241211 1.011225 -0.098972 2816.000000 2112.000000
1386.169922 946.417847 0.822965 0.139295 2816.000000 2112.000000
1365.692383 870.983948 1.045588 -0.034202 2816.000000 2112.000000
1404.261963 873.692627 0.824342 -0.058991 2816.000000 2112.000000
1399.007813 819.189026 0.975666 -0.011252 2816.000000 2112.000000
1436.671387 911.109985 0.953462 0.083675 2816.000000 2112.000000
1368.492676 984.684448 1.020543 -0.130698 2816.000000 2112.000000
1373.385620 922.931152 0.738132 0.009842 2816.000000 2112.000000
1287.252686 1003.432251 0.738132 0.183661 2816.000000 2112.000000
1413.310547 876.718506 0.984287 -0.016029 2816.000000 2112.000000
1473.713135 884.811829 0.702906 0.003738 2816.000000 2112.000000
1516.307861 1031.927246 0.880236 -0.142874 2816.000000 2112.000000
1604.643066 903.279297 0.756970 0.008074 2816.000000 2112.000000
1429.195679 869.810425 0.979826 0.045459 2816.000000 2112.000000
1447.063477 926.401123 0.873807 0.015418 2816.000000 2112.000000
1406.038940 896.350403 0.957547 -0.117528 2816.000000 2112.000000
1444.736572 846.427246 0.957547 0.035807 2816.000000 2112.000000
1357.939453 1012.668457 0.827929 0.210223 2816.000000 2112.000000
1338.995728 952.973999 0.764356 0.111871 2816.000000 2112.000000
1447.560791 928.843750 0.864240 -0.034456 2816.000000 2112.000000
1476.560059 889.855042 0.821506 0.007059 2816.000000 2112.000000
1613.328613 858.498230 0.726104 0.050911 2816.000000 2112.000000
1407.963867 881.589050 0.690356 0.112611 2816.000000 2112.000000
1370.727539 917.974121 0.802573 0.048287 2816.000000 2112.000000
1372.938721 974.488831 0.853504 0.181332 2816.000000 2112.000000
1387.799805 907.723755 0.797081 0.054531 2816.000000 2112.000000
1499.629639 1030.831543 0.874000 -0.158440 2816.000000 2112.000000
1374.489258 897.473083 0.702965 0.033708 2816.000000 2112.000000
1103.828247 880.730225 0.950626 0.173819 2816.000000 2112.000000
1662.628052 807.075562 0.974356 0.030031 2816.000000 2112.000000
1435.549805 853.485779 0.949770 0.040495 2816.000000 2112.000000
1317.744019 1103.436768 1.042125 -0.234010 2816.000000 2112.000000
1392.993042 830.182922 1.042125 -0.003522 2816.000000 2112.000000
1353.971680 932.354736 0.811558 0.053203 2816.000000 2112.000000
1321.588379 1052.189697 0.808271 0.201985 2816.000000 2112.000000
1455.765869 849.375061 0.877285 0.161801 2816.000000 2112.000000
1785.403564 919.068604 1.002259 0.121266 2816.000000 2112.000000
1510.500610 876.240295 1.023247 0.043077 2816.000000 2112.000000
1319.761475 982.371826 1.048233 -0.198022 2816.000000 2112.000000
1354.730713 896.858948 1.048233 -0.097713 2816.000000 2112.000000
1383.263916 925.926208 0.799728 0.085341 2816.000000 2112.000000
1523.437744 868.496704 0.866250 0.034292 2816.000000 2112.000000
1384.184326 841.717163 1.015904 -0.078364 2816.000000 2112.000000
1429.071777 885.974548 0.754605 -0.062746 2816.000000 2112.000000
1486.249756 843.143799 0.952568 0.025996 2816.000000 2112.000000
1429.566162 926.217285 0.952568 -0.095770 2816.000000 2112.000000
1379.421875 900.382263 0.830928 0.045703 2816.000000 2112.000000
1315.377441 863.867554 0.780014 -0.046099 2816.000000 2112.000000
1297.200073 807.201843 0.780014 -0.152382 2816.000000 2112.000000
1402.160645 763.225220 0.988525 -0.075193 2816.000000 2112.000000
1426.468872 873.501892 0.955576 0.085910 2816.000000 2112.000000
1471.638672 891.629700 0.807311 0.003027 2816.000000 2112.000000
1468.432129 871.186035 0.878748 0.030458 2816.000000 2112.000000
1383.450073 830.151917 1.055686 -0.019051 2816.000000 2112.000000
1333.322266 870.764282 0.630900 0.077006 2816.000000 2112.000000
1429.909790 897.053345 0.872386 0.017870 2816.000000 2112.000000
1506.343384 899.166504 0.833041 0.005756 2816.000000 2112.000000
1348.571167 909.442322 0.792281 0.036435 2816.000000 2112.000000
1404.181396 1039.076172 0.907384 0.186169 2816.000000 2112.000000
1459.900269 968.237366 0.950042 0.172557 2816.000000 2112.000000
1361.674316 926.517639 0.830564 0.047079 2816.000000 2112.000000
1424.600098 855.835022 0.996319 -0.012742 2816.000000 2112.000000
1463.140015 938.592407 0.823457 -0.049960 2816.000000 2112.000000
1632.401367 962.378601 0.961775 -0.106645 2816.000000 2112.000000
1441.626709 894.418823 0.958808 0.075755 2816.000000 2112.000000
1468.371948 965.272461 0.981620 0.138957 2816.000000 2112.000000
2621.027832 -49.609772 1.306975 0.040519 2816.000000 2112.000000
1397.059326 788.323608 1.081940 -0.018045 2816.000000 2112.000000
1482.228027 859.458374 0.903449 0.040796 2816.000000 2112.000000
1515.079712 701.788086 0.903449 0.220055 2816.000000 2112.000000
1497.876953 865.793579 0.913091 0.014405 2816.000000 2112.000000
931.125366 1735.650513 1.330120 -3.133123 2816.000000 2112.000000
1420.250000 890.419250 0.858308 -0.014039 2816.000000 2112.000000
1349.653809 951.349609 1.042926 -0.111048 2816.000000 2112.000000
1443.022705 889.724304 0.882283 -0.048531 2816.000000 2112.000000
1454.238525 878.454102 0.882283 -0.004000 2816.000000 2112.000000
1509.236328 1087.073120 0.984320 0.270164 2816.000000 2112.000000
1336.266846 881.669983 0.697416 -0.001296 2816.000000 2112.000000
1457.906738 896.189453 0.806718 -0.012338 2816.000000 2112.000000
1431.070313 885.418884 0.910112 -0.073213 2816.000000 2112.000000
1386.805420 1043.124268 0.887933 0.190509 2816.000000 2112.000000
1346.226440 982.230469 1.019165 -0.189140 2816.000000 2112.000000
1502.440674 848.711853 0.937474 0.023654 2816.000000 2112.000000
1391.493286 880.260864 0.901051 0.029194 2816.000000 2112.000000
1420.399658 900.841980 0.788324 0.139083 2816.000000 2112.000000
1441.408691 899.570862 0.975945 -0.048093 2816.000000 2112.000000
1481.916748 903.712219 0.794694 -0.031260 2816.000000 2112.000000
1345.233398 965.109131 1.026379 -0.174190 2816.000000 2112.000000
1510.542236 959.169617 0.858606 -0.056066 2816.000000 2112.000000
1535.379883 875.106140 0.796043 0.043150 2816.000000 2112.000000
1411.600708 958.566528 0.872191 0.063404 2816.000000 2112.000000
1489.879028 982.305542 0.849522 -0.039442 2816.000000 2112.000000
1539.091919 963.213135 0.787982 -0.076648 2816.000000 2112.000000
1385.402832 837.025024 1.079297 -0.066968 2816.000000 2112.000000
1427.995728 946.552856 0.950243 -0.112000 2816.000000 2112.000000
1325.809204 1001.406616 1.048670 -0.168194 2816.000000 2112.000000
1378.225220 851.117371 1.048670 -0.030100 2816.000000 2112.000000
1455.559570 914.490112 0.773085 -0.037831 2816.000000 2112.000000
1465.658813 884.233948 0.820057 0.035519 2816.000000 2112.000000
1480.042236 870.519531 0.849303 0.059100 2816.000000 2112.000000
1444.330444 865.010559 0.972687 -0.001242 2816.000000 2112.000000
1458.023926 864.084351 0.980229 -0.015807 2816.000000 2112.000000
1469.709595 905.588989 0.746663 -0.080175 2816.000000 2112.000000
1533.789795 933.988525 0.753308 -0.077992 2816.000000 2112.000000
1346.118652 989.955933 0.982376 0.021357 2816.000000 2112.000000
1503.516846 841.982666 0.878996 0.076601 2816.000000 2112.000000
1486.538940 909.927673 0.795442 0.008506 2816.000000 2112.000000
1450.473755 881.917969 0.879432 -0.016122 2816.000000 2112.000000
1523.515625 960.563110 0.821811 -0.099156 2816.000000 2112.000000
1535.263184 906.621094 0.821811 -0.011536 2816.000000 2112.000000
1412.401123 891.323303 0.861952 0.028229 2816.000000 2112.000000
1547.602173 839.937500 0.750084 0.092761 2816.000000 2112.000000
1435.781982 891.407837 0.894418 -0.055550 2816.000000 2112.000000
1443.874634 877.803894 0.894418 0.054640 2816.000000 2112.000000
1311.829346 932.228882 1.075685 -0.157141 2816.000000 2112.000000
1517.706543 908.322632 0.838909 -0.021383 2816.000000 2112.000000
1571.940552 1158.664063 0.852078 -0.239063 2816.000000 2112.000000
1442.035034 890.416626 0.814274 0.042519 2816.000000 2112.000000
1517.823486 907.058716 0.849267 -0.006098 2816.000000 2112.000000
1412.850586 837.411987 0.956409 -0.002075 2816.000000 2112.000000
2015.970215 2329.468750 0.911686 -1.265249 2816.000000 2112.000000
1516.951294 837.018005 0.950363 0.030746 2816.000000 2112.000000
1309.623901 862.626465 0.695716 -0.036105 2816.000000 2112.000000
1431.133789 778.338196 1.070567 0.036831 2816.000000 2112.000000
1463.948486 762.311096 1.070567 0.091728 2816.000000 2112.000000
1506.508545 830.047607 0.958886 0.034247 2816.000000 2112.000000
1443.830566 851.194885 0.963034 0.022347 2816.000000 2112.000000
1506.081055 954.010620 0.824100 -0.102868 2816.000000 2112.000000
1341.076904 976.890747 0.775776 0.153532 2816.000000 2112.000000
1462.394409 771.214905 0.983013 0.188348 2816.000000 2112.000000
1455.507813 783.528259 0.983013 0.162997 2816.000000 2112.000000
1451.540649 931.217834 0.956945 0.059533 2816.000000 2112.000000
1432.672607 877.458374 0.970896 -0.013268 2816.000000 2112.000000
854.135620 865.157959 0.787475 -0.011239 2816.000000 2112.000000
1320.321899 1077.902344 0.863930 0.229924 2816.000000 2112.000000
1405.494385 887.735168 0.837048 -0.027712 2816.000000 2112.000000
1439.251709 870.136230 0.932982 0.055761 2816.000000 2112.000000
1334.871948 757.153503 0.958083 -0.096637 2816.000000 2112.000000
1424.770874 935.555054 0.899373 0.179808 2816.000000 2112.000000
1369.850464 890.434021 0.729049 -0.008307 2816.000000 2112.000000
1311.673828 972.859985 0.773232 -6.157935 2816.000000 2112.000000
1269.711426 1092.009521 0.773232 0.313300 2816.000000 2112.000000
1298.795166 896.180115 0.852338 0.072606 2816.000000 2112.000000
1422.412964 905.401306 0.877342 0.040741 2816.000000 2112.000000
1372.031616 932.495117 1.028852 -0.090075 2816.000000 2112.000000
1485.720947 847.335449 0.720995 0.145854 2816.000000 2112.000000
1443.215576 1034.094849 0.929388 -0.111227 2816.000000 2112.000000
1402.389771 850.425903 1.024862 -0.028926 2816.000000 2112.000000
1378.784424 906.954956 0.782745 -0.001614 2816.000000 2112.000000
1434.973755 893.907837 0.921491 0.009851 2816.000000 2112.000000
1444.806396 900.187134 0.771457 -0.026907 2816.000000 2112.000000
1606.404053 794.090942 0.837818 0.117645 2816.000000 2112.000000
1244.416992 1021.309814 0.720712 0.188328 2816.000000 2112.000000
1358.019775 1046.452026 0.848569 0.208744 2816.000000 2112.000000
1459.958130 916.385681 0.793318 -0.038518 2816.000000 2112.000000
1396.807129 972.772705 0.995671 -0.121867 2816.000000 2112.000000
1409.562012 887.074585 0.841734 -0.017959 2816.000000 2112.000000
1451.072266 927.296997 0.806241 0.008323 2816.000000 2112.000000
1333.821899 982.116882 0.845044 0.120314 2816.000000 2112.000000
1446.375732 891.730957 0.841714 0.072627 2816.000000 2112.000000
1346.259644 864.292297 1.074031 -0.060859 2816.000000 2112.000000
1430.745850 910.677979 0.919374 0.077919 2816.000000 2112.000000
1301.954834 989.471191 0.764311 0.158029 2816.000000 2112.000000
1408.353760 830.911865 0.966237 -0.006281 2816.000000 2112.000000
1411.082031 833.986023 0.966237 -0.000261 2816.000000 2112.000000
1525.161621 906.737549 0.733391 -0.024862 2816.000000 2112.000000
1500.659912 948.482788 0.864599 -0.038531 2816.000000 2112.000000
1410.683960 921.064026 1.020596 0.144845 2816.000000 2112.000000
1349.240479 1066.090454 0.841506 0.229987 2816.000000 2112.000000
1350.493530 983.301697 0.841506 0.127881 2816.000000 2112.000000
1447.265259 939.667664 0.972974 0.159541 2816.000000 2112.000000
1375.197754 940.844238 0.976535 -0.105725 2816.000000 2112.000000
1401.261963 867.949707 1.009238 -0.011109 2816.000000 2112.000000
1441.024292 914.695740 0.944151 0.056601 2816.000000 2112.000000
1496.737061 930.516968 0.793359 -0.149138 2816.000000 2112.000000
1464.527832 925.698486 0.793359 -0.049473 2816.000000 2112.000000
1385.795654 923.907898 0.799665 0.100532 2816.000000 2112.000000
843.750183 593.345825 0.729950 0.138521 2816.000000 2112.000000
1502.487793 866.947998 0.629157 -0.068461 2816.000000 2112.000000
1525.408447 898.981323 0.740891 -0.006195 2816.000000 2112.000000
1561.377686 993.169434 0.808099 -0.114268 2816.000000 2112.000000
1447.452026 882.944092 0.988896 -6.215418 2816.000000 2112.000000
1506.490234 1042.646240 0.988896 0.228135 2816.000000 2112.000000
2554.508789 -73.612152 1.252933 -0.013986 2816.000000 2112.000000
1405.682861 881.971069 1.008321 -0.042548 2816.000000 2112.000000
1392.813354 837.036499 0.993088 0.048478 2816.000000 2112.000000
1558.253418 887.128052 0.724273 0.220082 2816.000000 2112.000000
1356.300659 969.321594 0.807286 0.150597 2816.000000 2112.000000
1506.651245 1029.493896 0.883648 -0.142933 2816.000000 2112.000000
1323.368164 906.186279 0.753030 0.011630 2816.000000 2112.000000
1453.092773 873.482544 0.936524 0.004163 2816.000000 2112.000000
1485.633789 1011.678284 0.879523 -0.105910 2816.000000 2112.000000
1432.511230 834.672546 0.918293 -0.119934 2816.000000 2112.000000
1292.803833 955.190247 0.743174 0.110863 2816.000000 2112.000000
1470.445435 859.945679 0.961100 -0.003467 2816.000000 2112.000000
1464.012207 870.244263 0.961100 -0.017043 2816.000000 2112.000000
1426.284058 892.913025 0.760081 0.087942 2816.000000 2112.000000
1465.285645 895.943848 0.827600 0.014902 2816.000000 2112.000000
1348.276001 965.735840 0.772890 0.181648 2816.000000 2112.000000
1554.008057 927.961365 0.775136 -0.023813 2816.000000 2112.000000
1325.812256 1001.917114 0.799237 0.164034 2816.000000 2112.000000
1625.548584 1014.071045 0.747271 -0.135584 2816.000000 2112.000000
1512.928711 856.853516 0.882664 0.043363 2816.000000 2112.000000
1396.062500 789.617371 0.988616 -0.038581 2816.000000 2112.000000
1489.271606 890.288696 0.746508 0.014889 2816.000000 2112.000000
1467.280273 940.419861 0.917070 6.203598 2816.000000 2112.000000
1402.925903 1155.222168 0.996834 -0.219245 2816.000000 2112.000000
1509.820557 1076.602539 0.875715 -0.200756 2816.000000 2112.000000
1495.595215 1045.436401 0.992018 0.204818 2816.000000 2112.000000
1568.589600 974.720947 0.767014 -0.107811 2816.000000 2112.000000
1305.745361 1069.369141 1.057964 -0.201155 2816.000000 2112.000000
1266.505371 966.822632 1.110018 -0.177669 2816.000000 2112.000000
1389.199097 983.442871 0.874439 0.174198 2816.000000 2112.000000
1434.050415 1051.805542 0.920068 -6.132526 2816.000000 2112.000000
1406.582764 895.147095 0.815600 0.004633 2816.000000 2112.000000
1357.255371 942.377930 0.821719 0.077019 2816.000000 2112.000000
1502.615234 802.642700 0.944916 0.063536 2816.000000 2112.000000
1379.843018 938.152832 0.831192 0.092413 2816.000000 2112.000000
1635.229004 890.355896 0.732284 0.014320 2816.000000 2112.000000
1276.075928 951.823608 0.679216 0.227882 2816.000000 2112.000000
1349.919556 861.671997 1.070525 -0.076095 2816.000000 2112.000000
1455.600220 897.404175 0.861388 -0.013296 2816.000000 2112.000000
1526.064331 949.061523 0.784747 -0.080973 2816.000000 2112.000000
1325.512207 946.352905 0.725549 0.120346 2816.000000 2112.000000
1355.916748 915.943054 0.731432 0.031778 2816.000000 2112.000000
1591.894287 914.976990 0.759898 -0.008111 2816.000000 2112.000000
1343.853882 909.054077 0.744352 0.050694 2816.000000 2112.000000
1368.559082 864.978882 0.839119 -0.028914 2816.000000 2112.000000
1427.026489 887.849976 0.718046 0.005881 2816.000000 2112.000000
1615.636230 896.001831 0.703183 -0.008533 2816.000000 2112.000000
1455.363281 796.458069 1.033582 0.058799 2816.000000 2112.000000
1439.393799 904.137207 0.840526 -0.004809 2816.000000 2112.000000
1435.179443 891.171265 0.760579 -0.066539 2816.000000 2112.000000
1474.075684 991.949707 0.882411 -0.165284 2816.000000 2112.000000
1479.182495 966.445007 0.876960 -0.092649 2816.000000 2112.000000
1529.835205 960.312134 0.843305 -0.051973 2816.000000 2112.000000
1485.215454 841.048828 0.968434 0.017114 2816.000000 2112.000000
1342.304565 933.916626 0.750974 0.108305 2816.000000 2112.000000
1436.665039 872.472168 0.962428 0.005966 2816.000000 2112.000000
1497.493286 977.921631 0.836287 -0.160994 2816.000000 2112.000000
1409.499268 914.940796 0.975696 -0.081765 2816.000000 2112.000000
1481.844360 881.143311 0.947732 -0.005360 2816.000000 2112.000000
1455.637085 901.204468 0.842300 6.260478 2816.000000 2112.000000
1369.422363 879.850220 0.915514 0.026597 2816.000000 2112.000000
1414.083374 904.534790 0.829346 0.028979 2816.000000 2112.000000
1442.309937 906.270691 0.835370 -0.037048 2816.000000 2112.000000
1384.064209 899.587708 0.764485 0.041488 2816.000000 2112.000000
1383.610474 956.760742 0.908974 0.104597 2816.000000 2112.000000
1419.350586 914.871765 0.865068 0.081495 2816.000000 2112.000000
1483.633789 880.146484 0.880319 0.006648 2816.000000 2112.000000
1403.188599 993.211121 0.993073 -0.125608 2816.000000 2112.000000
1436.446655 934.630981 0.922124 0.069063 2816.000000 2112.000000
1612.847656 1293.533813 1.004313 -0.027959 2816.000000 2112.000000
919.273865 1198.909668 0.869506 0.041656 2816.000000 2112.000000
1523.710449 894.735352 0.750806 0.009762 2816.000000 2112.000000
1505.792114 841.283936 0.655125 0.144654 2816.000000 2112.000000
1379.672241 1018.569397 0.987442 6.090019 2816.000000 2112.000000
1405.479614 913.081543 0.883522 -0.178491 2816.000000 2112.000000
1459.596802 863.891357 0.782460 0.125653 2816.000000 2112.000000
1454.233643 950.001343 0.917909 0.178198 2816.000000 2112.000000
1504.084351 870.244385 0.878811 0.027094 2816.000000 2112.000000
1504.053467 909.768799 1.020302 0.096891 2816.000000 2112.000000
1457.413330 781.452026 1.020302 -0.036076 2816.000000 2112.000000
1399.536377 887.133606 0.823431 -0.022018 2816.000000 2112.000000
1379.190674 909.640747 0.763369 0.008754 2816.000000 2112.000000
1440.801270 892.046082 0.815043 0.003824 2816.000000 2112.000000
1430.213501 896.509338 0.869662 0.018094 2816.000000 2112.000000
1474.731079 946.601929 0.864897 -0.071741 2816.000000 2112.000000
1437.916260 857.462158 0.962731 0.019334 2816.000000 2112.000000
1277.173218 741.905518 0.877674 -0.191253 2816.000000 2112.000000
1414.907349 871.048401 0.989951 -0.011471 2816.000000 2112.000000
1420.951416 894.476563 0.712699 0.002414 2816.000000 2112.000000
1418.685913 898.909973 0.857042 0.028741 2816.000000 2112.000000
1352.039917 936.375000 0.777761 0.089560 2816.000000 2112.000000
1358.995850 975.024780 0.820038 -6.126516 2816.000000 2112.000000
1385.821655 895.055054 0.813142 0.002384 2816.000000 2112.000000
1376.209717 941.112732 0.813142 0.104758 2816.000000 2112.000000
1310.285889 938.602295 0.718546 0.118946 2816.000000 2112.000000
1389.920166 894.467285 1.011326 -0.076640 2816.000000 2112.000000
1383.099976 969.466187 1.006588 -0.098160 2816.000000 2112.000000
1385.943848 905.134766 0.868666 0.031444 2816.000000 2112.000000
1435.144043 937.327454 0.927624 -0.026180 2816.000000 2112.000000
1407.261475 1122.100952 0.975290 6.066357 2816.000000 2112.000000
1862.701904 880.804443 0.873137 0.020546 2816.000000 2112.000000
1444.077637 1087.367676 0.942854 -0.176934 2816.000000 2112.000000
1422.154541 859.685852 0.927467 -0.001617 2816.000000 2112.000000
1423.879883 952.571655 0.911909 0.125952 2816.000000 2112.000000
1467.545898 1020.860962 0.909317 -0.160554 2816.000000 2112.000000
1421.171021 878.713440 0.971766 -0.021074 2816.000000 2112.000000
1429.856201 964.222900 0.912360 0.095430 2816.000000 2112.000000
1478.190918 904.684875 0.785762 -0.002496 2816.000000 2112.000000
1438.613525 913.321472 0.805185 0.029078 2816.000000 2112.000000
1535.461914 878.470642 0.822931 0.050034 2816.000000 2112.000000
1456.625000 902.342651 0.751838 0.000441 2816.000000 2112.000000
1578.373413 976.568481 0.828070 -0.077680 2816.000000 2112.000000
1472.150513 945.670898 0.882801 -0.057776 2816.000000 2112.000000
1345.004883 1680.989868 0.756678 0.102767 2816.000000 2112.000000
1447.414673 914.717834 0.836563 0.000760 2816.000000 2112.000000
1582.064819 915.874573 0.811995 -0.013419 2816.000000 2112.000000
1430.013916 894.850525 0.841900 0.024146 2816.000000 2112.000000
1454.152588 933.265747 0.918439 -0.090343 2816.000000 2112.000000
1412.026855 770.281067 1.056186 0.038048 2816.000000 2112.000000
1514.803101 751.887451 0.980922 0.090190 2816.000000 2112.000000
1409.764160 938.207642 0.989884 -0.087164 2816.000000 2112.000000
1384.931641 1149.466431 0.988879 6.040112 2816.000000 2112.000000
1437.207275 917.397583 0.924708 -0.026910 2816.000000 2112.000000
1448.631470 930.504333 0.924708 -0.121765 2816.000000 2112.000000
1422.974731 843.852356 0.995768 0.003727 2816.000000 2112.000000
1411.591064 949.998413 0.883185 0.106490 2816.000000 2112.000000
1405.444580 837.390869 1.028661 -0.007989 2816.000000 2112.000000
1475.919067 928.771729 0.822132 -0.004739 2816.000000 2112.000000
1296.549072 874.549316 0.648805 0.018067 2816.000000 2112.000000
1531.962646 1313.123901 0.910905 -0.150174 2816.000000 2112.000000
1418.928955 921.208313 0.888081 0.053699 2816.000000 2112.000000
1504.207031 1024.915161 0.857001 -0.111672 2816.000000 2112.000000
1440.991943 974.588379 0.927147 -0.131872 2816.000000 2112.000000
1438.858398 997.411621 0.927147 -0.163418 2816.000000 2112.000000
1447.541382 1004.968750 0.906776 -0.191321 2816.000000 2112.000000
1448.054565 945.692017 0.892482 -0.127261 2816.000000 2112.000000
1339.175293 901.218018 0.897974 0.038718 2816.000000 2112.000000
1434.783325 884.592834 0.721060 -0.061260 2816.000000 2112.000000
1424.128418 1004.210083 0.911806 0.143295 2816.000000 2112.000000
1475.270996 810.305115 0.984093 0.049114 2816.000000 2112.000000
1473.609619 906.606323 0.786134 -0.022687 2816.000000 2112.000000
1292.452026 983.123169 1.080254 -0.167281 2816.000000 2112.000000
1446.878906 864.718750 0.945685 0.077390 2816.000000 2112.000000
1429.366821 894.061890 0.770797 0.066529 2816.000000 2112.000000
1308.072754 976.493469 1.067647 -0.111446 2816.000000 2112.000000
1445.690308 895.245544 0.743313 -0.014129 2816.000000 2112.000000
1433.122070 886.031372 0.906741 0.043731 2816.000000 2112.000000
1322.218994 1211.970703 0.825669 0.029812 2816.000000 2112.000000
1381.103271 929.096619 1.019669 -0.079140 2816.000000 2112.000000
1461.961548 940.931885 0.873075 -0.086475 2816.000000 2112.000000
1360.381958 941.151245 0.763294 0.107916 2816.000000 2112.000000
1284.958984 906.962402 0.717588 0.031104 2816.000000 2112.000000
1471.293335 875.974243 0.915031 0.004857 2816.000000 2112.000000
1334.192383 952.857422 1.054181 -0.121461 2816.000000 2112.000000
1361.244019 863.078613 1.058022 6.238333 2816.000000 2112.000000
1437.112305 896.906677 0.908596 0.004390 2816.000000 2112.000000
1445.077148 907.827881 0.854343 0.027103 2816.000000 2112.000000
1368.164551 1086.106201 0.863421 0.232970 2816.000000 2112.000000
1321.846924 906.747192 0.863421 0.036438 2816.000000 2112.000000
1417.738037 868.049988 0.894393 -0.020329 2816.000000 2112.000000
1414.835327 835.608215 0.994687 0.036725 2816.000000 2112.000000
1445.123169 1004.282349 0.932660 6.159741 2816.000000 2112.000000
1517.840088 915.130859 0.740092 0.012436 2816.000000 2112.000000
1516.915283 931.986572 0.792676 -0.027510 2816.000000 2112.000000
1587.353638 929.429993 0.815276 -0.027464 2816.000000 2112.000000
1433.718750 883.058716 0.705090 -0.025995 2816.000000 2112.000000
1462.798950 881.650085 0.928074 -0.018152 2816.000000 2112.000000
1405.082764 952.013184 0.900947 0.088248 2816.000000 2112.000000
1451.308838 916.521729 0.921778 -0.056836 2816.000000 2112.000000
1451.980225 913.512268 0.921778 -0.052309 2816.000000 2112.000000
1535.751465 869.757324 0.828242 0.046818 2816.000000 2112.000000
1379.170166 888.266785 0.749681 -0.029642 2816.000000 2112.000000
1441.618408 844.595581 0.963344 0.032005 2816.000000 2112.000000
901.829773 763.542358 1.014509 -0.097226 2816.000000 2112.000000
1585.705933 981.705688 0.773331 -0.111286 2816.000000 2112.000000
1262.578125 1035.389404 0.753402 0.202308 2816.000000 2112.000000
1463.615967 879.240662 0.877100 0.035689 2816.000000 2112.000000
1410.837891 1100.550415 0.974174 6.081596 2816.000000 2112.000000
1424.801514 952.969116 0.899459 0.097347 2816.000000 2112.000000
1333.416748 997.994446 0.827790 0.123586 2816.000000 2112.000000
1493.560059 901.045837 0.857034 -0.017333 2816.000000 2112.000000
1546.740479 987.694092 0.782622 -0.161734 2816.000000 2112.000000
1415.795898 1012.086914 0.929896 -0.217177 2816.000000 2112.000000
1534.431519 857.868347 0.907320 0.025935 2816.000000 2112.000000
1508.944824 823.145386 0.949318 0.045985 2816.000000 2112.000000
1392.791016 835.574524 0.942878 -0.009115 2816.000000 2112.000000
1460.972656 947.956421 0.872708 -0.007299 2816.000000 2112.000000
1472.006592 892.775391 0.735816 0.013342 2816.000000 2112.000000
1392.523926 859.087524 0.769576 -0.092546 2816.000000 2112.000000
1504.886230 939.616211 0.781882 -0.121103 2816.000000 2112.000000
1353.575073 943.508972 0.797836 0.110085 2816.000000 2112.000000
1547.936035 836.179504 0.830808 0.102023 2816.000000 2112.000000
1413.666260 827.648071 1.026568 0.004700 2816.000000 2112.000000
1622.921509 910.874817 0.730080 -0.011654 2816.000000 2112.000000
1456.807373 887.000977 0.880324 0.036068 2816.000000 2112.000000
1458.394287 866.290649 0.955176 -0.008172 2816.000000 2112.000000
1495.189453 847.869751 0.902021 0.054695 2816.000000 2112.000000
1333.796753 1001.052673 0.815045 0.153909 2816.000000 2112.000000
1541.057617 1024.744629 0.796980 -0.110683 2816.000000 2112.000000
1419.170898 890.147583 0.857098 0.000779 2816.000000 2112.000000
1523.594604 906.312805 0.876597 -0.000650 2816.000000 2112.000000
1139.094849 1664.042480 0.964958 3.128717 2816.000000 2112.000000
1488.319458 836.459229 0.892705 0.093800 2816.000000 2112.000000
1452.365723 932.551575 0.892705 -0.105284 2816.000000 2112.000000
1362.103271 987.244019 0.803881 0.107147 2816.000000 2112.000000
1358.847412 966.570251 0.829465 0.091668 2816.000000 2112.000000
1439.482300 967.151611 0.916828 -0.149095 2816.000000 2112.000000
1568.315063 876.402954 0.670949 0.004918 2816.000000 2112.000000
1574.237549 897.432129 0.795397 0.008005 2816.000000 2112.000000
1366.213623 900.907898 0.763452 0.032019 2816.000000 2112.000000
1429.247681 884.927307 0.957915 0.035343 2816.000000 2112.000000
1520.869263 1026.912720 0.832894 -0.184551 2816.000000 2112.000000
1501.913208 933.340881 0.904471 -0.052641 2816.000000 2112.000000
1435.312134 887.099365 0.918359 -0.013430 2816.000000 2112.000000
1369.180420 907.387939 1.029313 -0.059253 2816.000000 2112.000000
1434.645142 874.686157 0.801597 -0.125760 2816.000000 2112.000000
1416.514526 900.092529 0.773070 0.080414 2816.000000 2112.000000
1444.766602 929.320251 0.918319 -0.091507 2816.000000 2112.000000
1440.389648 925.779053 0.974422 -0.066080 2816.000000 2112.000000
1687.500732 1075.748291 0.750246 6.122193 2816.000000 2112.000000
1501.491699 896.857666 0.855786 -0.008762 2816.000000 2112.000000
1384.305664 867.100952 0.986156 0.034227 2816.000000 2112.000000
1440.987915 884.068298 0.819237 0.148194 2816.000000 2112.000000
1471.369263 922.029358 0.789108 -0.073046 2816.000000 2112.000000
1188.734375 1222.031860 0.742498 1.178979 2816.000000 2112.000000
1418.532593 920.562012 0.852293 -0.001759 2816.000000 2112.000000
1307.082031 961.834351 0.771170 0.108966 2816.000000 2112.000000
1578.279541 1227.996582 0.869888 -0.288602 2816.000000 2112.000000
1393.149414 1004.278442 0.995116 -0.142853 2816.000000 2112.000000
1462.586426 805.884399 0.995116 0.038198 2816.000000 2112.000000
1408.092773 987.456482 0.888936 0.220480 2816.000000 2112.000000
1262.679077 994.108582 0.694695 0.236220 2816.000000 2112.000000
1437.186890 930.452271 0.824236 0.040189 2816.000000 2112.000000
1256.825684 1000.501465 0.722711 0.242563 2816.000000 2112.000000
1253.494385 942.040771 0.723648 0.079380 2816.000000 2112.000000
1253.538818 941.696960 0.723648 0.078887 2816.000000 2112.000000
1467.667236 938.661316 0.844338 6.137448 2816.000000 2112.000000
1515.892944 907.184692 0.846802 -0.002226 2816.000000 2112.000000
1515.771240 902.632690 0.846802 0.003313 2816.000000 2112.000000
1346.038818 935.148071 0.747723 0.124516 2816.000000 2112.000000
1389.845703 981.988892 0.989628 -0.148665 2816.000000 2112.000000
1261.951904 900.075562 1.020204 0.122676 2816.000000 2112.000000
1362.640747 946.871826 0.777156 0.101557 2816.000000 2112.000000
1338.767578 967.834961 0.806760 0.112871 2816.000000 2112.000000
1505.283569 966.631897 0.888737 -0.085161 2816.000000 2112.000000
1587.152100 844.982178 0.775410 0.086137 2816.000000 2112.000000
1549.092896 946.669678 0.744876 -0.102827 2816.000000 2112.000000
1438.134888 904.229492 0.795679 0.007731 2816.000000 2112.000000
1397.302002 945.475952 0.970648 -0.037270 2816.000000 2112.000000
1446.288574 955.551453 0.920682 -0.097917 2816.000000 2112.000000
1487.241699 975.925964 0.879078 6.194282 2816.000000 2112.000000
1427.321533 884.653870 0.960832 0.048037 2816.000000 2112.000000
1575.306396 905.105469 0.828459 0.004343 2816.000000 2112.000000
1450.690186 867.730713 0.950028 0.011625 2816.000000 2112.000000
1459.116089 985.381958 0.921506 -0.117972 2816.000000 2112.000000
1446.068604 837.094360 0.955780 0.054561 2816.000000 2112.000000
1497.927124 904.709717 0.835765 0.002310 2816.000000 2112.000000
1439.972046 952.247925 0.870904 0.003287 2816.000000 2112.000000
1502.295410 933.382202 0.801975 -0.040793 2816.000000 2112.000000
1480.245605 1005.134888 0.879265 -0.169436 2816.000000 2112.000000
1474.433960 785.657410 0.953982 0.147401 2816.000000 2112.000000
1445.455688 911.202698 0.967508 -0.039237 2816.000000 2112.000000
1451.130859 985.862549 0.912810 0.044568 2816.000000 2112.000000
1394.650146 1060.202393 0.988826 -0.174681 2816.000000 2112.000000
1443.052612 926.538452 0.821412 0.024245 2816.000000 2112.000000
1476.185059 957.660156 0.840316 6.200701 2816.000000 2112.000000
1441.749512 937.580994 0.930601 0.074915 2816.000000 2112.000000
1311.255493 846.256714 1.059416 0.049917 2816.000000 2112.000000
1428.747559 919.490234 0.927774 -0.106768 2816.000000 2112.000000
1504.879639 911.991089 0.739149 -0.064948 2816.000000 2112.000000
1401.058594 1059.801514 0.900090 0.220334 2816.000000 2112.000000
1439.960815 907.658936 0.803187 -0.031655 2816.000000 2112.000000
2366.793945 1000.930054 0.986777 -0.033778 2816.000000 2112.000000
1423.509033 863.486023 0.975447 0.006463 2816.000000 2112.000000
1192.294678 643.359863 0.737477 -3.014962 2816.000000 2112.000000
1607.508301 837.998535 0.817232 0.068272 2816.000000 2112.000000
1349.198608 987.922119 0.796993 0.158546 2816.000000 2112.000000
19.080566 832.059570 0.917527 0.043320 2816.000000 2112.000000
1340.161987 986.871338 0.819249 0.133193 2816.000000 2112.000000
1265.939209 892.281311 0.749299 -0.005224 2816.000000 2112.000000
1508.931152 1073.723877 0.863051 -0.139005 2816.000000 2112.000000
1579.851318 860.058655 0.827760 0.052269 2816.000000 2112.000000
1495.539795 973.004211 0.858386 -0.122274 2816.000000 2112.000000
1415.295044 871.740723 0.650136 -6.177558 2816.000000 2112.000000
-60.283142 778.522522 0.807755 0.218176 2816.000000 2112.000000
1337.383301 857.520020 0.753662 -0.060570 2816.000000 2112.000000
1426.645752 897.609009 0.774534 0.100332 2816.000000 2112.000000
1395.884033 911.523682 0.797707 0.057666 2816.000000 2112.000000
1386.838013 890.330200 0.761339 -0.005268 2816.000000 2112.000000
1395.959717 896.495728 0.740451 0.023196 2816.000000 2112.000000
1438.473389 900.075195 0.888061 -0.041085 2816.000000 2112.000000
1571.961792 874.962158 0.828767 0.033723 2816.000000 2112.000000
1373.256592 876.490723 0.840618 -0.021695 2816.000000 2112.000000
1521.345093 956.403381 0.757942 -0.041818 2816.000000 2112.000000
1501.427856 910.886597 0.822141 -0.009166 2816.000000 2112.000000
1354.176758 876.319824 0.776978 -0.028839 2816.000000 2112.000000
1439.932251 892.233887 0.757871 -0.058189 2816.000000 2112.000000
1449.741089 891.638123 0.803903 0.006726 2816.000000 2112.000000
1448.351807 899.770691 0.783457 -0.052372 2816.000000 2112.000000
1274.918091 898.248169 1.112271 -0.072595 2816.000000 2112.000000
1456.456299 887.516602 0.724324 0.026014 2816.000000 2112.000000
1319.855835 1036.554932 1.045860 -0.201736 2816.000000 2112.000000
1462.350098 876.983093 0.959175 -0.024670 2816.000000 2112.000000
1413.347656 929.934143 0.863695 0.141342 2816.000000 2112.000000
1417.688843 887.168518 0.731019 -0.027280 2816.000000 2112.000000
1601.046631 1027.715210 0.972485 -0.182287 2816.000000 2112.000000
1422.661133 906.711609 0.824786 0.061727 2816.000000 2112.000000
1313.924683 839.083618 1.098238 -0.028082 2816.000000 2112.000000
1488.855835 927.634033 0.789387 -0.055734 2816.000000 2112.000000
1448.261719 878.566956 0.964064 -0.025888 2816.000000 2112.000000
1588.984863 948.062378 0.786183 -0.055979 2816.000000 2112.000000
1458.414551 890.875610 0.868307 -0.027828 2816.000000 2112.000000
1363.434326 923.025391 1.027561 -0.068709 2816.000000 2112.000000
1750.651123 1097.444214 0.709989 -0.207418 2816.000000 2112.000000
1774.350342 1200.906250 0.714004 -0.326420 2816.000000 2112.000000
1509.475952 892.098022 0.802278 0.011430 2816.000000 2112.000000
1374.541992 985.690308 0.796220 0.105352 2816.000000 2112.000000
1395.819214 965.188660 0.859084 0.122549 2816.000000 2112.000000
1507.357788 911.738770 1.025874 0.097611 2816.000000 2112.000000
1383.586426 877.582520 0.792098 -0.047047 2816.000000 2112.000000
1401.422119 880.177490 0.667342 0.015803 2816.000000 2112.000000
1484.073242 815.738464 0.941195 -0.106639 2816.000000 2112.000000
1506.771484 883.142212 0.891580 0.019159 2816.000000 2112.000000
1360.575562 940.406189 0.795253 0.077491 2816.000000 2112.000000
1304.593018 864.171326 0.755572 -0.034618 2816.000000 2112.000000
1382.609985 975.057922 1.006272 -0.094725 2816.000000 2112.000000
1454.433594 841.954102 1.004614 0.048270 2816.000000 2112.000000
1421.720581 856.980347 0.983106 0.010371 2816.000000 2112.000000
1322.064697 1107.812988 0.831177 0.272301 2816.000000 2112.000000
1480.696167 847.392456 0.896733 0.108063 2816.000000 2112.000000
1458.358887 835.918091 0.951230 0.048229 2816.000000 2112.000000
1400.908569 896.916687 0.716040 0.119193 2816.000000 2112.000000
1432.196045 1020.104980 0.934624 -0.172370 2816.000000 2112.000000
1482.580200 890.380981 0.957792 -0.147653 2816.000000 2112.000000
1356.374268 997.844727 0.828139 0.138437 2816.000000 2112.000000
1387.675537 898.769348 0.797175 0.007289 2816.000000 2112.000000
146.423584 745.802124 0.768962 0.240343 2816.000000 2112.000000
1608.888428 857.142883 0.623927 -0.009335 2816.000000 2112.000000
1449.331421 884.841309 0.705496 -0.001901 2816.000000 2112.000000
1379.966675 945.507690 0.805345 0.137770 2816.000000 2112.000000
1627.254883 1008.425049 0.808297 -0.094366 2816.000000 2112.000000
1514.099365 881.087036 0.845552 0.036844 2816.000000 2112.000000
1439.760742 1014.829590 0.902275 0.075419 2816.000000 2112.000000
1322.696045 985.948242 0.752779 0.158592 2816.000000 2112.000000
1450.380371 898.139771 0.949601 -0.038211 2816.000000 2112.000000
1470.655151 893.988770 0.880599 0.001271 2816.000000 2112.000000
1364.722656 879.402771 0.723622 -0.024220 2816.000000 2112.000000
1383.868408 872.857727 0.846721 -0.017102 2816.000000 2112.000000
1425.883057 970.012573 0.947496 -0.082051 2816.000000 2112.000000
1437.372925 979.834534 0.941469 -0.117938 2816.000000 2112.000000
2959.698242 958.111267 0.760780 0.042590 2816.000000 2112.000000
1389.029541 910.597168 0.797247 0.018645 2816.000000 2112.000000
1373.606201 837.104675 1.023664 0.095962 2816.000000 2112.000000
1332.394653 892.482666 0.698594 0.027487 2816.000000 2112.000000
1577.968262 932.925049 0.813092 -0.028870 2816.000000 2112.000000
1465.790649 1117.173340 0.925932 -0.179852 2816.000000 2112.000000
1452.344482 882.597107 0.714149 -0.140321 2816.000000 2112.000000
1562.661987 899.196350 0.746412 0.006244 2816.000000 2112.000000
1190.421509 864.233887 0.661725 -0.023253 2816.000000 2112.000000
1325.563721 879.142883 0.783380 -0.016073 2816.000000 2112.000000
1577.502197 920.823547 0.651482 -0.123205 2816.000000 2112.000000
1575.619385 967.211609 0.805330 -0.070571 2816.000000 2112.000000
1417.528564 896.038757 0.746333 0.009844 2816.000000 2112.000000
1606.723633 858.287720 0.805717 0.051219 2816.000000 2112.000000
1362.200684 941.605530 0.831327 0.056787 2816.000000 2112.000000
1312.026367 951.533203 0.753093 0.075243 2816.000000 2112.000000
1485.239990 865.510071 0.738818 0.093056 2816.000000 2112.000000
1351.002197 905.582214 0.756798 0.030535 2816.000000 2112.000000
1489.197510 957.029663 0.857912 -0.092186 2816.000000 2112.000000
1425.030884 905.092407 0.774980 0.048165 2816.000000 2112.000000
1467.166992 990.680298 0.894682 -0.143131 2816.000000 2112.000000
1435.529663 881.590210 0.932985 0.024719 2816.000000 2112.000000
1577.765015 919.623047 0.679418 -0.091492 2816.000000 2112.000000
1464.567627 878.860474 0.837192 0.050727 2816.000000 2112.000000
1466.335693 866.260010 0.648424 -0.041917 2816.000000 2112.000000
1277.543213 828.710266 0.745856 -0.079155 2816.000000 2112.000000
1563.849854 868.777466 0.695247 0.064995 2816.000000 2112.000000
1482.010620 883.809814 0.691221 -0.111566 2816.000000 2112.000000
1449.552002 935.416992 0.926833 -0.080260 2816.000000 2112.000000
1415.212646 980.141968 0.856962 0.065348 2816.000000 2112.000000
1465.213379 938.832703 0.876931 -0.085560 2816.000000 2112.000000
1516.052734 885.509583 0.825645 0.021556 2816.000000 2112.000000
1641.438965 944.098816 0.748111 -0.046585 2816.000000 2112.000000
1419.355835 912.054260 0.848230 0.105534 2816.000000 2112.000000
1582.249878 1019.413513 0.833659 -0.100458 2816.000000 2112.000000
1461.578613 1048.209229 0.918039 -0.140534 2816.000000 2112.000000
1539.698975 905.327332 0.694129 -0.026903 2816.000000 2112.000000
1332.520996 873.687805 1.081785 -0.062586 2816.000000 2112.000000
1560.872803 988.875549 0.759729 -0.145760 2816.000000 2112.000000
1491.374268 1009.410278 0.871555 -0.159119 2816.000000 2112.000000
1334.332520 809.277222 1.105181 -0.017709 2816.000000 2112.000000
1371.136475 1017.102539 0.870406 0.251281 2816.000000 2112.000000
1319.671387 1037.720581 0.799222 0.174546 2816.000000 2112.000000
1492.262573 980.812012 0.795288 -0.052269 2816.000000 2112.000000
1378.878296 863.538696 0.634174 0.053514 2816.000000 2112.000000
1468.204590 993.309570 0.870450 -0.070304 2816.000000 2112.000000
1560.124268 1052.130493 0.833473 -0.146885 2816.000000 2112.000000
1445.424072 910.211548 0.837444 0.030460 2816.000000 2112.000000
1453.313110 907.436401 0.812113 -0.008377 2816.000000 2112.000000
1600.354614 876.824036 0.639629 -0.003446 2816.000000 2112.000000
1358.746582 1113.254150 0.867076 0.256717 2816.000000 2112.000000
1272.597900 854.137268 0.651586 -0.030368 2816.000000 2112.000000
1478.652100 890.779114 0.770148 0.019339 2816.000000 2112.000000
1404.050293 909.629517 0.711180 0.062837 2816.000000 2112.000000
1382.298828 870.362793 0.712012 -0.051210 2816.000000 2112.000000
1412.026489 930.279419 0.749809 0.066525 2816.000000 2112.000000
712.600037 1918.436279 0.950680 -0.224442 2816.000000 2112.000000
1428.008545 905.776794 0.942266 0.060890 2816.000000 2112.000000
1508.225586 912.456421 0.770957 -0.031710 2816.000000 2112.000000
1441.978760 914.714661 0.894285 -0.009912 2816.000000 2112.000000
1330.971802 870.466980 0.787479 -0.030316 2816.000000 2112.000000
1348.558838 979.902222 0.789457 0.166025 2816.000000 2112.000000
1496.455200 936.100037 0.836657 -0.068364 2816.000000 2112.000000
1463.132568 942.673096 0.891311 -0.014579 2816.000000 2112.000000
1409.345825 934.582458 0.980617 -0.077947 2816.000000 2112.000000
1408.733398 902.441772 0.982796 -0.040673 2816.000000 2112.000000
1433.712280 920.668823 0.740685 -0.021905 2816.000000 2112.000000
1363.920410 942.595093 0.740685 0.123356 2816.000000 2112.000000
1410.242432 914.872559 0.860665 0.005293 2816.000000 2112.000000
1409.892334 853.936157 0.637492 -0.027524 2816.000000 2112.000000
1590.199097 900.131470 0.664395 -0.049796 2816.000000 2112.000000
1566.730957 887.798157 0.732369 0.014971 2816.000000 2112.000000
2048.800781 933.194397 0.867690 -0.034576 2816.000000 2112.000000
1454.984863 955.505676 0.935445 0.019218 2816.000000 2112.000000
1434.357300 920.667664 0.921115 0.010987 2816.000000 2112.000000
1326.310913 896.897461 1.079437 -0.073592 2816.000000 2112.000000
1462.382080 883.566895 0.809494 0.064259 2816.000000 2112.000000
-267.593628 1076.067627 1.057013 -0.149903 2816.000000 2112.000000
1641.264404 922.281982 0.727665 -0.188251 2816.000000 2112.000000
1639.369019 457.153320 1.021737 3.080981 2816.000000 2112.000000
1431.483521 946.401611 0.935841 -0.106639 2816.000000 2112.000000
1400.258423 1004.160522 0.982063 -0.126249 2816.000000 2112.000000
1314.428955 913.996460 0.777550 0.030957 2816.000000 2112.000000
1485.375122 850.869873 0.840675 -0.220930 2816.000000 2112.000000
