-354.776245 -452.992920 0.807997 -0.129140
-204.184448 192.635010 0.928468 -0.032302
-1066.363525 254.037292 0.953947 0.036576
-1125.772461 -113.190674 0.819734 -0.033719
-606.087280 -20.256714 0.857105 -0.018630
-1158.755371 175.132507 0.946150 0.052841
-506.047852 -106.240112 0.868219 0.038625
-476.921387 103.849365 0.920320 -0.036615
1134.206421 125.950012 0.953459 -0.179194
-1166.975586 265.026917 0.948381 0.082537
217.270386 94.718506 1.012005 0.026150
-417.834229 7.822754 0.856663 0.039436
1109.122070 644.442871 0.043749 -1.539592
1133.342651 206.477783 1.009397 -0.182578
172.787842 14.732300 0.830393 -0.019171
-56.487549 218.694885 0.936001 0.002623
-56.487549 218.694885 0.936001 0.006115
539.086121 142.431519 0.881238 0.033546
-303.058594 -112.899536 0.826516 0.057114
-178.473877 -344.096558 0.823740 0.064587
28.868652 305.332581 0.990718 0.057835
-558.101196 -197.776733 0.761958 -0.101942
-864.240479 -35.397339 0.921678 0.004213
-245.188110 -217.076416 0.799672 0.078379
296.763794 85.219543 0.923622 0.089895
1028.011719 -260.807739 0.803202 6.009274
-404.385010 103.095459 0.878105 0.092800
280.573242 237.566040 0.937968 0.069479
-291.761353 -209.630005 0.792713 -0.012755
-202.641479 135.158386 0.955748 0.009208
-1281.613281 145.441956 0.910363 0.198695
273.570435 -16.404663 0.888547 0.105787
-888.975342 105.610779 0.970746 0.026239
-1208.375488 189.802429 0.855215 -0.031923
105.765381 315.353760 0.938612 0.026690
458.103699 98.737366 0.940397 0.024990
345.341553 -10.770508 0.845358 -0.020770
-780.522705 -43.645508 0.861861 0.016427
-188.639404 102.530273 0.861299 -0.030478
-539.456909 385.483765 0.974903 -0.038618
-974.679443 471.787476 1.032389 -0.068182
-974.679443 471.787476 1.032389 0.039448
-310.447021 196.985229 0.994575 -0.022773
-290.775146 -445.360229 0.867600 0.087075
-938.131836 185.960022 0.942351 0.118239
658.741577 237.472412 0.951233 0.003400
-585.134766 478.579590 1.030859 -0.007161
58.169067 107.441895 0.863470 -0.046074
-213.192505 -399.023682 0.820174 0.026407
460.600464 403.715820 1.016077 0.029539
-218.868164 -259.230469 0.898327 0.058415
935.854614 -12.319458 0.877349 -0.007725
100.394165 -99.393555 0.902765 -0.047490
164.387329 104.786560 0.905826 -0.139115
283.537354 399.709229 1.014883 0.006938
-50.413452 -88.748047 0.798377 -0.009644
-269.141235 -423.613525 0.840530 0.047057
-813.353516 33.070923 0.866841 -0.116590
-813.353516 33.070923 0.866841 -0.163309
-245.626709 -404.653320 0.878677 -0.018331
-245.897949 -444.775391 0.318088 3.249538
-521.008423 159.622498 0.906065 -0.138950
-1202.862305 -400.362549 0.757556 -0.065659
-743.810791 129.664612 0.854343 -0.066035
-298.660767 -404.848145 0.880391 0.080630
735.353638 126.115112 0.864327 0.083487
-818.799072 382.251953 0.971363 -0.138243
-376.739624 66.744080 0.941621 0.027913
-1071.949707 146.893799 0.904928 0.115912
-1264.849121 103.185852 0.958837 0.042642
-1264.849121 103.185852 0.958837 -0.065510
708.498047 53.107300 0.953644 -0.135596
351.034058 91.197632 0.941530 -0.061187
351.034058 91.197632 0.941530 -0.051966
637.901855 297.617920 1.117638 0.002844
-1212.239258 111.761658 0.939716 0.034245
-148.639893 -493.159668 0.895068 -0.034885
58.340576 -388.041748 0.780874 -0.060034
553.536377 60.838135 0.954645 -0.062219
829.119385 47.216675 0.912559 -0.236442
398.879272 -246.644165 0.807871 0.026149
-327.647095 -395.848999 0.802866 -0.030549
-249.392700 141.868469 0.993653 0.054719
-1030.636719 -25.139771 0.886444 -0.058108
-1030.636719 -25.139771 0.886444 -6.079459
-943.347656 443.707581 1.027558 -0.023870
711.118713 -1.985474 0.926545 -0.078540
711.118713 -1.985474 0.926545 -0.166263
379.147217 -21.543945 0.833696 -0.002423
-726.463867 -500.593506 0.847201 -0.005739
-726.463867 -500.593506 0.847201 0.018205
-1005.052734 443.608093 1.022845 0.025580
-64.295410 159.167175 0.970733 0.054962
-64.295410 159.167175 0.970733 -0.001799
-577.967285 -67.769897 0.848053 -0.019677
-841.784424 138.455688 0.945635 0.021111
-718.122559 39.870667 0.899301 -0.131404
-718.122559 39.870667 0.899301 0.048862
278.581665 -247.769531 0.793564 0.038259
256.807129 260.401245 0.927065 0.004282
-1104.760498 104.626160 0.792717 0.077368
120.111572 -249.120972 0.831622 0.057568
-383.454590 -494.848511 0.838624 -0.003646
-331.706787 -254.922363 0.898572 -0.025289
-559.527832 73.064392 0.901086 0.012353
-1184.737305 -454.720459 0.767701 -0.045399
912.075928 263.937744 0.962084 -0.006383
896.773682 143.153931 1.004018 -0.106168
-410.991089 258.511841 0.953220 0.023852
194.743530 -248.583740 0.721124 0.069654
220.698730 486.091064 1.032462 0.029769
888.068542 -240.982300 0.819759 0.058131
480.924438 -245.069458 0.805167 -0.016266
770.834106 -241.449951 0.837474 0.015005
848.167847 -296.419067 0.822518 -0.009416
-829.872314 -312.716064 0.845275 -0.024883
524.017151 -246.966309 0.819965 0.017716
-480.770142 431.293396 0.988485 -0.114877
202.511597 41.353699 0.843161 0.030352
451.530151 -370.725464 0.806206 0.059446
-1077.650146 616.894653 1.066398 -0.097794
202.425781 -169.048950 0.885227 -0.001417
-23.348267 -376.085205 0.747229 -0.019034
720.669006 186.145203 0.971069 -0.059805
248.305176 -425.380493 0.789159 0.014784
-973.400879 451.023926 1.030949 0.098935
-973.400879 451.023926 1.030949 0.059506
-709.426025 -398.843018 0.825828 -0.065895
-932.590820 40.387268 0.981098 -6.135323
-477.511230 14.104614 0.969783 0.053355
1028.089600 -264.495728 0.790349 0.167683
-1036.186768 104.412170 0.944992 0.153902
355.649048 -374.112183 0.784253 0.036279
799.422058 -23.082397 0.904567 -0.050219
-503.553223 78.900879 0.932556 -0.163697
-503.553223 78.900879 0.932556 -0.013196
96.134277 15.324829 0.888341 0.000316
-417.280396 144.761719 0.967610 0.014900
758.930664 499.150635 1.011203 6.150733
758.930664 499.150635 1.011203 0.037893
226.209595 -209.649170 0.790799 -0.017646
-975.254395 -37.117310 0.933106 -0.009653
298.653198 -55.221313 0.880332 0.001380
-908.115723 49.376648 0.939304 0.091376
-52.672485 71.597656 0.913755 -0.009801
-100.749634 42.140930 0.875642 -0.004116
-341.511841 12.713135 0.882443 -0.041338
-945.129883 462.154114 1.074066 0.062835
-168.806885 91.121887 0.822851 -0.007190
40.237427 -253.608276 0.820656 0.136279
40.237427 -253.608276 0.820656 -0.004519
-106.198730 -48.780884 0.827169 -0.070965
172.752563 -375.429932 0.790642 -0.031930
-228.111816 139.461609 0.970932 0.041267
-692.629395 444.057556 1.110077 0.074012
-593.247192 52.904419 0.871805 -0.116391
-593.247192 52.904419 0.871805 -0.059258
-1202.980957 -313.182251 0.835840 -0.033703
-1202.980957 -313.182251 0.835840 -0.029897
-994.567627 -454.849365 0.766679 -0.056276
-994.567627 -454.849365 0.766679 0.004006
-66.612061 16.222168 0.859328 -0.016413
862.500916 133.880249 0.833658 -0.126610
-926.462646 -396.847046 0.827689 0.003072
-44.226685 129.789795 0.974801 6.242251
-44.226685 129.789795 0.974801 -0.008522
-175.327759 9.742554 0.898363 -0.041667
-175.327759 9.742554 0.898363 -0.054979
955.332397 100.002380 0.978758 -0.185897
-43.361572 42.695374 0.883425 0.016595
42.527100 -85.793091 0.857767 -0.059633
448.541565 56.849426 0.904603 0.043701
-880.717041 438.907837 0.974413 -0.017182
623.001221 -369.018066 0.788832 0.039693
309.311279 19.348999 0.937739 -0.013867
-716.071289 486.533386 1.027298 -0.003141
-858.336426 -507.872803 0.738214 0.018404
268.990356 -305.705688 0.800658 0.025561
-143.955688 42.811707 0.880375 -0.001329
-664.922119 328.549316 0.956809 -0.007754
-238.998047 -518.726929 0.714657 -0.021761
-890.135742 -397.899414 0.833026 -0.017576
-621.652222 470.112488 1.035416 0.126876
-123.857544 -87.775024 0.909442 -0.005260
-892.844238 71.946533 0.993225 0.029416
-892.844238 71.946533 0.993225 0.028119
-1124.675537 -55.545776 0.842500 -0.042966
-687.497559 -382.431763 0.765604 0.003605
-1007.283936 359.262695 0.958644 -0.047933
-185.148315 224.237122 0.868896 0.011122
-1017.016113 77.469910 0.903012 0.151258
-908.685547 158.488342 0.980746 0.125617
348.083008 161.493347 0.958417 0.035573
348.083008 161.493347 0.958417 -0.139746
-604.367188 -92.099121 0.872356 -0.071685
-660.957275 -75.045166 0.905335 -0.011940
540.702332 563.058594 1.050568 -0.137313
540.702332 563.058594 1.050568 0.005517
63.829834 44.304932 0.877636 -0.003429
618.926331 58.865601 0.931610 -0.061087
-1040.694580 383.787720 0.982650 -0.021029
-1040.694580 383.787720 0.982650 0.117161
-43.456665 472.962952 1.200416 -0.063845
207.336060 -10.501953 0.912792 -0.127229
-968.210449 405.486755 0.933809 -0.090801
-796.410156 -76.557129 0.910228 -0.049166
-815.550293 439.701294 1.034121 0.009427
-1015.447998 158.091187 0.928698 -0.024046
910.762329 184.280151 0.985979 -0.092203
910.762329 184.280151 0.985979 -0.233654
-262.296021 -53.364014 0.838968 -0.144846
-95.098633 -85.984253 0.894360 0.021395
-95.098633 -85.984253 0.894360 0.038149
-298.779419 215.265991 1.014688 -0.015849
-837.986816 451.463684 1.018369 0.091250
-837.986816 451.463684 1.018369 0.129633
933.241577 -69.586914 0.863605 0.007492
278.548218 52.503235 0.892555 -0.022196
345.345825 -532.068726 0.680250 -0.002707
345.345825 -532.068726 0.680250 0.008587
-40.030884 151.873535 0.949031 -0.014450
-1340.530029 489.192322 1.041396 -6.076032
579.032959 73.239807 0.946706 -0.004893
-1079.135254 619.366211 1.037562 -0.085332
-369.244507 211.313477 1.008854 0.001863
592.439880 -367.081543 0.759455 0.049851
17.882324 -11.990356 0.887527 -0.007534
-343.231201 172.730591 0.943294 0.058208
23.297119 -119.537598 0.814932 0.001518
-730.856689 387.628174 0.999820 0.152355
-685.532471 470.499207 1.084730 0.088661
-975.512695 359.907959 0.993233 -0.028831
191.810303 -533.098877 0.805662 -0.032321
251.838013 -33.733032 0.924821 -0.038290
251.838013 -33.733032 0.924821 -0.066270
121.492432 96.627563 0.877639 -0.003447
-1142.110840 -377.419067 0.791090 -0.009098
-1057.082031 354.137268 0.981661 -0.034385
589.293335 15.190796 0.907320 -0.044386
-54.289795 112.940247 0.981818 0.028661
-208.187622 -89.452881 0.879914 0.139639
-909.637939 -506.482788 0.753458 -0.011109
927.611084 160.468506 0.885669 -0.142426
255.656128 -373.996216 0.826059 0.006794
-1240.561768 174.695801 0.910701 0.085243
-1023.515381 621.583008 1.014102 -0.010979
849.634277 -71.528564 0.851287 0.007246
-1050.866455 -380.384888 0.777725 -0.009009
37.210938 44.743958 0.857600 0.001463
-289.265991 448.342346 1.027552 -0.004321
-999.834229 -398.724976 0.778353 -0.038154
921.325928 -206.134399 0.809204 0.014374
385.629456 -475.295166 0.693254 0.010514
-1078.748779 -379.092407 0.807927 -0.012453
-552.330811 444.429382 1.013382 0.004916
781.439941 264.087769 1.007555 -0.024801
1017.809082 -23.369873 0.900613 0.004914
-916.612305 434.209534 1.026052 -0.009134
-1202.435791 -76.490845 0.821221 -0.059761
-1354.260742 508.624451 0.992714 0.140784
-1354.260742 508.624451 0.992714 -0.023337
-1354.260742 508.624451 0.992714 -0.005745
-1069.822510 408.397339 1.018593 0.000080
-408.680176 234.573730 0.966919 -0.007385
-948.447998 591.767334 1.068823 0.188949
-948.447998 591.767334 1.068823 0.027152
151.440796 -49.305542 0.868464 0.000337
-171.288574 108.328552 0.955061 0.000471
-204.569458 232.470642 1.020506 -0.059504
46.538696 453.492065 1.022707 0.008875
-1106.791260 -426.820801 0.756074 0.011222
-914.736816 22.943115 0.920686 0.177718
-694.204590 78.754822 0.919282 0.034586
673.214966 199.488892 1.063561 -0.001795
-221.060913 -18.192505 0.837754 -0.006823
-940.941895 382.850037 1.004227 0.027179
29.582397 140.864136 0.988741 0.082847
320.722778 5.553101 0.915561 -0.047706
-270.618774 129.097168 0.970407 0.000842
724.810181 173.155151 0.989904 -0.122385
387.647705 347.707092 0.963838 -0.003744
1003.759888 145.188110 0.920999 -0.163026
592.514954 565.502686 1.019679 -0.094521
592.514954 565.502686 1.019679 -0.054630
693.143738 483.216003 1.015236 -0.076085
693.143738 483.216003 1.015236 -0.032122
-1012.764404 -378.007080 0.788912 -0.007120
-75.612915 45.502197 0.864455 -0.004685
-788.503418 467.658997 0.967628 0.016741
-905.989746 625.717773 1.071811 0.038373
-845.991211 69.546387 0.957547 0.041007
-879.629395 67.391052 0.973343 0.139701
324.984131 48.219788 0.975719 6.230860
-421.285156 443.914795 1.010158 0.003766
436.326599 128.837830 0.941960 0.060246
-984.159424 321.905029 0.950136 -0.025293
778.255920 598.164185 1.014468 0.043682
278.726563 122.470825 0.957919 -0.054457
-855.827393 614.744507 1.029726 0.129152
-651.713867 475.872314 1.072609 0.048915
-704.474609 -485.074707 0.793938 -0.027883
76.464478 189.949890 0.928018 0.019442
-230.668945 15.356445 0.867118 0.017664
-749.308594 -92.829346 0.803786 -0.019475
890.874207 182.214233 0.887867 0.000601
-819.877197 358.560791 1.003159 -0.022789
-306.686890 -542.359131 0.714091 0.000617
-215.842285 128.972229 0.858107 -0.113909
-884.484863 613.759521 1.117288 0.096768
-841.187012 93.052795 0.965893 0.197634
-154.917114 -51.128540 0.827350 0.027398
-709.353760 -504.752441 0.815394 0.177134
-120.586792 298.353638 0.971778 0.031139
-979.280273 -377.927246 0.742075 -0.015166
-500.737671 33.427612 0.947000 0.044478
-983.592529 -507.238159 0.791819 -0.009127
-636.496094 486.230469 1.000859 -0.004601
-627.754883 58.515381 0.911346 0.022433
-795.658936 450.372864 1.003885 -0.075726
-400.290161 125.728149 0.951519 -0.086348
-426.282227 334.244324 1.014838 0.001072
368.943604 -421.538086 0.809163 0.095952
-867.782227 455.453979 1.103331 0.144152
-867.782227 455.453979 1.103331 0.071158
121.525146 -48.489990 0.851668 0.012262
-804.855469 79.076538 0.913941 -0.037087
-712.788574 -427.506470 0.768049 -0.009061
252.893555 378.041870 1.071262 -0.022086
164.146362 -31.884644 0.847089 -0.001210
346.151489 45.123352 0.979924 -0.012271
683.152893 18.345337 0.951218 -0.113427
-1042.508789 -58.451294 0.842053 -0.022693
-1184.839111 -17.526978 0.893148 0.011264
-149.901855 420.172424 1.020351 -0.058778
598.017822 465.349915 1.046296 0.000426
75.167358 300.835022 0.971957 -0.069040
75.167358 300.835022 0.971957 0.011130
-1203.253662 26.142090 0.953991 0.085087
-999.384033 622.846069 1.021535 -0.027361
366.495239 7.807373 1.025351 6.153662
845.683899 61.488098 0.922673 -0.115754
996.018005 168.571777 0.926640 0.060564
461.351624 125.948853 0.987465 0.005496
-1161.183594 328.242676 0.994533 -0.027355
183.810547 454.198364 1.041816 -0.028984
725.686218 596.191467 1.023023 0.096409
-859.273682 483.549500 1.146309 0.162329
604.156921 -448.477661 0.721120 -0.068912
-167.203857 -35.331421 0.848896 -0.005148
-1032.680908 579.226624 1.107992 -0.034943
-1162.093018 -395.757446 0.807398 -0.031537
270.600464 73.032227 0.872172 0.000146
-743.165283 -483.240845 0.786580 0.008349
389.837524 107.844116 0.933965 -0.076226
870.279053 181.224609 0.996198 -0.083630
786.026978 -523.393188 0.733987 -0.068385
44.622314 155.243530 0.978281 -0.028288
-911.310303 593.176270 1.077721 -6.187557
-958.704834 -507.310303 0.772727 0.003664
-220.510986 222.651489 0.994858 -0.048856
1052.760010 -264.620239 0.782227 -0.198742
-917.208008 601.285522 1.044158 0.087393
-85.851440 160.173767 0.993304 0.036165
-85.851440 160.173767 0.993304 -0.007253
-1240.160645 -316.425171 0.903819 -0.048543
635.963623 134.998108 0.922755 6.081757
-63.125244 131.987671 1.003432 0.013040
464.537598 88.020081 0.943811 0.027754
-307.874268 -385.095947 0.805655 0.019987
485.435913 63.232605 0.926991 -0.184680
-174.276733 195.250732 0.864442 -0.052931
397.111877 -529.578491 0.767456 0.015369
245.918945 -163.103394 0.872000 0.000234
245.918945 -163.103394 0.872000 -0.118550
308.521240 125.037476 0.885761 -0.042241
-1034.114502 285.314453 0.979014 -0.019868
-850.588135 584.777710 0.985859 0.067229
663.507019 -71.707031 0.898042 -0.015896
73.125366 -16.794312 0.800558 -0.003924
1040.402222 315.617065 0.976082 0.024396
54.919800 216.152649 1.067209 -0.068258
-619.935181 292.809021 0.989236 -0.051576
-731.528809 451.871643 1.057530 -0.064894
557.042053 -418.233032 0.657228 -0.036140
-827.099365 -29.197754 0.970095 0.058649
110.098877 -32.734741 0.864414 -0.000668
-282.968140 -20.737915 0.842054 -0.004538
-1372.312500 604.694275 1.045632 0.148857
-763.680908 358.211609 0.975106 -0.017521
467.473511 310.460083 0.980088 0.001598
-769.421387 65.259521 0.863796 -0.039963
530.842041 465.158508 1.034646 0.010640
-320.296753 -379.878784 0.735256 -0.089402
1024.593994 146.233887 0.912287 -0.129886
-916.881836 616.889404 1.053401 -0.120123
-916.881836 616.889404 1.053401 0.067324
927.718323 -27.081299 0.876976 0.002869
-884.656006 415.975037 1.000966 -0.001479
-837.768066 -487.053101 0.769579 0.009988
-877.927246 601.423462 1.080226 0.033121
5.365601 151.206970 0.968492 0.111099
-278.619629 -36.963867 0.857111 -0.003022
569.392212 502.799744 1.031380 0.051007
-338.492432 -377.593872 0.993265 -0.112436
-881.572510 355.179993 0.962425 -0.026133
480.795105 -423.049194 0.703676 0.025970
-1123.917236 -200.018433 0.925046 -0.003086
-620.996948 439.648560 1.049544 0.006858
581.725830 -527.262207 0.706702 0.011679
581.725830 -527.262207 0.706702 -0.022255
120.680664 -401.245728 0.755540 0.036943
-863.336670 79.351013 0.931475 0.005563
-99.151245 371.693359 0.975150 0.011456
-56.444214 450.468018 1.007503 -0.007806
609.937378 606.238647 1.054590 -0.046677
-1128.946777 30.333252 0.930312 0.016599
-267.918579 -189.425537 0.964882 0.005753
799.892761 570.751221 0.992730 -0.099628
-1053.924316 619.583191 1.026121 -0.008131
50.480347 24.427246 0.938178 -0.015317
50.480347 24.427246 0.938178 -0.113564
1007.550232 -264.249756 0.764098 0.051098
-46.804932 372.077332 0.968247 0.006269
-946.720947 629.691284 1.058735 -0.009827
-1045.145996 412.534180 0.975258 -0.003446
-1019.652588 353.010132 0.971285 -0.017146
-0.296631 -35.445068 0.811076 -0.002303
-969.055176 580.047913 1.100625 -0.071261
211.944214 -277.460449 0.816069 0.067547
-1088.270020 285.437256 0.966594 -0.061676
973.759644 -231.597046 0.835711 -0.003471
289.086304 460.752869 1.038861 0.000076
-1362.498291 615.945618 0.992706 -0.113901
-840.218994 416.984497 1.011507 -0.005021
506.812927 -400.042114 0.769829 -0.021373
645.521606 408.473511 0.991042 0.031225
336.900513 98.840454 0.891415 -0.134370
-31.830322 135.669189 0.986779 -0.021364
-1216.885986 89.465820 0.874706 0.277414
-710.547119 290.498840 1.001777 -0.051741
-62.606323 301.147095 0.989279 -0.054663
-1064.490967 576.947998 1.033466 0.112909
-106.029663 -37.234253 0.832233 -0.010417
687.380432 -286.674438 0.753399 -0.008052
1051.941162 -514.202026 0.685918 -0.001943
-51.707886 278.159424 0.949443 -0.011083
-817.343018 81.507446 1.023781 0.064906
-1236.720703 314.794739 0.970981 -0.059947
988.961670 -67.564453 0.866589 -0.018370
-1106.924561 29.697754 0.922768 0.256312
-397.360962 -54.960449 0.883627 0.006582
-251.954834 221.075195 1.043981 -0.015902
321.821533 97.151245 0.916928 6.107954
-1093.448975 618.404541 1.068189 -0.067844
-1093.448975 618.404541 1.068189 0.056475
-1191.340576 10.484375 0.978700 0.020913
-782.163818 67.026672 0.915989 0.012471
-384.192871 -36.699707 0.882240 0.002139
150.720825 -172.747803 0.878922 -0.053779
-423.785767 521.400635 0.959776 0.023820
-1008.568115 -12.138306 0.920063 0.032125
-926.721436 624.456299 1.082844 -0.031326
-926.721436 624.456299 1.082844 -0.003726
-1271.259277 -95.561523 0.864481 -0.137168
377.486084 -6.884033 0.965649 -0.015080
973.655334 -283.745972 0.857596 0.010524
391.669861 88.823730 0.944276 -0.077658
-925.717041 593.138428 0.974177 -0.060075
-925.717041 593.138428 0.974177 -0.005167
-1095.169189 411.509338 1.007681 0.001988
369.392944 -243.104736 0.848521 -0.007297
-756.469727 66.265442 0.874647 -0.102917
843.175232 605.475037 1.060476 -0.115381
-276.293701 221.344177 0.969577 0.114181
1074.392090 -8.483765 0.862347 -0.028158
46.475342 -175.122925 0.851112 0.021719
46.475342 -175.122925 0.851112 -0.110528
-961.911865 605.690796 1.048075 -0.028946
5.494995 421.694580 0.944109 0.013716
-127.844360 368.829285 0.997990 0.002708
1045.672729 348.387146 1.014020 -0.037212
30.861328 -174.776001 1.666669 0.088941
-668.203369 60.454834 0.857358 -0.003741
481.345215 473.237610 0.988824 0.010770
596.521545 47.661804 0.964141 6.163198
596.521545 47.661804 0.964141 -0.006266
539.237793 -396.124878 0.742989 -0.039355
-257.446533 -20.229614 0.874170 -0.000102
392.588440 645.599365 1.017855 -0.017694
-832.839111 599.266357 1.055872 0.069424
582.097534 180.440002 0.927632 0.006880
-955.397949 581.039368 1.032067 0.003492
428.409058 502.124817 1.009623 -0.027576
-614.478027 69.363220 0.938293 0.071919
-614.478027 69.363220 0.938293 0.066504
381.654297 82.663696 0.967022 -0.082140
16.707031 133.157654 0.920428 0.015020
141.477051 500.853333 1.037356 0.159428
150.435791 -426.422119 0.790510 -0.017566
-915.826172 291.250122 0.955009 -0.046445
882.822937 -268.562012 0.796975 0.028047
429.763855 -158.721680 0.915096 0.054943
-260.260620 444.871582 0.990767 0.011860
-909.799316 580.856384 1.046072 0.019668
-267.647827 149.749207 1.010087 0.016398
-267.647827 149.749207 1.010087 -0.052335
1077.928833 85.438843 0.931953 6.187579
551.695679 86.684387 0.988883 -0.082632
732.914429 -245.433716 0.831240 0.007852
972.463867 181.127075 0.883761 -0.179850
-1273.363525 -187.767944 0.866680 -0.003098
-890.695313 632.788696 1.043029 0.097579
588.529053 644.626465 1.031752 0.084376
588.529053 644.626465 1.031752 0.024753
502.627563 -287.496460 0.773591 -0.004290
-783.412842 -456.849731 0.716983 -0.034014
-783.412842 -456.849731 0.716983 -0.004613
598.803650 0.793945 0.892757 -0.038937
310.071899 -303.143921 0.819805 -0.143044
572.863159 101.757385 0.928565 -0.015400
-1102.238525 -55.615601 0.851597 -0.007238
-764.529785 76.654602 0.939956 0.265111
-764.529785 76.654602 0.939956 -0.145232
-829.088623 401.363464 1.012070 -0.014076
344.278198 -72.201172 0.928751 0.154745
-1385.206543 605.543457 1.082993 0.150336
42.463379 10.409058 0.961368 0.035057
417.125977 92.844299 0.911110 -0.094183
417.125977 92.844299 0.911110 0.048073
21.262573 107.266113 0.850538 -0.039270
393.300171 24.026001 0.916455 -0.065536
-752.829590 288.801392 0.977624 -0.035100
-371.882202 -84.793091 0.871391 0.117850
-530.407837 475.741638 1.015082 0.036380
-982.775879 600.584839 1.114060 0.191741
-538.259155 458.901978 1.002911 -0.069579
-538.259155 458.901978 1.002911 -0.015580
-968.390137 600.683105 1.060193 0.006856
-1350.189697 472.625183 1.129572 0.015908
354.172363 -401.443481 0.756156 -0.072286
-946.328369 615.191101 1.092475 0.089009
-998.112061 16.162109 0.943164 0.160482
-419.648315 476.186157 1.089213 0.020691
-1206.889648 79.682373 0.893858 -0.007844
27.525757 -69.734741 0.884096 0.009658
-1117.926025 60.569763 0.912625 0.016252
-1117.926025 60.569763 0.912625 0.188603
45.752808 -400.789063 0.762301 0.024933
-1269.112305 76.218811 0.897244 -0.003979
-1288.154541 120.002563 0.959637 0.123572
381.010376 -158.507813 0.814163 -0.022932
-629.018188 452.932983 1.029990 0.016499
711.660583 149.524414 0.974345 -0.086214
98.900269 -179.111206 0.861575 -0.039827
821.953491 -73.647461 0.905453 0.040511
286.600342 27.505737 0.911463 -0.086281
127.918213 -160.892700 0.782914 -0.008708
-169.784058 449.341248 0.957145 -0.017480
-924.708740 5.072754 0.939381 0.145503
661.397339 71.595825 0.985133 -0.096041
-622.224487 504.514526 0.959328 -0.053483
-622.224487 504.514526 0.959328 0.063732
562.569092 644.849915 0.981247 -0.131981
257.382935 488.141296 1.006526 6.123359
-263.974854 226.752563 1.132315 -0.027644
179.275513 -399.942749 0.734854 0.005172
118.476807 143.964478 0.954460 -0.062572
-1040.327637 76.632324 0.934314 -0.040549
-1107.220215 601.073303 0.957379 0.011768
-1107.220215 601.073303 0.957379 -0.046953
23.308350 157.996643 0.968762 0.111064
23.308350 157.996643 0.968762 -0.000655
303.873291 -290.484131 0.765671 -0.055944
303.873291 -290.484131 0.765671 0.018236
-823.619629 10.421509 0.914341 -0.032925
760.172058 -149.778809 0.786047 0.039499
760.172058 -149.778809 0.786047 0.014434
-859.611084 378.188965 0.995149 0.136966
-399.977417 -36.036011 0.849598 -0.001932
-838.847900 621.914734 1.068299 0.044070
621.451416 74.588440 0.941559 -0.009974
248.322266 9.630981 0.919882 -0.111498
-972.174561 463.679199 1.021346 0.138059
114.689941 286.263062 0.988644 -0.009138
-955.909668 152.809692 0.995445 0.145432
-111.997559 -111.474121 0.837949 -0.048754
-1004.972656 285.306091 0.978938 -0.068989
-823.955078 338.027100 0.944308 -0.015319
253.640625 -246.758667 0.875363 0.066145
253.640625 -246.758667 0.875363 -0.038542
-17.061279 -368.998169 0.820388 0.019437
35.164429 -255.117432 0.796549 -0.105114
958.465393 180.032104 0.871249 0.080663
780.269897 317.188477 1.063691 -0.031494
-1352.880859 578.086792 1.122598 0.021968
-1352.880859 578.086792 1.122598 -0.003348
938.924194 133.128662 0.992537 -0.193897
-608.805786 451.854675 1.009069 0.061756
-608.805786 451.854675 1.009069 -0.025933
-894.618408 48.775452 0.866698 0.017428
-1373.006836 580.057983 0.972240 -0.018692
-1373.006836 580.057983 0.972240 -0.080936
-261.426880 -34.634766 0.872041 -0.000322
-745.539795 356.374634 0.997837 -0.030396
-279.321533 90.838806 0.851766 -0.008672
-894.434082 303.743103 0.874512 0.037085
505.211426 -301.208008 0.785926 -0.046708
832.501953 74.928223 0.853966 -0.084968
228.459473 -528.998291 0.792507 -0.029829
-1170.450195 109.493286 0.929160 0.178308
-249.169800 168.586609 0.914547 0.065262
-249.169800 168.586609 0.914547 0.053171
17.868774 -367.362427 0.878850 -0.008679
800.900085 162.722900 0.959938 -0.153600
-294.971191 133.426208 0.966312 -0.118613
-29.299316 -369.216553 0.800053 0.044123
-29.299316 -369.216553 0.800053 -0.005446
-954.774902 601.463135 1.091817 -0.103757
-954.774902 601.463135 1.091817 0.096921
-155.113525 367.421387 0.970458 0.001229
-286.209595 486.178528 1.061297 0.122854
65.008789 -250.877319 0.402376 -3.247822
-237.980469 -21.732178 0.882782 -0.002150
-946.123047 -288.737183 0.810818 -0.026514
-1181.491211 58.329895 1.041563 -0.021968
308.030029 472.632080 0.964507 -0.094948
308.030029 472.632080 0.964507 -0.059585
740.441711 245.062073 0.983204 -0.015503
164.575439 -65.824097 0.816005 -0.047870
164.575439 -65.824097 0.816005 0.086106
611.078125 435.745972 0.983143 -0.003182
38.524536 115.365601 0.950936 -0.032668
660.574768 16.853882 0.923887 0.075900
-537.836914 492.664490 1.124378 0.021710
769.846558 -250.710205 0.771889 -0.081874
286.308472 -184.768311 0.846091 -0.065368
370.052002 470.731689 0.917568 -0.033741
-385.270752 169.908203 0.921966 0.149410
600.859070 -154.847778 0.816719 0.054891
68.979492 467.239807 0.989122 -0.018662
-1218.339844 112.844849 0.906036 -0.090783
-577.322144 462.450867 1.016640 -0.067354
-343.968994 156.858704 0.945727 -0.012233
-602.430786 97.083191 1.040013 -0.037940
-847.420410 295.377502 0.980636 0.008241
-847.420410 295.377502 0.980636 0.056229
-1152.357666 137.951599 1.055492 0.135558
-1152.357666 137.951599 1.055492 -0.049511
-1152.357666 137.951599 1.055492 0.006087
-322.844482 102.595459 0.866636 -0.032014
-727.520996 -399.665771 0.835154 0.070332
-472.222412 485.718445 1.034502 0.082341
-561.451050 13.678345 0.961653 0.157092
-749.779785 76.402039 0.958452 0.016863
458.412476 486.425415 1.035305 -0.155966
-85.257935 428.224121 0.971807 -0.013151
729.037781 -270.797363 0.819711 0.034855
623.745850 -471.681030 0.803012 0.076706
-122.189087 27.641602 0.916851 -0.013500
616.416077 47.990906 0.989007 -0.057250
570.465881 -167.564331 0.869646 -0.040674
-110.391113 462.442993 0.953215 0.128005
-110.391113 462.442993 0.953215 -0.031969
334.359375 44.645935 0.880533 -0.070105
-692.859863 -98.929321 0.913050 -0.057954
706.755005 460.950195 0.972672 -0.009424
-907.289063 -397.308105 0.795335 0.115552
-499.535645 0.567017 0.987611 0.045794
438.910400 -287.828491 0.820293 -0.054463
-405.973267 457.353699 1.023265 0.005822
-1274.639160 -234.327026 0.898343 0.071515
335.104248 499.929138 1.009767 -0.082066
335.104248 499.929138 1.009767 -0.102047
245.024902 199.188599 0.892598 -0.088688
299.057251 -170.641724 0.851668 -0.060342
-432.475220 458.615601 0.930690 -0.022419
616.380188 -299.974121 0.769272 0.012280
345.816772 65.847046 0.925423 0.018672
-289.342651 463.994995 1.087137 -0.132099
-945.080566 284.636597 0.995450 -0.046930
3.226685 -253.064697 0.761204 -0.034922
-990.283447 469.731018 1.087638 0.144226
-113.972534 348.789063 1.002467 0.000214
618.798035 24.250366 0.895565 -0.052105
-225.209595 347.661926 0.983742 -0.003413
-1223.622559 128.888367 0.904899 0.038635
298.648071 102.150757 0.969452 -0.004096
295.807495 117.361450 0.922470 0.014935
-289.326172 226.235352 0.978216 -0.013970
254.157227 -170.778320 0.924073 -0.091629
-603.999390 37.205627 0.832195 -0.023942
-69.937378 468.757202 0.954215 -0.057896
-69.937378 468.757202 0.954215 0.087613
187.778320 476.991272 1.068878 0.061916
1058.906494 155.409302 0.995298 0.153089
-107.260498 -68.315674 0.867086 0.035820
502.633484 47.343933 0.921146 -0.106002
502.633484 47.343933 0.921146 0.300109
-931.045898 600.890625 1.059693 -0.020314
95.307495 -248.102051 1.046655 -0.201209
-247.353516 -11.182861 0.878999 -0.040059
-1130.509766 332.919861 0.963720 -0.006182
538.126282 498.330017 1.042320 -0.092786
925.797119 185.842773 0.968254 0.002156
-424.822998 177.756592 0.975711 0.009299
408.130615 472.457153 1.065228 0.051324
583.561584 4.716553 0.915641 0.042792
-151.337402 483.359985 1.064589 -0.021754
-1057.880615 115.823669 0.944331 0.012767
-520.170288 493.148315 0.997173 -0.007070
635.775940 -499.501099 0.736816 0.029382
50.762207 -110.520996 0.844596 -0.007699
50.762207 -110.520996 0.844596 0.021516
18.538452 192.041260 0.918573 0.024901
18.538452 192.041260 0.918573 0.024278
-904.665283 633.769043 1.080890 0.111870
485.418030 -480.349731 0.806718 0.031992
202.542603 428.305176 1.104155 -0.164833
558.876221 19.247070 0.978678 0.012162
558.876221 19.247070 0.978678 -0.156273
987.386841 147.191956 0.937097 -0.169099
987.386841 147.191956 0.937097 -0.233743
852.630493 -251.285400 1.076222 -0.209980
577.400208 -183.026733 0.808899 -0.130201
350.458496 313.626465 0.903821 -0.031697
551.998596 -175.503784 0.851174 -0.134529
119.004395 -247.143555 1.020782 -0.211375
119.004395 -247.143555 0.856535 -0.020527
807.889832 -372.361572 0.841670 -0.096655
266.857666 509.144775 1.006818 0.034214
-193.668091 -112.447998 0.824171 0.002532
730.851807 39.944397 0.936796 -0.128724
596.025574 26.794312 0.926133 0.040906
-969.718262 336.697449 0.989346 -0.010328
-790.440918 77.457520 0.967435 0.043976
544.862793 20.990356 0.945565 -0.121280
492.257690 630.675293 1.061164 -0.046691
-1367.651611 500.459167 1.041821 0.107902
-1347.353027 603.493835 0.973356 -6.147458
-660.009766 -53.849609 0.905100 -0.010732
837.299988 -237.727295 0.761910 -0.025413
-903.442383 454.420593 1.007634 0.057904
780.326172 632.015869 1.082663 -0.009186
-1003.642090 37.701416 0.916774 0.125957
-948.744385 -20.266602 0.923678 0.018104
-549.916260 311.224731 0.992259 -0.000859
-988.548828 -446.796509 0.832208 0.022504
-265.529785 333.440918 0.991286 0.019236
-1193.109619 113.006897 0.851864 0.226615
-217.948120 426.646851 1.027120 -0.017736
-1235.712646 170.392029 0.976338 0.172078
384.152832 487.089172 1.036889 0.013908
-1.595703 351.900024 0.992725 0.000895
351.253540 -246.281006 0.834883 -0.097609
-393.284668 300.250488 0.994258 -0.143196
-393.284668 300.250488 0.994258 0.123556
-1084.448975 333.858948 0.973115 -0.004838
576.313477 632.443665 1.062364 -0.126879
390.437622 618.239624 0.988423 -0.066202
390.437622 618.239624 0.988423 -0.061942
-4.000000 -66.045166 0.901808 -0.110517
-1064.384033 -388.804443 0.890613 0.167527
-81.143311 -110.408081 0.794823 0.001451
25.995361 -179.640259 0.858917 -0.013759
-220.975830 -112.186279 0.841483 -0.002480
-1085.282959 611.668396 0.996995 0.163846
-176.154663 207.959167 0.877035 0.039584
-26.512451 -258.676758 0.766154 0.002656
-502.383057 495.998901 1.001926 0.005246
649.012756 -283.940430 0.857190 -0.031885
370.966187 -170.295654 0.891697 -0.142090
-898.847168 -385.425903 0.844385 0.002566
-69.461060 496.640625 0.984305 0.003278
756.936951 459.799927 0.837696 -0.035479
-167.179932 472.409241 1.191231 -0.066329
-306.585571 457.866333 1.006791 -0.029635
899.426514 -229.539063 0.807700 -0.061633
306.133911 -167.126343 0.854819 0.055330
306.133911 -167.126343 0.854819 -0.030588
800.633667 204.411194 0.995526 -0.112779
294.492188 15.910522 0.803061 0.020493
-826.832031 -455.836304 0.775803 0.077545
248.391479 431.118835 1.104581 0.084846
370.009766 83.627686 0.982022 -0.024794
332.659302 20.881836 0.922288 -0.106039
-471.355957 455.132080 0.966496 -0.106134
-761.818115 393.804504 1.006162 -6.227918
-761.818115 393.804504 1.006162 -0.001885
-1273.021240 -26.461914 0.874424 -0.079844
381.034058 312.678101 0.961477 -0.105484
-35.349976 -0.144653 0.928227 -0.073178
-641.255127 470.457581 1.041700 0.105166
-641.255127 470.457581 1.041700 -0.032495
-1154.328857 206.157166 0.872960 0.001871
-885.069580 393.947083 1.020600 0.130527
427.274353 86.367981 0.945486 0.004744
221.064575 -257.162476 0.796275 6.217867
-41.955933 399.472229 1.053227 -0.035044
847.946045 -256.919312 0.865135 -0.028404
-221.309448 -4.682007 0.981176 -0.037869
-286.142822 23.604126 0.788556 0.022664
494.670349 483.809082 1.024909 0.087377
494.670349 483.809082 1.024909 -0.078498
-636.183594 274.310913 0.977586 -0.149770
-636.183594 274.310913 0.977586 0.021131
-388.450684 205.012695 0.929620 0.001629
-665.096680 31.445068 0.914716 0.012515
116.742676 -366.656006 0.801073 0.028470
-337.605591 221.158447 1.042405 0.024420
-1362.294678 496.317322 1.015722 0.060857
794.114014 627.345215 1.019471 -0.158794
364.215698 502.058533 0.836934 0.043404
483.474792 -233.120117 0.823307 0.004608
483.474792 -233.120117 0.823307 -0.044671
529.813843 -449.223022 0.759411 0.021924
628.740601 207.049438 0.930027 0.044806
405.728699 497.702454 1.009401 -0.054978
405.728699 497.702454 1.009401 -0.034803
-169.351318 -71.378906 0.949525 0.009000
1067.853760 93.460449 0.946045 -0.234967
-688.692383 -53.228027 0.879393 -0.042110
-1260.017334 -241.842407 0.829350 0.137557
487.124878 77.828918 0.923041 -0.188944
410.232666 -179.287842 0.801965 -0.091549
410.232666 -179.287842 0.801965 -0.030008
-386.135742 -73.870483 0.901921 0.101908
-872.800537 403.368225 1.071216 0.015561
-872.800537 403.368225 1.071216 -0.013748
-630.469604 84.690063 0.936675 0.003753
-242.331909 23.849365 0.792695 -0.018955
-309.955566 226.040344 1.081814 0.006997
-1111.119873 -28.931396 0.873881 0.002811
-913.316162 328.213196 0.962762 0.085887
-913.316162 328.213196 0.962762 0.079609
-913.316162 328.213196 0.983007 0.001249
-1375.598145 600.048035 1.051577 -0.034541
-299.538818 168.309265 0.924007 0.007586
-688.233643 -71.866577 0.866497 0.006831
-561.489136 -287.524292 0.814948 -0.025734
869.473633 193.759277 0.947362 -0.058795
-230.826660 -277.540771 0.861240 0.070945
326.676392 -165.566162 0.886038 -0.065333
326.676392 -165.566162 0.886038 -0.035680
-939.053467 -500.413940 0.810251 0.100481
-1120.770996 43.907959 0.863830 -0.000226
-756.322021 -504.072021 0.725502 -0.005764
-836.901367 459.716858 0.977760 0.075104
-836.901367 459.716858 0.977760 0.032761
619.939514 457.868103 1.040649 -0.034343
863.695679 92.274109 1.035539 -0.020439
-1367.275879 586.295654 1.076001 -0.052908
-375.255981 226.135132 1.052868 -0.014980
437.736145 345.871643 0.995709 0.006073
-109.942627 5.541138 1.042797 -0.121630
-109.942627 5.541138 1.042797 -0.190323
-60.248779 350.994141 1.015810 -0.007692
505.843628 121.247864 0.926092 0.135501
-1006.037598 -92.403076 0.969340 -0.018228
454.435730 -174.137451 0.927395 0.051427
-1221.148926 102.820801 0.986656 0.182464
897.860229 203.833435 0.923215 -0.115112
-84.831177 -67.173096 0.859659 -0.211237
18.452515 9.899536 0.962870 -0.114235
-712.692383 68.520569 0.877290 -0.000421
-712.692383 68.520569 0.877290 -0.017687
10.356812 163.810547 0.962243 0.064828
893.651978 67.909241 0.944719 -0.224292
893.651978 67.909241 0.944719 -0.181867
183.719116 -376.408325 0.776567 -0.084190
-1180.116211 321.082275 0.936368 -0.017678
-46.975830 -1.550781 0.946461 -0.141994
859.686218 113.787354 0.956776 -0.195376
-27.836792 -70.587280 0.854592 0.105558
964.514648 -269.039795 0.788674 0.041934
728.402893 -151.298340 0.869505 6.088982
1057.381958 102.247559 0.882554 6.067337
1057.381958 102.247559 0.882554 -0.048529
819.363037 -299.331421 0.836131 6.171906
644.793152 564.148560 1.063797 -0.066510
448.618652 98.511353 0.880565 0.011011
807.249573 -299.895142 0.799648 0.015360
819.927856 605.989136 1.013309 -0.095666
819.927856 605.989136 1.013309 0.048538
506.178040 471.220459 0.970282 0.019894
506.178040 471.220459 0.970282 0.011935
-56.861450 -8.963501 0.872511 -0.067646
-102.487061 489.048523 0.993340 -0.003706
66.725586 120.034912 0.966865 -0.001395
1027.063721 -230.596680 0.795509 -0.112888
568.153625 -177.806274 0.872934 -0.199390
-502.468628 456.388611 1.061146 0.092325
-34.916260 351.814148 0.980452 0.001923
-944.293701 402.442627 0.987144 0.132749
-944.293701 402.442627 0.987144 -0.013668
-933.063232 -286.602173 0.791042 0.042902
685.705688 -251.042603 0.848203 -0.066199
-4.886963 156.270264 0.947527 0.167099
-949.699951 -206.609497 0.863659 0.080119
270.083984 121.036560 0.943234 -0.072036
270.083984 121.036560 0.943234 -0.178521
35.223511 472.215149 0.923047 -0.049644
114.498535 -67.012329 0.828046 0.000652
-1078.219971 626.016846 1.050903 0.014668
743.982910 360.883057 0.965791 0.003583
1027.128784 -247.720215 0.932579 -0.058052
649.763977 -311.550293 0.799770 0.030219
-1378.281982 586.486328 1.137179 0.149446
-1252.671387 113.803711 0.875565 0.020021
-778.575928 376.041992 1.042782 0.169170
-778.575928 376.041992 1.042782 0.002510
-778.575928 376.041992 1.042782 -0.010806
-296.854492 23.397949 0.827844 -0.006770
-256.855835 20.593262 1.029485 0.052260
-248.825195 29.280518 0.895000 0.044778
-591.333252 482.907532 1.005434 -6.124788
-591.333252 482.907532 1.005434 0.022900
-243.686768 -68.654907 0.795706 -0.069250
-1193.616455 144.304871 1.022230 0.221887
-947.509766 378.144104 1.138755 -0.052667
592.786316 -363.045166 1.244499 -0.071305
757.102173 646.281738 1.054065 -0.019056
-347.499634 181.439087 0.985964 -0.018485
929.326477 69.787048 0.895834 -0.101212
929.326477 69.787048 0.895834 -0.162819
738.938477 -367.260132 0.833979 6.152821
-247.229370 -310.345215 0.852047 0.018912
-847.463623 -316.671997 0.850265 0.107752
-882.869385 -385.140625 0.900669 0.018150
437.492310 84.789551 0.975432 -0.023706
-1277.174316 125.621704 0.856934 0.065113
-1020.626221 -18.103149 0.965150 0.034947
582.628418 -161.938110 0.818933 -0.048082
-76.403809 394.977722 1.019266 -0.077412
-595.136719 -235.136353 0.803311 0.013941
-770.645508 386.237000 1.011414 0.015432
-65.820435 180.232544 0.894926 0.046604
-364.127319 459.586792 1.017977 0.026648
-815.075684 73.091248 0.973928 0.108505
311.248779 -434.733521 0.779272 0.014730
794.358398 -299.615601 0.813492 -0.173920
-573.354980 252.119812 0.947064 -0.003846
340.192871 -423.038940 0.833887 -0.016265
505.678589 61.677734 0.904407 0.079005
847.852905 163.038574 1.049807 -0.141514
738.768494 629.154053 1.005692 -0.067489
-208.917358 -9.149780 0.946680 0.080856
-208.917358 -9.149780 0.946680 -0.023691
571.234253 589.136230 1.141305 -0.093699
571.234253 589.136230 1.141305 0.074563
-1236.411133 -260.309326 0.841077 -0.084947
318.188354 37.607666 1.049391 -0.068965
653.997009 -271.240845 0.773819 -0.061569
635.804993 320.698425 1.005306 -0.144555
402.878784 616.075073 1.080402 -0.011587
-214.625122 29.951538 0.892628 0.009843
-20.467896 155.139343 0.960394 0.016458
-1299.274902 125.430054 0.980074 0.198946
161.694336 488.683533 0.973050 0.009559
-138.339600 -70.501587 0.876641 0.134901
-409.346680 177.959717 0.947511 0.014028
1031.698975 165.788391 0.873539 -0.001996
979.774109 163.941528 0.959291 -0.042145
-303.397339 29.367798 0.901318 -0.005364
-303.397339 29.367798 0.901318 -0.005482
167.889282 -49.306519 0.912388 -0.020738
504.068787 23.897461 0.919568 0.025771
-1187.114746 -23.117920 1.035125 0.020025
806.029480 131.361450 0.958505 -0.060971
-203.995605 1.660889 0.876551 0.057460
100.930420 485.862671 1.039534 -0.002673
265.883057 78.873718 0.903553 -0.010269
1067.770508 151.145386 0.896172 -0.183473
647.269958 -419.936646 0.798652 0.039137
647.269958 -419.936646 0.798652 -0.106456
36.626953 -420.894775 0.732188 -0.090667
36.626953 -420.894775 0.732188 0.022102
-1284.609863 110.416565 0.861028 -6.067121
-229.934937 409.252197 0.987369 -0.047846
676.963684 73.639160 0.963634 -0.050639
-752.753906 17.127686 0.799278 0.039771
-707.858398 75.947266 0.869100 0.053490
-84.478394 -9.160889 0.897914 -0.039402
-84.478394 -9.160889 0.897914 -0.005727
-61.977905 485.788635 1.007848 -0.024362
-895.946533 338.956482 0.973340 -0.003143
-13.997437 3.156738 0.975151 0.060131
-186.941040 150.626709 1.022799 -0.073953
258.703857 -239.758057 0.843811 -0.014494
916.412415 188.230896 0.897263 -0.164748
862.731018 171.026794 0.849404 -0.167394
595.385498 -461.858032 0.766083 -0.163164
873.639404 -28.301392 0.855389 -0.007745
-190.332520 121.153625 1.040683 -0.039923
-190.332520 121.153625 1.040683 -0.018963
-299.961792 -281.983643 0.776889 -0.013808
-1131.068604 302.037170 0.987951 0.102680
706.392822 481.941162 1.017730 -0.029385
-561.171753 -235.124756 0.828654 0.018356
231.848022 -388.072144 0.798033 -0.032874
631.929565 635.731567 1.007433 0.019399
817.258362 175.391479 0.980518 -0.001435
377.357422 14.111084 0.834969 -0.054379
543.292480 359.756348 1.003405 -0.001867
-516.816895 474.338928 1.006387 0.041164
678.523926 500.212219 0.999797 -0.000426
-736.086914 75.996216 0.914617 0.054889
-868.458984 366.852356 0.879532 0.096470
889.708130 -279.507202 0.807354 0.040326
-155.237671 -9.097778 0.908752 0.036175
-214.087646 4.609009 0.961032 0.031344
-842.829346 385.201416 0.969059 0.055207
-512.109375 483.494080 1.039709 0.023723
-512.109375 483.494080 1.039709 0.006307
800.008301 108.645752 1.037041 -0.114968
1001.908936 -408.698730 0.791269 0.069509
-626.983765 117.546143 0.968871 0.102797
-900.110352 375.003601 1.073792 -6.167836
-900.110352 375.003601 1.073792 0.162851
635.891357 469.420410 1.075965 -0.070188
635.891357 469.420410 1.075965 0.025783
-1024.100830 611.365906 1.042714 0.074675
-803.572266 -455.073242 0.797086 -0.075172
710.128540 -470.889771 0.798196 -0.181262
-753.402588 -13.339478 0.932319 0.013304
-386.760986 -112.066284 0.820401 -0.101398
-386.760986 -112.066284 0.820401 -0.093812
-1085.060059 120.448730 0.930927 0.100007
-1037.772705 361.360779 0.940134 -0.062183
-1037.772705 361.360779 0.940134 -0.003936
-1299.348633 89.517151 0.723794 0.180563
257.599365 456.137085 1.080796 -0.024403
551.882324 102.058777 0.932486 -0.161208
914.761108 -368.404907 0.914553 0.036024
-899.787598 397.323059 1.047169 0.139777
525.944580 375.974976 0.990917 -0.043429
-885.971436 379.549561 1.062277 -6.065897
121.825439 -431.812012 0.719207 -0.053772
36.940308 -5.616699 1.063512 -0.137974
-1206.781250 -51.404419 0.919350 0.049761
629.946289 97.108887 1.196893 -0.102384
-574.553345 50.052551 0.887407 -0.048809
-671.971191 43.024719 0.822515 0.036723
-961.841064 303.780334 0.977582 -0.061909
537.117310 92.693787 0.961496 0.109012
537.117310 92.693787 0.961496 -0.077802
-733.369141 87.051697 0.944919 0.010966
-602.236816 276.991028 0.922290 0.103247
586.782043 359.296875 0.976329 -0.016046
-936.769043 338.633728 0.980343 -0.007552
111.942993 322.552063 0.972130 -0.070558
-943.733154 -508.726318 0.727517 -0.010169
-1197.612305 -323.782471 0.847312 -0.024598
101.720459 505.526550 0.982239 0.006541
827.053406 -302.043945 0.731647 0.089800
364.877197 -236.609131 0.895907 -0.183887
341.585693 76.213745 0.933628 -0.066151
828.870300 126.215759 0.903488 -0.050722
76.118408 125.973816 0.960448 -0.085071
-1133.934570 207.643616 1.078593 -0.006180
-642.434570 -515.073120 0.785122 -0.010432
-562.402344 142.592773 1.003958 -0.085065
-124.819214 -8.163330 0.997712 -0.007626
270.604614 32.254211 0.992412 0.018629
270.604614 32.254211 0.992412 -0.069605
-1307.178467 80.171387 0.881119 0.133278
-988.390381 -518.243530 0.842464 -0.026561
-721.221924 74.011230 0.885740 -0.042551
-717.349609 406.018311 1.020157 0.070658
-762.875732 374.904175 1.007660 0.027769
-4.380371 2.296387 0.950734 0.060106
-4.380371 2.296387 0.950734 -0.012291
-285.852539 0.285889 0.987624 0.017075
806.905396 -280.624756 0.758433 -0.010502
-913.119385 7.481812 0.969471 0.192419
-1130.993164 -30.439087 0.820152 -0.031733
542.597290 101.146606 0.979327 -0.016246
700.923523 596.333862 1.046611 0.013811
1095.190552 69.363708 0.932299 -0.193128
708.569824 -174.683716 0.711014 -0.043503
-906.041016 403.566467 1.035589 -6.169487
-906.041016 403.566467 1.035589 -0.049995
714.726318 -412.210693 2.042847 0.002986
542.851074 81.647400 0.791003 -0.162368
152.313965 -67.531982 0.872803 -0.033443
27.239258 -48.085571 0.926058 -0.120236
-364.887207 186.736816 1.007731 -0.055370
780.157288 -241.915283 1.041185 -0.254260
-1087.111328 86.511230 0.957452 0.007522
138.947876 323.678589 0.986740 0.003088
1082.798340 -2.412354 0.872561 -0.021146
416.662048 -184.159424 0.906342 -0.114200
416.662048 -184.159424 0.906342 -0.004786
-10.711792 333.707764 0.960056 0.003288
778.661926 495.456360 0.983888 -0.056551
670.048279 642.994263 1.013650 -0.158265
-228.260620 -371.149658 1.042241 0.168009
326.118774 -381.791138 1.293708 -0.211987
-1368.240234 493.916199 1.060533 0.118303
820.553650 72.673401 1.115196 -0.122176
-279.270264 17.521606 0.913283 -0.066701
544.822510 109.563843 0.799942 0.007445
-669.241455 268.899048 0.982317 0.034286
1014.393127 553.928101 1.156424 -0.197216
-164.030762 12.584961 0.899621 0.132012
905.973511 -30.888550 0.798992 0.010161
-328.012085 -66.922852 0.868620 -0.099918
-797.396240 369.057129 0.980770 -0.015825
-742.397705 76.935242 1.004371 0.042773
-1040.147705 373.707275 0.950421 0.062553
738.800903 495.021912 1.007765 -0.029002
-85.041016 245.095459 0.996727 -0.006200
258.643555 -417.170288 0.817503 -0.126189
363.402832 324.881348 0.944399 -0.120243
364.211060 614.505005 0.951947 -0.158343
364.211060 614.505005 0.951947 -0.047471
-1014.922852 336.304077 0.925096 -0.007273
809.246582 -474.737183 0.718403 0.012286
365.662354 -166.972046 0.984321 -0.168361
-291.427856 15.209473 0.924590 0.000900
515.447327 608.925720 1.071622 -0.199161
-960.945557 -462.558838 0.765190 0.111220
-879.311279 610.352051 0.951008 0.043774
-29.855713 394.314453 1.029353 0.007881
-1374.227539 491.111694 0.995332 0.135345
-78.447144 315.763550 1.001480 -0.138540
362.291016 -451.861328 0.723067 -0.103636
-784.532227 369.089172 1.030807 -0.001421
770.379028 484.823059 1.095458 -0.069798
738.143982 -159.942383 0.869300 6.124887
293.681763 -523.785645 0.845248 -0.061155
-1036.477051 128.060181 1.129285 0.028334
782.495056 656.350098 1.001788 -0.157303
-372.415771 269.551208 0.962265 0.003767
-372.415771 269.551208 0.962265 -0.064424
355.652222 56.670898 0.890836 -0.040294
38.030518 138.683960 0.950227 -0.098612
46.120117 -6.823120 0.890817 -0.019661
46.120117 -6.823120 0.890817 0.094129
-1086.601074 -513.054932 0.763155 0.000264
75.923462 -247.947021 1.647485 0.128347
-978.982666 -50.685059 0.852925 -0.020097
1026.993164 330.293396 0.966711 -0.026008
-221.495605 87.780823 0.902780 -0.014837
419.411865 -451.082520 0.732778 -0.013197
-562.432251 1.901245 0.925630 0.021404
476.745728 86.028564 1.035163 0.010850
-943.367920 366.406555 1.056249 -0.100139
-97.189697 143.298462 1.025835 -0.017649
705.814148 625.848022 1.023039 -0.104815
775.072693 334.054138 0.988908 -0.059431
-16.365112 353.323120 0.977549 -0.008400
600.164063 177.064575 0.892421 -0.008638
-188.597290 429.543335 1.034363 -0.000520
507.582153 330.854004 0.992260 -0.103276
-166.292114 350.560303 0.955091 -0.004315
-819.250000 -324.754517 0.827034 -0.010544
-1141.965576 -458.021606 0.781159 -0.115072
-144.710449 350.309082 0.970563 0.003044
243.397095 465.121704 0.887062 0.011042
402.665710 634.771118 1.077408 0.129308
-296.968872 150.829285 0.932700 -0.015929
901.311401 189.539429 0.972675 6.156356
548.442993 76.023621 0.915730 -0.032548
342.871704 -162.135132 1.772142 -0.013337
1013.110107 347.954346 0.974394 0.034250
78.607300 253.366211 0.982359 -0.027237
-28.077515 -88.679688 0.872916 0.024954
554.073303 493.247620 1.034418 -0.095735
739.927917 646.252991 1.055536 -0.091980
739.927917 646.252991 1.055536 0.100304
-918.438721 369.107849 1.040828 0.051078
-55.994873 402.709961 1.024712 0.074759
-581.548462 74.632446 0.979057 0.076979
515.134644 89.395203 0.976992 -0.037603
-1012.255859 20.791260 0.978716 0.152535
336.897217 -299.770142 0.993495 0.095585
420.667175 124.834167 1.016085 -0.159601
-924.366211 404.003174 0.938988 -0.123326
-789.868164 59.865784 0.893949 0.021177
1087.819458 82.771973 0.967179 6.107298
502.573853 177.372742 0.913705 0.001537
-344.352661 458.488770 1.057238 0.012814
-1126.972412 114.736206 1.055574 0.119802
-852.027344 367.372559 0.971551 -0.024320
-701.109863 82.201477 0.899049 0.060556
-168.736206 -92.038574 0.919102 0.059086
-168.736206 -92.038574 0.919102 -0.023749
-1120.406982 118.345581 1.001373 0.229312
336.322388 324.786011 0.978354 -0.035562
-40.625366 471.772278 1.029373 -0.013055
771.709351 -367.215942 0.684940 -0.056887
-915.277832 587.676880 1.102723 0.071525
-915.277832 587.676880 1.102723 0.048900
-305.164551 -11.363159 0.929047 -0.036069
-305.164551 -11.363159 0.929047 0.007048
1004.308716 587.036865 0.989744 -0.027005
287.909912 243.425964 1.019737 0.038807
847.847839 -227.963745 1.098921 -0.093031
-329.733032 224.007019 0.975808 0.006328
30.182617 482.220703 1.091029 -0.152924
-298.010376 -71.895508 0.784821 0.064016
-176.212524 -58.799683 0.932234 0.031757
904.428101 -378.042114 0.809026 -0.051205
508.781006 89.837646 0.974538 -0.070866
-1388.272217 512.648926 1.002615 0.291416
-1388.272217 512.648926 1.002615 -0.064215
678.307434 89.597534 0.952558 -0.139356
-224.548584 316.279358 0.983648 -0.032898
779.154602 -406.708252 0.861106 0.038942
-846.279785 395.380127 0.996932 0.008965
-846.279785 395.380127 0.996932 -0.118291
551.699585 123.681396 0.940580 -0.058171
589.107422 630.124390 0.919768 0.036828
541.042786 250.164001 0.927578 -0.005117
-170.799194 212.481750 1.018399 -0.003852
-609.019531 79.687317 0.872912 0.010467
-696.289063 309.070984 0.992479 0.055389
-1087.700928 369.798950 1.061940 -0.120202
253.690552 -157.546997 0.893032 0.008411
33.861694 90.075745 0.949973 0.132878
33.861694 90.075745 0.949973 -0.007129
40.327637 99.018188 0.893606 -0.008646
-209.938232 -283.090210 1.345410 0.072259
-351.280273 165.800903 0.916958 -0.049865
-1074.369385 382.748901 0.988099 0.151401
405.414001 307.045959 0.909867 -0.031295
405.414001 307.045959 0.909867 -0.041882
-703.073486 -1.121216 0.921736 0.042609
-122.097900 401.614990 0.996083 0.034229
-167.765381 -10.780518 0.926839 -0.125175
-354.119141 214.356873 1.007822 0.032690
-1183.764893 296.361328 0.960642 0.051873
380.773804 113.737244 1.000164 -0.129714
260.347290 113.259338 0.963600 -0.070783
368.791260 34.934509 0.942111 -0.085223
601.324585 329.607178 0.954165 0.012132
499.893494 655.065735 1.138525 0.029159
-1033.011719 367.454102 0.980002 -0.046512
-1033.011719 367.454102 0.980002 0.142624
-939.764160 -320.011719 0.775294 0.109100
-581.365967 47.035828 0.930089 -0.005443
706.063049 624.282349 1.022837 -0.105381
690.219360 608.344055 1.228515 -0.140022
197.430542 465.138794 0.911121 -0.063273
197.430542 465.138794 0.911121 0.000014
612.116150 80.455139 0.909390 -0.141282
-631.123657 -235.915405 0.835706 0.078379
-936.031494 371.137085 1.020020 -0.101522
-198.316650 350.083740 0.975898 -0.002661
-1213.678711 296.494080 0.939947 -0.027108
689.186157 54.986877 0.800939 6.097180
689.862488 3.499878 0.805044 6.081494
-836.895264 -403.868896 0.834566 -0.014640
-836.895264 -403.868896 0.834566 0.060770
-355.141846 -111.719116 0.824629 -0.017892
715.770996 -434.073730 2.021125 -0.042818
1053.848145 -515.043335 0.778450 6.051170
163.696777 322.202393 1.040700 0.001615
-347.367432 214.939697 0.939084 0.017427
606.843506 97.712036 0.801424 -0.028668
906.301331 -292.584961 0.836933 -0.152996
392.731628 35.137695 0.890600 -0.062492
204.616211 -310.266724 0.871630 0.004970
-58.771851 24.945557 0.896200 -0.056197
-1032.770508 380.655762 0.938825 -0.038975
362.842041 100.761719 0.924825 -0.006365
890.498413 113.722229 0.882424 -0.151260
-1130.344482 -189.757080 0.810668 -0.024735
-1037.043945 120.028137 0.962660 -0.017305
813.885193 549.905212 1.155028 3.127406
-315.266846 -11.198975 0.907209 0.066038
740.617188 -408.769531 2.039713 -0.046257
740.617188 -408.769531 2.039713 -0.016089
748.805847 638.478088 1.050350 -0.166985
-877.270264 386.294373 1.038131 0.154361
659.170715 647.063354 1.071939 -0.142150
889.474670 -290.392090 0.705625 0.018320
-1256.525146 94.795410 0.986798 0.099857
-1088.390381 -54.100464 0.921161 0.137331
-1039.613037 -86.461792 0.900614 -0.114092
-1071.295898 366.195740 0.957125 0.173253
101.914551 128.933044 0.895304 -0.037876
101.914551 128.933044 0.895304 -0.087365
-366.639038 9.385620 0.828056 6.267040
702.219055 -150.532471 0.838912 3.142030
0.458496 322.819824 0.940993 -0.001171
495.733154 128.026978 0.981061 0.014248
-328.880493 20.513306 1.030050 0.099862
-199.670044 -531.927612 0.641468 0.010614
-305.713623 4.393311 0.985853 0.016388
89.121704 354.361145 0.979695 -0.004667
-929.264893 331.801758 1.035682 -0.078130
-929.264893 331.801758 1.035682 0.122669
-280.648315 6.038574 0.979968 0.087261
-192.402588 149.715210 1.008546 -0.095352
-235.753052 457.161560 1.070231 -0.024257
575.762817 653.866150 1.079221 -0.055070
575.762817 653.866150 1.079221 -0.054962
383.458862 631.316284 1.047233 -0.069069
383.458862 631.316284 1.047233 -0.034601
114.090576 33.755737 0.954972 -0.080498
73.196533 168.130249 1.042807 -0.129883
-756.845459 72.027649 0.906108 0.077651
96.087402 -379.321411 1.209058 -0.144501
-129.011719 22.146118 1.025046 0.039612
915.951172 46.183472 0.963541 -0.023952
-504.957397 63.559570 0.867867 0.013999
-127.333374 391.388245 1.002005 0.008666
776.675781 619.945435 0.992307 -0.027701
59.201538 23.863403 0.897752 -0.086171
764.017334 -175.023926 1.070181 -0.685345
-946.034180 -398.097778 0.808655 0.016248
-779.482178 391.336548 1.036039 6.224621
-779.482178 391.336548 1.036039 0.181241
-114.026733 382.487976 0.983467 0.038759
-1119.639893 64.236511 0.962469 -6.133173
-577.964600 493.251343 1.068326 0.106455
897.327393 117.914856 0.999888 -0.041974
-1091.933350 304.492310 0.969564 0.017225
368.133911 62.542419 0.998365 -0.084781
802.628113 -412.783203 1.803936 -0.024318
860.023865 -236.041260 1.098166 -0.019744
860.023865 -236.041260 1.098166 -0.204801
-736.413574 373.617126 0.979825 0.017603
-993.009033 -74.607910 0.856200 0.040478
-9.994385 194.707397 0.908021 0.001642
-1063.802246 381.210693 0.998702 0.181935
-237.466675 426.653015 1.042574 -0.015653
289.057007 38.372070 0.954756 -0.141957
587.860779 655.370850 1.058076 -0.076610
587.860779 655.370850 1.058076 -0.179399
-726.718750 393.671204 1.011544 0.070999
-726.718750 393.671204 1.011544 -0.011327
-726.718750 393.671204 1.011544 0.010028
788.461304 644.768005 0.955573 -0.044345
-279.287354 -292.933105 0.851508 -0.000944
-279.287354 -292.933105 0.851508 -0.069411
1045.780273 116.218384 0.895870 -0.212697
-20.717285 317.782532 0.948465 -0.050026
180.637451 -40.347046 5.957728 0.104870
-753.449219 368.330872 0.980725 0.098092
-1282.000977 102.489197 1.061935 0.164104
520.538208 176.379944 0.771386 0.004686
993.556885 103.248352 0.808138 6.158817
177.539551 355.298767 1.010482 -0.011614
-195.264160 20.482910 0.859739 -0.012336
-265.556885 -12.368774 0.992659 -0.005744
-921.391602 308.898315 0.984242 0.015855
-1028.380615 -394.003418 0.796930 -0.080334
-206.604370 483.722961 1.009533 0.139904
84.775513 34.923767 0.892630 0.050537
84.775513 34.923767 0.892630 -0.058169
-774.902344 35.656494 0.956320 0.014768
-774.902344 35.656494 0.956320 -0.063246
-1082.206299 362.772583 0.970347 0.063663
-883.364746 70.635193 0.889541 -0.000314
132.918945 486.578918 0.999634 -0.007120
-1120.660156 -204.834351 0.855380 0.125287
-791.201416 374.361023 1.065799 -6.186376
-791.201416 374.361023 1.065799 0.049908
-398.699829 466.584167 1.033956 0.018573
-398.699829 466.584167 1.033956 -0.150132
-1161.141357 76.332764 0.878217 0.139685
-1357.331299 549.954712 1.098124 -0.033142
-718.704590 368.308472 0.962298 0.108907
-718.704590 368.308472 0.962298 0.053655
113.010986 271.705933 1.020016 0.010637
-23.588013 403.392822 1.025479 0.078029
-259.424683 -68.527954 0.871600 -0.006181
-625.000610 42.550964 0.876580 0.082097
-336.537231 -275.820190 0.842144 0.068986
956.046692 -64.136108 1.055070 -0.043244
-311.490967 129.971802 0.910561 0.081778
641.556335 627.749329 0.970594 -0.054176
-25.533203 418.858276 0.968464 -0.017989
-1072.121582 301.512695 0.969500 -0.058653
109.405273 7.586792 0.953121 6.241205
109.405273 7.586792 0.953121 -0.002526
-571.501831 278.759338 0.974525 -0.059425
-571.501831 278.759338 0.974525 0.033786
-796.665771 409.798157 1.063365 0.122076
-796.665771 409.798157 1.063365 0.166663
-731.423340 368.530762 1.005986 -0.043474
-731.423340 368.530762 1.005986 0.072948
-1196.180664 301.677551 0.926584 -0.009935
-688.720459 -191.562378 0.862165 -0.007546
-748.259277 373.452698 0.997342 0.011933
-739.177979 -204.399048 0.864330 0.024241
333.382324 -77.974121 0.890572 -0.144124
-871.923584 392.959717 1.004868 -0.033892
-806.371826 367.624390 0.936254 -0.015185
-806.371826 367.624390 0.936254 -0.014290
610.717712 361.845642 0.991450 0.000720
-138.064697 -82.216797 0.927315 0.033721
-209.186768 350.289734 0.975725 -0.003863
-1209.752686 115.459106 0.904009 0.061680
-64.672241 15.963501 0.937825 0.029127
-106.087402 351.079224 0.979103 -0.004288
-967.789307 -10.722900 0.846428 -0.070733
487.186157 -374.514771 1.165850 -0.138739
898.940430 23.113892 0.908305 -0.201562
-1029.420410 -512.596924 0.761501 -0.026771
-893.977295 404.237244 0.924117 -0.097097
395.908875 69.367310 1.006683 -0.111560
-661.540771 288.340332 0.999689 0.027839
-1030.996094 360.668091 0.967200 -0.047031
-1030.996094 360.668091 0.967200 0.090540
686.812744 193.160095 0.895508 0.003870
-1040.850342 -217.671021 0.939298 0.013984
-650.456299 -203.223022 0.758232 -0.108962
-534.812622 -185.741577 0.913648 -0.004612
-534.812622 -185.741577 0.913648 -5.995491
453.198303 105.984131 0.880478 0.027074
1006.477051 -517.021484 0.834948 -0.013338
9.910645 -84.298706 0.955082 -0.028637
84.326660 141.898804 0.936114 0.093324
-387.599365 142.822266 0.885779 0.045663
-847.282471 -440.900635 0.764746 0.164488
536.258728 116.317871 0.925195 0.041792
536.258728 116.317871 0.925195 -0.112782
-1060.138672 373.364258 1.012548 -0.034233
-1367.162354 609.886963 1.026149 0.046339
272.184204 10.031860 0.949027 -0.000210
-635.933838 241.415527 0.951081 -0.075242
527.497192 361.623108 0.972995 -0.009878
863.848389 103.585754 0.964554 -0.164647
-732.148926 -189.940186 0.821774 0.069988
302.755981 -236.672119 0.796044 -0.042005
169.968872 509.012573 1.217326 -0.145197
-959.775146 -63.566650 0.909221 -0.043663
131.007568 498.151855 0.926467 -0.085745
131.007568 498.151855 0.926467 -0.086762
174.094849 179.260803 0.903440 -0.113166
-387.979492 216.293945 0.930668 0.120483
41.827759 339.965393 1.030104 -0.010937
41.827759 339.965393 1.030104 -0.014580
1050.749634 550.830566 1.038702 0.045738
-822.239014 73.819458 0.930489 0.151957
162.566162 157.737000 1.037067 -0.082716
-877.085693 377.023743 1.051401 -0.117009
607.554138 -363.143921 1.989611 -0.008762
-818.461182 402.756226 1.029269 0.019572
-3.482300 248.853638 0.922264 0.042850
-547.633057 76.879028 0.943521 0.115351
-547.633057 76.879028 0.943521 -0.029729
-1023.208008 113.358093 0.899441 0.175341
917.297852 566.043823 1.110006 6.159120
-7.373169 300.394653 1.009134 0.027741
-7.373169 300.394653 1.009134 -0.044385
804.311768 190.859619 0.961589 -0.199712
-113.881836 320.516907 1.012545 -0.057609
780.080139 -254.643921 1.018723 -0.125962
588.371643 -359.373901 2.104429 0.020641
281.369873 1.695801 0.861368 -0.065706
281.369873 1.695801 0.861368 -0.256543
379.112061 40.476746 0.939158 -0.033896
-203.327759 401.360718 1.020404 -0.003812
34.144897 105.774963 0.952242 0.039522
843.259521 113.819641 0.942651 -0.105714
-815.389648 18.898193 0.912231 0.024191
-815.389648 18.898193 0.912231 -0.242479
-906.381836 325.590698 1.001905 0.062232
-85.422974 8.725952 0.914176 0.004616
351.455322 177.593262 0.895353 0.004290
-52.020508 136.095764 1.041601 0.049199
380.850708 103.106445 0.872446 6.190169
383.164795 644.641907 0.993233 -0.047286
785.646423 241.591370 1.009971 -0.067995
-724.709473 378.461182 1.049276 0.097410
310.518921 7.014771 1.006506 -0.017135
-390.608276 165.071655 0.916749 0.036889
-771.535645 367.109375 1.008166 0.082073
762.684265 562.930542 1.012207 -0.049081
-295.585205 476.201355 1.054751 0.015213
-295.585205 476.201355 1.054751 -0.055514
519.057678 -381.419922 1.229766 0.022044
553.580139 644.164795 1.094145 -0.072465
256.791870 55.266296 0.999891 -0.034707
-101.067017 399.467163 0.938337 -0.093073
-101.067017 399.467163 0.938337 -0.032603
403.973206 57.436157 0.956445 -0.051600
-185.467773 332.198059 0.943229 -0.018438
-566.477905 240.042603 1.008648 -0.046299
703.727905 273.112671 1.103385 -0.046285
75.314697 227.132385 0.937666 -0.022041
75.314697 227.132385 0.937666 -0.056133
-1042.398682 90.496094 0.943782 0.151157
115.244141 129.544312 0.958533 0.047994
-835.108887 71.786926 0.978689 0.045355
-411.565674 203.619812 0.916401 0.132255
618.441467 563.249878 1.043426 -0.117711
698.266174 -412.247803 0.817532 6.124683
698.266174 -412.247803 0.817532 -0.192636
410.329956 645.138428 1.129237 -0.068362
410.329956 645.138428 1.129237 0.053011
25.000977 34.061035 0.980173 -0.074572
665.430359 26.310425 0.901787 -0.103926
-1082.566162 -206.969482 0.864597 0.002958
-1082.566162 -206.969482 0.864597 0.080111
-326.133301 29.375854 0.912372 0.114489
-1097.131348 117.183533 0.982463 -0.037606
581.741150 311.716675 1.002650 -0.207093
844.693848 100.273010 0.988166 -0.045080
844.693848 100.273010 0.988166 -0.092031
-1207.154785 89.437561 0.887650 -0.021760
-1056.994141 -204.604004 0.920618 -6.165275
-1047.534668 301.656311 1.002957 0.021957
411.324402 66.191956 0.967430 -0.064781
534.097351 65.826233 0.961703 -0.005265
-674.270020 73.352783 0.947433 -0.039849
-291.090942 -355.079834 0.826845 -0.002485
871.171936 49.945984 0.958404 -0.052427
-1050.070068 385.146179 0.918835 0.029049
-892.123535 -187.358276 0.826321 -0.023001
-186.102051 138.911926 1.085652 0.003826
902.905884 -164.434326 0.966486 -0.237318
-1272.698242 60.386047 0.907143 -0.020015
619.153564 -377.400879 1.960763 0.105081
-867.112793 396.143494 0.943924 0.094284
-1031.789795 -207.688110 0.806996 0.048438
-295.131836 495.127686 1.060617 0.050355
673.403625 401.125366 1.133438 -0.011041
335.437744 307.658386 1.009475 0.032282
-1054.982178 403.201416 1.013161 0.079213
498.963135 -374.267090 1.240104 0.015974
836.911194 28.573242 0.933868 -0.202716
-577.083252 -308.515625 0.933710 0.169462
-771.360596 410.403198 1.031593 0.044199
130.225220 134.421021 1.044139 -0.159640
627.037842 23.236084 0.960583 -0.021596
761.092346 578.684875 0.998766 -0.043684
-1231.634033 300.213318 0.891950 -0.022993
-40.387939 489.557739 1.104102 -0.116388
-40.387939 489.557739 1.104102 0.011078
853.822815 103.295898 0.954729 -0.034058
853.822815 103.295898 0.954729 0.008139
1000.669983 153.803040 0.988623 -0.014006
-636.738770 255.216309 1.010339 0.048070
-636.738770 255.216309 1.010339 0.012419
-331.694946 6.718018 0.924005 -0.015655
-19.738159 189.437927 0.952853 -0.095252
-305.790894 315.638245 0.996779 -0.055133
-1018.876709 -15.815552 0.823784 0.066310
-1105.510254 263.824707 1.007667 -0.043285
-323.901733 -278.005615 0.911358 -0.102935
-123.813232 -57.115845 0.803315 0.026499
561.925293 93.324158 0.929379 -0.006211
-805.549561 394.227478 1.007800 0.072314
-805.549561 394.227478 1.007800 -0.000973
-264.182617 -355.742310 0.833232 -0.000919
530.019104 -368.328369 1.426017 -0.084872
81.078247 320.822388 0.980947 -0.033913
-943.188232 305.868347 1.008996 -0.001218
563.299255 655.571106 1.010210 -0.073833
-18.882324 141.887573 0.957069 0.059006
900.875000 -359.678101 0.770967 -0.151282
-415.988525 197.528442 0.959333 -0.000106
-1113.897949 86.128052 0.989240 -0.081083
102.080322 18.669189 0.916378 -0.032420
699.612549 362.669617 0.994020 -0.000960
-938.270020 66.225769 0.987171 0.142103
555.683167 78.586609 0.954917 -0.080905
-1083.406006 -188.980591 0.862579 -0.006160
-577.234009 56.332947 0.829327 -0.071851
-866.382813 386.885437 0.987969 -0.033543
337.018433 -421.310547 0.933549 0.002462
-1047.096924 401.988647 0.992605 0.008952
-1047.096924 401.988647 0.992605 -0.026610
722.663208 571.375732 1.041399 -0.031041
382.073120 4.428589 0.850122 -0.002392
-133.979370 -55.092285 0.863703 -0.041608
267.980713 103.485413 0.909517 -0.212422
267.980713 103.485413 0.909517 -0.044157
-884.237061 369.601807 0.983837 -0.025939
924.039429 -358.287598 2.138048 -0.069305
267.313232 60.044678 0.921852 -0.179726
-48.738892 387.510864 1.131376 -0.031291
-1181.863281 153.938477 0.984052 0.098079
-581.256104 253.257385 0.967992 0.057434
608.226563 -172.687866 1.025895 6.150168
420.266968 253.191589 0.896327 0.026413
866.321838 552.573425 0.942487 -0.079360
300.434570 85.754272 0.980357 0.064974
-614.411377 238.581421 0.880536 -0.032148
-303.053467 -316.091431 0.855448 -0.006481
933.744141 175.499573 1.042933 -0.045959
-405.846924 120.615601 0.883325 -0.024703
-920.341797 2.127930 0.825429 0.121348
385.382751 -308.050781 0.952117 -0.000803
375.212402 307.854431 1.016959 0.000141
-210.265015 -293.333130 0.785870 -0.157870
318.418213 243.252686 0.921530 -0.000708
995.549988 -177.845581 0.907251 -0.050406
-654.517578 -217.843384 0.786986 0.038152
591.231628 423.075745 0.983883 -0.039254
462.716370 79.414795 0.853338 -0.071483
560.038269 362.214111 0.994786 0.006219
-785.323242 398.575378 1.052275 0.156527
-534.519165 -213.932617 0.899004 -0.064395
1088.406494 113.126587 0.811741 -0.118391
1088.406494 113.126587 0.811741 -0.136413
104.798950 34.005188 0.943756 -0.039790
-628.296265 95.296082 0.876526 -0.106484
-935.120605 -265.253540 0.769585 0.145513
-935.120605 -265.253540 0.769585 0.053411
-718.327393 411.668457 0.974948 -0.015726
-718.327393 411.668457 0.974948 0.073505
152.879883 489.691467 0.982054 -0.008657
277.208618 20.717041 0.908046 -0.179465
-763.707764 402.338257 0.972704 0.003217
740.588013 -426.447876 1.941779 -0.018014
-938.326660 75.345032 1.054131 0.109423
-691.968994 -397.496338 0.794066 0.020778
625.185181 139.131531 0.853108 6.103642
-788.636719 31.458008 0.910188 -0.002106
747.606201 -432.378784 1.393510 -0.096367
-95.478394 415.315430 0.986492 -0.054292
-95.478394 415.315430 0.986492 -0.046511
-617.721802 18.713379 0.847447 -0.011065
340.101929 116.917969 0.931119 0.010272
558.914795 85.712158 0.923456 0.010287
-949.350342 186.216492 1.020133 0.159959
621.902893 90.958740 0.754211 -0.100836
-817.644287 -313.125854 0.857857 -6.091308
945.549194 336.289429 0.977348 -0.104960
945.549194 336.289429 0.977348 0.011224
863.378357 -68.159790 0.831506 -0.085307
-308.102051 -113.023438 0.784655 -0.022625
789.016663 549.070313 1.070922 0.005334
537.953674 579.225830 1.060778 -0.037136
-144.486938 389.059753 1.008003 -0.099566
-1132.828369 96.399048 0.983132 0.067863
430.333069 232.368286 0.991835 -0.027436
-553.432739 -59.628418 0.730660 -0.083811
999.133423 344.902832 1.015681 -0.143374
-984.839355 318.123474 1.018259 0.033149
-548.360596 277.927002 0.959227 -0.170511
-102.036255 295.153564 1.006782 -0.010401
-102.036255 295.153564 1.006782 -0.102700
-75.748047 237.795959 1.050777 -0.031553
-1304.857910 108.154236 0.974818 0.290070
722.459595 644.242432 1.110129 -0.102621
-979.052734 -75.358276 0.792695 0.081560
-979.052734 -75.358276 0.881332 -0.035689
720.641663 410.104065 0.990322 -0.070320
-512.786377 56.935303 0.979600 -0.054402
1048.668701 154.221680 0.892518 0.008777
-781.752441 43.986816 0.895838 0.121832
-407.096191 310.911011 0.989145 -0.155410
-407.096191 310.911011 0.989145 0.211261
-821.333252 396.695984 0.933709 0.096032
469.774353 214.717407 0.972819 0.055349
65.442261 29.077881 0.894859 0.002195
-195.527710 394.333130 1.036424 0.166168
-239.508545 3.956055 0.886487 0.039215
-239.508545 3.956055 0.886487 -0.038151
880.696838 -249.960693 1.023854 0.069994
-506.621338 616.224121 0.563700 0.027621
-1103.941650 111.110901 1.079224 0.186047
450.086670 311.752747 0.969391 -0.083262
-540.745850 -191.930298 0.847551 0.001823
-1307.746338 131.002075 0.895392 0.196128
-635.598877 285.933838 1.060978 0.016595
198.846924 474.084106 0.962041 -0.067401
198.846924 474.084106 0.962041 -0.039774
-1037.826660 403.906799 1.070674 0.020206
-1037.826660 403.906799 1.070674 0.044620
843.805176 138.705383 0.999814 -0.178188
-1255.951904 8.393921 0.944671 -0.027143
624.309509 15.473877 0.942350 -0.011453
624.309509 15.473877 0.942350 -0.125522
-581.072998 -213.355225 0.843228 -0.114976
601.768738 267.065063 0.848035 -0.046242
-30.348633 332.175842 1.009533 -0.124279
-1256.175781 900.527710 1.231824 4.519115
603.933655 24.584106 0.883670 -0.075952
382.237427 614.146606 0.987663 -0.132364
968.863464 331.621948 0.929713 -0.126468
-542.281616 241.687073 0.935431 -0.009854
-1024.146484 403.802185 0.987508 0.000002
-1024.146484 403.802185 0.987508 0.011388
307.212402 75.327698 0.953651 -0.195520
-761.161133 -186.958984 0.882712 0.132065
-761.161133 -186.958984 0.882712 0.114287
-1016.298096 302.773560 0.948977 0.003814
484.150635 53.575745 0.956570 -0.150314
626.187073 344.573486 1.000875 -0.047029
-761.482178 310.598755 1.048679 0.114065
-842.913574 377.607422 1.021871 0.097469
-694.140869 -82.163818 0.841519 0.029000
29.697998 -85.272705 0.823947 -0.113442
552.145569 424.253540 1.019480 -0.110049
525.712097 117.381287 0.996577 0.053430
627.454102 123.944885 0.907106 6.152986
838.929504 63.378235 1.023219 -0.045974
58.389893 158.823853 0.897026 -0.028477
-350.593506 337.006531 0.982669 -0.105709
775.575745 643.294800 0.972338 -0.127912
-706.425537 612.159302 1.088716 0.092616
142.777710 305.947937 1.034351 0.010571
-137.160767 386.036194 1.060551 -0.094036
-1068.588867 -465.585083 0.836227 0.155761
-291.407837 191.187012 0.915376 -0.015144
388.383179 -74.230103 0.901074 0.050254
502.776550 74.009399 0.859815 0.051937
-579.860596 313.210022 1.036975 0.042340
5.317139 127.299255 0.869973 0.049893
-1032.502441 401.461487 1.165988 -0.129171
56.662598 172.902039 0.994850 -0.136692
138.362305 -79.891602 0.922312 -0.086998
482.764282 125.593018 1.045997 0.085369
92.708252 32.006287 0.970737 -0.032344
-521.034668 -187.613892 0.966435 -0.042124
-401.692017 136.381226 0.976238 -0.007825
-401.692017 136.381226 0.976238 0.042872
-249.766724 10.250610 0.991312 -0.001073
921.023315 445.043884 0.367502 1.732367
151.909302 344.580200 0.947239 -0.029300
801.778564 333.550171 1.001549 0.010581
465.480408 340.824585 1.014958 -0.080998
984.525391 332.324036 0.978655 -0.018839
811.870667 315.795593 0.967096 -0.121343
955.247375 310.303040 0.982376 -0.110410
-89.979370 214.874207 0.980125 -0.019598
-185.963257 -530.160400 0.830637 0.000001
1040.075806 574.044312 0.993745 -0.088530
359.753174 206.963562 0.986829 0.042142
359.753174 206.963562 0.986829 -0.055984
-158.463745 24.003052 1.020778 0.013941
-262.227173 188.880310 0.939542 0.077906
-726.537354 88.358582 1.024304 -0.008902
-742.319580 369.400269 1.056032 0.006563
707.651611 389.084961 0.978125 6.099774
603.715637 255.634094 0.899965 -0.029513
-700.451172 -525.304077 0.724093 -0.024643
-636.626587 590.872803 1.050376 -0.013281
-244.384033 158.147705 1.005782 0.004217
-972.371582 304.593811 0.972175 -0.024822
467.368103 115.583069 0.916154 -0.054603
-971.823486 -85.190063 0.840926 0.193125
-732.065674 601.578308 1.089589 0.052123
-745.489746 299.935608 0.979611 0.076946
69.098633 319.734192 0.970917 -0.029066
-181.056519 91.955994 0.773406 0.030076
866.984985 581.517700 1.013284 -0.189889
866.984985 581.517700 1.013284 -0.034348
-209.598267 297.650696 0.958273 0.101222
-799.455322 290.312927 1.002632 0.043489
570.109619 308.194153 0.967521 -0.029967
-133.853394 400.649475 1.051193 -0.026273
886.086426 -19.878174 0.889213 0.056216
544.389465 90.392334 0.886336 -0.036510
-154.523193 395.543640 1.102517 0.048016
-374.827881 479.758240 0.976187 -0.002009
784.294189 573.026123 0.921947 -0.020819
913.244324 334.673889 0.977554 -0.199384
-195.959229 418.324097 1.043458 0.068526
-549.785645 324.221680 1.093255 0.014329
74.800781 205.241150 0.960670 -0.023418
-952.090088 325.266052 0.977522 -6.207448
-923.166260 19.812256 0.930080 0.040085
-166.211060 -83.864502 0.943254 -0.025704
-558.746704 324.098206 1.022210 0.012757
981.929810 173.800964 0.958556 -0.029881
981.929810 173.800964 0.958556 -0.146636
544.754150 116.783875 1.009000 -0.055300
-700.139160 103.383301 0.936658 -0.086900
-48.260010 396.674927 1.017245 -0.046786
96.309570 495.635925 1.057400 -0.001983
267.081177 206.965210 0.909088 0.042804
-222.260986 4.115112 0.905255 -0.044591
63.597900 165.018982 0.937876 -0.139057
-498.970459 154.174805 1.043470 0.072209
-498.970459 154.174805 1.043470 0.059989
-47.090332 -173.273193 0.847447 -0.010617
-846.097168 -200.000610 1.335928 -0.068608
-846.097168 -200.000610 1.335928 0.098698
302.840576 36.207153 0.969224 -0.024707
-763.451416 383.932617 0.972461 0.048795
775.870728 -79.263550 0.945667 -0.169447
-740.640869 30.674561 0.861847 0.130811
-190.020020 389.065430 0.957361 -0.087138
430.327881 116.883301 0.966145 -0.141953
430.327881 116.883301 0.966145 -0.046892
-1018.770752 289.658569 0.994473 0.146305
-250.740967 317.880310 0.985101 0.040701
529.257019 229.487183 0.957716 -0.180503
-165.761475 391.258057 1.019066 -0.017707
-700.131104 64.699768 0.939550 -0.010008
-300.526123 -60.068481 0.945732 0.080345
-759.542969 613.548340 1.073711 0.085806
-680.267578 -220.134766 0.848662 0.046243
-1301.336426 171.795837 0.926247 -0.023197
73.067993 4.356323 1.074865 -0.100296
322.567993 115.750977 0.741359 0.063595
-729.273193 -197.693115 0.807937 0.070371
-76.430298 20.328979 0.857053 0.090831
-1028.283691 387.187073 0.963312 -0.068331
-847.604492 -414.787720 0.671328 -0.023177
-736.176025 -212.507935 0.879062 0.023580
933.230347 118.389465 0.894378 -0.206937
-277.221680 -348.174683 0.748780 -0.119434
690.096191 83.234619 0.898675 -0.088215
-969.933105 317.383911 1.034299 -0.009255
-400.740601 608.708862 1.076354 0.017943
-809.577637 324.744141 0.971120 0.089048
557.096924 650.941895 1.085552 -0.097980
-1046.317383 367.962891 1.057105 0.112241
-1046.317383 367.962891 1.057105 0.072595
426.985046 175.966003 0.912825 0.009588
730.274353 392.241577 1.002143 -0.069661
-540.405884 -205.742920 0.918332 0.027749
-540.405884 -205.742920 0.918332 -0.018328
-1313.058350 171.808716 0.939442 0.208305
62.207275 152.910645 0.906606 -0.047898
733.437195 409.997864 1.001883 -0.170576
354.083252 103.041260 1.070414 -0.169464
-884.170898 401.781860 0.995734 -0.032748
587.379700 387.816223 0.959905 -0.000143
-283.695190 123.566895 0.886989 -0.050601
917.616638 110.579468 0.835962 -0.008765
-560.828125 -321.657715 0.898437 -0.061513
-603.044312 310.127136 0.940237 -0.003336
464.717102 45.520691 0.888428 -0.043909
-183.148682 -9.440796 0.982923 0.005773
-659.010742 -1.008911 0.890144 0.173052
527.093445 578.011841 0.929513 -0.058835
765.808350 409.057861 1.044352 -0.090575
-871.130371 381.417114 1.101390 -0.001032
-871.130371 381.417114 1.101390 0.165386
-691.066406 -210.831787 0.880886 0.089380
-691.066406 -210.831787 0.880886 0.008671
-1032.238281 -319.800171 0.765664 -0.037002
-343.204834 146.983154 0.878161 0.137356
-790.077881 -206.134644 0.910872 0.002739
91.356445 170.202148 0.892295 0.029725
-624.495972 -219.836914 0.907766 -0.074731
-832.752686 381.510620 0.934278 0.049731
-1210.666260 -242.110718 0.887530 0.196546
-663.610596 -178.178589 0.828836 -0.016250
-604.547363 604.345398 1.096712 0.046060
983.425659 138.305908 0.940428 -0.121321
373.316040 215.330139 0.983552 0.009014
-625.885620 302.724609 0.903192 -0.010467
-751.827637 401.460693 1.069561 -6.240450
729.666626 354.828125 1.000865 0.006999
164.499878 176.660706 0.928072 0.022663
-158.036621 299.456543 0.976531 0.007248
-1183.196045 49.782715 0.813245 0.120912
332.331177 114.924744 0.893236 -0.107578
-752.008545 396.140198 0.977706 0.092220
-797.920166 145.750183 0.821453 0.015915
-169.567017 385.543701 1.092395 0.038131
492.108276 23.867432 0.973979 0.059751
698.689636 96.823730 0.915311 -0.018888
-1073.606689 45.263367 0.938244 0.138974
392.314331 313.195862 1.017555 -0.088905
-8.936035 306.131042 1.003305 -0.027246
-228.697388 418.156799 0.964874 0.084554
581.740784 637.229004 1.064504 -0.034116
598.117493 644.112549 1.159043 0.056031
-753.737305 386.265442 1.055229 -6.186010
57.199219 17.963379 0.950022 -0.001630
-375.894775 641.932190 1.050218 -0.050269
699.620911 652.978577 1.204377 0.071035
-346.109009 15.826050 0.888353 0.027186
532.115173 425.524963 0.977371 -0.041884
-1158.150879 309.358948 1.004609 0.148813
505.890869 111.031555 0.915035 -0.039754
505.890869 111.031555 0.915035 -0.104398
658.550049 581.997803 0.979021 -0.088261
95.614136 477.180176 1.129549 -0.015256
-723.691406 401.693542 0.976625 -0.007238
-934.989014 398.921753 1.119835 0.141531
742.246887 613.125793 0.998285 -0.006504
-951.553223 316.487549 1.018950 0.059506
-612.068970 57.620667 0.895592 -0.047430
-1021.365723 270.791565 1.033674 -0.064886
493.573364 345.293274 0.976245 -0.063783
-877.402344 -62.264038 0.835859 0.020077
-591.663452 -322.454590 0.809525 0.018442
-569.339722 12.128418 0.925603 0.036225
-603.406982 328.580322 0.974236 0.060071
601.867126 564.599365 1.097829 -0.152364
-745.926514 587.875244 1.072359 -0.019133
551.656433 565.906677 1.022268 -0.146035
-729.066406 -85.059692 0.974403 -0.005657
665.832458 102.660156 0.850833 -0.211239
665.832458 102.660156 0.850833 -0.122022
106.870605 1.350220 1.024255 -0.007107
-217.740356 -1.180176 0.970990 0.055952
-1104.827148 281.120911 1.025757 0.123904
-334.390869 315.262695 0.912677 0.021893
776.898499 -63.058716 0.798700 -0.095491
-159.870239 339.048340 1.115404 -0.033125
-174.015381 396.324585 1.039184 -0.000176
-614.433960 255.332031 0.979239 0.013601
-614.433960 255.332031 0.979239 0.059744
643.636353 87.654297 0.931300 -0.044775
-86.295898 94.703674 0.835009 0.021722
-346.139038 223.468811 0.959929 -0.153014
-610.026001 -216.905396 1.073958 -0.004817
-1267.361084 295.975220 1.017513 -0.054459
-1099.051270 -3.028564 0.900027 0.143497
-627.144897 602.567749 1.125064 -0.059069
556.232971 221.967834 0.958841 -0.005668
-1039.165039 64.347046 1.031456 0.115028
426.419434 305.687988 1.052444 -0.078824
632.218445 397.560425 0.892713 0.030677
-849.787598 382.897339 1.065755 0.012461
-849.787598 382.897339 1.065755 0.029994
-27.838745 -178.229248 0.890656 0.059297
-870.178711 308.768616 0.959953 0.051685
673.413635 244.131287 0.974343 0.012621
-208.626587 415.103455 1.068019 6.200459
803.884766 647.775269 1.017078 0.049460
803.884766 647.775269 1.017078 -0.034763
515.940002 73.036194 1.059998 -0.079718
108.570435 107.237549 1.081487 0.009979
-1024.190674 -10.603638 0.825011 0.007635
-345.594360 315.107727 0.961579 -0.054355
253.394409 219.616943 1.028986 -0.010950
839.068054 54.081177 0.868053 -0.034163
79.804077 270.395203 0.878807 -0.078737
-954.929932 -27.535645 0.732432 -0.170229
130.235718 104.156372 0.942451 -0.111611
981.339294 151.433289 0.955658 -0.278016
901.296448 225.184814 1.048085 -0.034819
1021.791870 170.100952 0.832477 -0.052763
907.783447 194.191467 0.948837 -0.028316
-42.173218 630.893555 1.076214 0.064691
-42.173218 630.893555 1.076214 0.013862
-767.120117 587.983521 1.157731 0.001841
-767.120117 587.983521 1.157731 0.125444
914.599182 -16.438965 0.830396 0.045323
-781.737061 601.691956 1.078641 -0.025311
-781.737061 601.691956 1.078641 0.063600
855.618774 -171.756470 0.830052 -0.199607
-600.473022 -263.295410 0.852009 0.044221
658.942993 106.407837 0.901989 -0.052410
-799.016846 282.266174 1.000781 0.047555
-799.016846 282.266174 1.000781 0.100346
-147.037354 318.809448 0.918984 0.077900
-16.283936 397.852051 1.035089 0.015927
342.403442 175.405945 0.875767 -0.009850
283.804810 93.732544 0.965698 -0.073897
80.552490 345.709717 0.974877 -0.042985
80.552490 345.709717 0.974877 -0.013189
343.043579 124.055420 0.883859 -0.158115
260.384766 246.084167 0.897760 -0.005605
-863.096191 -63.100220 0.827021 -0.007172
-623.017578 71.700684 0.893634 0.118063
168.141846 115.172119 1.007331 0.034929
873.616272 -12.607178 0.981541 0.021899
-527.031494 -3.848877 0.851179 0.068918
-527.031494 -3.848877 0.851179 0.053937
785.474548 621.208130 1.164957 -0.001052
668.191284 309.831482 1.037362 -0.119649
-646.562988 618.847900 1.058369 0.012536
-732.306641 395.959106 1.010772 0.004760
712.755737 135.413879 0.902772 -0.056272
712.755737 135.413879 0.902772 -0.116960
548.112122 49.888977 0.874599 0.020778
65.930420 227.997864 0.977893 -0.093522
492.225830 345.565430 1.039437 0.014882
-549.812988 302.297180 1.070151 0.013096
-549.812988 302.297180 1.070151 -0.033716
-146.804443 297.413757 0.967686 -0.040824
489.171814 175.472046 0.916629 0.025421
-742.413574 378.192444 1.023340 -0.113940
-742.413574 378.192444 1.023340 0.191087
-742.413574 378.192444 1.023340 0.068954
-742.413574 378.192444 1.023340 0.139183
-186.308350 393.130005 1.020007 0.045367
-1079.064453 -247.806763 0.782795 0.110026
-280.824219 332.612488 1.042451 -6.255054
841.327209 171.336975 0.986422 -0.024249
760.169189 417.646851 0.955696 0.070491
-366.598389 120.852112 0.911615 -0.239308
486.303772 107.388672 0.855934 0.092076
-136.431641 333.471863 0.978975 -0.019660
-1175.989258 208.107422 0.894743 3.092904
982.349854 131.210693 0.821389 -0.128710
812.820251 568.115784 1.036433 -0.064765
37.449463 145.727539 0.917359 0.032483
287.104370 60.837402 0.866386 0.054134
59.442871 305.738037 0.995617 -0.000458
756.233582 557.112549 1.727159 0.119388
740.463257 -417.758789 1.989464 -0.000166
697.367981 559.144653 1.016091 0.010762
697.367981 559.144653 1.596273 0.194983
697.367981 559.144653 1.596273 -0.147827
185.635376 300.713867 0.977646 -0.156381
698.903625 580.788696 0.974030 -0.156944
-1134.657471 117.035522 1.059701 0.090616
-9.200684 307.807983 1.100107 -0.008655
-383.390625 294.335083 1.031173 -0.032738
156.492676 481.603821 1.023098 -0.018994
4.148560 302.704041 1.007146 -0.042939
873.057983 54.238953 0.899954 -0.060992
-53.750000 643.901367 1.016877 -0.078504
530.913513 416.432007 1.036028 -0.012076
697.112671 647.712646 1.097772 -6.201924
-854.928223 146.057068 1.264716 -0.009207
-1215.908691 -317.755981 0.793261 0.144311
422.772217 35.738831 1.000508 -0.165758
82.322510 117.915894 0.876350 -0.044047
884.137146 315.605408 1.028277 -0.059096
263.126709 25.102661 0.895206 -0.012571
920.792175 -154.364136 0.807814 6.111917
861.623230 570.986450 1.109235 6.221012
63.008545 613.943359 1.047892 -0.156066
455.819885 76.868347 0.962745 -0.068894
-1364.512207 432.962585 0.962969 0.031379
1071.977905 85.366150 0.969674 -0.272786
-737.294922 -86.504150 1.093623 0.079502
-695.042725 327.857849 0.944220 -0.010999
-231.084229 24.263428 0.946474 6.145274
-231.084229 24.263428 0.946474 -0.154615
651.913757 12.730225 0.890305 -0.056074
657.302612 391.637573 1.058332 0.024775
4.724976 194.992371 0.969277 0.020744
829.556641 27.907593 0.820673 -0.097224
-4.361694 611.032593 1.057006 0.115010
687.083862 206.590271 0.939122 -0.039901
648.410522 389.369141 0.945710 -0.001623
-606.043457 -221.778931 0.970452 -0.055548
621.953857 101.915283 1.014326 -0.150141
425.805115 341.328064 1.044819 -0.129440
425.805115 341.328064 1.044819 -0.023164
-800.385498 595.442444 1.145579 0.081307
-800.385498 595.442444 1.145579 0.036324
224.838989 632.582642 1.052622 0.104199
-1036.638672 -179.940796 0.794847 -0.023753
-601.261108 326.610901 0.879895 0.049641
-704.890625 601.822021 1.096162 -0.011262
-1143.762939 162.468201 0.888302 0.009303
680.520996 183.072571 1.142778 -0.025231
447.007751 128.207886 0.980508 -0.005886
-529.924805 281.534302 1.043242 -0.022101
-666.271240 -191.884277 0.830638 0.028222
-309.609375 333.326660 1.068722 0.060718
-752.107422 -322.352051 1.081871 0.065196
-748.074707 11.874878 1.025393 0.017399
-877.522705 394.131226 1.040641 -6.125580
-1366.344482 550.695129 1.041954 0.130926
-1305.540771 121.840271 1.101825 0.195738
-1045.612305 276.269958 1.050077 0.024058
429.097351 470.523926 0.941527 -0.108608
-1272.711670 315.904297 0.984612 0.095987
-670.947998 34.668457 0.946959 -0.010250
-77.641724 418.114014 0.849373 -0.094387
153.093262 128.626282 0.929956 -0.105697
903.672974 -0.632690 0.786889 -0.057829
-718.833984 -63.129272 0.891991 0.040815
443.855652 235.726074 1.017465 -0.042896
443.855652 235.726074 1.017465 -0.032041
976.288452 33.764404 0.887165 -0.010872
976.288452 33.764404 0.887165 -0.182584
-25.066650 410.942688 1.064261 -0.133027
-953.937988 -45.333008 0.985472 -0.098770
-338.063843 133.944885 0.715560 0.068344
130.826904 216.418701 0.973860 0.121985
79.810791 225.274231 0.947470 0.039318
459.822083 234.866089 0.997229 0.088206
459.822083 234.866089 0.997229 -0.075173
850.590271 215.074585 0.828314 6.004016
-167.954712 420.947571 0.949957 0.045053
436.185059 41.903870 0.928997 0.032138
290.999146 79.901917 0.996900 -0.010801
-721.074219 -255.927734 0.809809 0.095910
-649.395996 -42.341431 0.840918 0.079497
84.586182 253.193604 1.018426 -0.085308
-745.763672 607.099121 1.195178 0.177022
-745.763672 607.099121 1.195178 0.092953
176.330444 173.614136 0.839470 -0.120837
116.305176 235.745178 0.908904 0.040802
-1367.895996 600.624817 1.060410 -0.070133
883.801941 -6.785156 3.020618 0.357774
698.205750 345.405518 1.035394 -0.038506
-650.132080 300.303101 0.956047 0.007797
725.754578 328.411926 1.007128 -0.077986
346.591675 259.454956 0.952741 -0.017788
-370.565430 204.003601 1.035265 0.109762
-1100.250488 -84.282715 0.868694 0.264851
266.266357 30.288452 0.930589 0.010865
985.712280 315.621826 0.938768 -0.182851
-716.381836 79.768188 0.910758 -0.213600
280.843506 118.509583 1.011027 0.048143
280.843506 118.509583 1.011027 0.049017
1023.799683 317.663879 0.955760 -0.142705
557.566895 637.766479 0.988877 -0.037727
566.348755 348.913208 0.969759 6.168124
-618.557373 -189.735352 0.905938 0.136430
-722.952881 610.310669 1.013358 0.103742
-416.860229 639.999512 1.020628 0.051479
615.611938 120.152893 1.056179 -0.000067
600.792786 340.454407 1.029728 -0.060950
545.778992 586.762939 0.958197 -0.007501
-687.689697 625.083252 1.124684 -0.040164
-53.320190 242.982422 0.872488 -0.028904
794.885925 151.787170 0.997851 -0.036870
384.812317 219.026245 0.995150 0.006740
-1142.963867 136.701843 0.975738 0.022257
657.933167 426.626526 0.999145 0.069496
907.015808 556.521240 0.998445 6.071095
-32.603027 402.324585 0.967679 -0.100462
-32.603027 402.324585 0.967679 0.016042
160.218750 272.187866 0.865852 0.012991
-742.360352 386.223877 0.972202 0.063261
-394.058838 477.119507 0.984423 -0.092878
57.708618 195.630249 0.869975 -0.008210
57.708618 195.630249 0.869975 0.105987
-1.755737 216.084412 1.059723 -0.058318
-1.755737 216.084412 1.059723 0.028698
678.568054 100.954834 0.945446 -0.127469
812.699097 163.080566 1.192940 -0.242464
-543.860352 259.011902 1.000728 -0.014307
-329.990234 297.358459 1.034876 -0.101243
-801.330566 4.081665 1.011652 0.012085
-776.865234 623.956543 1.021209 0.021823
-426.227539 209.162415 1.082622 -0.033868
922.595703 27.025513 0.778929 -0.102470
-125.110474 637.596252 1.104996 -0.042686
-666.202393 12.056885 1.024856 0.002258
584.654236 329.382263 0.983127 -0.028384
713.647644 413.267212 1.090150 -0.050871
-1307.892090 68.964722 0.957906 0.114608
1025.269409 356.136963 1.032112 -0.037462
352.565552 113.844543 0.952247 -0.032297
352.565552 113.844543 0.952247 -0.096011
-1133.696045 -8.002441 0.839422 -0.086142
-1133.696045 -8.002441 0.839422 -0.075682
-1250.006348 -7.734497 0.935350 0.103646
594.945740 637.560303 0.970018 -0.106796
-73.228516 245.382324 0.900287 -0.011082
-433.725220 640.195801 1.130255 -0.079807
-954.873291 -201.116699 0.852014 0.195251
-1173.086426 116.970581 0.993280 0.071368
-1310.572754 52.780151 0.785557 0.191521
-203.694946 84.085205 1.000181 -0.003731
-74.688721 619.848511 1.017745 0.047943
-562.416382 611.453735 1.052979 0.158536
54.295532 634.297424 0.980439 -0.142306
-878.382080 306.147583 0.879033 0.003016
-1162.983887 -514.550293 1.025461 -0.204511
-1044.865967 36.250244 0.891589 0.076164
81.712891 634.591919 1.102337 0.129112
81.712891 634.591919 1.102337 0.113634
-654.735352 629.010376 1.101628 0.067976
-408.042236 196.596008 0.944821 0.211737
-1146.885986 148.916077 0.843008 0.084914
146.182983 274.990784 0.916904 0.016301
175.578125 272.631287 1.018936 -0.001585
-529.850586 -192.188354 0.845700 0.050941
364.653076 122.066040 0.912117 0.014374
-811.108887 604.701233 1.178480 0.129939
-368.567261 633.339722 1.037758 0.048229
613.254883 173.463562 0.880352 -0.012107
-592.965210 611.485474 1.089365 -0.004014
-592.965210 611.485474 1.089365 0.115992
56.993164 274.745056 0.999644 0.038032
34.983521 188.450439 1.093521 0.084017
717.117249 398.794434 1.066959 -0.116755
-637.910278 629.484131 1.040361 0.091943
-673.270996 624.928711 1.044394 -0.110770
-673.270996 624.928711 1.044394 0.116639
-206.696777 99.652649 0.872962 0.084504
-675.419922 -20.590210 0.858374 0.002768
-133.685059 628.275024 1.195173 0.108610
-133.685059 628.275024 1.195173 0.007393
802.693665 222.996155 1.152634 -0.091851
-1341.226318 434.352722 0.990099 0.116895
872.139221 -2.713745 0.771500 -0.091468
136.336792 120.950745 0.954884 0.109966
533.964050 100.014526 0.912988 -0.080678
473.253418 200.542480 0.900173 -0.017042
-1288.896729 315.014343 0.979950 0.145789
1035.224609 89.942078 0.788729 0.031333
-33.446167 619.788513 1.027331 0.032169
540.314209 402.651428 1.207653 -0.096820
540.314209 402.651428 1.207653 -0.026792
993.222412 48.042603 0.771078 -0.007815
-685.741455 -215.794189 1.002094 0.088290
-569.765747 35.764404 0.717278 0.195532
72.611816 625.461670 1.105836 -0.104279
-868.215576 -205.317505 1.200244 -0.145988
-767.689209 -213.693359 0.804411 0.238569
-53.579468 620.073120 1.199562 -0.064855
347.974976 66.283325 1.059662 0.012293
-702.522217 -47.706787 0.847044 -0.053086
138.481445 614.519043 1.097131 -0.122075
294.548218 631.326355 1.096030 0.019032
-1127.665527 -13.221436 0.878421 0.088271
319.049438 111.922729 1.059421 -0.054645
-1083.473633 -197.984497 1.014868 0.169018
-559.226074 -19.187256 0.877632 0.109614
-395.881470 -158.963501 0.763925 -0.110261
-622.657227 8.726440 1.006955 -0.030729
-1122.368164 -310.624512 0.941041 0.074792
-539.539185 591.114380 1.026584 0.172297
763.232300 571.800720 0.986449 -0.145987
672.174744 27.069092 1.025799 -0.149509
-33.798218 230.403687 0.999284 0.055557
-1305.920166 -38.219482 0.975796 0.024751
249.324463 42.796387 0.952689 0.068395
243.831787 621.761841 1.019014 -0.043204
-1065.222656 53.185364 0.978131 0.172772
664.786804 177.359680 0.879042 0.135283
124.035278 616.747559 1.096413 0.008400
124.035278 616.747559 1.096413 0.008685
-550.231689 612.072876 1.018462 -0.006308
643.898743 418.148193 1.021002 -0.178314
91.985229 167.237366 0.924965 0.044846
-1047.336670 -408.056763 0.868022 0.040243
-1174.023438 87.645752 1.092307 -6.081492
-535.947266 607.083130 1.024716 0.101015
-535.947266 607.083130 1.024716 -0.102104
78.799683 144.128723 0.996317 0.010518
485.435425 214.892334 0.884519 0.099207
378.085938 59.698059 1.045825 -0.044469
617.586182 142.898376 0.941672 -0.211077
598.655090 350.529480 0.996715 -0.019070
700.040466 425.920532 1.048583 0.079304
-452.303467 638.093506 1.119275 0.030586
-1154.413330 102.963989 1.000327 0.128480
-235.563477 234.115234 0.960746 0.047238
-153.698486 198.760986 0.954031 -0.010134
-575.647095 637.096191 1.155636 -0.083075
-272.919312 623.818237 1.066392 0.004828
-272.919312 623.818237 1.066392 -0.114520
-1288.057617 -4.479736 0.843361 0.100785
-14.186035 635.654663 1.060089 -0.079318
363.640625 174.663269 0.908435 0.003054
753.486023 242.487854 0.848805 -0.120250
287.147827 100.820923 0.969180 0.080570
-667.830566 637.068237 1.043675 0.046123
-1124.267822 -589.990601 1.186551 -0.028861
-425.302612 644.298584 1.098632 -0.074449
-425.302612 644.298584 1.098632 0.007265
-785.575684 333.681519 0.870510 0.003160
92.501099 639.831299 1.095477 -0.071833
554.301941 173.434937 0.949152 0.001173
-693.581543 636.820190 1.093730 0.111627
12.330078 640.441162 1.091994 0.013436
218.713257 406.200378 0.709802 2.935185
-532.351807 589.808105 1.314014 -0.115419
-732.958252 636.061646 1.101075 0.012936
938.042358 32.570068 1.002814 -0.205482
536.183899 407.664307 1.032051 -0.045258
-364.521484 615.763550 1.005034 0.146581
842.111145 628.956787 1.253685 0.053234
-729.117676 55.382324 0.773524 -0.045775
-296.352661 -287.378540 0.894550 0.003317
-156.025024 140.326233 1.018710 0.053571
31.168457 645.412842 1.044932 0.172236
-195.285034 611.155762 1.011142 -0.072780
138.913208 624.875977 1.087165 -0.044884
618.203491 156.629150 0.794134 -0.149710
259.422241 621.787415 1.076990 -0.154658
-519.447632 2.833862 0.868967 0.013730
-638.796631 586.143921 1.133956 -0.012829
-439.771851 615.916382 1.060851 -6.258072
276.682739 614.696411 1.128918 0.002153
-650.233154 36.245361 0.905183 -0.042572
-656.738525 -19.028809 0.932542 0.002231
87.827026 626.113159 0.984300 0.030097
-232.214233 -343.648071 0.819749 -0.042494
-671.288574 644.911133 1.065546 0.131202
873.428223 347.830017 0.982840 -0.103093
-838.269043 274.250427 0.796837 0.032829
-489.848755 631.862427 1.225688 -0.171591
-279.445557 616.746399 1.006284 -0.009719
-1090.174072 -193.061157 1.484005 -0.113119
60.783569 649.008179 1.214296 0.008364
-232.003296 629.481934 1.061753 -0.003914
-1375.616943 435.660706 0.917196 0.087732
-595.334839 -255.849609 1.797207 0.133373
-59.875610 95.189575 0.947899 -0.003594
720.506104 148.958252 1.121763 -0.043501
122.699951 624.164673 1.058035 -0.079198
-200.304810 618.721741 1.095002 2.992070
-327.760010 198.236938 1.059699 -0.052627
-1065.682861 95.201477 1.000675 0.068084
941.089417 180.455627 0.909673 -0.151120
-1151.227295 -324.609741 0.735915 0.119834
335.004272 77.879456 0.981067 -0.098080
-680.958984 603.312012 1.206687 -0.059298
-541.111206 630.914429 1.169116 0.159025
-1364.472656 420.173950 1.037669 -0.106951
-1364.472656 420.173950 1.037669 0.038229
-545.682739 28.198730 1.010868 -0.049725
-545.682739 28.198730 1.010868 0.018820
-415.680908 210.881714 0.935777 -0.015489
-362.925659 169.716309 0.911225 0.111131
-389.417236 615.955566 1.096756 -0.034662
-647.694092 -54.881714 0.901143 0.036002
-23.484985 264.514954 0.960235 -0.073943
603.246094 184.873901 1.028549 0.055237
603.246094 184.873901 1.028549 0.106385
737.630188 232.596558 0.977227 0.032973
871.071228 555.366943 1.019894 -0.206322
-31.677979 186.305420 0.993643 0.083380
-722.091797 285.195007 0.976508 0.118109
904.999878 124.732483 1.080879 -0.172139
-868.710938 146.328430 1.417666 0.032557
426.587708 261.681580 0.949355 -0.072075
-995.635742 -63.809692 0.954274 -0.051298
85.937134 654.953735 1.213520 -0.018039
611.845032 566.667114 1.004295 -4.875602
-66.136353 619.141296 0.999956 0.012736
-66.136353 619.141296 0.999956 0.017410
-686.157471 54.156006 0.882721 -0.013473
781.638855 -147.601685 0.993243 -0.163315
-384.636353 625.630737 1.052809 0.044509
-714.239258 116.802002 0.986089 0.018574
-541.811523 605.276978 1.043007 -0.051119
615.328064 370.284912 0.969020 -0.003617
-680.374756 628.935303 1.005570 -0.025475
-688.324219 644.344971 1.137100 0.021158
-241.624390 632.762146 1.123346 0.093037
994.354736 92.611389 0.837384 0.077276
260.678711 613.891602 1.086703 0.044978
-1078.800049 -225.766235 0.734953 -0.122795
251.139038 624.782959 1.154964 -0.091160
-64.665527 642.352844 1.071003 3.097568
153.243774 632.836243 0.984430 0.099970
153.243774 632.836243 0.984430 -0.188766
93.178467 635.783447 0.997905 -0.040964
-658.602783 648.187256 1.133225 0.217238
-200.121338 604.231262 0.976448 -0.105522
-822.953125 132.638184 1.064272 0.068927
81.222412 619.735962 0.986726 0.035589
-81.183105 85.468628 0.851510 0.044363
265.294189 626.193420 0.969220 -0.109143
265.294189 626.193420 0.969220 -0.135139
414.131042 259.807922 1.064277 -0.037433
665.745544 556.631592 0.988545 -0.054519
677.242065 45.157715 0.898063 -0.121025
-923.369141 205.796631 0.949280 0.164922
-695.179443 -52.401978 0.916890 0.103098
-587.479370 605.666138 1.028620 0.102944
142.934082 642.802124 1.064898 0.005412
115.755249 631.504700 1.149117 0.038341
75.168335 649.454102 1.175896 0.025000
-535.926392 611.740967 1.079496 -0.046948
885.739868 448.258118 1.128681 0.017852
678.526917 28.800049 0.975401 -0.127640
143.835815 210.412170 1.014792 -0.024639
920.743225 167.820923 0.876770 -0.179320
-530.426147 605.160645 1.081090 0.011332
169.644287 627.206909 1.102822 0.024504
976.455566 40.798096 0.939059 -0.036952
1175.335571 415.398438 0.942330 -1.574629
60.585815 642.670044 1.144459 -0.057847
17.538330 622.922363 1.062882 -0.084281
149.430542 623.061340 1.272874 -0.034095
-739.992676 294.745361 0.998759 -6.194544
-50.812622 211.566040 0.961022 -0.101017
891.278992 12.428589 1.049946 -0.203953
-1336.293701 791.194702 0.673711 2.421525
641.083923 191.594116 1.109022 -0.031237
-212.405762 604.395874 1.028812 0.069330
752.979431 49.956787 0.847109 -0.199449
1025.833374 6.429932 0.853801 -0.002328
-383.417358 609.482056 1.175672 -0.082602
397.340759 347.734070 1.045428 0.081821
-425.221802 622.394958 1.048896 0.039999
421.319580 22.369995 1.012493 -0.184814
16.757813 604.575317 1.118230 -0.046892
-183.017944 632.992188 1.049831 -0.033866
4.395386 644.163086 1.117135 0.031584
262.216675 640.942627 1.264898 -0.006803
145.333252 632.232910 1.015967 -0.037443
11.419434 620.094727 1.118426 6.192992
-376.370850 632.097046 1.132852 -0.142058
189.589966 628.707031 1.124187 0.092228
522.171875 211.879700 1.004821 0.102382
-906.846924 22.239136 8.817087 -1.615497
-4.797729 264.841675 0.963488 0.022185
-1078.752197 74.781860 1.349908 0.200890
220.273926 643.744629 0.945678 -0.021497
-37.461914 625.095825 0.932885 3.139580
-746.031006 3.638306 0.915763 -0.006884
969.277344 79.106689 0.928532 -0.224001
310.428345 625.968750 2.962032 -3.184661
458.603882 249.567383 1.038989 0.023332
