-1066.363525 254.037292 0.737818 -0.009462
-606.087280 -20.256714 0.773880 -0.015934
448.918701 5.053467 0.757633 -0.013970
-1158.755371 175.132507 0.701834 0.019068
-417.834229 7.822754 0.784872 0.021349
-417.834229 7.822754 0.784872 -0.007981
387.181702 145.521301 0.782366 0.060130
172.787842 14.732300 0.767498 0.010635
647.656006 -4.992065 0.846959 -0.009374
1038.237549 568.350708 0.718139 -0.111638
-56.487549 218.694885 0.770606 -0.002642
-56.487549 218.694885 0.770606 0.041917
-864.240479 -35.397339 0.977960 0.032989
296.763794 85.219543 0.814075 0.196977
1028.011719 -260.807739 0.092662 3.249635
-404.385010 103.095459 0.832325 -0.040914
280.573242 237.566040 0.791898 0.064913
-910.119629 471.023193 0.744734 0.137418
273.570435 -16.404663 0.815958 0.066792
105.765381 315.353760 0.705411 0.032363
1079.158936 23.672363 0.843301 0.255138
345.341553 -10.770508 0.792312 -0.006280
-780.522705 -43.645508 0.784740 0.040035
-188.639404 102.530273 0.748128 0.020265
543.679810 -299.258057 0.900754 0.006432
-310.447021 196.985229 0.872353 -0.009664
658.741577 237.472412 0.732877 0.000468
-1246.084229 -44.258789 0.773489 0.067416
-683.132568 7.723877 0.840052 -0.040074
935.854614 -12.319458 0.817554 -0.036139
164.387329 104.786560 0.814002 0.007411
283.537354 399.709229 0.743961 0.015075
-813.353516 33.070923 0.814918 0.083905
-813.353516 33.070923 0.814918 -0.204635
1082.613647 164.457825 0.876595 -6.070855
-245.897949 -444.775391 0.964790 0.119740
-1202.862305 -400.362549 0.915395 -0.017533
-376.739624 66.744080 0.809049 0.012964
-1071.949707 146.893799 0.763918 0.046995
-1264.849121 103.185852 0.856107 -0.156006
-1264.849121 103.185852 0.856107 0.044736
-942.487793 -37.027222 0.849695 -0.096836
351.034058 91.197632 0.872528 0.025473
-1212.239258 111.761658 0.849343 -0.083473
553.536377 60.838135 0.844850 0.079793
829.119385 47.216675 0.873316 -6.180812
398.879272 -246.644165 0.873279 -0.024462
-1030.636719 -25.139771 0.899615 -0.026605
1055.371460 138.984253 0.819574 0.004500
379.147217 -21.543945 0.772333 -0.004201
-64.295410 159.167175 0.847919 0.026330
-841.784424 138.455688 0.846759 0.033520
422.095581 -168.565063 0.863080 0.016990
914.298462 79.231262 0.744926 0.055779
-718.122559 39.870667 0.771913 -0.022684
278.581665 -247.769531 0.872974 0.012103
602.072510 90.217346 0.802906 0.019342
-1173.656982 -44.300293 0.805991 0.025244
120.111572 -249.120972 0.884528 0.037884
-331.706787 -254.922363 0.903578 -0.082692
-555.252197 46.597046 1.009237 -0.082801
-559.527832 73.064392 0.820061 -0.010413
-1184.737305 -454.720459 0.970640 0.021460
912.075928 263.937744 0.812518 -0.005241
-410.991089 258.511841 0.729249 -0.054601
194.743530 -248.583740 0.865065 0.013111
220.698730 486.091064 0.740317 0.008445
888.068542 -240.982300 0.861047 -0.030920
-741.141846 -525.963013 0.999070 0.037801
770.834106 -241.449951 0.889675 0.023003
-481.416138 47.530762 0.803687 -0.132949
524.017151 -246.966309 0.891084 0.003510
-1291.309814 -44.123413 0.843426 -0.003441
202.511597 41.353699 0.867979 0.031633
-1077.650146 616.894653 0.612405 -0.090144
202.425781 -169.048950 0.922598 0.024147
563.475708 -243.815796 0.916297 -0.024010
425.434143 -300.574707 0.887779 0.037637
552.085327 26.664429 0.842201 0.077985
1002.649353 -237.151489 0.893225 0.030558
-1088.425537 63.859619 0.785619 0.044207
-477.511230 14.104614 0.897370 -0.017049
-994.237793 650.627319 0.708849 0.003241
1028.089600 -264.495728 0.817300 -0.066502
-1036.186768 104.412170 0.776063 0.085663
799.422058 -23.082397 0.868888 -0.039632
-1259.357910 -178.626587 0.880155 0.000571
992.868713 -158.928345 0.823543 0.062114
-503.553223 78.900879 0.830221 0.048055
-503.553223 78.900879 0.830221 -0.144099
-914.011475 -12.692261 0.888543 -0.108289
302.812500 48.251221 0.892848 0.061320
226.209595 -209.649170 0.840937 0.002903
853.595215 -158.217041 0.866091 0.029368
1046.782227 -362.159302 0.907713 -6.191955
1046.782227 -362.159302 0.907713 0.027424
-908.115723 49.376648 0.880573 6.085691
-52.672485 71.597656 0.824944 0.050202
-100.749634 42.140930 0.804103 0.004366
-341.511841 12.713135 0.827589 -0.136713
40.237427 -253.608276 0.887950 0.114214
-106.198730 -48.780884 0.798968 -0.046786
-228.111816 139.461609 0.845887 0.014988
754.430725 -367.864502 0.949011 0.024151
-1202.980957 -313.182251 0.924757 0.046250
-994.567627 -454.849365 0.956941 0.014222
-994.567627 -454.849365 0.956941 0.049903
-66.612061 16.222168 0.807187 0.029331
-974.618164 -188.218384 0.854242 -0.003819
-926.462646 -396.847046 0.966597 -0.024982
-765.022705 -71.751221 0.844304 0.040118
955.332397 100.002380 0.794282 0.142298
-43.361572 42.695374 0.793934 0.015855
-597.260254 29.477295 0.828032 -0.047383
42.527100 -85.793091 0.855868 0.013471
-623.851440 -70.045898 0.836364 -0.006568
-693.505615 -509.122314 1.011414 0.033848
-1125.667725 -395.498779 0.975924 0.026124
388.838989 55.694031 0.765514 0.101137
495.983704 -373.339478 0.940266 0.121770
-858.336426 -507.872803 0.974781 0.059455
268.990356 -305.705688 0.897709 0.028357
541.289673 -207.514893 0.841086 0.051807
-143.955688 42.811707 0.783584 0.008428
-238.998047 -518.726929 0.979818 0.020168
-752.555664 38.844543 0.861291 -0.034910
-890.135742 -397.899414 0.962054 -0.049936
-621.652222 470.112488 0.775635 -0.010739
-123.857544 -87.775024 0.898918 0.024933
-687.497559 -382.431763 0.892681 0.009502
-283.958862 149.879456 0.917007 -0.118594
-284.010620 204.674744 0.786903 -0.066433
-908.685547 158.488342 0.833525 6.101581
-1108.332275 -378.449219 0.934776 0.008942
-604.367188 -92.099121 0.845471 0.003926
-867.656738 -314.036621 0.891562 0.051669
-660.957275 -75.045166 0.836902 0.016183
-745.887451 -399.253540 0.957634 -0.013612
540.702332 563.058594 0.729957 0.334269
63.829834 44.304932 0.777037 0.003152
618.926331 58.865601 0.848052 0.006537
561.803406 -277.236206 0.862423 -0.034740
-1015.447998 158.091187 0.896358 -0.092846
-262.296021 -53.364014 0.830394 0.034086
-298.779419 215.265991 0.796542 -0.000917
933.241577 -69.586914 0.842771 0.012164
278.548218 52.503235 0.869128 0.150712
345.345825 -532.068726 1.028171 0.032114
-40.030884 151.873535 0.843759 0.042111
579.032959 73.239807 0.791425 0.097216
-369.244507 211.313477 0.829254 0.003412
-1003.765625 407.652100 0.730125 0.026030
95.149536 -165.774658 0.805605 -0.122851
17.882324 -11.990356 0.832620 -0.015640
-343.231201 172.730591 0.858232 -0.036035
23.297119 -119.537598 0.798053 0.081538
-163.288818 -540.555664 1.200488 -0.006632
191.810303 -533.098877 0.983646 0.002230
251.838013 -33.733032 0.770771 -0.030973
121.492432 96.627563 0.778951 -0.001259
-593.481812 48.088440 0.839240 -0.083086
-593.481812 48.088440 0.839240 -0.067813
-1142.110840 -377.419067 0.945553 -0.001786
-1185.433838 -94.496338 0.884411 0.063355
-1184.761230 -380.469482 0.912202 -0.003604
589.293335 15.190796 0.828518 0.107764
-54.289795 112.940247 0.881141 0.121541
-208.187622 -89.452881 0.870097 0.172850
927.611084 160.468506 0.826137 0.089008
-854.814697 -399.562134 0.961034 0.062734
-975.815186 590.868347 0.728486 -0.030420
-1050.866455 -380.384888 0.964262 0.008992
-999.834229 -398.724976 0.965730 0.012626
713.508179 -266.314819 0.909552 0.134524
528.983704 -369.692627 0.927203 0.042936
685.732666 -364.612915 0.921883 0.003509
-981.215820 -379.377930 0.993291 -0.001049
-1078.748779 -379.092407 0.952494 -0.004198
-911.503174 -378.054688 0.950391 -0.001930
781.439941 264.087769 0.785860 -0.031923
-916.612305 434.209534 0.694366 -0.005237
-1202.435791 -76.490845 0.853131 0.042791
-827.644043 67.658936 0.845346 -0.131298
-223.320190 -541.106934 1.036870 -0.005032
-380.041748 131.376465 0.859479 0.095386
151.440796 -49.305542 0.835710 -0.035401
-171.288574 108.328552 0.835361 -0.092784
-1001.632813 -526.394897 0.994809 0.004429
46.538696 453.492065 0.730122 0.012652
-1106.791260 -426.820801 0.919096 -0.057283
-914.736816 22.943115 0.936850 -0.150199
-914.736816 22.943115 0.936850 -0.140700
-694.204590 78.754822 0.835239 0.025470
673.214966 199.488892 0.839130 0.200763
-221.060913 -18.192505 0.781352 0.002049
-671.083496 -530.271606 0.962015 0.024220
29.582397 140.864136 0.871605 0.008068
320.722778 5.553101 0.852701 0.031416
848.412659 -243.811646 0.878922 -0.016995
-270.618774 129.097168 0.851675 -0.093400
724.810181 173.155151 0.756197 0.073052
-515.120117 47.013489 0.858672 -0.106046
1003.759888 145.188110 0.849232 0.107063
-912.474121 -54.704224 0.989348 0.083958
-884.902832 -507.774048 0.977288 0.024406
-1012.764404 -378.007080 0.941744 -0.000298
-576.859253 18.711914 0.858202 -0.046122
-75.612915 45.502197 0.765563 -0.002148
1018.604126 -24.834473 0.802022 -0.009432
-845.991211 69.546387 0.970559 0.000474
436.326599 128.837830 0.811634 -0.026621
-609.517944 -315.579834 0.930969 0.025856
778.255920 598.164185 0.703611 0.007495
278.726563 122.470825 0.819334 0.069183
76.464478 189.949890 0.771374 0.062000
-230.668945 15.356445 0.805411 0.057978
-749.308594 -92.829346 0.858792 0.019415
270.553101 -402.384644 0.912354 0.002542
-306.686890 -542.359131 1.022005 0.052657
-882.230225 465.252869 0.782644 -0.165919
-154.917114 -51.128540 0.816850 -0.039805
-120.586792 298.353638 0.784461 -0.012698
-979.280273 -377.927246 0.913828 -0.002562
-500.737671 33.427612 0.895852 -0.058231
-983.592529 -507.238159 0.996478 0.052442
-636.496094 486.230469 0.721232 0.054385
-1144.407715 -423.273682 0.930330 0.064408
-400.290161 125.728149 0.877301 -0.233037
-274.253662 184.508667 0.765885 0.033645
-426.282227 334.244324 0.753268 0.016934
121.525146 -48.489990 0.799728 0.022380
252.893555 378.041870 0.892093 -0.012705
164.146362 -31.884644 0.826678 -0.000273
-978.212646 286.463074 0.713921 0.021369
346.151489 45.123352 0.795521 -0.003942
346.151489 45.123352 0.795521 0.042754
346.151489 45.123352 0.795521 0.076745
-1042.508789 -58.451294 0.778187 0.056316
-1105.266357 -42.596191 0.857334 0.091571
-149.901855 420.172424 0.747059 -0.045524
-972.958984 -483.813965 0.996747 0.079131
-999.384033 622.846069 0.628242 0.058425
-920.903809 357.075012 0.737993 0.007397
366.495239 7.807373 0.928312 0.023381
882.198242 7.862915 0.814588 -6.176336
845.683899 61.488098 0.887930 0.158527
-1039.113770 446.443481 0.869374 -0.165543
274.756714 -171.417114 0.865841 0.018542
274.756714 -171.417114 0.865841 -0.017198
461.200989 126.052246 0.775601 -0.021780
-941.646973 581.011536 0.683484 -0.020570
183.810547 454.198364 0.759259 0.029478
309.775024 82.781189 0.851651 0.019952
-1162.093018 -395.757446 0.968174 0.033374
-721.611084 657.952637 0.747546 -0.017559
270.600464 73.032227 0.794325 0.145624
389.837524 107.844116 0.872559 0.106109
389.837524 107.844116 0.872559 0.159743
870.279053 181.224609 0.792240 0.083118
348.491089 -270.325806 0.893462 0.043493
-184.131714 -47.311279 0.898679 -0.074327
-184.131714 -47.311279 0.898679 -0.002305
1052.760010 -264.620239 0.871228 0.058909
509.850891 69.161499 0.795040 0.119738
635.963623 134.998108 0.821710 0.012760
-63.125244 131.987671 0.896804 0.029823
464.537598 88.020081 0.915604 0.155034
337.074097 33.702393 0.862271 -0.045526
245.918945 -163.103394 0.884189 0.043224
245.918945 -163.103394 0.884189 -0.059079
308.521240 125.037476 0.756678 -0.025663
663.507019 -71.707031 0.850833 0.000957
1040.402222 315.617065 0.761605 0.052927
54.919800 216.152649 0.651339 0.004975
-619.935181 292.809021 0.779251 0.001513
-282.968140 -20.737915 0.791664 0.000168
-763.680908 358.211609 0.696767 0.001834
513.072937 -475.126221 0.918842 0.064805
-769.421387 65.259521 0.824196 -0.006561
-138.423096 -36.708740 0.863146 0.000974
75.453247 -404.575562 0.931743 -0.002151
5.365601 151.206970 0.854411 0.046864
-278.619629 -36.963867 0.816640 0.002009
-881.572510 355.179993 0.727261 -0.018082
-1123.917236 -200.018433 0.969038 0.017367
-762.333740 488.086548 0.722919 0.014960
-682.906006 -313.002930 0.916729 -0.008023
609.937378 606.238647 0.684452 -0.117308
-1128.946777 30.333252 0.845461 0.013892
1037.360474 143.458740 0.809891 0.100460
-267.918579 -189.425537 0.888519 0.034181
-735.722900 490.052063 0.627797 -0.007341
-1053.924316 619.583191 0.670487 0.024811
50.480347 24.427246 0.877901 -0.007938
-1371.198242 474.177124 0.797512 -0.031341
1007.550232 -264.249756 0.903015 0.065319
-910.926514 609.047363 0.741866 -0.190984
-1019.652588 353.010132 0.723506 -0.051530
229.631714 -290.329712 0.851938 -0.012867
-969.055176 580.047913 0.739857 -0.005725
660.163513 524.242676 0.812395 0.001510
693.976624 -70.431030 0.827135 0.019540
-1362.498291 615.945618 0.699038 -0.041510
572.682190 40.539001 0.888151 -0.060254
675.820557 -270.645630 0.943659 -0.025816
-1184.683105 97.281982 0.942196 -0.114776
336.900513 98.840454 0.849013 0.008193
-31.830322 135.669189 0.781909 0.004878
-356.939209 161.815857 0.759345 -0.032813
-428.555054 -52.390869 0.839312 0.026698
-710.547119 290.498840 0.824828 -0.051703
908.361328 35.706116 0.769552 0.039481
1051.941162 -514.202026 1.044412 0.232031
-51.707886 278.159424 0.738215 -0.008520
-1106.924561 29.697754 0.928240 -0.024843
-397.360962 -54.960449 0.857693 0.036358
-251.954834 221.075195 0.866502 -0.002232
-673.538574 451.998535 0.681095 -0.007309
-995.016602 -376.556152 0.915715 0.006883
321.821533 97.151245 0.888997 0.023831
-53.452515 -36.692993 0.786672 -0.002321
-1191.340576 10.484375 0.822518 0.081654
1090.026978 -26.641235 0.843716 0.001561
-782.163818 67.026672 0.795939 -0.049349
-894.231445 -286.655640 0.899362 0.063901
359.130127 -290.223755 0.975359 0.015352
-927.865967 450.354614 0.712716 -0.081353
-1008.568115 -12.138306 0.860038 0.038503
-364.421509 149.249329 0.831917 0.016619
703.400757 117.797974 0.778410 0.022865
-1271.259277 -95.561523 0.866370 0.067644
391.669861 88.823730 0.777572 0.014184
336.618408 -289.963867 0.919137 0.026836
-1095.169189 411.509338 0.687749 0.005373
233.769653 -254.007324 0.932080 0.009182
369.392944 -243.104736 0.907409 0.046014
369.392944 -243.104736 0.907409 0.172344
46.475342 -175.122925 0.890680 0.037957
46.475342 -175.122925 0.890680 -0.055474
447.496155 -400.136841 0.968087 0.052332
481.345215 473.237610 0.732321 0.202654
539.237793 -396.124878 0.874422 -0.045750
392.588440 645.599365 0.640121 0.060974
1062.197998 -68.581177 0.825225 -0.141077
582.097534 180.440002 0.648498 0.009134
-955.397949 581.039368 0.758741 -0.028909
381.654297 82.663696 0.920616 -0.074477
16.707031 133.157654 0.786288 0.112309
882.822937 -268.562012 0.909408 0.064741
882.822937 -268.562012 0.909408 0.005250
184.341553 -417.012451 1.059631 -0.023439
1077.928833 85.438843 0.892515 0.178554
551.695679 86.684387 0.834417 0.063842
551.695679 86.684387 0.834417 0.100405
-925.717041 608.842651 0.781884 -0.014751
972.463867 181.127075 0.808359 -0.006752
-1273.363525 -187.767944 0.756296 -0.000185
407.992920 60.430603 0.813272 0.044011
502.627563 -287.496460 0.852267 0.006350
357.070190 -239.183716 0.864548 0.012698
-260.718994 170.730591 0.809140 0.045997
181.649658 -173.694824 0.885555 0.050362
572.863159 101.757385 0.849877 0.078895
917.117920 -519.823120 0.964634 -0.030308
-764.529785 76.654602 0.837354 0.162664
657.144470 -361.134766 0.934569 -0.014733
42.463379 10.409058 0.872910 -0.078830
417.125977 92.844299 0.776901 -0.028403
21.262573 107.266113 0.731220 0.070447
-660.825928 -448.847900 1.040324 0.043110
-369.018799 -19.826050 0.879600 -0.002094
-538.259155 458.901978 0.650789 -0.013827
-738.407959 -405.694946 0.975709 -0.085446
477.391418 -274.467773 0.870473 -0.026477
97.140747 -76.615112 0.853458 0.079578
354.172363 -401.443481 0.953016 0.056448
-770.219727 -480.579590 1.005068 -0.038494
-1206.889648 79.682373 0.810943 -0.031332
27.525757 -69.734741 0.838601 -0.062522
45.752808 -400.789063 0.895472 0.020428
-139.870728 -111.526245 0.822428 0.041357
-629.018188 452.932983 0.690801 0.018552
-1211.040771 158.649292 0.803107 0.016484
-1028.864258 -256.097412 0.919824 0.118110
-1028.864258 -256.097412 0.919824 -0.011829
711.660583 149.524414 0.789857 0.173792
98.900269 -179.111206 0.897334 -0.029833
286.600342 27.505737 0.858738 0.035987
474.209595 -452.113159 0.970563 -0.025027
-169.784058 449.341248 0.656154 -0.010215
375.707520 -164.941284 0.870454 0.033492
1052.508911 43.762695 0.783848 0.157971
-924.708740 5.072754 0.843608 -0.050826
661.397339 71.595825 0.851641 0.086623
562.569092 644.849915 0.699915 0.084298
257.382935 488.141296 0.777678 -0.029549
-957.344727 41.706726 0.972071 -0.152360
-1193.274414 331.328247 0.765908 0.003030
331.040894 70.127136 0.875897 0.138744
331.040894 70.127136 0.875897 -0.078796
-1040.327637 76.632324 0.798006 -0.001255
23.308350 157.996643 0.840805 -0.001859
23.308350 157.996643 0.840805 0.153920
303.873291 -290.484131 0.811350 0.003271
303.873291 -290.484131 0.811350 0.016563
-823.619629 10.421509 0.837697 -0.031745
514.752869 -170.281616 0.825433 0.014909
-399.977417 -36.036011 0.821442 0.000687
-1238.415771 123.635437 0.930110 -0.210024
248.322266 9.630981 0.855439 0.065045
732.582642 41.242493 0.827398 0.214206
114.689941 286.263062 0.720438 -0.004768
-955.909668 152.809692 0.920748 -0.111048
-454.877075 420.166443 0.828644 0.064270
-111.997559 -111.474121 0.827630 -0.004120
-1004.972656 285.306091 0.812748 0.062170
253.640625 -246.758667 0.947969 0.101843
253.640625 -246.758667 0.947969 0.071700
962.356567 -397.330811 0.929073 -0.029861
-29.063232 -382.144653 0.952375 -0.132188
-29.063232 -382.144653 0.952375 -0.006399
958.465393 180.032104 0.899194 0.032179
-290.456543 -36.027344 0.792661 0.001300
-851.474854 -287.909546 0.937625 0.012613
-17.008545 -382.057617 0.956764 -0.018868
-17.008545 -382.057617 0.851279 -0.248934
-17.008545 -382.057617 0.956764 -0.249747
-17.008545 -382.057617 0.851279 -0.181078
-17.008545 -382.057617 0.851279 0.144737
938.924194 133.128662 0.823673 -6.187045
-608.805786 451.854675 0.687973 -0.009759
-74.286865 279.112854 0.694354 -0.073229
-261.426880 -34.634766 0.824106 0.005588
-279.321533 90.838806 0.749185 0.010415
63.325439 13.261963 0.902473 -0.003689
-923.749023 -306.447754 0.871851 -0.017709
380.774170 -172.291382 0.864651 0.045959
505.211426 -301.208008 0.898212 -0.011607
832.501953 74.928223 0.790345 0.095104
-1170.450195 109.493286 0.926843 -0.178676
858.710510 -243.582031 0.850093 -0.008499
-1173.806885 -512.702148 0.995981 0.019344
809.226929 -267.820557 0.893286 0.014640
-672.603271 487.630249 0.707548 -0.097500
376.998901 104.324341 0.876607 0.061594
800.900085 162.722900 0.787976 0.123198
-580.941406 43.206604 1.044348 -0.103158
-757.670410 -514.005615 1.013224 0.110307
-775.437500 -506.547974 1.056898 -0.118401
-775.437500 -506.547974 1.056898 -0.017452
-1198.408936 -304.354492 0.874535 -0.005220
-237.980469 -21.732178 0.848320 -0.002586
-946.123047 -288.737183 0.930495 0.001099
169.570435 471.726501 0.682068 0.001138
274.059204 -275.252197 0.868008 0.051089
308.030029 472.632080 0.725225 0.066734
740.441711 245.062073 0.833967 0.023784
164.575439 -65.824097 0.761290 -0.024939
164.575439 -65.824097 0.761290 0.071083
38.524536 115.365601 0.831062 0.057299
-1216.619141 50.523315 0.746546 -0.000969
769.846558 -250.710205 0.802404 0.006641
-803.220703 -391.415283 0.991234 -0.056990
-385.270752 169.908203 0.817974 -0.119580
600.859070 -154.847778 0.849679 -0.059363
-24.371338 166.427063 0.819519 0.148615
646.709167 -246.086426 0.838274 0.079714
-1152.357666 137.951599 0.814454 -0.174644
-472.222412 485.718445 0.773805 -0.069039
-1014.296387 -513.378174 1.048092 0.001808
-561.451050 13.678345 0.788118 -0.085920
-749.779785 76.402039 0.856542 -0.121597
-749.779785 76.402039 0.856542 -0.042337
1016.299072 -515.189087 0.975536 0.085299
1016.299072 -515.189087 0.975536 -0.021133
452.763794 -158.041382 0.772173 -0.004617
800.716003 -284.875366 0.832895 0.037755
729.037781 -270.797363 0.850120 0.016634
623.745850 -471.681030 0.938116 0.009031
-122.189087 27.641602 0.837288 -0.065504
-110.391113 462.442993 0.663224 0.159591
448.424988 -304.116577 0.844703 -3.057786
448.424988 -304.116577 0.920899 0.097892
-499.535645 0.567017 0.954187 -0.121804
335.104248 499.929138 0.759247 0.129732
335.104248 499.929138 0.759247 0.250479
245.024902 199.188599 0.740578 0.097649
-891.449951 484.289551 0.843870 -0.097273
-891.449951 484.289551 0.843870 0.001344
-29.211914 -248.060791 0.866122 0.004181
299.057251 -170.641724 0.872991 0.052690
-591.090698 -287.840332 0.881457 -0.006074
-1212.641113 -20.174194 0.852639 -0.027418
905.282959 -237.482178 0.927247 -0.018059
3.226685 -253.064697 0.817304 0.025989
3.226685 -253.064697 0.817304 0.020989
-1179.744385 -287.960693 0.921117 -0.015963
-1180.087402 318.353455 0.753299 -0.018876
-225.209595 347.661926 0.775253 0.001298
89.779785 285.146851 0.795990 -0.004589
298.648071 102.150757 0.754195 0.083565
-920.508545 337.765991 0.748301 0.000163
1026.613525 -494.680298 0.966765 0.091174
364.308960 24.556274 0.744316 0.079998
-615.473022 52.433899 0.877574 -0.042283
360.671143 -247.512695 0.896832 0.148331
254.157227 -170.778320 0.927926 0.056657
187.778320 476.991272 0.790977 0.103152
-1145.416260 113.980713 0.823525 6.108911
1058.906494 155.409302 0.781112 0.130550
323.907959 -298.893188 0.932570 0.033630
-12.425903 16.802002 0.879932 -0.044646
-742.359619 -503.695923 1.036034 -0.040082
-107.260498 -68.315674 0.842732 0.034489
95.307495 -248.102051 0.931241 0.000043
-247.353516 -11.182861 0.799101 -0.047248
-269.622437 177.604736 0.824449 -0.006199
925.797119 185.842773 0.832042 0.180222
-424.822998 177.756592 0.854235 -0.075182
635.775940 -499.501099 0.911349 3.279407
50.762207 -110.520996 0.848171 0.009119
50.762207 -110.520996 0.848171 0.030878
18.538452 192.041260 0.820702 -0.091437
18.538452 192.041260 0.820702 0.117764
-556.875488 79.746338 0.815395 0.050774
-0.714966 -367.351074 0.971421 -0.045523
940.425720 84.252563 0.888676 0.151385
202.542603 428.305176 0.754070 -0.046351
558.876221 19.247070 0.914662 0.016526
893.729858 -471.860718 0.969316 -0.058898
800.167908 -294.666016 0.869749 0.077601
583.779297 -295.086304 0.916277 0.037632
-1099.852295 106.779358 0.833327 0.015591
-1099.852295 106.779358 0.833327 0.043029
899.331543 -11.308228 0.791005 0.036897
-1124.656982 -445.246460 0.936034 -0.228619
418.107178 -307.382446 0.888260 0.186911
-273.534668 460.080200 0.481533 -3.149040
987.386841 147.191956 0.804633 0.137904
231.961670 -304.206177 0.904017 0.061795
596.025574 26.794312 0.834195 -0.131742
-660.009766 -53.849609 0.919034 -0.004518
574.477295 -477.440186 0.933621 0.032226
-948.744385 -20.266602 0.870126 -0.152813
-988.548828 -446.796509 1.013825 0.069278
259.259888 -259.391113 0.890555 0.133673
864.732483 -474.053833 0.977280 0.039758
-714.564697 -502.727051 0.945282 -0.132592
319.820435 -161.250122 0.895554 0.056597
-217.948120 426.646851 0.743636 -0.006241
351.253540 -246.281006 0.813510 -0.139046
390.437622 618.239624 0.680848 0.058835
651.582092 189.000427 0.809337 0.153572
-1064.384033 -388.804443 1.046496 -3.147245
446.489319 36.712708 0.816129 0.021796
25.995361 -179.640259 0.854925 -0.008900
-578.024658 343.561279 0.757285 -0.002608
649.012756 -283.940430 0.876795 0.024007
370.966187 -170.295654 0.905427 -0.054722
-898.847168 -385.425903 1.005445 6.107682
-898.847168 -385.425903 1.005445 -0.051348
306.133911 -167.126343 0.854670 0.084338
306.133911 -167.126343 0.854670 0.036276
-853.568359 -446.746094 0.999432 6.071512
800.633667 204.411194 0.763439 0.260313
294.492188 15.910522 0.793644 0.020143
-826.832031 -455.836304 0.986694 0.029685
385.856384 -165.005127 0.785732 -0.091874
-1251.235596 86.335510 0.839310 -0.155821
-414.515137 183.700073 0.817373 0.017650
-471.355957 455.132080 0.693820 -0.127105
347.692139 -297.719849 0.882551 0.064400
-35.349976 -0.144653 0.890830 -0.058896
-257.515625 3.244385 0.934689 -0.070778
-641.255127 470.457581 0.768872 -0.178487
-1154.328857 206.157166 0.588176 0.006553
604.700562 243.692993 0.709379 0.144263
-286.142822 23.604126 0.722021 0.048687
494.670349 483.809082 0.478613 0.030795
-636.183594 274.310913 0.793022 0.058307
-665.096680 31.445068 0.807092 -0.018527
116.742676 -366.656006 0.967585 0.171362
-337.605591 221.158447 0.955967 0.107051
-1362.294678 496.317322 0.753926 -0.121686
529.813843 -449.223022 1.051390 0.087780
-169.351318 -71.378906 0.918373 0.057626
1067.853760 93.460449 0.819093 0.209041
94.730103 -259.458618 0.580571 -0.118816
-688.692383 -53.228027 0.902626 0.019719
-194.259644 -70.711426 0.842144 -0.098251
487.124878 77.828918 0.821388 -0.019264
428.225464 -310.768433 0.898217 0.120744
-630.469604 84.690063 0.771543 -0.025239
-1111.119873 -28.931396 0.806432 0.060748
-794.030518 90.695923 0.837542 -0.047514
-299.538818 168.309265 0.839064 -0.060185
-561.489136 -287.524292 0.889808 0.009121
-230.826660 -277.540771 0.956209 0.107789
326.676392 -165.566162 0.900749 0.043689
-1167.059326 62.193115 0.851955 -0.042831
-785.334717 -511.963135 0.957213 0.019365
810.657349 650.666016 0.663197 -0.153511
810.657349 650.666016 0.663197 0.111431
-939.053467 -500.413940 1.067417 -0.009240
-193.068604 28.321167 0.823579 -0.011116
-193.068604 28.321167 0.823579 -0.019329
-756.322021 -504.072021 0.979156 -0.041268
619.939514 457.868103 0.789000 0.003176
863.695679 92.274109 0.781908 0.164151
336.625000 -370.170898 1.049807 0.065907
660.235657 121.772949 0.918698 0.099173
-60.248779 350.994141 0.760302 0.002918
454.435730 -174.137451 0.932092 0.107518
629.151184 48.606934 0.808906 0.116195
18.452515 9.899536 0.935537 -0.143791
18.452515 9.899536 0.935537 -0.034552
-712.692383 68.520569 0.846589 0.006132
-712.692383 68.520569 0.846589 -0.091365
10.356812 163.810547 0.761245 0.098497
10.356812 163.810547 0.761245 -0.047481
864.859436 -252.033325 0.914302 0.080264
400.993835 -173.693848 0.905527 0.116372
24.630371 -242.091919 0.935465 -0.006842
-298.760376 -3.409912 0.788600 0.246576
421.359253 -371.870728 0.989187 0.116876
-27.836792 -70.587280 0.837816 0.140637
-318.233765 10.357788 0.850033 -0.010624
238.253784 -382.672974 0.951187 0.112808
728.402893 -151.298340 0.925952 0.183245
1057.381958 102.247559 0.820495 0.291865
819.363037 -299.331421 0.881995 0.101541
807.249573 -299.895142 0.885484 0.006114
-56.861450 -8.963501 0.801161 -0.033987
-272.581665 -532.901855 0.913811 0.102919
568.153625 -177.806274 0.910349 0.046141
837.037354 -280.969849 0.894000 0.058514
-502.468628 456.388611 0.826854 -0.078523
-933.063232 -286.602173 0.878873 0.018131
-813.647217 -455.381958 0.912802 -0.182375
-4.886963 156.270264 0.803322 0.033367
677.531921 -235.403687 0.964410 -0.022232
270.083984 121.036560 0.803923 -0.080620
114.498535 -67.012329 0.807082 0.019657
743.982910 360.883057 0.782348 0.015026
493.113770 -370.181030 0.936674 0.089234
-256.855835 20.593262 0.985246 0.054999
585.035400 -244.189209 0.986192 0.143873
-360.373657 -71.890625 0.861341 -0.030857
-1193.616455 144.304871 0.810266 -0.263074
-947.509766 378.144104 0.723085 -0.138281
-313.523682 20.356079 0.828750 -0.081690
-347.499634 181.439087 0.874157 -0.019773
929.326477 69.787048 0.800979 0.231304
929.326477 69.787048 0.800979 -6.075489
-230.766113 3.239624 0.854690 0.210458
846.067810 -461.798096 0.954366 0.137754
738.938477 -367.260132 0.985585 0.065758
626.990234 -253.097900 0.896049 0.027134
-847.463623 -316.671997 0.943577 -0.114345
-882.869385 -385.140625 0.990097 -0.056415
-27.780029 26.994629 0.938984 0.017790
-595.136719 -235.136353 0.877048 0.007482
-65.820435 180.232544 0.878508 0.045352
648.377502 -521.884644 0.826154 0.137203
-364.127319 459.586792 0.801668 -0.028689
-815.075684 73.091248 1.116756 -0.002521
469.223145 -262.905029 0.984693 -0.033213
1025.882568 -408.143311 0.872179 0.147887
-788.470215 -404.613647 0.966449 0.091166
340.192871 -423.038940 1.039817 0.052171
538.404785 -364.789673 1.004875 -0.026490
-639.782227 51.011719 0.874225 0.015426
-208.917358 -9.149780 0.936864 0.111701
-208.917358 -9.149780 0.936864 -0.041928
571.234253 589.136230 0.709722 -0.062371
-989.038574 -504.668823 0.985850 -0.075036
-1204.366211 -511.478638 1.006484 0.064038
-1204.366211 -511.478638 1.006484 0.031923
318.188354 37.607666 0.883471 0.090021
-214.625122 29.951538 0.813514 0.021041
-20.467896 155.139343 0.825920 0.021747
761.565125 -415.372681 0.972640 -0.044044
-310.034790 -2.693481 0.802435 0.016334
58.240967 -4.031006 0.885151 0.021973
979.774109 163.941528 0.808284 0.155400
-303.397339 29.367798 0.822869 0.033406
302.892822 -425.497437 0.908689 0.031510
-288.280029 -533.018311 0.985290 0.041061
-1187.114746 -23.117920 0.990712 -0.112086
-203.995605 1.660889 0.873853 -0.011232
265.883057 78.873718 0.804803 0.078570
-1114.427979 -8.443237 0.836676 -0.026525
-229.934937 409.252197 0.789322 -0.056595
-291.120117 -9.306885 0.857732 0.018837
676.963684 73.639160 0.810415 0.148397
-752.753906 17.127686 0.855318 -0.154630
-248.274414 3.716431 0.886417 -0.013858
-707.858398 75.947266 0.856568 -0.097488
-707.858398 75.947266 0.856568 -0.148862
283.653931 -261.787598 1.478196 -1.583436
-84.478394 -9.160889 0.832705 -0.013935
1026.213867 -298.596436 0.845250 0.067762
-13.997437 3.156738 0.861939 0.155350
-13.997437 3.156738 0.861939 0.008538
862.731018 171.026794 0.809934 0.130744
931.757080 -395.444458 0.951986 -0.011696
873.639404 -28.301392 0.772855 0.010649
-299.961792 -281.983643 0.866139 0.004862
801.405518 -147.746582 0.800357 -0.025857
1058.243774 580.177490 0.577030 0.012272
706.392822 481.941162 0.669631 0.155954
356.112671 -176.106323 1.017085 0.021226
-272.299316 -540.979126 0.956695 -0.097893
-561.171753 -235.124756 0.919204 0.026865
-383.722290 457.308289 0.723201 -0.053161
284.983765 -372.997681 0.933402 0.234582
-736.086914 75.996216 0.829799 -0.095474
-868.458984 366.852356 0.809089 -0.057322
253.753174 -292.584351 0.942751 0.030895
967.957642 -154.673584 0.754831 0.125278
-155.237671 -9.097778 0.910666 0.014312
-1092.668213 395.552185 0.837988 -0.057036
-842.829346 385.201416 0.745009 0.030439
800.008301 108.645752 0.848764 0.171947
1001.908936 -408.698730 0.864674 0.106257
587.639465 -305.952148 0.925057 0.007903
-626.983765 117.546143 0.889434 -0.053624
-900.110352 375.003601 0.854648 -0.191217
-900.110352 375.003601 0.854648 -0.181093
635.891357 469.420410 0.687768 0.177277
794.350281 -289.709717 0.977212 0.184951
710.128540 -470.889771 0.931602 -6.111708
-753.402588 -13.339478 0.831782 -0.117280
-386.760986 -112.066284 0.811896 0.004830
-386.760986 -112.066284 0.811896 -0.065827
-1085.060059 120.448730 0.874530 -0.206444
257.599365 456.137085 0.757339 0.000229
551.882324 102.058777 0.912366 0.140812
705.355957 -464.804077 0.956328 0.185303
-899.787598 397.323059 0.853569 -0.131353
-885.971436 379.549561 0.732316 -0.090105
618.115845 38.218567 0.881137 0.182372
-1206.781250 -51.404419 0.944232 -0.053621
501.556335 -245.955322 0.877083 0.226810
-11.922119 -375.345459 0.928998 0.022551
-733.369141 87.051697 0.789882 -0.036905
489.918823 -304.623779 0.856598 -0.044147
167.456909 -174.938599 0.843180 -0.048466
111.942993 322.552063 0.817051 0.139152
111.942993 322.552063 0.817051 0.097545
-943.733154 -508.726318 0.956831 -0.064461
342.472534 246.521301 0.737602 -0.125655
39.376709 -68.215210 0.820371 0.027561
-807.150146 -407.572510 0.929215 -0.157190
364.877197 -236.609131 0.945460 0.024311
828.870300 126.215759 0.787519 0.176817
-214.072876 338.976501 0.721816 0.026043
-642.434570 -515.073120 1.073104 0.121595
-562.402344 142.592773 1.036104 -0.047736
-1307.178467 80.171387 0.852825 -0.274879
978.297424 -402.971069 0.933006 0.052908
-1007.957520 -405.726807 0.966517 0.023521
-4.380371 2.296387 0.819562 -0.017287
-4.380371 2.296387 0.819562 -0.020647
-504.774902 62.165833 0.850633 -0.130142
-770.858398 -408.399170 0.952567 -0.123391
315.924194 -177.084717 0.961567 0.035309
-1130.993164 -30.439087 0.809935 -0.008942
947.606873 187.306396 0.885419 0.183773
949.983765 -303.246338 0.911507 0.004711
949.983765 -303.246338 0.911507 0.069913
452.681580 -531.004028 1.019932 0.007206
708.569824 -174.683716 0.801443 0.080004
-700.403564 -287.935669 0.908082 -0.063796
486.898621 -462.918091 0.979370 0.127610
486.898621 -462.918091 0.979370 0.027604
1.636841 166.112061 0.853049 -0.036068
-231.113281 29.625000 0.845927 0.003705
439.627380 -472.958496 1.015155 0.068659
542.851074 81.647400 0.859015 0.090957
958.829590 -144.918579 0.871233 0.023724
313.987427 -387.179688 0.832300 0.021021
-1099.114258 -51.491089 0.827320 -0.042271
138.947876 323.678589 0.753159 0.009584
1082.798340 -2.412354 0.745765 -0.039469
795.867554 -417.299561 0.925762 0.041602
795.867554 -417.299561 0.925762 -0.067261
58.095337 -384.703003 0.948736 -0.081437
248.251221 -385.962769 0.979902 -3.139576
326.118774 -381.791138 1.103603 0.107351
807.200989 -289.504028 0.871925 -0.074830
807.200989 -289.504028 0.871925 0.015220
992.240295 -354.764404 0.954980 0.053835
-968.831299 -463.138550 0.971428 -6.272958
381.060181 -527.467163 1.022458 -0.093370
381.060181 -527.467163 1.620767 -3.110821
820.553650 72.673401 0.897073 0.094863
1042.038208 -460.264893 0.954896 -6.115206
-279.270264 17.521606 0.854443 0.011920
543.212769 -370.593140 0.979773 0.161069
-1089.229492 -461.955933 0.975702 6.201876
-1089.229492 -461.955933 0.975702 -0.115993
-669.241455 268.899048 0.740084 0.017166
890.570557 -523.681763 1.016722 0.235973
905.973511 -30.888550 0.741095 0.010204
-328.012085 -66.922852 0.801978 -0.090273
-846.085693 -459.637451 1.077386 -0.005608
363.402832 324.881348 0.763929 0.089175
964.479248 443.557617 0.627278 4.012411
-1014.922852 336.304077 0.760009 -0.002708
365.662354 -166.972046 0.915922 0.099847
-1192.081299 -462.737183 0.954618 0.046407
-960.945557 -462.558838 1.026394 -0.024967
-960.945557 -462.558838 1.026394 -0.097266
306.061035 -176.564941 0.933404 0.138383
392.992188 -296.061401 0.919039 0.122524
-778.197998 -405.061646 1.036518 -0.090464
1056.601563 -363.634399 0.893811 0.052495
784.185852 -420.062012 0.989210 -6.123810
-862.378906 -402.627686 0.998914 0.037306
-862.378906 -402.627686 0.998914 0.165767
-372.415771 269.551208 0.768089 0.011189
-372.415771 269.551208 0.768089 -0.098309
355.652222 56.670898 0.842159 0.078760
38.030518 138.683960 0.920536 0.030525
38.030518 138.683960 0.920536 0.092637
46.120117 -6.823120 0.794838 0.019631
46.120117 -6.823120 0.794838 0.087818
-1086.601074 -513.054932 0.982363 0.063579
-978.982666 -50.685059 0.821720 -0.018279
-221.495605 87.780823 0.814192 0.010650
-562.432251 1.901245 0.868671 -0.136147
414.586121 -475.218384 1.068971 0.029266
759.196167 -242.043701 1.085496 0.249552
-16.365112 353.323120 0.753716 -0.009941
-188.597290 429.543335 0.687404 0.009744
81.030151 -154.137695 0.943134 -0.031693
507.582153 330.854004 0.748875 -0.006885
-819.250000 -324.754517 0.864224 -0.005280
-1141.965576 -458.021606 0.929303 -0.038279
-144.710449 350.309082 0.742320 0.001606
243.397095 465.121704 0.572768 0.023559
41.528076 -426.853638 0.857444 -0.054163
-843.230469 -407.596924 0.922520 -0.172256
-1021.826660 -404.289551 0.980342 -0.176034
-1017.323730 107.368958 1.001383 -0.196470
-156.675659 -533.268066 0.989258 0.056393
643.846863 107.547119 0.861171 0.144090
620.115601 89.272766 0.693305 0.155614
554.073303 493.247620 0.689193 0.130144
-716.651367 -468.019775 0.960554 -0.078450
-849.722900 311.151123 0.741138 -0.042322
11.985596 -372.190796 0.866595 0.144965
-1054.498047 -234.738403 0.941022 0.088060
850.710815 -519.644165 1.017780 -6.067204
-325.508179 -538.232056 1.027507 -0.107250
336.897217 -299.770142 1.079949 -6.117323
1048.707275 -520.963135 0.941993 0.035367
-924.366211 404.003174 0.761777 0.035258
-789.868164 59.865784 0.837642 0.066527
502.573853 177.372742 0.754530 0.004664
-269.203613 32.430420 0.977091 0.069619
-815.813721 -517.900146 0.931945 -0.148978
-701.109863 82.201477 0.847705 -0.039265
-168.736206 -92.038574 0.869682 0.083454
852.926025 -157.123047 0.877684 0.076718
336.322388 324.786011 0.785956 -0.075917
-842.739502 5.920410 0.784249 -0.002983
616.922424 126.243591 0.817061 0.220276
-305.164551 -11.363159 0.915594 -0.030394
-305.164551 -11.363159 0.915594 0.009244
116.622070 -373.981201 0.929149 -0.075056
-1081.840820 -461.296509 1.009947 -0.064971
809.902283 -462.448120 0.970142 -0.002326
-298.010376 -71.895508 0.787536 0.073245
-176.212524 -58.799683 0.893051 0.012020
547.230591 -471.336914 0.922208 0.000697
1028.631470 -470.227295 0.961531 0.026934
-976.867676 -510.101196 1.076293 -0.188921
-24.061890 9.371948 0.867611 -0.020716
-1277.914063 115.525391 0.887267 6.135685
678.307434 89.597534 0.793938 0.169120
-1117.245605 -512.616943 1.074361 0.036816
589.107422 630.124390 0.671340 0.082958
589.107422 630.124390 0.671340 0.105880
541.042786 250.164001 0.712464 0.048198
-170.799194 212.481750 0.851908 -0.112807
-609.019531 79.687317 0.816029 0.035779
13.934326 216.646240 0.761168 0.056135
253.690552 -157.546997 0.974026 0.046575
-879.109131 -225.693481 0.869944 0.023222
-41.855591 13.501709 0.824526 -0.060179
-209.938232 -283.090210 0.699064 -0.098227
-351.280273 165.800903 0.680471 -0.159322
-1074.369385 382.748901 0.805843 -0.109077
-167.765381 -10.780518 0.933314 -0.005324
1033.253418 -464.579102 0.957309 -6.113865
139.949463 -415.226074 1.011225 -0.098972
442.880737 105.758850 0.822965 0.139295
-1096.719971 -384.218994 1.045588 -0.034202
368.791260 34.934509 0.824342 -0.058991
741.913025 -523.727295 0.975666 -0.011252
876.211304 -370.687378 0.953462 0.083675
-1089.234375 -450.942871 1.020543 -0.130698
690.219360 608.344055 0.738132 0.009842
690.219360 608.344055 0.738132 0.183661
-603.363525 -188.573120 0.984287 -0.016029
-198.316650 350.083740 0.702906 0.003738
-1089.407715 -309.360229 0.880236 -0.142874
-1213.678711 296.494080 0.756970 0.008074
1048.848633 -509.001221 0.979826 0.045459
-746.330811 282.247864 0.873807 0.015418
-329.288330 -277.502563 0.957547 -0.117528
-329.288330 -277.502563 0.957547 0.035807
722.962524 6.727051 0.827929 0.210223
561.134277 -291.130859 0.764356 0.111871
75.124512 296.963989 0.864240 -0.034456
-355.141846 -111.719116 0.821506 0.007059
-1106.347656 301.242432 0.726104 0.050911
41.285522 316.357483 0.690356 0.112611
606.843506 97.712036 0.802573 0.048287
906.301331 -292.584961 0.853504 0.181332
392.731628 35.137695 0.797081 0.054531
-929.580322 -6.396118 0.874000 -0.158440
363.081299 486.506897 0.702965 0.033708
204.616211 -310.266724 0.950626 0.173819
204.616211 -310.266724 0.974356 0.030031
206.785034 -420.827881 0.949770 0.040495
-1094.911621 -446.855225 1.042125 -0.234010
-1094.911621 -446.855225 1.042125 -0.003522
890.498413 113.722229 0.811558 0.053203
905.459229 -415.280029 0.808271 0.201985
-315.266846 -11.198975 0.877285 0.161801
784.769592 -527.606201 1.002259 0.121266
998.492432 -253.084351 1.023247 0.043077
-755.708252 -448.949829 1.048233 -0.198022
-755.708252 -448.949829 1.048233 -0.097713
444.953918 121.315674 0.799728 0.085341
-1039.613037 -86.461792 0.866250 0.034292
-266.605103 -538.263306 1.015904 -0.078364
101.914551 128.933044 0.754605 -0.062746
-699.160156 -513.692627 0.952568 0.025996
-699.160156 -513.692627 0.952568 -0.095770
483.586792 -244.177856 0.830928 0.045703
702.219055 -150.532471 0.780014 -0.046099
702.219055 -150.532471 0.780014 -0.152382
842.166382 -404.760498 0.988525 -0.075193
-280.648315 6.038574 0.955576 0.085910
-276.359009 -112.910156 0.807311 0.003027
-323.604736 -285.962036 0.878748 0.030458
-913.429688 -499.446655 1.055686 -0.019051
383.458862 631.316284 0.630900 0.077006
114.090576 33.755737 0.872386 0.017870
-766.598633 28.355225 0.833041 0.005756
524.430969 -305.112671 0.792281 0.036435
1041.538086 -417.355835 0.907384 0.186169
734.054504 -371.517334 0.950042 0.172557
915.951172 46.183472 0.830564 0.047079
-825.618408 -384.442871 0.996319 -0.012742
-127.333374 391.388245 0.823457 -0.049960
-949.884521 -404.586304 0.961775 -0.106645
733.427734 -359.552124 0.958808 0.075755
1017.823608 -516.772583 0.981620 0.138957
698.757813 -427.782471 1.306975 0.040519
-298.008301 -551.302979 1.081940 -0.018045
-993.009033 -74.607910 0.903449 0.040796
-993.009033 -74.607910 0.903449 0.220055
-849.176514 -335.275757 0.913091 0.014405
-279.095703 -548.424805 1.330120 -3.133123
289.057007 38.372070 0.858308 -0.014039
-1068.864014 -452.260986 1.042926 -0.111048
-279.287354 -292.933105 0.882283 -0.048531
-279.287354 -292.933105 0.882283 -0.004000
941.596558 -465.601685 0.984320 0.270164
520.538208 176.379944 0.697416 -0.001296
-195.264160 20.482910 0.806718 -0.012338
-1.088013 -55.316528 0.910112 -0.073213
1016.650879 -419.238892 0.887933 0.190509
-755.185059 -463.140381 1.019165 -0.189140
-1028.380615 -394.003418 0.937474 0.023654
446.725342 -535.598267 0.901051 0.029194
84.775513 34.923767 0.788324 0.139083
-974.368164 -447.715332 0.975945 -0.048093
-342.392578 -75.518799 0.794694 -0.031260
-738.840332 -448.806519 1.026379 -0.174190
-1048.024414 53.149536 0.858606 -0.056066
-774.902344 35.656494 0.796043 0.043150
861.542053 181.040771 0.872191 0.063404
-1082.206299 362.772583 0.849522 -0.039442
-802.522217 307.496216 0.787982 -0.076648
-227.669189 -287.383057 1.079297 -0.066968
-774.173584 -400.180054 0.950243 -0.112000
-997.672119 -463.269043 1.048670 -0.168194
-997.672119 -463.269043 1.048670 -0.030100
-23.588013 403.392822 0.773085 -0.037831
-259.424683 -68.527954 0.820057 0.035519
-625.000610 42.550964 0.849303 0.059100
-1077.802490 -309.331177 0.972687 -0.001242
-929.307129 -516.652222 0.980229 -0.015807
-25.533203 418.858276 0.746663 -0.080175
-571.501831 278.759338 0.753308 -0.077992
-796.665771 409.798157 0.982376 0.021357
-688.720459 -191.562378 0.878996 0.076601
-534.477295 273.942200 0.795442 0.008506
-254.700195 -276.904053 0.879432 -0.016122
-739.177979 -204.399048 0.821811 -0.099156
-739.177979 -204.399048 0.821811 -0.011536
333.382324 -77.974121 0.861952 0.028229
-1019.395996 393.306396 0.750084 0.092761
-138.064697 -82.216797 0.894418 -0.055550
-138.064697 -82.216797 0.894418 0.054640
-721.889160 -448.758667 1.075685 -0.157141
-724.655029 -212.076416 0.838909 -0.021383
-1209.752686 115.459106 0.852078 -0.239063
-64.672241 15.963501 0.814274 0.042519
-967.789307 -10.722900 0.849267 -0.006098
1006.034424 -358.765625 0.956409 -0.002075
-1203.581543 134.929688 0.911686 -1.265249
-1029.420410 -512.596924 0.950363 0.030746
686.812744 193.160095 0.695716 -0.036105
-308.047852 -539.750244 1.070567 0.036831
-308.047852 -539.750244 1.070567 0.091728
-963.881836 -517.118530 0.958886 0.034247
-1040.850342 -217.671021 0.963034 0.022347
-650.456299 -203.223022 0.824100 -0.102868
623.193665 -305.096924 0.775776 0.153532
-534.812622 -185.741577 0.983013 0.188348
-534.812622 -185.741577 0.983013 0.162997
408.916931 85.618347 0.956945 0.059533
9.910645 -84.298706 0.970896 -0.013268
-703.026611 -89.092041 0.787475 -0.011239
439.529480 647.558960 0.863930 0.229924
536.258728 116.317871 0.837048 -0.027712
-223.354858 -84.572510 0.932982 0.055761
870.153503 -526.200684 0.958083 -0.096637
272.184204 10.031860 0.899373 0.179808
527.497192 361.623108 0.729049 -0.008307
863.848389 103.585754 0.773232 -6.157935
863.848389 103.585754 0.773232 0.313300
302.755981 -236.672119 0.852338 0.072606
329.391235 34.282349 0.877342 0.040741
-1074.562500 -447.014648 1.028852 -0.090075
-387.979492 216.293945 0.720995 0.145854
-1109.766113 99.283997 0.929388 -0.111227
-746.986084 -455.264282 1.024862 -0.028926
710.799194 330.276978 0.782745 -0.001614
-158.860474 16.580566 0.921491 0.009851
-3.482300 248.853638 0.771457 -0.026907
-1104.859375 -236.783936 0.837818 0.117645
917.297852 566.043823 0.720712 0.188328
804.311768 190.859619 0.848569 0.208744
-113.881836 320.516907 0.793318 -0.038518
-1021.607178 -447.199219 0.995671 -0.121867
379.112061 40.476746 0.841734 -0.017959
-203.327759 401.360718 0.806241 0.008323
991.743164 -363.108521 0.845044 0.120314
-339.218018 197.839478 0.841714 0.072627
-924.869141 -494.433838 1.074031 -0.060859
34.144897 105.774963 0.919374 0.077919
843.259521 113.819641 0.764311 0.158029
529.974182 -467.235229 0.966237 -0.006281
529.974182 -467.235229 0.966237 -0.000261
-533.915039 312.773560 0.733391 -0.024862
-1066.860840 91.641907 0.864599 -0.038531
-52.020508 136.095764 1.020596 0.144845
951.145874 -157.204956 0.841506 0.229987
951.145874 -157.204956 0.841506 0.127881
310.518921 7.014771 0.972974 0.159541
-842.909668 -399.340454 0.976535 -0.105725
-1153.529785 -306.209473 1.009238 -0.011109
256.791870 55.266296 0.944151 0.056601
-101.067017 399.467163 0.793359 -0.149138
-101.067017 399.467163 0.793359 -0.049473
403.973206 57.436157 0.799665 0.100532
-123.336914 -1.299316 0.729950 0.138521
-185.467773 332.198059 0.629157 -0.068461
-566.477905 240.042603 0.740891 -0.006195
-970.423828 15.727051 0.808099 -0.114268
942.163879 -517.213745 0.988896 -6.215418
942.163879 -517.213745 0.988896 0.228135
698.266174 -412.247803 1.252933 -0.013986
-956.721436 -403.908691 1.008321 -0.042548
-1059.888428 -89.988525 0.993088 0.048478
-334.841431 -233.645020 0.724273 0.220082
665.430359 26.310425 0.807286 0.150597
-1082.566162 -206.969482 0.883648 -0.142933
999.346497 332.350281 0.753030 0.011630
-749.207275 -199.317627 0.936524 0.004163
-958.932129 174.783875 0.879523 -0.105910
498.660095 1.748047 0.918293 -0.119934
844.693848 100.273010 0.743174 0.110863
-784.175049 -501.113403 0.961100 -0.003467
-784.175049 -501.113403 0.961100 -0.017043
20.137817 94.009033 0.760081 0.087942
-355.686279 87.832275 0.827600 0.014902
534.097351 65.826233 0.772890 0.181648
-938.694580 278.815979 0.775136 -0.023813
871.171936 49.945984 0.799237 0.164034
-1050.070068 385.146179 0.747271 -0.135584
-892.123535 -187.358276 0.882664 0.043363
815.461426 -512.164429 0.988616 -0.038581
-359.814575 180.848083 0.746508 0.014889
-858.232422 -315.360962 0.917070 6.203598
-1047.655518 113.567322 0.996834 -0.219245
-1031.789795 -207.688110 0.875715 -0.200756
940.868652 -173.022339 0.992018 0.204818
-826.077881 287.857727 0.767014 -0.107811
-1138.311279 -451.319702 1.057964 -0.201155
-870.307617 -462.693726 1.110018 -0.177669
335.437744 307.658386 0.874439 0.174198
1032.090576 134.489258 0.920068 -6.132526
309.635498 64.088684 0.815600 0.004633
836.911194 28.573242 0.821719 0.077019
-1257.415039 -288.798340 0.944916 0.063536
627.037842 23.236084 0.831192 0.092413
-1231.634033 300.213318 0.732284 0.014320
540.899780 327.741272 0.679216 0.227882
-682.210938 -461.786621 1.070525 -0.076095
-331.363647 -1.376831 0.861388 -0.013296
-636.738770 255.216309 0.784747 -0.080973
571.194397 482.642944 0.725549 0.120346
629.416077 481.239929 0.731432 0.031778
-1105.510254 263.824707 0.759898 -0.008111
561.925293 93.324158 0.744352 0.050694
824.031860 -29.852173 0.839119 -0.028914
-929.667725 339.974976 0.718046 0.005881
-943.188232 305.868347 0.703183 -0.008533
-208.942627 -534.015015 1.033582 0.058799
-18.882324 141.887573 0.840526 -0.004809
176.041138 303.514648 0.760579 -0.066539
-610.587891 42.034607 0.882411 -0.165284
-784.125732 22.378662 0.876960 -0.092649
-1113.897949 86.128052 0.843305 -0.051973
-1143.365234 -446.020630 0.968434 0.017114
555.683167 78.586609 0.750974 0.108305
-1083.406006 -188.980591 0.962428 0.005966
-577.234009 56.332947 0.836287 -0.160994
-574.019775 -203.224121 0.975696 -0.081765
-1246.302979 -320.624512 0.947732 -0.005360
-249.836914 24.649292 0.842300 6.260478
1049.451294 -410.368774 0.915514 0.026597
267.980713 103.485413 0.829346 0.028979
3.370483 167.012756 0.835370 -0.037048
330.246460 -3.646729 0.764485 0.041488
1019.993774 -470.459106 0.908974 0.104597
267.313232 60.044678 0.865068 0.081495
-541.426880 -287.581909 0.880319 0.006648
-1132.547363 -456.151367 0.993073 -0.125608
371.803223 122.155029 0.922124 0.069063
-778.281982 290.852966 1.004313 -0.027959
-549.243042 333.476440 0.869506 0.041656
-614.411377 238.581421 0.750806 0.009762
-357.986450 204.129456 0.655125 0.144654
-861.454102 -391.070068 0.987442 6.090019
-210.265015 -293.333130 0.883522 -0.178491
-439.709961 286.654358 0.782460 0.125653
526.604736 -476.161011 0.917909 0.178198
-615.437378 -336.619629 0.878811 0.027094
935.628540 -372.657715 1.020302 0.096891
935.628540 -372.657715 1.020302 -0.036076
462.716370 79.414795 0.823431 -0.022018
560.038269 362.214111 0.763369 0.008754
-56.846802 -0.130615 0.815043 0.003824
104.798950 34.005188 0.869662 0.018094
-628.296265 95.296082 0.864897 -0.071741
-863.064453 -201.260864 0.962731 0.019334
799.200134 -366.591431 0.877674 -0.191253
-935.120605 -265.253540 0.989951 -0.011471
152.879883 489.691467 0.712699 0.002414
277.208618 20.717041 0.857042 0.028741
625.185181 139.131531 0.777761 0.089560
713.200256 -168.390869 0.820038 -6.126516
558.914795 85.712158 0.813142 0.002384
558.914795 85.712158 0.813142 0.104758
621.902893 90.958740 0.718546 0.118946
-741.475098 -407.691895 1.011326 -0.076640
-1146.122070 -311.089233 1.006588 -0.098160
863.378357 -68.159790 0.868666 0.031444
-1034.277100 50.343323 0.927624 -0.026180
-1203.790283 -459.950195 0.975290 6.066357
-882.888428 -335.319580 0.873137 0.020546
-1056.577393 56.440979 0.942854 -0.176934
282.841431 -244.770386 0.927467 -0.001617
737.923950 -178.167114 0.911909 0.125952
-942.738525 -312.014893 0.909317 -0.160554
-580.807251 -195.527832 0.971766 -0.021074
842.705811 23.373779 0.912360 0.095430
-362.331177 225.406677 0.785762 -0.002496
-79.552979 303.181763 0.805185 0.029078
-581.951904 -323.902100 0.822931 0.050034
-129.634277 351.686829 0.751838 0.000441
-1119.144775 -177.983643 0.828070 -0.077680
-781.752441 43.986816 0.882801 -0.057776
793.486877 556.260498 0.756678 0.102767
-164.079956 219.562500 0.836563 0.000760
-985.256836 -201.925049 0.811995 -0.013419
65.442261 29.077881 0.841900 0.024146
-691.457275 -456.082520 0.918439 -0.090343
-1101.385010 -510.383667 1.056186 0.038048
-1186.833252 -467.020386 0.980922 0.090190
-1014.805176 -391.963135 0.989884 -0.087164
-1197.077637 -449.487549 0.988879 6.040112
-158.746094 118.830566 0.924708 -0.026910
-158.746094 118.830566 0.924708 -0.121765
-551.485840 -321.901611 0.995768 0.003727
624.309509 15.473877 0.883185 0.106490
-960.410400 -443.850708 1.028661 -0.007989
-576.692993 325.898376 0.822132 -0.004739
601.768738 267.065063 0.648805 0.018067
-1256.175781 900.527710 0.910905 -0.150174
603.933655 24.584106 0.888081 0.053699
-937.880371 296.305359 0.857001 -0.111672
-761.161133 -186.958984 0.927147 -0.131872
-761.161133 -186.958984 0.927147 -0.163418
-695.863281 -201.089966 0.906776 -0.191321
-566.890381 -307.718018 0.892482 -0.127261
1033.362305 -509.615479 0.897974 0.038718
58.389893 158.823853 0.721060 -0.061260
878.215881 17.558594 0.911806 0.143295
-728.212158 -524.136108 0.984093 0.049114
-291.407837 191.187012 0.786134 -0.022687
-973.207031 -505.601196 1.080254 -0.167281
240.567505 -374.365845 0.945685 0.077390
5.317139 127.299255 0.770797 0.066529
-1158.996338 -312.774414 1.067647 -0.111446
-28.188110 259.269043 0.743313 -0.014129
138.362305 -79.891602 0.906741 0.043731
-70.666382 421.210205 0.825669 0.029812
-1090.165039 -393.473022 1.019669 -0.079140
-401.692017 136.381226 0.873075 -0.086475
465.480408 340.824585 0.763294 0.107916
984.525391 332.324036 0.717588 0.031104
-740.597900 -219.807861 0.915031 0.004857
-1029.582031 -452.880005 1.054181 -0.121461
-1009.943115 -463.002563 1.058022 6.238333
-158.463745 24.003052 0.908596 0.004390
-262.227173 188.880310 0.854343 0.027103
1012.377258 -413.096069 0.863421 0.232970
1012.377258 -413.096069 0.863421 0.036438
139.281494 -239.436890 0.894393 -0.020329
-854.319580 -207.231934 0.994687 0.036725
-971.823486 -85.190063 0.932660 6.159741
-732.065674 601.578308 0.740092 0.012436
-745.489746 299.935608 0.792676 -0.027510
-1063.515869 -188.660767 0.815276 -0.027464
69.098633 319.734192 0.705090 -0.025995
-690.275879 -323.087891 0.928074 -0.018152
-154.523193 395.543640 0.900947 0.088248
-711.431885 -200.010010 0.921778 -0.056836
-711.431885 -200.010010 0.921778 -0.052309
-721.699707 -177.557373 0.828242 0.046818
624.164307 385.418030 0.749681 -0.029642
-972.043701 -209.262207 0.963344 0.032005
381.620605 -544.320923 1.014509 -0.097226
-923.166260 19.812256 0.773331 -0.111286
981.929810 173.800964 0.753402 0.202308
-524.046875 -9.878784 0.877100 0.035689
-1196.614258 -458.008667 0.974174 6.081596
544.754150 116.783875 0.899459 0.097347
1078.687866 -21.739258 0.827790 0.123586
-637.803955 -176.234009 0.857034 -0.017333
-687.897949 111.733154 0.782622 -0.161734
-676.753174 -323.455444 0.929896 -0.217177
-1169.625488 -332.090454 0.907320 0.025935
-1002.226318 -445.050781 0.949318 0.045985
826.118042 -408.285645 0.942878 -0.009115
-1018.770752 289.658569 0.872708 -0.007299
-250.740967 317.880310 0.735816 0.013342
529.257019 229.487183 0.769576 -0.092546
-346.779297 295.750610 0.781882 -0.121103
648.762451 -70.284546 0.797836 0.110085
-729.273193 -197.693115 0.830808 0.102023
-847.604492 -414.787720 1.026568 0.004700
-1119.979736 301.546082 0.730080 -0.011654
-574.191895 64.852051 0.880324 0.036068
-784.105469 -392.181274 0.955176 -0.008172
-596.765503 -336.958374 0.902021 0.054695
916.328491 -3.860229 0.815045 0.153909
-774.114990 609.262329 0.796980 -0.110683
260.147461 4.013184 0.857098 0.000779
-1283.031738 -53.053589 0.876597 -0.000650
143.725220 -433.382935 0.964958 3.128717
-540.405884 -205.742920 0.892705 0.093800
-540.405884 -205.742920 0.892705 -0.105284
733.437195 409.997864 0.803881 0.107147
935.848511 96.387573 0.829465 0.091668
-625.898193 -186.218140 0.916828 -0.149095
-603.044312 310.127136 0.670949 0.004918
-945.898438 -61.746338 0.795397 0.008005
464.717102 45.520691 0.763452 0.032019
-183.148682 -9.440796 0.957915 0.035343
-826.237061 -189.541016 0.832894 -0.184551
-1032.238281 -319.800171 0.904471 -0.052641
298.676392 4.882080 0.918359 -0.013430
-790.077881 -206.134644 1.029313 -0.059253
277.332642 212.331665 0.801597 -0.125760
91.356445 170.202148 0.773070 0.080414
-624.495972 -219.836914 0.918319 -0.091507
-1069.186523 -442.444458 0.974422 -0.066080
-1210.666260 -242.110718 0.750246 6.122193
-663.610596 -178.178589 0.855786 -0.008762
-1033.522705 -9.030151 0.986156 0.034227
-79.907593 35.391846 0.819237 0.148194
-93.951538 400.262146 0.789108 -0.073046
637.326843 235.039429 0.742498 1.178979
883.119141 274.109253 0.852293 -0.001759
875.721619 44.078613 0.771170 0.108966
-1233.985840 197.497864 0.869888 -0.288602
-1080.977295 -443.075317 0.995116 -0.142853
-1080.977295 -443.075317 0.995116 0.038198
492.108276 23.867432 0.888936 0.220480
698.689636 96.823730 0.694695 0.236220
-228.697388 418.156799 0.824236 0.040189
581.740784 637.229004 0.722711 0.242563
970.350586 47.661865 0.723648 0.079380
970.350586 47.661865 0.723648 0.078887
-346.109009 15.826050 0.844338 6.137448
-970.570557 26.467407 0.846802 -0.002226
-970.570557 26.467407 0.846802 0.003313
505.890869 111.031555 0.747723 0.124516
-902.169189 -509.072266 0.989628 -0.148665
-934.989014 398.921753 1.020204 0.122676
526.827393 329.235291 0.777156 0.101557
866.752380 31.915039 0.806760 0.112871
-1021.201416 -260.344360 0.888737 -0.085161
-877.402344 -62.264038 0.775410 0.086137
-603.406982 328.580322 0.744876 -0.102827
-6.732544 223.119934 0.795679 0.007731
-900.303955 55.669861 0.970648 -0.037270
-729.066406 -85.059692 0.920682 -0.097917
-919.127930 13.454346 0.879078 6.194282
-217.740356 -1.180176 0.960832 0.048037
-1266.395508 -1.569092 0.828459 0.004343
-996.178467 -199.763428 0.950028 0.011625
-945.449707 -211.302368 0.921506 -0.117972
-679.937744 -188.750000 0.955780 0.054561
-762.357422 88.526123 0.835765 0.002310
-174.015381 396.324585 0.870904 0.003287
-614.433960 255.332031 0.801975 -0.040793
-726.872314 -30.658569 0.879265 -0.169436
-610.026001 -216.905396 0.953982 0.147401
-1186.120361 -323.194336 0.967508 -0.039237
535.052612 385.312012 0.912810 0.044568
-1165.181396 -400.998169 0.988826 -0.174681
-196.803345 383.601807 0.821412 0.024245
-208.626587 415.103455 0.840316 6.200701
515.940002 73.036194 0.930601 0.074915
-1024.190674 -10.603638 1.059416 0.049917
-520.826782 -332.059570 0.927774 -0.106768
-345.594360 315.107727 0.739149 -0.064948
839.068054 54.081177 0.900090 0.220334
79.804077 270.395203 0.803187 -0.031655
644.997986 561.404663 0.986777 -0.033778
-574.943848 -188.995239 0.975447 0.006463
-767.120117 587.983521 0.737477 -3.014962
-1276.893555 -66.180908 0.817232 0.068272
559.674438 388.773926 0.796993 0.158546
-642.371338 -98.545776 0.917527 0.043320
914.599182 -16.438965 0.819249 0.133193
855.618774 -171.756470 0.749299 -0.005224
-885.669434 476.628174 0.863051 -0.139005
-986.986328 -210.471924 0.827760 0.052269
-751.840332 -263.715820 0.858386 -0.122274
25.653809 238.447266 0.650136 -6.177558
-808.411865 -212.802124 0.807755 0.218176
832.528015 235.549011 0.753662 -0.060570
73.526733 -66.101807 0.774534 0.100332
343.043579 124.055420 0.797707 0.057666
270.883911 -81.730713 0.761339 -0.005268
260.384766 246.084167 0.740451 0.023196
168.141846 115.172119 0.888061 -0.041085
-963.997070 -183.131958 0.828767 0.033723
1043.046143 79.662415 0.840618 -0.021695
-646.562988 618.847900 0.757942 -0.041818
-691.355469 103.385376 0.822141 -0.009166
712.755737 135.413879 0.776978 -0.028839
65.930420 227.997864 0.757871 -0.058189
-116.520996 -8.133057 0.803903 0.006726
-28.130127 185.677673 0.783457 -0.052372
-1140.818359 -388.946899 1.112271 -0.072595
-146.804443 297.413757 0.724324 0.026014
-978.999023 -450.709961 1.045860 -0.201736
-791.056885 -509.988281 0.959175 -0.024670
287.104370 60.837402 0.863695 0.141342
185.635376 300.713867 0.731019 -0.027280
-925.568359 -396.311401 0.972485 -0.182287
90.017944 143.699646 0.824786 0.061727
-1170.859619 -441.818726 1.098238 -0.028082
-383.390625 294.335083 0.789387 -0.055734
-843.822998 -392.971191 0.964064 -0.025888
-1011.260986 -23.888794 0.786183 -0.055979
-332.380127 -301.477295 0.868307 -0.027828
-988.253174 -251.135620 1.027561 -0.068709
-1308.581787 59.389099 0.709989 -0.207418
-1308.581787 59.389099 0.714004 -0.326420
-546.960449 -61.624756 0.802278 0.011430
394.119690 612.249023 0.796220 0.105352
621.953857 101.915283 0.859084 0.122549
1054.387207 -457.050903 1.025874 0.097611
854.796875 311.665466 0.792098 -0.047047
224.838989 632.582642 0.667342 0.015803
936.233826 111.804138 0.941195 -0.106639
-1282.820313 -58.833862 0.891580 0.019159
680.520996 183.072571 0.795253 0.077491
882.076172 57.890625 0.755572 -0.034618
-748.074707 11.874878 1.006272 -0.094725
442.396851 -421.668213 1.004614 0.048270
-590.750977 -215.205566 0.983106 0.010371
976.288452 33.764404 0.831177 0.272301
-291.028687 -282.469116 0.896733 0.108063
-721.074219 -255.927734 0.951230 0.048229
116.305176 235.745178 0.716040 0.119193
-878.331299 -507.618530 0.934624 -0.172370
295.987915 203.051636 0.957792 -0.147653
868.719727 141.693665 0.828139 0.138437
477.971802 120.600464 0.797175 0.007289
-642.429199 -212.017700 0.768962 0.240343
-724.418213 598.829590 0.623927 -0.009335
-53.320190 242.982422 0.705496 -0.001901
384.812317 219.026245 0.805345 0.137770
-1236.179199 -229.901489 0.808297 -0.094366
-1142.963867 136.701843 0.845552 0.036844
657.933167 426.626526 0.902275 0.075419
508.005432 636.618530 0.752779 0.158592
-874.266113 -318.631836 0.949601 -0.038211
-649.218262 -43.214722 0.880599 0.001271
484.988831 257.840881 0.723622 -0.024220
472.640808 -162.102295 0.846721 -0.017102
-901.544434 -13.315552 0.947496 -0.082051
-913.324951 -205.358643 0.941469 -0.117938
751.657227 394.647339 0.760780 0.042590
521.736267 222.096741 0.797247 0.018645
-666.202393 12.056885 1.023664 0.095962
584.654236 329.382263 0.698594 0.027487
-1133.696045 -8.002441 0.813092 -0.028870
-1173.086426 116.970581 0.925932 -0.179852
17.319946 181.049011 0.714149 -0.140321
-878.382080 306.147583 0.746412 0.006244
1027.104980 89.822388 0.661725 -0.023253
888.695251 46.387207 0.783380 -0.016073
-491.907837 160.087158 0.651482 -0.123205
-1081.905518 10.312500 0.805330 -0.070571
146.182983 274.990784 0.746333 0.009844
-1237.738037 -34.685425 0.805717 0.051219
989.737488 86.747070 0.831327 0.056787
941.356628 350.315369 0.753093 0.075243
-414.313843 241.804749 0.738818 0.093056
613.254883 173.463562 0.756798 0.030535
-704.694336 22.647705 0.857912 -0.092186
56.993164 274.745056 0.774980 0.048165
-719.329102 -8.997803 0.894682 -0.143131
-675.419922 -20.590210 0.932985 0.024719
-553.659912 622.666809 0.679418 -0.091492
-280.008667 -81.599365 0.837192 0.050727
-33.446167 619.788513 0.648424 -0.041917
993.222412 48.042603 0.745856 -0.079155
-569.765747 35.764404 0.695247 0.064995
72.611816 625.461670 0.691221 -0.111566
-779.647217 -212.901123 0.926833 -0.080260
554.760559 412.368042 0.856962 0.065348
-559.226074 -19.187256 0.876931 -0.085560
-706.753662 -63.034302 0.825645 0.021556
-1139.754883 65.601624 0.748111 -0.046585
-33.798218 230.403687 0.848230 0.105534
-1305.920166 -38.219482 0.833659 -0.100458
-1065.222656 53.185364 0.918039 -0.140534
-550.231689 612.072876 0.694129 -0.026903
-1066.870361 -515.446655 1.081785 -0.062586
-535.947266 607.083130 0.759729 -0.145760
-840.989502 -205.375244 0.871555 -0.159119
-896.467773 -464.779907 1.105181 -0.017709
485.435425 214.892334 0.870406 0.251281
914.369507 349.472351 0.799222 0.174546
-452.303467 638.093506 0.795288 -0.052269
230.277100 647.047546 0.634174 0.053514
-315.485229 494.736877 0.870450 -0.070304
-1154.413330 102.963989 0.833473 -0.146885
-235.563477 234.115234 0.837444 0.030460
-153.698486 198.760986 0.812113 -0.008377
-625.648804 198.754272 0.639629 -0.003446
1029.631836 -21.168945 0.867076 0.256717
753.486023 242.487854 0.651586 -0.030368
-316.835693 82.068909 0.770148 0.019339
92.501099 639.831299 0.711180 0.062837
386.718201 256.191101 0.712012 -0.051210
12.330078 640.441162 0.749809 0.066525
-532.351807 589.808105 0.950680 -0.224442
-90.863892 106.577087 0.942266 0.060890
-502.858398 178.215759 0.770957 -0.031710
-321.073853 131.134216 0.894285 -0.009912
1061.464600 166.193054 0.787479 -0.030316
276.682739 614.696411 0.789457 0.166025
-644.314697 6.668091 0.836657 -0.068364
-1177.665771 170.120789 0.891311 -0.014579
-511.724365 -8.708740 0.980617 -0.077947
-826.605469 -195.649292 0.982796 -0.040673
236.624878 638.061096 0.740685 -0.021905
236.624878 638.061096 0.740685 0.123356
941.089417 180.455627 0.860665 0.005293
227.394165 615.841858 0.637492 -0.027524
-680.958984 603.312012 0.664395 -0.049796
-751.260010 152.908691 0.732369 0.014971
781.638855 -147.601685 0.867690 -0.034576
522.782349 261.838318 0.935445 0.019218
-840.075439 167.296082 0.921115 0.010987
-1167.161865 -520.035767 1.079437 -0.073592
-285.127441 82.880493 0.809494 0.064259
-1288.050781 -304.775635 1.057013 -0.149903
-28.463501 271.954285 0.727665 -0.188251
715.275635 647.228638 1.021737 3.080981
-531.187622 -36.164551 0.935841 -0.106639
-1065.717773 -216.917358 0.982063 -0.126249
1006.989502 84.707825 0.777550 0.030957
397.340759 347.734070 0.840675 -0.220930
