-204.184448 192.635010 0.794895 -0.015289
-1066.363525 254.037292 0.761376 -0.062430
-417.834229 7.822754 0.779711 0.053441
387.181702 145.521301 0.791867 -0.010376
1038.237549 568.350708 0.752596 0.136396
1038.237549 568.350708 0.752596 -0.186185
-56.487549 218.694885 0.782752 -0.010900
-56.487549 218.694885 0.782752 0.076392
-864.240479 -35.397339 0.882491 0.004945
1028.011719 -260.807739 0.092446 3.208055
-404.385010 103.095459 0.831096 -0.025877
280.573242 237.566040 0.786379 0.049062
-910.119629 471.023193 0.766873 0.099756
-202.641479 135.158386 0.814460 -0.003033
-1281.613281 145.441956 0.784237 -0.104418
273.570435 -16.404663 0.801589 0.009921
-888.975342 105.610779 0.847672 -0.082659
-586.106812 161.519104 0.773123 0.046563
105.765381 315.353760 0.727264 0.022718
-669.303955 386.549377 0.757139 -0.055261
1079.158936 23.672363 0.816632 0.124601
-806.303711 -15.012817 0.794530 -0.100785
-780.522705 -43.645508 0.788722 0.041080
-539.456909 385.483765 0.730980 -0.249480
-974.679443 471.787476 0.768049 0.065920
-974.679443 471.787476 0.768049 -0.158496
-310.447021 196.985229 0.831162 -0.027910
-360.297852 -364.501953 0.978339 -0.076076
-938.131836 185.960022 0.837151 0.122274
-938.131836 185.960022 0.837151 -0.000630
658.741577 237.472412 0.760957 -0.007660
-1246.084229 -44.258789 0.814483 0.055153
-453.178345 479.339844 0.759538 -0.008000
935.854614 -12.319458 0.818655 -0.048822
164.387329 104.786560 0.814043 -0.045819
-214.105225 -397.913330 0.868848 0.019484
-269.141235 -423.613525 0.909139 -0.165885
-813.353516 33.070923 0.833521 -0.162910
-245.626709 -404.653320 0.894839 -0.202162
1082.613647 164.457825 0.859222 -6.164559
-521.008423 159.622498 0.784089 -0.051228
-743.810791 129.664612 0.815890 -0.071978
-298.660767 -404.848145 0.881407 0.031208
-376.739624 66.744080 0.806532 -0.009737
-1071.949707 146.893799 0.779588 0.004844
-1264.849121 103.185852 0.828775 -0.105759
-1264.849121 103.185852 0.828775 0.004350
-942.487793 -37.027222 0.828939 0.036283
351.034058 91.197632 0.832095 0.013485
-1212.239258 111.761658 0.828079 -0.070465
-1212.239258 111.761658 0.828079 0.019968
829.119385 47.216675 0.830939 -0.002960
-249.392700 141.868469 0.837351 0.051894
-943.347656 443.707581 0.754413 0.028664
1055.371460 138.984253 0.807620 -0.013189
379.147217 -21.543945 0.768581 -0.018030
-726.463867 -500.593506 0.942849 0.080133
-64.295410 159.167175 0.815259 0.017135
-577.967285 -67.769897 0.855823 -0.010968
-841.784424 138.455688 0.825053 -0.011422
422.095581 -168.565063 0.854349 0.015583
-718.122559 39.870667 0.743551 0.100435
278.581665 -247.769531 0.861820 0.023641
-1104.760498 104.626160 0.688169 -0.005195
-1027.381836 11.540161 0.806057 -0.188426
602.072510 90.217346 0.797911 0.005315
592.006836 -167.640137 0.824379 0.080723
-1173.656982 -44.300293 0.808073 -0.021905
120.111572 -249.120972 0.851791 -0.074261
120.111572 -249.120972 0.851791 -0.014187
-1043.336914 -407.804321 0.903449 -0.063105
-383.454590 -494.848511 0.835423 -0.116775
-331.706787 -254.922363 0.863157 -0.031599
-555.252197 46.597046 0.827753 -0.047679
-559.527832 73.064392 0.812047 -0.009248
-1184.737305 -454.720459 0.912483 -0.020681
912.075928 263.937744 0.779540 -0.016611
896.773682 143.153931 0.822026 -0.006563
-410.991089 258.511841 0.758346 -0.035692
194.743530 -248.583740 0.886349 0.069631
220.698730 486.091064 0.758947 0.008626
480.924438 -245.069458 0.879094 -0.023243
348.349854 -300.776733 0.876984 0.000893
902.199829 567.697510 0.742922 -0.039930
902.199829 567.697510 0.742922 -0.014103
-741.141846 -525.963013 0.928798 -0.015865
-481.416138 47.530762 0.791661 -0.217954
-829.872314 -312.716064 0.859032 -0.016391
-829.872314 -312.716064 0.859032 0.023745
524.017151 -246.966309 0.829261 0.007928
-218.704102 -488.809937 0.969887 -0.007670
-267.634888 -457.646973 0.901814 -0.027050
202.511597 41.353699 0.851007 0.006875
451.530151 -370.725464 0.880453 -0.072581
-1077.650146 616.894653 0.665649 -0.001862
-23.348267 -376.085205 0.875608 -0.000919
730.887268 -295.746704 0.873226 -0.135829
563.475708 -243.815796 0.820859 0.045071
425.434143 -300.574707 0.847222 -0.050227
552.085327 26.664429 0.828004 -0.059077
1002.649353 -237.151489 0.868153 0.085398
248.305176 -425.380493 0.919769 -0.041413
-973.400879 451.023926 0.710030 -0.094705
-1088.425537 63.859619 0.789393 -0.019055
-387.317139 483.298157 0.750906 0.040123
-477.511230 14.104614 0.840677 0.043844
1028.089600 -264.495728 0.818649 -0.075769
-1036.186768 104.412170 0.799757 0.004158
355.649048 -374.112183 0.867174 -0.071661
799.422058 -23.082397 0.802381 -0.049863
-1259.357910 -178.626587 0.867697 -0.006581
992.868713 -158.928345 0.835953 0.088087
-503.553223 78.900879 0.813030 0.009680
-503.553223 78.900879 0.813030 -0.086555
-914.011475 -12.692261 0.834444 -0.070549
-417.280396 144.761719 0.811548 -0.075256
302.812500 48.251221 0.838811 0.076894
758.930664 499.150635 0.720237 0.120928
758.930664 499.150635 0.720237 -0.005732
805.338623 -292.758545 0.828982 -0.038161
-1093.060059 177.371887 0.700114 -0.062544
298.653198 -55.221313 0.824973 -0.010466
177.248169 152.292053 0.823334 6.262888
-52.672485 71.597656 0.804771 0.018044
-100.749634 42.140930 0.832208 -0.001758
-168.806885 91.121887 0.719516 0.074063
-106.198730 -48.780884 0.812702 -0.058794
172.752563 -375.429932 0.874225 -0.043326
-228.111816 139.461609 0.811310 -0.028827
848.135681 567.603333 0.729097 0.088264
-692.629395 444.057556 0.827645 0.044394
754.430725 -367.864502 0.869283 0.034671
-593.247192 52.904419 0.898872 -0.133256
-1202.980957 -313.182251 0.872792 0.016787
-994.567627 -454.849365 0.910109 -0.034295
-994.567627 -454.849365 0.910109 0.015099
11.900024 249.542419 0.751286 -0.018381
313.812988 148.015869 0.808053 0.081646
-926.462646 -396.847046 0.906608 -0.026829
-44.226685 129.789795 0.704201 0.123522
-765.022705 -71.751221 0.830445 0.036504
-175.327759 9.742554 0.818723 0.000549
955.332397 100.002380 0.801837 0.127961
-43.361572 42.695374 0.794805 0.009501
-597.260254 29.477295 0.819248 0.082868
-693.505615 -509.122314 0.923218 -0.043859
-880.717041 438.907837 0.751122 -0.005836
-803.506104 -380.045532 0.883571 -0.003863
623.001221 -369.018066 0.910644 0.006961
-716.071289 486.533386 0.728849 0.027455
-858.336426 -507.872803 0.922803 -0.004203
-143.955688 42.811707 0.820581 0.001383
-664.922119 328.549316 0.746434 -0.014270
-238.998047 -518.726929 0.911282 0.000724
-752.555664 38.844543 0.832832 -0.019273
-755.260010 445.053894 0.808083 0.005019
-621.652222 470.112488 0.774474 -0.001164
-892.844238 71.946533 0.832304 0.015045
-81.807739 139.890564 0.817523 0.019010
-1124.675537 -55.545776 0.804464 -0.012381
-1007.283936 359.262695 0.799073 0.008657
-185.148315 224.237122 0.710141 -0.059610
-283.958862 149.879456 0.873666 6.072049
-283.958862 149.879456 0.304482 3.417002
-1017.016113 77.469910 0.825201 -0.120356
-1242.350342 176.467590 0.762075 0.000357
-284.010620 204.674744 0.756345 -0.033775
-908.685547 158.488342 0.836761 6.135916
348.083008 161.493347 0.851128 -0.028991
348.083008 161.493347 0.851128 0.048388
-604.367188 -92.099121 0.819550 -0.006565
-867.656738 -314.036621 0.831253 0.027854
-867.656738 -314.036621 0.831253 0.019691
-660.957275 -75.045166 0.811020 0.020998
-871.783447 -378.995605 0.914398 -0.006014
619.899170 -420.801025 0.937211 -0.004340
-745.887451 -399.253540 0.898947 -0.021682
540.702332 563.058594 0.750631 0.031368
540.702332 563.058594 0.750631 0.240813
63.829834 44.304932 0.798144 0.000647
618.926331 58.865601 0.833762 -0.058565
-1040.694580 383.787720 0.719988 -0.036114
-343.964722 -52.901611 0.844494 0.002832
207.336060 -10.501953 0.851440 -0.091585
-968.210449 405.486755 0.747542 0.039300
-796.410156 -76.557129 0.793450 -0.003235
-815.550293 439.701294 0.755665 0.015214
561.803406 -277.236206 0.851418 0.033701
561.803406 -277.236206 0.851418 -0.030018
-1015.447998 158.091187 0.847264 -0.069778
-262.296021 -53.364014 0.840345 -0.123616
-262.296021 -53.364014 0.840345 0.016065
-1292.220947 78.720032 0.778535 -0.216515
744.640564 -418.103882 0.900365 -0.015126
-298.779419 215.265991 0.800233 -0.018007
585.333130 -421.679443 0.921494 0.008113
-1016.348145 133.007324 0.815578 6.122013
933.241577 -69.586914 0.857793 -0.006217
-783.799561 -395.992798 0.902257 -0.016450
-819.400146 -400.793823 0.913587 -0.009373
278.548218 52.503235 0.824563 0.125791
345.345825 -532.068726 0.933857 0.000561
345.345825 -532.068726 0.933857 0.006923
-40.030884 151.873535 0.815286 0.052909
579.032959 73.239807 0.788311 0.019690
746.738831 566.639099 0.743261 0.090015
388.623352 -475.143188 0.907452 0.017340
-369.244507 211.313477 0.803399 -0.005756
-1003.765625 407.652100 0.724750 -0.003564
58.929688 244.370972 0.764098 -0.000151
592.439880 -367.081543 0.910327 -0.008339
17.882324 -11.990356 0.815758 0.004622
-730.856689 387.628174 0.757099 0.021791
-685.532471 470.499207 0.784241 -0.036344
-163.288818 -540.555664 0.903817 0.084644
251.838013 -33.733032 0.756931 -0.057119
-1142.110840 -377.419067 0.882992 -0.008385
-1185.433838 -94.496338 0.862349 0.025738
-1057.082031 354.137268 0.763449 -0.008824
589.293335 15.190796 0.814741 0.086959
-54.289795 112.940247 0.829041 0.045028
-208.187622 -89.452881 0.871429 0.095484
-909.637939 -506.482788 0.947912 0.021359
927.611084 160.468506 0.793089 -0.012811
-854.814697 -399.562134 0.894217 -0.017128
-1240.561768 174.695801 0.892210 -0.250648
-1381.596436 507.460266 0.752779 -0.172851
-1023.515381 621.583008 0.660416 -0.004280
-1050.866455 -380.384888 0.851730 -0.003624
37.210938 44.743958 0.796117 0.003324
-999.834229 -398.724976 0.907582 -0.008368
731.882141 -394.215698 0.893794 -0.006245
866.983887 -268.063599 0.864904 -0.104998
-898.677734 603.790894 0.794572 -0.113424
528.983704 -369.692627 1.002819 0.006324
-979.759521 -425.510132 0.881706 -0.021580
-1201.503174 64.053284 0.784812 -0.004456
915.195496 93.559021 0.795951 -0.017733
-1078.748779 -379.092407 0.873864 -0.005088
-911.503174 -378.054688 0.886199 -0.007017
-552.330811 444.429382 0.753606 0.005690
781.439941 264.087769 0.815224 -0.049381
-698.778809 364.847351 0.659144 -0.019662
-916.612305 434.209534 0.732233 -0.020875
-1202.435791 -76.490845 0.817875 0.011106
-834.570313 392.110413 0.795123 -0.005952
606.026550 122.561890 0.776566 -0.094786
606.026550 122.561890 0.776566 0.014556
-827.644043 67.658936 0.824810 -0.095699
-365.649658 164.741089 0.791365 -0.084476
120.890991 455.025879 0.768185 0.014815
-408.680176 234.573730 0.759824 0.014075
-223.320190 -541.106934 0.933649 -0.001440
-380.041748 131.376465 0.862356 0.105956
-99.895508 -16.530640 0.797708 -0.011201
-948.447998 591.767334 0.761696 -0.071126
-948.447998 591.767334 0.761696 0.021084
-171.288574 108.328552 0.819833 -0.086034
-204.569458 232.470642 0.817892 -0.018066
-1106.791260 -426.820801 0.885524 -0.081399
-694.204590 78.754822 0.817781 -0.018848
673.214966 199.488892 0.792366 0.146275
-221.060913 -18.192505 0.827449 -0.009201
29.582397 140.864136 0.760641 0.069510
320.722778 5.553101 0.813029 -0.040513
848.412659 -243.811646 0.845703 0.003999
-270.618774 129.097168 0.837416 -0.073753
724.810181 173.155151 0.759853 0.090483
-515.120117 47.013489 0.821369 -0.085742
-1232.592285 -76.001709 0.844254 -0.007625
387.647705 347.707092 0.760481 -0.008405
1003.759888 145.188110 0.819874 0.021635
592.514954 565.502686 0.749619 -0.087699
-912.474121 -54.704224 0.883325 -0.011973
-912.474121 -54.704224 0.883325 0.010778
-884.902832 -507.774048 0.929487 0.007726
693.143738 483.216003 0.686375 -0.004570
-1012.764404 -378.007080 0.889328 -0.001489
-576.859253 18.711914 0.803853 -0.112059
-75.612915 45.502197 0.807414 -0.002051
1018.604126 -24.834473 0.750296 -0.014754
-682.090576 292.308960 0.759262 -0.030651
-845.991211 69.546387 0.855525 -0.021509
-879.629395 67.391052 0.764484 -0.138673
324.984131 48.219788 0.827246 0.036619
-845.844238 628.555908 0.711524 0.075766
-421.285156 443.914795 0.741429 -0.003164
436.326599 128.837830 0.822441 -0.042135
-1365.723877 497.570251 0.767599 -0.187769
-984.159424 321.905029 0.742714 0.016527
778.255920 598.164185 0.730336 0.129752
278.726563 122.470825 0.824768 0.023039
1019.663635 569.127563 0.668021 0.111435
681.177307 288.268616 0.757449 0.010573
-651.713867 475.872314 0.813559 0.040749
-541.684570 83.469360 0.738704 0.035369
-704.474609 -485.074707 0.947379 -0.016908
76.464478 189.949890 0.782731 0.074133
-749.308594 -92.829346 0.787082 -0.009219
-1340.937744 507.793884 0.789233 -0.079216
-1340.937744 507.793884 0.789233 0.046418
270.553101 -402.384644 0.878650 -0.044614
-306.686890 -542.359131 0.966273 0.015467
661.901611 469.409119 0.760586 0.060927
-215.842285 128.972229 0.787929 -0.099466
-215.842285 128.972229 0.787929 0.021827
-882.230225 465.252869 0.783302 -0.117058
-884.484863 613.759521 0.725274 -0.040050
-723.625977 469.456055 0.754903 -0.077849
253.328125 -277.705688 0.813361 -0.041373
-841.187012 93.052795 0.842316 0.059001
-823.852539 -426.928955 0.922758 -0.020489
764.936951 -392.724976 0.924723 -0.002661
-709.353760 -504.752441 0.932405 -0.032111
-120.586792 298.353638 0.784261 -0.018338
-979.280273 -377.927246 0.924281 -0.006191
-217.525146 451.670349 0.783124 -0.046006
-500.737671 33.427612 0.836782 -0.088106
-983.592529 -507.238159 0.914687 -0.007603
-636.496094 486.230469 0.744425 0.036274
-627.754883 58.515381 0.821036 0.031335
-284.136353 -418.874634 0.997220 -0.022424
-284.136353 -418.874634 0.997220 -0.106662
-1144.407715 -423.273682 0.900174 0.004312
-400.290161 125.728149 0.820769 -0.016766
685.946899 139.991333 0.793380 0.144928
-426.282227 334.244324 0.779923 -0.000394
-867.782227 455.453979 0.814541 -0.158439
121.525146 -48.489990 0.798094 -0.018739
-804.855469 79.076538 0.831378 0.049124
-712.788574 -427.506470 0.898775 -0.087124
252.893555 378.041870 0.875230 -0.024972
164.146362 -31.884644 0.818383 -0.007330
-1076.354736 -424.719849 0.929628 0.002786
-1076.354736 -424.719849 0.929628 0.033766
-978.212646 286.463074 0.772122 -0.003031
346.151489 45.123352 0.754957 -0.093986
346.151489 45.123352 0.754957 0.082680
346.151489 45.123352 0.754957 0.111887
484.476990 -528.319336 0.918917 -0.007916
-1184.839111 -17.526978 0.770998 -0.093373
-1057.937500 158.611267 0.762407 -0.004718
75.167358 300.835022 0.787508 -0.083205
75.167358 300.835022 0.787508 -0.057488
-1056.286621 -75.036987 0.857665 -0.001175
-972.958984 -483.813965 0.934754 -0.056882
-972.958984 -483.813965 0.934754 0.002839
-1203.253662 26.142090 0.869721 -0.153904
-920.903809 357.075012 0.764945 -0.019874
366.495239 7.807373 0.867743 -0.030296
1031.117432 -463.426147 0.940409 0.031359
1031.117432 -463.426147 0.940409 -0.118679
882.198242 7.862915 0.784794 0.001740
458.328003 -473.662842 0.932119 -0.098362
-827.228027 485.702576 0.853768 -0.149108
-1039.113770 446.443481 0.781969 -0.121837
996.018005 168.571777 0.786977 0.073691
461.351624 125.948853 0.787585 -0.012773
987.298706 -265.767700 0.851923 -0.000638
987.298706 -265.767700 0.851923 -0.087317
-1161.183594 328.242676 0.780549 -0.013723
183.810547 454.198364 0.765973 0.028924
984.740723 -520.363525 0.907422 -0.008845
309.775024 82.781189 0.787116 0.002368
725.686218 596.191467 0.723974 -0.022272
-859.273682 483.549500 0.654161 -0.207606
604.156921 -448.477661 0.850561 -0.011054
-167.203857 -35.331421 0.769164 -0.002725
-1162.093018 -395.757446 0.915947 -0.051186
270.600464 73.032227 0.791949 0.059281
795.148804 -360.355469 0.874590 0.046365
-743.165283 -483.240845 0.931319 -0.084507
389.837524 107.844116 0.823997 0.079922
389.837524 107.844116 0.823997 -0.162083
870.279053 181.224609 0.770184 -0.001335
786.026978 -523.393188 0.967614 -0.050250
44.622314 155.243530 0.811291 0.034872
-911.310303 593.176270 0.751475 -0.175144
-184.131714 -47.311279 0.872006 -0.065839
-184.131714 -47.311279 0.872006 -0.048556
-958.704834 -507.310303 0.936041 0.008926
1052.760010 -264.620239 0.885073 -0.014911
509.850891 69.161499 0.794874 0.075227
-917.208008 601.285522 0.725173 0.000029
-917.208008 601.285522 0.725173 -0.023989
561.395203 -449.366821 0.916162 0.003303
-85.851440 160.173767 0.827619 -0.007706
-85.851440 160.173767 0.827619 0.009159
-1240.160645 -316.425171 0.925328 0.072881
635.963623 134.998108 0.817306 6.183605
-63.125244 131.987671 0.834629 -0.025743
464.537598 88.020081 0.896416 0.058828
136.832886 285.851135 0.769329 -0.001035
-207.260010 115.155151 0.653622 -0.021737
397.111877 -529.578491 0.895591 -0.024293
245.918945 -163.103394 0.830161 0.036864
663.507019 -71.707031 0.839188 0.005577
73.125366 -16.794312 0.775414 -0.007819
-619.935181 292.809021 0.800417 0.056663
-731.528809 451.871643 0.774647 -0.071817
110.098877 -32.734741 0.824677 -0.000581
-763.680908 358.211609 0.719631 -0.009795
513.072937 -475.126221 0.938325 0.030560
513.072937 -475.126221 0.938325 -0.042331
-661.275635 145.097412 0.775952 -0.004454
530.842041 465.158508 0.723288 -0.022305
825.668274 -269.046631 0.819145 -0.017399
1024.593994 146.233887 0.820559 -6.234082
-916.881836 616.889404 0.690180 -0.170027
-884.656006 415.975037 0.735355 -0.001518
75.453247 -404.575562 0.869149 -0.029848
-837.768066 -487.053101 0.953491 -0.009717
-877.927246 601.423462 0.818616 0.008839
5.365601 151.206970 0.809301 0.127465
-278.619629 -36.963867 0.824686 -0.004584
569.392212 502.799744 0.759721 0.053192
-338.492432 -377.593872 0.882944 -0.093883
-881.572510 355.179993 0.749321 -0.015537
480.795105 -423.049194 0.902131 -0.006914
-1123.917236 -200.018433 0.911565 -0.001531
-902.127197 -456.064819 0.965693 0.006191
-902.127197 -456.064819 0.965693 0.009832
-114.150879 -18.333374 0.776374 -0.008853
581.725830 -527.262207 0.928973 0.008582
581.725830 -527.262207 0.928973 -0.056503
-56.444214 450.468018 0.722094 0.000567
1037.360474 143.458740 0.788985 0.034121
1037.360474 143.458740 0.788985 0.169672
142.329590 -378.298828 0.950219 -0.095040
50.480347 24.427246 0.822853 -0.007678
50.480347 24.427246 0.822853 -0.098066
-1371.198242 474.177124 0.779438 -0.011044
-910.926514 609.047363 0.739298 -0.180409
-1045.145996 412.534180 0.701663 -0.000404
-1019.652588 353.010132 0.773390 -0.042278
229.631714 -290.329712 0.924912 -0.001073
-155.487793 -48.569458 0.776564 -0.032335
-155.487793 -48.569458 0.776564 -0.077339
323.246948 -376.985474 0.897505 -0.034982
211.944214 -277.460449 0.852453 0.036291
-1088.270020 285.437256 0.793174 -0.026590
922.911072 -416.232300 0.905944 -0.071326
693.976624 -70.431030 0.865718 0.008584
-1362.498291 615.945618 0.738970 -0.092396
-47.589355 425.542908 0.751804 0.012790
682.833984 -471.664307 0.903424 -0.015769
572.682190 40.539001 0.834627 0.004038
-995.430176 480.076294 0.766621 -0.058908
779.372498 -410.524780 0.876101 0.029905
473.410461 -394.733887 0.863696 -0.009221
675.820557 -270.645630 0.857444 -0.090608
-1184.683105 97.281982 0.903194 -0.115739
-840.218994 416.984497 0.730124 -0.002784
506.812927 -400.042114 0.884482 -0.054194
645.521606 408.473511 0.730075 0.074954
336.900513 98.840454 0.786904 0.029319
-31.830322 135.669189 0.881707 -0.026874
-428.555054 -52.390869 0.832737 0.028269
-106.029663 -37.234253 0.816483 -0.006338
908.361328 35.706116 0.792179 -0.004884
1051.941162 -514.202026 0.939750 0.036335
-51.707886 278.159424 0.741122 -0.007252
-817.343018 81.507446 0.811049 -0.114156
-1236.720703 314.794739 0.755550 -0.009078
26.702515 450.605530 0.723318 0.004846
988.961670 -67.564453 0.814737 -0.029982
-1106.924561 29.697754 0.881553 -0.025448
-1106.924561 29.697754 0.793426 0.034404
-397.360962 -54.960449 0.840722 0.008049
-673.538574 451.998535 0.717438 -0.016175
-358.172974 -37.133423 0.837960 0.008082
-995.016602 -376.556152 0.872639 0.001880
321.821533 97.151245 0.841409 -0.001551
-53.452515 -36.692993 0.844215 -0.011857
-961.669434 -396.175293 0.895881 -0.004869
-1191.340576 10.484375 0.792749 0.040719
-1184.006348 126.750061 0.790914 -0.185469
-782.163818 67.026672 0.786511 -0.007576
-384.192871 -36.699707 0.826476 -0.001387
-894.231445 -286.655640 0.873216 -0.075282
-955.187988 481.378235 0.719485 0.041784
150.720825 -172.747803 0.832656 -0.024092
719.270691 -285.271606 0.871770 0.048522
-927.865967 450.354614 0.756003 -0.053721
-927.865967 450.354614 0.756003 -0.029877
-1008.568115 -12.138306 0.837838 0.045123
-364.421509 149.249329 0.781898 -0.021782
703.400757 117.797974 0.771168 -0.022774
855.141174 -356.745972 0.950561 0.105685
377.486084 -6.884033 0.838582 -0.011069
909.408081 56.535156 0.826039 -0.003389
391.669861 88.823730 0.745239 -0.035606
233.769653 -254.007324 0.815886 0.116194
-756.469727 66.265442 0.765774 0.026588
552.615479 -527.654419 0.950470 0.002591
552.615479 -527.654419 0.950470 -0.026337
-772.550293 466.366821 0.791323 6.199693
843.175232 605.475037 0.710085 -0.020118
-995.186035 -255.833008 0.867731 0.048248
-276.293701 221.344177 0.746585 -0.005380
1074.392090 -8.483765 0.783080 -0.044819
-961.911865 605.690796 0.732178 0.031740
30.861328 -174.776001 0.823424 0.077489
30.861328 -174.776001 0.823424 -0.049670
30.861328 -174.776001 0.832886 -0.025338
-668.203369 60.454834 0.744218 0.016297
-22.717041 -34.454224 0.789443 -0.002485
481.345215 473.237610 0.727903 0.158810
636.826904 -275.190918 0.859255 -0.004458
539.237793 -396.124878 0.871951 -0.038517
539.237793 -396.124878 0.871951 -0.022282
-257.446533 -20.229614 0.810351 -0.005057
504.177246 -448.730591 0.906513 -0.001251
392.588440 645.599365 0.700048 -0.201761
156.614136 -87.916870 0.799483 -0.007542
-832.839111 599.266357 0.846819 -0.121250
582.097534 180.440002 0.652857 0.003459
-955.397949 581.039368 0.777431 -0.055945
319.531738 -276.578491 0.822341 0.037537
16.707031 133.157654 0.789959 0.015996
141.477051 500.853333 0.749526 -0.055829
150.435791 -426.422119 0.910558 0.018877
882.822937 -268.562012 0.864214 0.016589
882.822937 -268.562012 0.864214 0.052433
-1385.797363 471.305664 0.786318 -0.057569
184.341553 -417.012451 0.942883 -0.031043
293.711792 -530.880737 0.963961 -0.000936
-267.647827 149.749207 0.819815 6.170601
-267.647827 149.749207 0.819815 -0.039848
1077.928833 85.438843 0.817079 0.125150
391.854797 459.920227 0.734532 -0.001743
551.695679 86.684387 0.841946 -0.015257
551.695679 86.684387 0.841946 0.064173
972.463867 181.127075 0.794677 0.009347
-1273.363525 -187.767944 0.782137 -0.007629
588.529053 644.626465 0.751668 -0.188264
407.992920 60.430603 0.815593 0.100576
502.627563 -287.496460 0.812531 -0.021082
598.803650 0.793945 0.890160 0.001571
546.724121 603.590698 0.732497 0.044117
912.238892 -443.679932 0.915429 -0.057566
693.208801 -298.329468 0.874122 0.042758
-559.084473 139.588135 0.794634 -0.017979
917.117920 -519.823120 0.861661 -0.039655
-1102.238525 -55.615601 0.873407 -0.014613
-829.088623 401.363464 0.768188 -0.053424
344.278198 -72.201172 0.869689 -0.024686
290.600586 -383.440796 0.912846 -0.036891
417.125977 92.844299 0.770192 0.011761
21.262573 107.266113 0.729339 0.075797
-660.825928 -448.847900 0.905604 -0.088389
-660.825928 -448.847900 0.905604 0.071348
-371.882202 -84.793091 0.697980 0.136218
-530.407837 475.741638 0.721800 0.087293
-369.018799 -19.826050 0.933148 -0.000683
-538.259155 458.901978 0.735944 -0.047633
-538.259155 458.901978 0.735944 -0.019746
-968.390137 600.683105 0.778872 -0.182343
-738.407959 -405.694946 0.909337 -0.053069
97.140747 -76.615112 0.828644 0.001180
-946.328369 615.191101 0.690402 -0.187402
-998.112061 16.162109 0.841628 -0.120705
-319.189453 -377.097412 0.715752 -0.096671
-319.189453 -377.097412 0.715752 0.048301
-1206.889648 79.682373 0.809924 -0.045124
27.525757 -69.734741 0.809950 -0.039910
-1117.926025 60.569763 0.797922 -0.017303
-1117.926025 60.569763 0.797922 -0.012080
-320.522095 219.611938 0.773636 0.006711
45.752808 -400.789063 0.902834 0.000502
-139.870728 -111.526245 0.825182 0.021242
-1288.154541 120.002563 0.861895 -0.124124
-629.018188 452.932983 0.736111 -0.019794
-1211.040771 158.649292 0.778183 -0.035631
-1028.864258 -256.097412 0.877893 -0.120189
-1028.864258 -256.097412 0.877893 -0.107457
664.601990 -499.749390 0.917418 -0.025792
447.451355 -504.568604 0.929453 0.008045
639.059143 -448.067383 0.876317 -0.015294
821.953491 -73.647461 0.848216 -0.046043
286.600342 27.505737 0.864626 0.117778
854.806580 -395.764893 0.823789 0.055399
474.209595 -452.113159 0.919411 0.013667
-169.784058 449.341248 0.697458 -0.015779
1052.508911 43.762695 0.777242 0.139697
167.196777 -384.852173 0.863989 -0.051873
257.382935 488.141296 0.780228 -0.043338
-957.344727 41.706726 0.920371 -0.137610
-54.013794 498.473450 0.668964 -0.000894
-1193.274414 331.328247 0.790198 -0.004060
179.275513 -399.942749 0.900714 -0.031307
376.477783 -255.737915 0.838778 0.019094
118.476807 143.964478 0.790895 -0.074808
724.075867 -496.437500 0.993896 0.038733
724.075867 -496.437500 0.993896 -0.043373
-1040.327637 76.632324 0.795840 -0.043453
23.308350 157.996643 0.836209 0.126283
23.308350 157.996643 0.836209 0.025330
303.873291 -290.484131 0.812511 -0.059937
303.873291 -290.484131 0.812511 0.034806
-823.619629 10.421509 0.864880 -0.006394
760.172058 -149.778809 0.805116 0.070933
760.172058 -149.778809 0.805116 0.142403
-859.611084 378.188965 0.788071 -0.039946
-399.977417 -36.036011 0.837895 0.002300
248.322266 9.630981 0.816114 0.038897
114.689941 286.263062 0.781096 -0.012478
-955.909668 152.809692 0.786713 -0.059990
-454.877075 420.166443 0.873806 0.067209
-111.997559 -111.474121 0.817234 0.007894
-251.041748 222.628357 0.577991 -0.077334
-1004.972656 285.306091 0.782356 0.007252
-823.955078 338.027100 0.760349 -0.008822
-17.061279 -368.998169 0.803109 0.054587
-1027.958496 148.127808 0.692519 -0.000925
35.164429 -255.117432 0.817403 0.022024
-1149.189453 598.980103 0.789999 0.004528
-29.063232 -382.144653 0.890750 0.015482
958.465393 180.032104 0.823591 -0.043051
9.364502 480.434265 0.813493 0.152954
-290.456543 -36.027344 0.778069 0.002287
-851.474854 -287.909546 0.914614 -0.048633
-17.008545 -382.057617 0.912309 -0.214181
-17.008545 -382.057617 0.912309 -0.044018
-1352.880859 578.086792 0.703838 -0.057653
-1352.880859 578.086792 0.703838 -0.056108
938.924194 133.128662 0.808496 0.026315
938.924194 133.128662 0.808496 0.152436
-608.805786 451.854675 0.741637 -0.009650
-608.805786 451.854675 0.741637 -0.098047
-894.618408 48.775452 0.809687 -0.010741
54.676392 230.399536 0.886703 -0.057765
-286.471802 -406.082397 0.927763 -0.028467
-261.426880 -34.634766 0.820695 -0.003677
-745.539795 356.374634 0.752045 -0.030562
-279.321533 90.838806 0.747480 -0.003850
-923.749023 -306.447754 0.839209 -0.024583
380.774170 -172.291382 0.741434 -0.098044
-894.434082 303.743103 0.789874 -0.156207
832.501953 74.928223 0.748477 0.036283
-828.529785 -31.579590 0.631353 0.068690
193.127686 -182.910278 0.810804 0.009555
-118.781982 478.101196 0.736223 0.021223
-861.370117 54.468140 0.830526 0.005846
-1170.450195 109.493286 0.821105 -0.162054
-249.169800 168.586609 0.814521 0.020219
-249.169800 168.586609 0.814521 0.055671
-672.603271 487.630249 0.732086 -0.082220
-672.603271 487.630249 0.732086 -0.096574
42.176270 13.441895 0.758173 0.034781
376.998901 104.324341 0.842992 0.037569
-580.941406 43.206604 0.796867 -0.042742
-757.670410 -514.005615 0.886827 -0.001966
882.952698 194.621887 0.808176 0.040713
-29.299316 -369.216553 0.862832 0.081763
-155.113525 367.421387 0.750895 0.003333
-286.209595 486.178528 0.787939 -0.015646
884.208191 242.278015 0.790228 -0.023151
-1198.408936 -304.354492 0.827785 0.033194
-946.123047 -288.737183 0.790570 -0.039926
274.059204 -275.252197 0.797942 -0.044203
-1181.491211 58.329895 0.817141 -0.055968
308.030029 472.632080 0.713333 -0.006607
740.441711 245.062073 0.815169 0.031986
164.575439 -65.824097 0.848109 0.018598
-1252.850098 125.101318 0.771522 -0.079873
38.524536 115.365601 0.761164 0.016035
660.574768 16.853882 0.782457 0.098376
837.026306 -408.512329 0.838775 0.023443
-1216.619141 50.523315 0.767889 -0.002947
-264.109009 14.006226 0.842561 -0.130231
-537.836914 492.664490 0.730265 -0.041521
-803.220703 -391.415283 0.872829 -0.086431
544.432983 31.939819 0.770864 0.006783
61.192749 486.459106 0.733843 -0.043625
-1218.339844 112.844849 0.770025 -0.208592
-1218.339844 112.844849 0.770025 -0.096728
-577.322144 462.450867 0.771355 -0.218149
-343.968994 156.858704 0.800059 -0.047072
-24.371338 166.427063 0.862594 0.055373
-602.430786 97.083191 0.779013 -0.028305
-1152.357666 137.951599 0.750239 -0.153632
-472.222412 485.718445 0.755526 -0.102829
-472.222412 485.718445 0.755526 -0.033919
-1014.296387 -513.378174 0.989467 0.001736
-749.779785 76.402039 0.843583 -0.100772
-749.779785 76.402039 0.843583 -0.003937
458.412476 486.425415 0.808085 -0.010748
-85.257935 428.224121 0.721558 -0.020547
800.716003 -284.875366 0.802463 0.099545
446.712341 -446.632202 0.959638 -0.075491
-751.031738 -85.892456 0.604456 0.238484
-122.189087 27.641602 0.792610 -0.040913
-919.623535 392.684143 0.774921 -0.091743
570.465881 -167.564331 0.846249 -0.056102
-692.859863 -98.929321 0.842382 0.050131
706.755005 460.950195 0.699318 -0.021442
-907.289063 -397.308105 0.854009 -0.045709
-907.289063 -397.308105 0.824277 -0.017816
-499.535645 0.567017 0.861486 -0.139916
-405.973267 457.353699 0.796719 -0.032502
-1274.639160 -234.327026 0.834390 -0.124178
335.104248 499.929138 0.758678 0.056512
335.104248 499.929138 0.758678 0.093376
1030.818481 579.734131 0.731982 -0.041562
245.024902 199.188599 0.710657 0.002655
614.835632 -517.864624 0.938325 -0.117603
-432.475220 458.615601 0.729062 -0.037361
-432.475220 458.615601 0.729062 -0.005334
905.282959 -237.482178 0.749771 -0.050450
345.816772 65.847046 0.809092 0.011336
-957.899902 -50.294556 0.818354 0.145876
-945.080566 284.636597 0.807590 -0.038633
3.226685 -253.064697 0.812130 -0.109680
3.226685 -253.064697 0.812130 -0.056723
-1179.744385 -287.960693 0.878381 -0.047752
-1180.087402 318.353455 0.785606 -0.046271
-929.920898 483.261047 0.687378 -0.089711
-113.972534 348.789063 0.763557 -0.002192
618.798035 24.250366 0.953187 -0.101174
-225.209595 347.661926 0.769229 -0.008578
89.779785 285.146851 0.744666 -0.022851
-1223.622559 128.888367 0.856584 5.968735
298.648071 102.150757 0.790625 -0.003793
565.048645 532.872803 0.728815 -0.006631
295.807495 117.361450 0.768087 0.016848
-920.508545 337.765991 0.753667 -0.000982
-289.326172 226.235352 0.780955 -0.024857
364.308960 24.556274 0.695036 -0.063938
-615.473022 52.433899 0.839387 -0.147215
-69.937378 468.757202 0.685472 -0.056144
187.778320 476.991272 0.795266 0.080822
655.733154 -247.005493 0.814367 0.005239
-1139.909668 -93.493530 0.821219 -0.027991
-1145.416260 113.980713 0.808650 6.151653
23.473633 351.765808 0.780524 -0.008253
323.907959 -298.893188 0.864375 0.001197
-1250.589111 102.440613 0.839921 -0.079496
199.479614 -298.803223 0.872923 -0.008894
429.601440 -428.182129 0.916563 -0.003303
502.633484 47.343933 0.821042 -0.100683
502.633484 47.343933 0.821042 0.105333
-1258.866943 108.220642 0.793408 -0.055224
738.623718 -464.920654 0.906568 0.013825
738.623718 -464.920654 0.906568 0.051772
943.596802 -414.958374 0.891116 0.063110
-247.353516 -11.182861 0.744360 -0.098185
982.677612 -239.319092 0.749209 -0.023053
-240.461304 23.861572 0.800752 0.018030
-1130.509766 332.919861 0.778270 -0.003358
794.899170 -310.875732 0.883242 0.118275
794.899170 -310.875732 0.883242 -0.074124
-1116.342773 77.992371 0.806577 -0.022444
-269.622437 177.604736 0.818113 -0.016186
925.797119 185.842773 0.830514 0.098896
-424.822998 177.756592 0.823973 -0.090225
408.130615 472.457153 0.731899 0.136110
-183.452148 486.702759 0.755345 -0.175214
-1349.396729 512.677185 0.757696 -0.158984
-1349.396729 512.677185 0.757696 0.006549
-358.125244 191.864929 0.754219 0.032418
-520.170288 493.148315 0.714669 -0.023160
635.775940 -499.501099 0.932532 0.010170
50.762207 -110.520996 0.809410 0.100890
18.538452 192.041260 0.752588 -0.168899
18.538452 192.041260 0.752588 0.068305
-0.714966 -367.351074 0.882123 0.061616
940.425720 84.252563 0.891963 0.064816
485.418030 -480.349731 0.925775 -0.027781
485.418030 -480.349731 0.925775 0.104918
202.542603 428.305176 0.757053 -0.121583
202.542603 428.305176 0.757053 0.094309
893.729858 -471.860718 0.928213 -0.086815
122.279541 485.330505 0.854730 0.124754
800.167908 -294.666016 0.841942 0.107107
-1099.852295 106.779358 0.788512 -0.048714
160.918213 353.054565 0.745014 -0.010457
899.331543 -11.308228 0.871234 0.098683
-1124.656982 -445.246460 0.887674 -0.210742
-1124.656982 -445.246460 0.887674 -0.043751
987.386841 147.191956 0.801996 0.063699
987.386841 147.191956 0.801996 0.122149
852.630493 -251.285400 0.854928 0.041918
-1099.932129 10.909058 0.819613 0.031458
350.458496 313.626465 0.739394 0.140405
706.889587 -294.112793 0.903120 0.092559
539.962097 -477.981445 0.923644 -0.013328
596.025574 26.794312 0.796791 -0.145894
-969.718262 336.697449 0.785320 -0.004154
-790.440918 77.457520 0.786738 -0.003677
544.862793 20.990356 0.768223 0.109509
223.145020 -382.880371 0.860055 -0.033938
-660.009766 -53.849609 0.837829 0.046397
-1344.258545 612.950806 0.815701 0.077915
837.299988 -237.727295 0.755445 -0.036074
837.299988 -237.727295 0.755445 -0.023871
-1167.706787 -254.913940 0.846204 -0.140448
310.208008 111.877991 0.794072 0.060459
574.477295 -477.440186 0.894639 0.008542
-1003.642090 37.701416 0.824223 -0.119071
-948.744385 -20.266602 0.833118 -0.070764
-988.152344 -464.666504 0.899777 0.020267
-549.916260 311.224731 0.778972 0.030037
-549.916260 311.224731 0.778972 -0.087539
-988.548828 -446.796509 0.915482 0.054644
864.732483 -474.053833 0.862802 0.112074
-714.564697 -502.727051 0.969826 -0.136917
-1193.109619 113.006897 0.803408 -0.099144
-217.948120 426.646851 0.776314 -0.020650
240.601074 -169.461060 0.827434 0.120271
-393.284668 300.250488 0.827992 -0.034468
-1084.448975 333.858948 0.745985 -0.004089
390.437622 618.239624 0.723264 0.001562
-1031.899170 616.072144 0.722885 0.033042
651.582092 189.000427 0.733050 0.074606
517.219604 635.896484 0.665052 0.017426
446.489319 36.712708 0.791146 0.023885
-220.975830 -112.186279 0.848157 0.017619
-1085.282959 611.668396 0.721862 -0.043128
-1085.282959 611.668396 0.721862 -0.035090
-168.343628 126.944946 0.764154 -0.043242
-176.154663 207.959167 0.836715 -0.053817
-26.512451 -258.676758 0.874333 0.008909
-502.383057 495.998901 0.796092 -0.055358
-1264.115479 62.596741 0.816604 -0.023697
370.966187 -170.295654 0.890635 0.046927
370.966187 -170.295654 0.890635 -0.047941
-898.847168 -385.425903 0.935526 -0.143217
-898.847168 -385.425903 0.935526 -0.036856
361.369019 180.916321 0.812346 -0.028815
-1084.247803 372.261292 0.791245 0.001405
-1084.247803 372.261292 0.791245 -0.133973
730.026794 -292.919800 0.853330 0.044506
730.026794 -292.919800 0.853330 0.143200
-86.429199 350.392334 0.775628 0.010155
-183.709473 367.285217 0.757710 0.008704
-167.179932 472.409241 0.899251 -0.084260
928.146423 -471.240112 0.915308 -0.048455
-306.585571 457.866333 0.750387 0.027731
-853.568359 -446.746094 0.879481 6.142853
813.897949 -305.202759 0.887162 0.165391
214.660522 -386.987793 0.819945 -0.004231
-826.832031 -455.836304 0.921345 0.006386
-214.657471 141.743774 0.690479 -0.007511
248.391479 431.118835 0.746012 0.179093
919.622925 -409.155029 0.894450 -0.106339
-1251.235596 86.335510 0.888352 -0.101426
71.718140 -94.642456 0.911546 0.006598
-789.801270 -497.520996 0.942284 0.028244
-806.854248 -507.857178 0.874502 -0.121916
336.836914 -252.337646 0.849848 0.104024
336.836914 -252.337646 0.849848 -0.012219
-471.355957 455.132080 0.692208 -0.123659
-761.818115 393.804504 0.770641 -0.182876
-761.818115 393.804504 0.770641 -0.130169
-989.431152 470.738892 0.741635 -0.110058
-989.431152 470.738892 0.741635 -0.033471
773.812744 470.761841 0.636759 0.266809
381.034058 312.678101 0.749772 -0.060704
-1001.599854 -387.360962 0.871435 0.004080
-641.255127 470.457581 0.761213 -0.141888
-1154.328857 206.157166 0.677677 0.002114
807.952576 -417.304077 0.882847 0.047492
-885.069580 393.947083 0.772825 0.056995
-885.069580 393.947083 0.772825 0.044161
427.274353 86.367981 0.851401 0.073761
427.274353 86.367981 0.851401 -0.041606
885.452271 -161.067749 0.824492 0.001129
-432.300659 497.658447 0.815279 0.051545
-221.309448 -4.682007 0.832117 -0.206514
-636.183594 274.310913 0.783413 -0.127845
-636.183594 274.310913 0.783413 -0.029104
-665.096680 31.445068 0.768501 -0.022259
794.114014 627.345215 0.693585 0.033333
212.923828 -425.363281 0.910405 -0.017584
246.097534 -256.611450 0.785433 -0.009322
-691.682129 -447.105957 0.928718 -0.037121
628.740601 207.049438 0.776959 0.116294
405.728699 497.702454 0.777253 0.121308
-169.351318 -71.378906 0.848946 -0.069468
-688.692383 -53.228027 0.832792 0.012006
-194.259644 -70.711426 0.789598 -0.042208
487.124878 77.828918 0.804941 -0.019702
-386.135742 -73.870483 0.851382 -0.083824
-630.469604 84.690063 0.794959 -0.019984
-242.331909 23.849365 0.769574 -0.006950
162.038574 -166.885864 0.943994 -0.267860
-309.955566 226.040344 0.850647 0.000687
-906.392578 367.192688 0.817438 -0.105405
-906.392578 367.192688 0.817438 -0.034266
-1149.640137 -42.673340 0.744714 -0.017371
-1111.119873 -28.931396 0.780001 0.034683
-794.030518 90.695923 0.810503 0.152812
490.545532 317.355164 0.790776 -0.143828
-662.858398 470.239380 0.806778 -0.038667
-299.538818 168.309265 0.800953 -0.053994
310.936035 -416.127808 0.890365 -0.008785
179.168091 -260.205200 0.829886 0.011923
179.168091 -260.205200 0.829886 0.009213
-230.826660 -277.540771 0.746661 -0.157559
326.676392 -165.566162 0.837178 0.040307
326.676392 -165.566162 0.837178 0.014932
-1167.059326 62.193115 0.771224 -0.135095
-785.334717 -511.963135 0.863774 -0.039035
190.605835 -371.284668 0.904098 0.005096
810.657349 650.666016 0.717512 -0.040149
-939.053467 -500.413940 0.951277 -0.074367
-1120.770996 43.907959 0.822297 -0.020580
-756.322021 -504.072021 0.941836 -0.159155
-836.901367 459.716858 0.805803 -0.168108
619.939514 457.868103 0.714468 -0.037728
863.695679 92.274109 0.822340 0.049139
537.604736 -379.664795 0.879715 0.100600
537.604736 -379.664795 0.879715 0.038209
-697.931152 -468.830200 0.883051 -0.129203
682.080322 -460.397217 0.902749 0.081788
682.080322 -460.397217 0.902749 0.020734
660.235657 121.772949 0.875482 0.061196
505.843628 121.247864 0.795183 0.130846
-1006.037598 -92.403076 0.791636 0.006726
-1006.037598 -92.403076 0.791636 0.010120
629.151184 48.606934 0.826150 0.081489
-1221.148926 102.820801 0.815635 -0.118578
897.860229 203.833435 0.802598 0.111278
283.843994 44.736633 0.881002 0.067921
18.452515 9.899536 0.892793 -0.085953
18.452515 9.899536 0.892793 -0.120520
10.356812 163.810547 0.752219 0.060254
10.356812 163.810547 0.752219 -0.091818
864.859436 -252.033325 0.863267 0.024969
183.719116 -376.408325 0.921916 0.003880
-883.514648 77.672119 0.835342 0.031939
-883.514648 77.672119 0.835342 -0.144973
-1279.539063 87.022888 0.891569 -0.095823
689.434448 470.065552 0.737886 0.115398
1068.429077 -7.402954 0.680483 -0.018561
-33.883179 138.557434 1.028863 -6.171325
-298.760376 -3.409912 0.819152 0.145704
-298.760376 -3.409912 0.819152 -0.108757
271.065430 -297.351440 0.885530 -0.003024
827.115845 -286.076538 0.841931 0.065691
-27.836792 -70.587280 0.809207 0.045335
-318.233765 10.357788 0.826377 -0.022548
238.253784 -382.672974 0.901106 -0.006023
246.946289 -245.630493 0.855314 0.029562
964.514648 -269.039795 0.902787 0.092109
1057.381958 102.247559 0.805343 0.151891
819.363037 -299.331421 0.782722 0.105033
644.793152 564.148560 0.751939 -0.093039
819.927856 605.989136 0.639588 0.006084
506.178040 471.220459 0.694548 0.017637
506.178040 471.220459 0.694548 -0.007423
-56.861450 -8.963501 0.809442 -0.054685
-272.581665 -532.901855 0.902913 -0.076167
-272.581665 -532.901855 0.902913 -0.029742
-272.581665 -532.901855 0.902913 -0.008811
-272.581665 -532.901855 0.902913 -0.033492
1027.063721 -230.596680 0.804025 0.126659
837.037354 -280.969849 0.873335 0.010790
-502.468628 456.388611 0.747890 -0.081321
-34.916260 351.814148 0.764637 0.007144
-944.293701 402.442627 0.750034 -0.082350
-944.293701 402.442627 0.750034 0.040580
685.705688 -251.042603 0.975916 0.032362
-813.647217 -455.381958 0.818375 -0.141602
-813.647217 -455.381958 0.818375 -0.215757
-4.886963 156.270264 0.747609 0.108842
-949.699951 -206.609497 0.875032 -0.026136
-313.161743 -545.669556 1.313410 0.055373
270.083984 121.036560 0.796406 -0.169657
114.498535 -67.012329 0.802476 -0.024663
637.464722 -288.425537 0.844124 -0.082672
888.601501 -366.716309 0.905294 0.120219
743.982910 360.883057 0.763092 -0.001766
1027.128784 -247.720215 0.870991 0.020994
493.113770 -370.181030 0.883372 -0.110193
-296.854492 23.397949 0.818793 0.013369
178.393433 -245.346069 0.811851 -0.113595
-248.825195 29.280518 0.863612 -0.098319
-591.333252 482.907532 0.795682 0.065078
-591.333252 482.907532 0.795682 -0.073152
-1193.616455 144.304871 0.774891 -0.201067
-947.509766 378.144104 0.720606 -0.128128
-313.523682 20.356079 0.810801 -0.108272
592.786316 -363.045166 1.255600 -0.030498
-347.499634 181.439087 0.853408 -0.087171
929.326477 69.787048 0.790756 0.125625
-230.766113 3.239624 0.822317 0.207232
846.067810 -461.798096 0.928671 -0.164080
-882.869385 -385.140625 0.879337 -0.159754
437.492310 84.789551 0.872954 0.056251
-1277.174316 125.621704 0.849203 -0.016213
1049.328125 -453.353271 0.893505 -0.029481
64.559814 4.954468 0.759103 -0.069365
-76.403809 394.977722 0.793347 -0.088114
656.816528 -470.908203 0.887098 0.041040
656.816528 -470.908203 0.887098 -0.051291
-770.645508 386.237000 0.794732 -0.127354
-364.127319 459.586792 0.780015 -0.030256
-815.075684 73.091248 0.852860 -0.067785
-716.619385 386.613281 0.797117 -0.041930
1025.882568 -408.143311 0.863371 0.005825
-788.470215 -404.613647 0.933051 -0.025129
851.863708 -239.958862 1.000777 0.039493
-1103.412598 87.639465 0.838346 0.049967
-1103.412598 87.639465 0.838346 -0.056858
794.358398 -299.615601 0.778978 0.051935
-573.354980 252.119812 0.837868 -0.190497
340.192871 -423.038940 0.853795 0.005556
-639.782227 51.011719 0.838792 0.022951
-208.917358 -9.149780 0.824084 -0.034814
-208.917358 -9.149780 0.824084 -0.023038
571.234253 589.136230 0.743276 -0.051659
475.318665 -468.546143 0.875511 0.118801
-989.038574 -504.668823 0.890258 -0.197413
-989.038574 -504.668823 0.890258 -0.020397
364.332031 -374.613159 0.932871 -0.043312
-1236.411133 -260.309326 0.822280 -0.025006
-1204.366211 -511.478638 0.906207 -0.053801
318.188354 37.607666 0.810973 0.008948
662.009094 -377.099976 0.858364 0.000312
402.878784 616.075073 0.743513 0.080463
-214.625122 29.951538 0.808475 0.086061
720.583130 -157.800293 0.860191 0.124185
-1299.274902 125.430054 0.774974 -0.196821
-1252.860107 63.755798 0.826132 -0.008523
947.480469 -512.075562 0.957276 0.035404
-138.339600 -70.501587 0.866319 0.114344
-310.034790 -2.693481 0.803188 -0.055947
-409.346680 177.959717 0.820263 -0.041186
58.240967 -4.031006 0.784864 0.021068
979.774109 163.941528 0.795400 0.039741
-303.397339 29.367798 0.761038 -0.022505
-534.432495 17.196289 0.853453 0.022729
302.892822 -425.497437 0.910190 -0.044762
-1187.114746 -23.117920 0.919103 -0.046648
806.029480 131.361450 0.811215 -0.014011
-203.995605 1.660889 0.650868 0.080113
100.930420 485.862671 0.764917 -0.030078
707.136719 419.596008 0.778077 0.185892
-1215.810547 -252.058228 0.854766 -0.049245
265.883057 78.873718 0.779973 0.018968
1067.770508 151.145386 0.874892 0.073292
-133.814209 476.119507 0.837953 -0.008962
-1114.427979 -8.443237 0.819504 -0.061126
647.269958 -419.936646 0.881931 -0.016079
878.243713 559.115417 0.775433 0.085830
36.626953 -420.894775 0.833730 0.084892
-1284.609863 110.416565 0.790255 -0.184702
-229.934937 409.252197 0.773952 -0.068525
676.963684 73.639160 0.820428 0.131660
-752.753906 17.127686 0.856248 -0.119171
-248.274414 3.716431 0.878881 -0.020263
-707.858398 75.947266 0.803111 -0.095868
-84.478394 -9.160889 0.811092 -0.068915
1026.213867 -298.596436 0.847373 0.019878
223.213623 -288.976929 0.975853 -0.036772
-765.690674 -496.946045 0.902058 0.097433
862.731018 171.026794 0.757103 0.036173
873.639404 -28.301392 0.803501 -0.055454
706.392822 481.941162 0.740578 0.010585
-272.299316 -540.979126 0.845388 -0.079822
231.848022 -388.072144 0.963503 0.020101
631.929565 635.731567 0.694295 0.031870
-1248.086670 331.399048 0.755634 -0.001131
-383.722290 457.308289 0.745529 -0.034933
543.292480 359.756348 0.812282 -0.010080
-516.816895 474.338928 0.836741 -0.087311
-214.545532 17.696045 0.842816 0.001036
-736.086914 75.996216 0.800452 -0.069592
-868.458984 366.852356 0.788270 -0.023586
889.708130 -279.507202 0.848159 0.035437
547.957397 -416.296143 0.871355 0.042634
-214.087646 4.609009 0.846198 0.029708
378.009155 -238.727051 0.835211 0.027156
378.009155 -238.727051 0.835211 -0.037071
-842.829346 385.201416 0.783741 -0.061183
-512.109375 483.494080 0.780807 -0.141028
1001.908936 -408.698730 0.851852 -0.026919
388.172668 -370.787109 1.035968 0.022826
-626.983765 117.546143 0.874213 -0.005766
-900.110352 375.003601 0.794393 -0.181776
-1211.293701 128.818176 0.803108 0.021673
1086.575684 125.732849 0.834371 -0.016628
710.128540 -470.889771 0.911610 -6.218506
-753.402588 -13.339478 0.838401 -0.077042
-1085.060059 120.448730 0.815625 -0.009867
257.599365 456.137085 0.757185 -0.024025
551.882324 102.058777 0.860919 0.044388
-899.787598 397.323059 0.822435 6.069033
525.944580 375.974976 0.774689 -0.050872
-885.971436 379.549561 0.778095 -0.081033
121.825439 -431.812012 0.903656 -0.160689
121.825439 -431.812012 0.903656 0.056665
868.196289 -283.085693 0.867362 0.063389
618.115845 38.218567 0.879182 0.102789
618.115845 38.218567 0.879182 0.109147
-1206.781250 -51.404419 0.823345 -0.192805
-1206.781250 -51.404419 0.823345 -0.033025
-539.101685 324.238403 0.788666 0.111970
-961.841064 303.780334 0.767117 -0.106549
-961.841064 303.780334 0.767117 0.039769
-11.922119 -375.345459 0.903595 0.000790
-733.369141 87.051697 0.759353 -0.061892
489.918823 -304.623779 0.903715 0.032012
111.942993 322.552063 0.794909 0.164358
111.942993 322.552063 0.794909 -0.057475
-943.733154 -508.726318 0.878590 -0.019942
-943.733154 -508.726318 0.878590 -0.158971
366.599609 -420.717041 0.898075 0.103581
756.266174 -420.772095 0.888782 0.040549
-908.452881 338.821960 0.695217 -0.002811
39.376709 -68.215210 0.829837 0.017734
39.376709 -68.215210 0.829837 -0.075375
101.720459 505.526550 0.666634 0.051506
-807.150146 -407.572510 0.887196 -0.143943
828.870300 126.215759 0.784622 0.140713
-214.072876 338.976501 0.694906 0.025846
-214.072876 338.976501 0.694906 0.031180
-1133.934570 207.643616 0.729641 0.002161
-642.434570 -515.073120 0.852984 -0.019585
-562.402344 142.592773 0.855372 -0.079873
-726.566162 -462.479736 0.927528 -0.113112
-726.566162 -462.479736 0.927528 -0.044470
-248.271240 17.179565 0.832179 6.247750
978.297424 -402.971069 0.931753 0.115353
978.297424 -402.971069 0.931753 0.071011
-721.221924 74.011230 0.827162 -0.004064
-717.349609 406.018311 0.748956 0.013942
-1355.170898 588.413696 0.746857 -0.049048
-4.380371 2.296387 0.735948 -0.070174
-1248.877930 -251.120117 0.846999 -0.067258
-311.696899 -373.866821 0.858815 -0.025425
-913.119385 7.481812 0.824804 -0.079167
-1130.993164 -30.439087 0.738495 -0.021375
-1202.443115 -28.704834 0.853562 0.003388
947.606873 187.306396 0.876465 0.115845
646.750977 -428.193848 0.890459 0.067364
542.597290 101.146606 0.802727 0.050342
949.983765 -303.246338 0.846279 0.040289
-204.768188 364.034424 0.702065 -0.000866
-1203.929443 38.883118 0.835624 -0.131610
487.215698 -428.824341 0.875168 -0.029588
708.569824 -174.683716 0.836153 0.065443
919.803833 -353.324585 0.953282 -0.032829
715.631958 361.200928 0.778634 -0.002581
1.636841 166.112061 0.839580 -0.020266
-231.113281 29.625000 0.809208 -0.002318
439.627380 -472.958496 0.925805 -0.027334
-906.041016 403.566467 0.811689 -0.181521
-906.041016 403.566467 0.811689 0.032115
542.851074 81.647400 0.843221 -0.008211
152.313965 -67.531982 0.816688 -0.108255
313.987427 -387.179688 0.938588 -0.017604
-1099.114258 -51.491089 0.711259 0.030823
755.611816 -526.126953 0.888765 0.071163
-1087.111328 86.511230 0.815630 -0.008632
138.947876 323.678589 0.769037 -0.032993
-1268.404541 -250.441772 0.802819 -0.122692
1082.798340 -2.412354 0.829177 -0.041482
-23.172974 -363.536621 0.907905 -0.055099
1042.237061 365.561584 0.762710 0.000628
416.662048 -184.159424 0.810411 0.034679
-166.999268 -51.514160 0.835842 -0.074843
795.867554 -417.299561 0.903181 0.085585
795.867554 -417.299561 0.903181 -0.113701
58.095337 -384.703003 0.879961 -0.005949
-109.013672 -89.965332 0.800523 6.174966
-109.013672 -89.965332 0.800523 -0.088671
-228.260620 -371.149658 1.394816 0.132405
807.200989 -289.504028 0.723157 -0.110687
807.200989 -289.504028 0.812011 -0.157162
-1141.878662 -511.365479 0.920982 0.078928
992.240295 -354.764404 0.881279 0.043714
-968.831299 -463.138550 0.898438 -0.116887
381.060181 -527.467163 0.938082 0.026891
381.060181 -527.467163 0.938082 0.150958
820.553650 72.673401 0.744294 0.062852
1042.038208 -460.264893 0.881972 -6.197444
-279.270264 17.521606 0.822865 -0.087355
-1089.229492 -461.955933 0.859603 6.127920
-1089.229492 -461.955933 0.859603 -0.042743
708.338867 -162.354492 0.841512 0.111392
-741.520996 -417.910156 0.901433 -0.008967
-669.241455 268.899048 0.748114 -0.012339
1014.393127 553.928101 0.738915 0.118766
853.175110 90.976990 0.854783 0.043880
890.570557 -523.681763 0.926583 0.199895
890.570557 -523.681763 0.926583 -0.046358
905.973511 -30.888550 0.757216 -0.015720
-328.012085 -66.922852 0.801837 -0.114447
-797.396240 369.057129 0.788379 -0.003556
160.859985 -438.364014 0.958421 0.009108
-742.397705 76.935242 0.864308 -0.091134
-1040.147705 373.707275 0.831992 -0.121702
-85.041016 245.095459 0.853730 0.035667
-1206.662109 332.638855 0.726849 -0.005204
364.211060 614.505005 0.645443 -0.043503
-674.262939 -196.701172 0.825303 -0.186972
-1014.922852 336.304077 0.700091 -0.004638
-1192.081299 -462.737183 0.892827 0.013032
-291.427856 15.209473 0.849362 -0.000809
-960.945557 -462.558838 0.939812 -0.060312
-960.945557 -462.558838 0.939812 -0.013851
-29.855713 394.314453 0.785651 0.054909
331.663940 -417.917603 0.813899 0.001882
331.663940 -417.917603 0.813899 -0.067810
362.291016 -451.861328 0.923910 -0.043925
-784.532227 369.089172 0.799453 0.016073
770.379028 484.823059 0.746946 0.004758
770.379028 484.823059 0.746946 -0.033213
738.143982 -159.942383 0.883106 -0.070731
392.992188 -296.061401 0.781681 0.079311
749.370361 653.635620 0.854755 -0.013285
784.185852 -420.062012 0.938032 -6.203575
-894.371826 366.870422 0.777639 0.060038
77.179077 -419.825317 0.919183 0.131948
38.030518 138.683960 0.832838 0.043127
38.030518 138.683960 0.832838 0.024565
-1086.601074 -513.054932 0.873296 -0.005675
448.228821 329.241089 0.792591 0.123402
-1094.010254 364.101746 0.837943 0.124081
431.871826 -463.487061 0.912319 0.133009
431.871826 -463.487061 0.912319 -0.044677
-978.982666 -50.685059 0.850145 -0.023463
1026.993164 330.293396 0.797770 0.075379
-221.495605 87.780823 0.830764 0.006341
-1106.368896 -388.638916 0.871761 -0.032146
419.411865 -451.082520 0.878143 -0.035963
-562.432251 1.901245 0.856099 -0.163966
476.745728 86.028564 0.870673 0.014033
-425.051392 276.118713 0.723413 -0.066568
-943.367920 366.406555 0.813082 0.005778
-16.365112 353.323120 0.716508 -0.011976
600.164063 177.064575 0.796582 0.004732
-188.597290 429.543335 0.758450 0.000624
507.582153 330.854004 0.778674 -0.017499
-166.292114 350.560303 0.727995 -0.002405
888.024658 90.661133 0.744686 0.132037
-819.250000 -324.754517 0.832861 -0.023935
-394.946777 278.386169 0.754929 -0.018062
-1141.965576 -458.021606 0.928852 0.058620
942.290771 580.019409 0.581460 -1.781322
243.397095 465.121704 0.647575 -0.005463
-843.230469 -407.596924 0.883033 0.015695
-843.230469 -407.596924 0.883033 -0.162918
-296.968872 150.829285 0.903800 -0.042925
-690.666504 -465.618774 0.932872 -0.169772
-690.666504 -465.618774 0.932872 -0.035066
342.871704 -162.135132 1.118660 0.040975
1013.110107 347.954346 0.777043 -0.016395
908.028564 -395.896240 0.881743 -0.066619
643.846863 107.547119 0.832471 0.019325
-28.077515 -88.679688 0.820287 0.004356
675.744019 -475.594116 0.947114 0.029952
-918.438721 369.107849 0.828554 -0.061980
-849.722900 311.151123 0.758528 -0.033996
-1054.498047 -234.738403 0.884831 -0.048609
-1259.159912 -258.909424 0.839911 0.034019
-581.548462 74.632446 0.833818 -0.186307
801.992126 -422.281250 0.880923 0.102799
850.710815 -519.644165 0.952495 0.145277
-968.916504 -452.171143 0.911425 -0.032126
-325.508179 -538.232056 0.943110 -0.073361
-1012.255859 20.791260 0.908560 -0.100171
-670.575439 -514.694336 0.935223 -0.079307
127.593628 -425.477295 0.880928 0.019878
1048.707275 -520.963135 0.942404 0.142417
420.667175 124.834167 0.774052 -0.033687
-789.868164 59.865784 0.811212 0.094954
1087.819458 82.771973 0.844885 0.092292
502.573853 177.372742 0.743615 -0.000865
-344.352661 458.488770 0.761843 -0.006112
930.583984 -523.403809 0.957828 0.112242
930.583984 -523.403809 0.957828 0.076339
1028.850098 -458.400024 0.875221 -0.029837
228.135742 -377.955444 0.875944 0.017553
-816.453613 -497.337891 0.955365 0.016593
-815.813721 -517.900146 0.949619 -0.043051
60.466675 -352.143799 0.898974 -0.019538
185.015869 -433.541748 0.904976 0.077243
185.015869 -433.541748 0.904976 -0.029871
154.967163 -384.052124 0.907784 0.018563
524.248047 -520.245117 0.932350 0.018941
802.810608 -355.098511 0.888721 0.110067
336.322388 324.786011 0.787252 -0.050054
-292.982056 4.128540 0.827357 0.027330
771.709351 -367.215942 0.904717 0.126698
206.889771 -177.874023 0.899501 0.013488
893.206543 -409.698975 0.867238 0.101323
519.987305 486.551392 0.775732 -0.023632
-1081.840820 -461.296509 0.906454 -0.046139
30.182617 482.220703 1.091058 1.546119
-298.010376 -71.895508 0.799891 -0.000113
547.230591 -471.336914 0.897817 0.043873
-954.056641 -447.778076 0.965148 -0.116027
-965.471191 -240.324097 0.905810 -0.015361
1028.631470 -470.227295 0.935824 0.040049
1028.631470 -470.227295 0.935824 -0.007382
904.428101 -378.042114 0.872580 0.002923
-976.867676 -510.101196 0.949601 0.001529
508.781006 89.837646 0.787654 0.046040
678.307434 89.597534 0.787609 0.086207
796.428223 -380.560669 0.873512 0.014065
-224.548584 316.279358 0.770432 0.002879
779.154602 -406.708252 0.924275 0.078592
-846.279785 395.380127 0.739037 0.035609
551.699585 123.681396 0.849220 -0.011644
408.610352 -468.253418 0.880597 0.035279
589.107422 630.124390 0.687063 0.141010
-1096.527588 -398.023560 0.906944 -0.097424
-1167.601074 276.647644 0.819452 -0.132953
877.862244 -414.682983 0.929963 -0.017132
621.725891 -524.667725 0.877513 0.024112
541.042786 250.164001 0.738739 0.018567
505.151306 -527.530640 0.913355 0.080345
-609.019531 79.687317 0.767271 -0.034052
-696.289063 309.070984 0.794037 0.027278
255.342041 -531.684204 0.955491 -0.033321
-41.855591 13.501709 0.831068 -0.047255
-722.076416 342.501099 0.734605 -0.005704
-351.280273 165.800903 0.792943 -0.062190
-1074.369385 382.748901 0.834528 -0.096262
-703.073486 -1.121216 0.988383 -0.142167
-122.097900 401.614990 0.773390 0.036854
884.723389 -9.886108 0.804610 0.023303
260.347290 113.259338 0.828316 0.039857
368.791260 34.934509 0.842694 -0.061311
-40.379028 251.142273 0.824683 -0.020571
499.893494 655.065735 0.710927 0.132424
741.913025 -523.727295 0.922292 0.046373
-1329.579834 899.469604 0.308502 -0.150989
706.063049 624.282349 0.766952 0.130550
194.304077 353.704834 0.830268 -0.044754
693.757385 255.921082 0.823200 -6.256236
690.219360 608.344055 0.750175 -0.064276
582.066711 -470.749023 0.983036 -6.219320
-198.316650 350.083740 0.735864 -0.000710
-1213.678711 296.494080 0.789772 -0.025291
-386.159546 -91.409668 0.830342 -0.165543
1048.848633 -509.001221 0.895907 0.203829
-746.330811 282.247864 0.825631 -0.055405
689.186157 54.986877 0.829296 0.054504
-514.053345 75.921021 0.898898 0.012282
722.962524 6.727051 0.828211 0.190510
689.862488 3.499878 0.765102 -0.034552
7.860474 236.755066 0.852993 -0.020650
7.860474 236.755066 0.852993 0.045667
171.896606 -439.504517 0.897351 -0.028204
-170.080322 -547.757935 1.026625 0.076295
715.770996 -434.073730 1.366221 -0.160688
-1106.347656 301.242432 0.733247 -0.044153
41.285522 316.357483 0.727994 0.034771
-539.170532 301.734070 0.770242 -0.039097
906.301331 -292.584961 0.891085 0.144063
392.731628 35.137695 0.777871 -0.020537
392.731628 35.137695 0.777871 0.048919
363.081299 486.506897 0.734614 -0.011018
794.165894 637.484924 0.718459 0.017100
204.616211 -310.266724 0.979831 0.039550
204.616211 -310.266724 0.979831 0.074653
-1032.770508 380.655762 0.712955 -0.040050
362.842041 100.761719 0.866407 0.111498
414.629883 104.409241 0.799183 0.015353
-832.307373 -467.418701 0.882216 -0.049943
890.498413 113.722229 0.808539 0.032550
-1130.344482 -189.757080 0.981661 -0.042417
813.885193 549.905212 1.135691 6.264833
998.492432 -253.084351 0.978366 -0.004417
-755.708252 -448.949829 1.001018 -0.102460
-755.708252 -448.949829 0.994033 -0.020079
444.953918 121.315674 0.768534 0.021752
-877.270264 386.294373 0.783769 -0.007890
889.474670 -290.392090 0.894080 0.088473
-1088.390381 -54.100464 0.798641 -0.112582
-1071.295898 366.195740 0.880946 -0.115880
-266.605103 -538.263306 0.937946 -0.147223
101.914551 128.933044 0.785664 -0.099822
406.133301 -293.462646 0.826154 0.096453
-366.639038 9.385620 0.687211 6.051516
0.458496 322.819824 0.733416 -0.051366
-1014.603516 -401.611816 0.893612 -0.155341
-328.880493 20.513306 0.905906 0.098363
797.165344 -468.630981 0.867419 0.044797
828.936951 637.791748 0.739638 -0.068382
-856.041016 -416.464478 0.908101 0.013308
-305.713623 4.393311 0.969717 0.044170
-913.429688 -499.446655 0.910475 0.016297
-235.753052 457.161560 0.814574 -0.166636
-766.598633 28.355225 0.802187 -0.015007
-251.054321 -531.069336 0.866009 0.018929
96.087402 -379.321411 0.946210 -0.012388
-261.761719 -92.336426 0.845962 -0.167307
915.951172 46.183472 0.789758 -0.031909
238.352783 -413.200073 0.853778 0.029728
-825.618408 -384.442871 0.988480 0.028250
-127.333374 391.388245 0.688464 0.084012
698.757813 -427.782471 0.852642 0.055237
458.245178 -467.707275 0.932638 -0.023496
-946.034180 -398.097778 0.964265 -0.077837
-946.034180 -398.097778 0.881702 0.048858
-779.482178 391.336548 0.806217 6.037182
14.666016 119.351624 0.787082 0.021143
897.327393 117.914856 0.827639 -0.010485
-1091.933350 304.492310 0.769151 -0.061586
368.133911 62.542419 0.884305 0.097920
-319.634766 503.237549 0.814831 -0.071521
802.628113 -412.783203 0.884525 -0.079559
-1036.447998 90.921021 0.815448 -0.063895
-9.994385 194.707397 0.718013 -0.015209
-849.176514 -335.275757 0.879013 0.016870
1100.785278 126.692322 0.754985 0.105805
-237.466675 426.653015 0.758932 -0.023462
289.057007 38.372070 0.791333 -0.015504
-726.718750 393.671204 0.777254 -0.070180
-1068.864014 -452.260986 0.956051 -0.085048
-687.659668 -458.341309 0.874985 -0.058756
-687.659668 -458.341309 0.874985 -0.210959
-279.287354 -292.933105 0.846390 -0.136929
-279.287354 -292.933105 0.846390 -0.209864
-20.717285 317.782532 0.763312 -0.056516
-753.449219 368.330872 0.802650 -0.058551
-1282.000977 102.489197 0.921709 6.017961
520.538208 176.379944 0.696420 -0.004678
-125.930542 417.810913 0.695243 -0.075202
-195.264160 20.482910 0.761584 -0.069512
-1.088013 -55.316528 0.834001 -0.127514
812.083191 -360.114380 0.888349 0.063477
497.436218 -540.196533 0.958422 -0.022212
497.436218 -540.196533 0.958422 0.186251
-921.391602 308.898315 0.775616 -0.002305
1016.650879 -419.238892 0.871491 0.138019
-793.290771 -400.159302 0.866795 6.233647
-1158.105957 -408.246094 1.036816 -0.192886
84.775513 34.923767 0.780452 0.027650
735.330811 -476.572266 0.942682 -0.064361
-738.840332 -448.806519 1.062525 -0.096054
-774.902344 35.656494 0.835411 0.018208
-802.522217 307.496216 0.776217 -0.094688
160.984863 -415.312988 0.945199 0.065691
778.783936 -415.688110 0.902732 -0.038590
778.783936 -415.688110 0.902732 0.100623
-997.672119 -463.269043 0.944983 -0.161615
-997.672119 -463.269043 0.944983 -0.014321
590.995422 79.929626 0.741320 0.046584
590.995422 79.929626 0.741320 -0.013945
-398.699829 466.584167 0.770821 -0.127144
547.596741 -430.701416 0.896729 0.026608
-23.588013 403.392822 0.786607 0.021143
-259.424683 -68.527954 0.848481 -0.035577
-625.000610 42.550964 0.862918 0.063503
-336.537231 -275.820190 0.967901 -0.106898
696.766907 156.211365 0.924651 -0.157099
-929.307129 -516.652222 0.905511 0.022832
-311.490967 129.971802 0.781012 -0.109214
-1039.679932 -461.050415 0.960783 -0.120573
-25.533203 418.858276 0.722135 -0.067252
-1072.121582 301.512695 0.752981 -0.019268
-12.882568 -69.385132 0.852551 -0.037755
852.689697 -417.095947 0.888129 0.047985
-571.501831 278.759338 0.755333 -0.035743
-796.665771 409.798157 0.983435 -0.084863
-731.423340 368.530762 0.732532 -0.044558
901.142334 -465.670654 0.966829 0.022810
-1196.180664 301.677551 0.848893 0.050225
775.806152 564.892456 0.783617 0.007526
-688.720459 -191.562378 0.860513 -0.007239
-534.477295 273.942200 0.820461 -0.043182
-1019.395996 393.306396 0.714265 -0.004050
-1149.707275 -447.080200 0.966229 -0.019323
-1149.707275 -447.080200 0.966229 -0.111641
-275.316528 -287.117554 1.003230 0.035504
610.717712 361.845642 0.768966 0.000230
-683.377197 -524.724121 0.945493 -0.056708
-590.155640 307.616211 0.696579 -0.113350
-724.655029 -212.076416 0.802627 -0.067089
-1209.752686 115.459106 0.808883 -0.002465
-1209.752686 115.459106 0.808883 -0.065815
-1209.752686 115.459106 0.808883 -0.179380
-64.672241 15.963501 0.783740 0.020412
-106.087402 351.079224 0.739317 -0.005023
487.186157 -374.514771 0.868725 0.084346
898.940430 23.113892 0.751184 0.008788
-1029.420410 -512.596924 0.950619 -0.002754
-893.977295 404.237244 0.802340 0.004543
-661.540771 288.340332 0.817700 -0.072009
686.812744 193.160095 0.802047 -0.027426
-308.047852 -539.750244 0.899150 0.041380
-308.047852 -539.750244 0.899150 -0.031479
-308.047852 -539.750244 0.899150 -0.058752
-308.047852 -539.750244 0.899150 0.001590
-941.893555 -402.973267 0.993473 -0.068017
-963.881836 -517.118530 0.947596 -0.024432
-728.856201 -96.871338 0.849833 -0.104058
408.916931 85.618347 0.739244 0.130030
1006.477051 -517.021484 0.905952 0.139885
872.044006 -250.040649 1.060210 0.175292
439.529480 647.558960 0.862922 0.129293
-847.282471 -440.900635 0.935647 -0.018957
-847.282471 -440.900635 0.935647 0.009784
536.258728 116.317871 0.822191 -0.078017
189.873901 -383.743652 0.871767 0.013025
18.066162 488.760925 0.812794 -0.013225
784.418030 -231.751831 0.926389 0.086664
-635.933838 241.415527 0.782850 0.025553
-635.933838 241.415527 0.782850 -0.090212
527.497192 361.623108 0.751863 -0.009417
950.745605 -69.735962 0.837885 0.042456
863.848389 103.585754 0.728848 -6.201853
863.848389 103.585754 0.728848 0.114550
-1161.358643 -447.436279 0.935414 -0.138809
-732.148926 -189.940186 0.793047 0.001047
301.448853 106.637390 0.775786 0.005515
-1021.376221 -461.586182 0.996273 0.008207
209.609497 -264.072754 0.936849 0.147567
-12.356323 392.326111 0.839125 0.106497
794.897766 -427.187622 0.882709 0.118210
-959.775146 -63.566650 0.807163 -0.019986
642.085938 363.108582 0.762055 -0.001047
866.230408 233.539490 0.831574 -0.050087
-387.979492 216.293945 0.716397 -0.045247
791.184021 -236.888916 0.818205 -6.198798
570.024719 -421.898193 0.888049 0.015867
1050.749634 550.830566 0.824267 0.065544
-746.986084 -455.264282 0.915707 -0.046729
162.566162 157.737000 0.867011 0.016159
607.554138 -363.143921 0.902124 0.022693
-3.482300 248.853638 0.777335 0.042558
-1104.859375 -236.783936 0.821356 0.040599
-547.633057 76.879028 0.885120 0.151901
917.297852 566.043823 0.713789 0.121662
-7.447266 300.584045 0.786283 0.040318
804.311768 190.859619 0.835621 0.067500
-1040.327881 -448.038574 0.982178 -0.138768
-1021.607178 -447.199219 0.956934 -0.199946
355.346191 -430.305664 0.899772 -0.005571
-1024.283936 104.641052 0.864050 -0.146661
-203.327759 401.360718 0.778446 -0.026346
-924.869141 -494.433838 1.011636 -0.100772
34.144897 105.774963 0.869233 0.104395
843.259521 113.819641 0.726054 0.089978
-1066.860840 91.641907 0.829882 -0.051357
-85.422974 8.725952 0.854815 -0.053363
380.850708 103.106445 0.797934 0.011826
951.145874 -157.204956 0.829971 0.182446
521.244934 92.550415 0.922910 -2.709896
785.646423 241.591370 0.799660 0.157144
-724.709473 378.461182 0.805054 -0.045423
-390.608276 165.071655 0.795102 0.006813
762.684265 562.930542 0.737556 0.080894
-1153.529785 -306.209473 0.886978 -0.038582
256.791870 55.266296 0.893691 0.044578
-101.067017 399.467163 0.720463 -0.081430
-101.067017 399.467163 0.720463 -0.049324
403.973206 57.436157 0.807324 0.095931
-1175.274658 -321.587036 0.885432 -0.174808
-123.336914 -1.299316 0.805837 0.057917
-566.477905 240.042603 0.782548 -0.004912
326.168457 158.694702 0.756275 0.044150
-970.423828 15.727051 0.827582 -0.061303
107.437012 -413.693237 0.839303 0.028366
942.163879 -517.213745 0.938307 -6.219630
942.163879 -517.213745 0.938307 0.079746
698.266174 -412.247803 0.902264 0.007551
-592.314453 26.164307 0.748094 -0.022874
103.360352 -421.549194 0.967970 0.040899
665.430359 26.310425 0.776150 0.074133
-1082.566162 -206.969482 0.841650 -0.217223
-1082.566162 -206.969482 0.841650 -0.078398
999.346497 332.350281 0.772826 0.074292
-999.919434 305.719482 0.830236 -0.062338
-749.207275 -199.317627 0.879497 0.045827
-958.932129 174.783875 0.852413 -0.058825
695.222534 409.344360 0.813302 -0.003008
-1184.952148 -306.614868 0.874321 -0.214123
-295.119995 476.120544 0.795253 -0.050999
-295.119995 476.120544 0.795253 -0.150748
844.693848 100.273010 0.774685 0.015458
844.693848 100.273010 0.774685 0.080373
-1207.154785 89.437561 0.858380 -0.119859
368.979858 -381.360962 1.037887 0.083891
20.137817 94.009033 0.745830 0.093068
-837.114014 -448.149170 0.969383 0.029285
-1096.117188 -208.233643 0.782002 0.019945
-355.686279 87.832275 0.804205 -0.018450
-395.312622 458.262878 0.722694 -0.027089
217.659302 -419.992310 0.973389 0.075494
-712.634033 -306.163452 0.922578 -0.025856
-291.090942 -355.079834 0.897853 -0.020692
871.171936 49.945984 0.762186 0.095530
-346.641357 348.569580 0.772535 -0.022669
-1272.698242 60.386047 0.928489 -0.008198
619.153564 -377.400879 0.886496 0.047642
-1116.050049 -44.815308 0.805063 -0.091762
-1116.050049 -44.815308 0.805063 0.005297
-1047.655518 113.567322 0.969078 -0.180105
-1031.789795 -207.688110 0.859252 0.009893
-1031.789795 -207.688110 0.859252 -0.214263
-207.859009 -548.299683 0.930495 -0.024799
-826.077881 287.857727 0.798205 -0.137866
-295.131836 495.127686 0.741743 -0.004342
-654.560303 -466.908325 0.893392 -0.130981
-581.401245 -313.344604 0.950417 0.084009
-870.307617 -462.693726 0.993294 -0.132221
309.635498 64.088684 0.810732 0.002485
484.409302 -422.407227 0.961315 0.209809
-1213.308350 -322.127197 0.927146 -0.107425
-577.083252 -308.515625 0.895082 -0.134271
108.089233 -4.534424 0.771249 -0.042131
-814.610352 -407.854614 0.959562 -0.012759
627.037842 23.236084 0.791901 0.007480
-1231.634033 300.213318 0.794554 0.003874
540.899780 327.741272 0.735512 0.051359
1000.669983 153.803040 0.699897 -0.014659
931.198486 -507.273315 0.919379 0.176073
-636.738770 255.216309 0.793981 -0.016990
-636.738770 255.216309 0.793981 -0.078681
-331.694946 6.718018 0.854832 0.004788
-217.780273 -306.565796 0.963808 0.035374
571.194397 482.642944 0.674341 0.081903
577.841919 -79.252563 0.773777 0.039685
629.416077 481.239929 0.739971 0.020411
-305.790894 315.638245 0.738767 -0.011197
-1105.510254 263.824707 0.718957 -0.048341
559.913208 505.504639 0.635714 -0.040802
663.807678 -252.594971 0.928844 -0.001853
-264.182617 -355.742310 0.869673 0.020035
-943.188232 305.868347 0.778375 -0.029216
-208.942627 -534.015015 0.909852 0.020730
-18.882324 141.887573 0.813719 0.049725
176.041138 303.514648 0.760223 -0.080929
-610.587891 42.034607 0.906419 -0.028075
-415.988525 197.528442 0.756656 0.005583
-1113.897949 86.128052 0.867346 -0.015757
-1113.897949 86.128052 0.867346 -0.057307
-938.270020 66.225769 0.809204 -0.140742
-1004.090332 -462.340454 0.934083 6.208074
-1083.406006 -188.980591 0.894660 -0.058869
867.220154 566.797302 0.785467 0.082515
-577.234009 56.332947 0.820510 -0.122618
-1047.096924 401.988647 0.776961 0.059828
-1047.096924 401.988647 0.776961 -0.158525
58.222290 -90.377075 0.815259 -0.038522
-133.979370 -55.092285 0.840185 -0.072666
1049.451294 -410.368774 0.941172 -0.059490
-634.674805 296.036987 0.830420 -0.046129
1019.993774 -470.459106 0.880396 0.093308
1019.993774 -470.459106 0.880396 0.121545
-48.738892 387.510864 0.849244 0.026026
1082.715088 98.146851 0.880328 -6.093086
-1132.547363 -456.151367 0.888754 6.123858
-1160.764893 -390.898071 0.902363 -0.004520
-778.281982 290.852966 0.991760 -0.051946
-549.243042 333.476440 0.826749 -0.125887
300.434570 85.754272 0.855018 0.158306
-614.411377 238.581421 0.753271 0.002899
933.744141 175.499573 0.859089 0.031988
-405.846924 120.615601 0.740654 -0.032431
-920.341797 2.127930 0.769489 6.169421
776.947449 -71.989502 0.828736 0.007559
375.212402 307.854431 0.785089 0.105907
844.497253 -61.760376 0.685296 3.306715
526.604736 -476.161011 0.909366 0.052230
-615.437378 -336.619629 0.843201 0.045916
318.418213 243.252686 0.777456 0.046434
931.698914 -379.002075 0.929847 -0.109638
935.628540 -372.657715 0.926991 0.236649
935.628540 -372.657715 0.926991 -0.025679
462.716370 79.414795 0.823651 0.079075
104.798950 34.005188 0.798350 -0.031741
-628.296265 95.296082 0.868047 -0.037415
-1126.153809 -383.091064 0.962696 0.033211
-863.064453 -201.260864 0.894762 0.009083
277.208618 20.717041 0.778225 -0.037830
-938.326660 75.345032 0.803015 -0.086319
625.185181 139.131531 0.736639 0.045190
-788.636719 31.458008 0.748141 -0.054233
353.121582 327.376770 0.744835 -0.032860
-95.478394 415.315430 0.747928 -0.092471
-617.721802 18.713379 0.717101 -0.054017
390.375793 117.451660 0.791417 0.064415
340.101929 116.917969 0.771512 0.025015
558.914795 85.712158 0.810046 0.015830
558.914795 85.712158 0.810046 -0.027424
-949.350342 186.216492 0.805802 -0.036409
621.902893 90.958740 0.846310 0.093982
-741.475098 -407.691895 0.889570 -0.021751
-1153.940674 -589.622314 1.315267 1.763568
-882.888428 -335.319580 0.835328 -0.014122
187.465576 -421.086914 0.972121 0.081801
-144.486938 389.059753 0.827058 -0.124216
-1132.828369 96.399048 0.846483 -0.170317
430.333069 232.368286 0.784913 -0.012994
999.133423 344.902832 0.811898 -6.183107
-984.839355 318.123474 0.794044 -0.048807
-1259.247803 -313.569824 0.814137 -0.157285
-548.360596 277.927002 0.792044 0.054394
-102.036255 295.153564 0.801888 0.014011
-926.738281 -384.120972 0.961624 0.071786
522.754517 -302.385254 0.885453 0.037507
871.597778 64.273376 0.872587 0.064578
-947.457275 -11.666260 0.756479 -0.018843
366.598877 53.067261 0.875721 0.107757
-79.552979 303.181763 0.794872 0.045555
-79.552979 303.181763 0.794872 -0.011427
-129.634277 351.686829 0.745860 0.002259
-1176.693359 -444.338501 0.895013 -0.185085
-1119.144775 -177.983643 0.822884 -0.104118
972.412170 -349.804932 1.277022 0.004506
924.127808 -379.546021 0.850504 -0.098832
1048.668701 154.221680 0.761219 -0.030368
826.292969 -237.902466 0.970020 0.078944
793.486877 556.260498 0.730959 0.022625
-407.096191 310.911011 0.768074 -0.052181
-711.031738 -524.222900 0.945224 -0.088315
-985.256836 -201.925049 0.757673 -0.024530
-769.279785 396.783813 0.877938 -0.000773
-110.645630 -80.561646 0.909264 0.062520
-680.416260 311.238831 0.759067 -0.020264
318.960693 316.706238 0.860880 -0.130456
65.442261 29.077881 0.777307 0.002706
-330.136597 336.513733 0.749900 -0.113737
-1101.385010 -510.383667 0.910570 0.044123
-195.527710 394.333130 0.776090 0.192962
935.263428 -357.256348 0.862874 0.000284
-1014.805176 -391.963135 0.878234 -0.050564
-690.750000 -525.220459 0.941086 -0.000670
450.086670 311.752747 0.787522 0.091035
-980.277344 -219.799683 0.874910 -0.035958
-1307.746338 131.002075 0.844630 -0.127494
-551.485840 -321.901611 0.806489 -0.011069
843.805176 138.705383 0.726233 0.024962
601.768738 267.065063 0.716299 -0.015134
603.933655 24.584106 0.855813 0.074872
382.237427 614.146606 0.687369 -0.141237
382.237427 614.146606 0.687369 0.026165
142.682739 509.524414 0.747393 -0.034681
142.682739 509.524414 0.747393 -0.015811
-542.281616 241.687073 0.756115 -0.058798
-220.939697 141.919067 1.028685 -0.011633
-859.320068 398.200439 0.791839 -0.032836
-564.282471 309.943481 0.766297 0.050555
46.177124 197.903381 0.895384 -0.003826
-695.863281 -201.089966 0.849916 -0.035896
-39.863159 -388.123901 1.029122 -0.024087
525.712097 117.381287 0.848462 0.095971
627.454102 123.944885 0.747491 0.027161
1033.362305 -509.615479 0.877498 0.039021
-1273.800293 -224.220459 0.851538 -0.068650
-42.806396 -69.775757 0.809749 -0.008603
-291.407837 191.187012 0.787970 -0.164462
240.567505 -374.365845 0.938556 -0.032832
-579.860596 313.210022 0.749493 -0.059602
858.544067 -478.161499 0.921603 0.029236
5.317139 127.299255 0.723679 -0.002404
-29.103271 -79.434570 0.812140 0.090971
645.390259 552.535156 1.129140 -0.030675
56.662598 172.902039 0.824782 0.109232
393.428894 634.901123 0.781738 0.025492
-401.692017 136.381226 0.816439 6.072267
-401.692017 136.381226 0.816439 -0.192145
151.909302 344.580200 0.925799 -0.045911
465.480408 340.824585 0.761344 0.025398
984.525391 332.324036 0.718725 -0.016539
515.921021 230.020752 0.769595 -0.064826
811.870667 315.795593 0.766227 0.168134
-970.585205 -514.836548 0.844906 -0.032777
-742.319580 369.400269 0.795650 0.016073
-1249.796387 -325.828125 0.902365 0.009151
-134.618042 313.841309 0.742699 -0.000536
-1051.123535 -96.347168 0.821420 -0.048748
802.879456 -157.767578 0.928866 0.004366
-854.319580 -207.231934 0.985627 -0.055253
-1041.835693 -196.797607 0.920532 -0.030406
434.768127 -361.631836 1.213720 0.198268
-971.823486 -85.190063 0.884302 -0.096169
69.098633 319.734192 0.771678 -0.010638
-209.598267 297.650696 0.769650 0.052472
-703.701904 -99.253906 0.858707 -0.052653
533.992676 352.400574 1.709815 0.080537
-772.686768 270.252197 0.767480 -0.014607
-1108.350342 177.017273 0.760947 6.116292
-154.523193 395.543640 0.821883 0.059333
-711.431885 -200.010010 0.842327 -0.039728
-711.431885 -200.010010 0.842327 -0.109797
448.845764 83.722412 0.798411 0.214796
-376.829224 616.473755 0.705169 -0.094068
470.385498 225.571045 0.811495 -0.025563
-620.020874 -313.300049 0.824179 -0.096231
-972.043701 -209.262207 0.912260 0.044544
381.620605 -544.320923 0.952095 -0.030060
-195.959229 418.324097 0.778519 0.046696
74.800781 205.241150 0.727802 0.015607
-923.166260 19.812256 0.738808 -0.115236
121.768555 -259.665894 0.930515 -0.002374
-700.139160 103.383301 0.813301 -0.186783
-717.894531 -310.749878 0.888819 -0.097828
96.309570 495.635925 0.755623 0.011772
1078.687866 -21.739258 0.841605 0.039363
-637.803955 -176.234009 0.797558 -0.040824
-846.097168 -200.000610 0.838135 0.033379
-740.640869 30.674561 0.778565 -0.044053
838.163269 154.772095 0.875311 -5.998267
826.118042 -408.285645 0.897343 0.073572
-1018.770752 289.658569 0.817396 6.165763
-1018.770752 289.658569 0.817396 -0.053180
-300.526123 -60.068481 0.852435 -0.030245
-759.542969 613.548340 0.804006 -0.035713
-761.065918 -214.840454 0.767449 0.034320
679.881653 218.933533 0.819273 0.076276
-226.227173 337.021118 0.804575 -0.039305
-1301.336426 171.795837 0.712830 -0.028384
-346.779297 295.750610 0.805832 -0.061232
-76.430298 20.328979 0.807766 -0.018292
-736.176025 -212.507935 0.840467 -0.015690
-736.176025 -212.507935 0.840467 -0.023319
-1119.979736 301.546082 0.756230 -0.049765
-574.191895 64.852051 0.800055 0.008046
-693.558350 297.714722 0.732492 -0.164861
-969.933105 317.383911 0.756634 -0.030477
-809.577637 324.744141 0.776433 -0.010199
916.328491 -3.860229 0.934044 0.002152
-949.378662 -309.563110 0.896448 -0.081568
-774.114990 609.262329 0.822206 -0.098701
-683.231689 -199.141846 0.818866 0.078084
730.274353 392.241577 0.810444 0.034571
512.723328 -422.233398 0.921942 -0.014579
143.725220 -433.382935 0.949449 0.112863
-1313.058350 171.808716 0.823317 -0.161803
-30.466919 -52.032837 0.814367 -0.004010
733.437195 409.997864 0.826851 0.126358
935.848511 96.387573 0.701937 -0.022087
587.379700 387.816223 0.806119 0.090631
917.616638 110.579468 0.826056 -0.062686
-932.239990 -315.393311 0.998527 0.035643
-993.366211 -512.345093 0.982832 -0.223477
-993.366211 -512.345093 0.982832 0.035521
984.560669 -228.148682 0.759379 0.020236
242.460571 268.648254 1.147642 -1.534854
-603.044312 310.127136 0.734516 0.035766
-945.898438 -61.746338 0.829089 -0.029374
464.717102 45.520691 0.785003 0.024057
765.808350 409.057861 0.824756 0.137542
298.676392 4.882080 0.744865 -0.048586
834.023499 -468.030151 0.879919 -0.012387
-55.817993 -4.197998 0.905107 -0.011676
-790.077881 -206.134644 0.822265 -0.149033
-1071.455078 -315.454956 0.849930 -0.078398
623.764160 629.975464 0.664999 0.016825
-361.809204 -90.937500 0.841969 -0.197876
-1033.522705 -9.030151 0.896789 0.013962
770.342041 -540.349731 0.877056 -0.013446
373.316040 215.330139 0.812518 0.041581
-625.885620 302.724609 0.769960 -0.070688
-93.951538 400.262146 0.811450 0.001079
-93.951538 400.262146 0.811450 0.104107
637.326843 235.039429 0.782910 1.161912
164.499878 176.660706 0.767901 -0.088166
598.600586 414.799622 0.831380 0.012657
-1183.196045 49.782715 0.734977 -0.068396
332.331177 114.924744 0.867240 0.137342
908.044373 -464.285889 0.817140 0.073574
180.148560 -421.273804 0.904684 -0.058488
-797.920166 145.750183 0.719534 -0.000050
-169.567017 385.543701 0.839797 -0.021270
-673.856445 596.602295 0.757419 -0.074703
-673.856445 596.602295 0.757419 -0.018140
392.314331 313.195862 0.767014 0.025253
-751.900879 308.540222 0.737608 0.027110
115.062256 296.421570 0.800970 -0.054186
970.350586 47.661865 0.718555 -0.025393
970.350586 47.661865 0.718555 0.011019
750.938843 584.108398 0.782469 0.029745
750.938843 584.108398 0.782469 -0.027397
-1348.584961 434.440247 0.703781 -0.086196
-1158.150879 309.358948 0.814032 -0.006469
-1158.150879 309.358948 0.814032 0.187372
-902.169189 -509.072266 0.940426 -0.107221
578.425354 390.787842 0.638061 -0.024720
568.245422 215.919495 0.818250 0.094859
-951.553223 316.487549 0.763018 -0.046680
526.827393 329.235291 0.800689 0.085728
-1021.365723 270.791565 0.841129 -0.008683
-1205.831299 169.954651 0.785805 -0.020983
890.593628 143.624695 0.767223 0.093784
-745.926514 587.875244 0.705962 -0.013733
-729.066406 -85.059692 0.891054 -0.104412
544.086060 341.434570 0.822032 0.076535
-1045.590332 -259.186523 0.910670 -0.149809
454.138611 -74.545044 0.780161 -0.005378
-919.127930 13.454346 0.906833 -0.070394
-945.449707 -211.302368 0.899189 -0.171519
-679.937744 -188.750000 0.861424 0.060825
-1104.827148 281.120911 0.837774 -0.087438
-1104.827148 281.120911 0.837774 -0.036962
-334.390869 315.262695 0.753326 0.016123
-174.015381 396.324585 0.816834 -0.011864
-174.015381 396.324585 0.816834 -0.072954
-614.433960 255.332031 0.828453 -0.101648
-614.433960 255.332031 0.828453 -0.048372
361.903320 308.317505 0.799623 -0.009094
1095.274658 137.749390 0.765638 -6.159098
-726.872314 -30.658569 0.829142 -0.157488
-1186.120361 -323.194336 0.970408 -0.050202
939.541504 57.089966 0.844011 0.108227
757.316711 388.787476 0.716800 0.032508
535.052612 385.312012 0.874132 -0.011747
-1099.051270 -3.028564 0.842688 0.108053
-617.763184 -199.839600 0.826165 6.133742
-1165.181396 -400.998169 1.065179 -0.030705
426.419434 305.687988 0.803068 0.019008
-801.876221 -336.461548 0.870724 -0.006147
995.404785 -168.923950 0.891760 -0.105953
647.680542 592.667725 0.748729 -0.023847
-748.896729 309.685120 0.699894 -0.095572
-870.178711 308.768616 0.814426 -0.057504
-208.626587 415.103455 0.785051 6.157574
-345.594360 315.107727 0.756981 -0.034807
1021.791870 170.100952 0.849090 -0.091560
-767.120117 587.983521 0.834114 -0.139103
-767.120117 587.983521 0.834114 0.070195
914.599182 -16.438965 0.873731 -0.014278
-1024.849609 -264.973877 0.953600 -0.037443
-885.669434 476.628174 0.785302 -0.144024
-617.846191 -212.122437 0.837200 6.103750
-808.411865 -212.802124 0.797710 0.178322
-808.411865 -212.802124 0.797710 0.198046
-948.759766 -498.430298 1.056638 -0.072711
832.528015 235.549011 0.791192 -0.073699
600.757385 -260.463867 0.828943 0.135521
73.526733 -66.101807 0.806900 -0.024968
342.403442 175.405945 0.759613 0.015883
260.384766 246.084167 0.803963 0.006181
617.198303 -405.906738 0.945363 0.014834
99.730469 93.279419 0.696173 -0.003318
168.141846 115.172119 0.863260 -0.190449
-963.997070 -183.131958 0.800931 0.013808
1043.046143 79.662415 0.820117 0.009435
785.474548 621.208130 0.744000 0.068769
-845.167480 -513.453735 0.914094 -0.135175
-363.555420 476.326233 0.858932 -0.051741
-646.562988 618.847900 0.765055 -0.070714
-783.092773 -335.777832 0.855432 -0.012084
-691.355469 103.385376 0.829055 0.026363
712.755737 135.413879 0.845935 0.136044
712.755737 135.413879 0.845935 -0.015427
548.112122 49.888977 0.905937 0.008773
65.930420 227.997864 0.784567 -0.045669
220.748657 -546.228027 1.010833 0.051128
489.171814 175.472046 0.757724 -0.023183
-742.413574 378.192444 0.776146 0.102390
-791.056885 -509.988281 0.906276 -0.021086
53.703125 251.125305 0.805313 0.065634
-788.377197 72.929138 0.842517 -0.099915
486.303772 107.388672 0.784715 0.065684
59.442871 305.738037 0.790483 0.047381
740.463257 -417.758789 1.377642 -0.208892
-639.109375 79.199524 0.845909 0.052446
607.436279 196.633118 0.814321 -0.156101
697.367981 559.144653 1.096733 0.016178
697.367981 559.144653 1.096733 -0.105715
185.635376 300.713867 0.764865 0.048780
-925.568359 -396.311401 0.952551 -0.269607
-1327.723145 -322.941406 0.881145 -0.149041
-1327.723145 -322.941406 0.881145 0.083996
-1170.859619 -441.818726 0.936892 0.011531
-383.390625 294.335083 0.824353 -0.120298
4.148560 302.704041 0.789098 -6.254256
-53.750000 643.901367 0.690018 -0.114876
530.913513 416.432007 0.761423 0.033681
811.030212 125.645081 0.867565 0.012562
508.940491 316.198425 0.815852 0.032609
869.283752 -81.928589 0.964478 -3.325460
141.615356 115.823120 0.875564 -0.090863
-1242.495605 -12.597046 0.894343 0.048915
-1308.581787 59.389099 0.818763 -0.173368
548.322083 386.102478 0.781012 0.018238
-1099.760742 317.181030 0.869196 -0.056206
-125.755249 318.276001 0.768533 -0.028721
-679.208740 -517.900024 0.842444 -0.017551
-177.583374 644.114624 0.704108 0.062985
973.472412 314.220642 0.767244 0.006341
657.302612 391.637573 1.102873 -0.842008
4.724976 194.992371 0.754849 0.104001
648.410522 389.369141 0.747726 -0.008426
621.953857 101.915283 0.803380 0.075709
-800.385498 595.442444 0.795677 0.032358
854.796875 311.665466 0.807732 -0.028947
-1127.808838 -199.194458 0.885097 -0.072451
-1255.053955 -88.659180 0.896263 -0.100938
-1000.635254 -209.457031 0.942976 -0.053772
-601.261108 326.610901 0.741526 -0.088373
271.749023 226.010315 0.840007 -0.119820
680.520996 183.072571 0.761270 0.015451
-822.135986 -512.628540 1.020479 -0.078227
-752.107422 -322.352051 1.104085 -0.086227
429.097351 470.523926 0.711668 0.025031
976.288452 33.764404 0.825420 0.224493
976.288452 33.764404 0.825420 0.042331
-1220.070801 -217.266113 1.091575 -0.189920
-953.937988 -45.333008 0.972280 0.008379
-658.446289 -90.216309 0.837287 -0.065938
459.822083 234.866089 0.792034 -0.152720
-266.673584 -293.294922 1.075494 -0.157747
-745.763672 607.099121 0.752947 -0.048227
-745.763672 607.099121 0.752947 -0.088361
698.205750 345.405518 0.835786 0.049797
-553.960815 603.514221 0.772526 0.005501
-1258.270752 317.490723 0.682169 -0.157545
-1100.250488 -84.282715 0.929346 0.169296
-1100.250488 -84.282715 0.929346 0.013768
372.691895 610.187622 0.716340 0.044456
-716.381836 79.768188 0.941809 -0.174199
566.348755 348.913208 0.811577 0.078184
-722.952881 610.310669 0.699656 -0.035840
-416.860229 639.999512 0.781477 0.022900
-713.147461 28.766846 0.809299 0.098095
-876.922607 -516.736694 0.968880 -0.035251
868.719727 141.693665 0.771716 0.060241
-724.418213 598.829590 0.659955 0.061514
-53.320190 242.982422 0.719130 -0.048538
-900.754639 -210.850586 0.823812 -0.020391
794.885925 151.787170 0.805217 0.041086
309.831299 59.750061 0.894786 0.101791
-1236.179199 -229.901489 0.770424 -0.080464
-1142.963867 136.701843 0.836262 -0.112106
516.990295 398.016846 0.806667 0.032015
-1105.682129 62.236816 0.755202 -0.025563
-1.755737 216.084412 0.913277 -0.141440
975.374756 -70.045654 0.874114 0.093123
-674.096924 -458.663330 1.014854 -0.095232
-901.544434 -13.315552 0.877016 -0.119207
-177.556885 621.277954 0.629859 0.158359
812.699097 163.080566 0.827578 0.059568
-329.990234 297.358459 0.823432 -0.123677
751.657227 394.647339 0.789182 0.062771
977.647339 313.824768 0.692279 -0.005091
-465.390137 623.959717 0.842317 -0.069372
-666.202393 12.056885 0.998934 0.011715
584.654236 329.382263 0.755143 -0.030962
-986.050537 425.105713 0.842991 -0.005433
-1250.006348 -7.734497 0.974484 -0.118067
325.799927 -418.390381 0.834819 -0.018521
-433.725220 640.195801 0.780755 -0.067173
-13.961548 651.350952 0.725316 -0.008172
749.303467 556.805298 1.048333 -0.044822
881.945435 348.367004 0.827762 -0.150486
-1173.086426 116.970581 0.905940 -0.119591
-193.007080 -523.827637 0.807180 3.107161
-74.688721 619.848511 0.603986 -3.314623
-699.303467 -300.519043 0.941256 -0.072570
-699.303467 -300.519043 0.941256 -0.057731
-562.416382 611.453735 0.710006 -0.043991
462.006104 52.430664 0.753293 0.045619
47.333740 284.132385 0.823385 -0.094666
841.292786 329.899780 0.755036 0.039894
888.695251 46.387207 0.824457 -0.059565
-1146.885986 148.916077 0.678528 0.098241
-1237.738037 -34.685425 0.766344 0.072116
523.988586 400.304443 0.844025 0.002236
-242.629395 197.763306 0.852564 0.033467
-1225.935791 72.138123 0.779881 -0.033440
971.780029 -145.803467 0.845490 -0.030310
613.254883 173.463562 0.732772 0.015011
605.020142 232.396973 0.728719 0.048014
-675.419922 -20.590210 1.017108 0.041044
-553.659912 622.666809 0.753654 -0.009613
-1341.226318 434.352722 0.723778 0.005669
-1341.226318 434.352722 0.723778 -0.147467
-1288.896729 315.014343 0.821256 -0.041495
-33.446167 619.788513 0.676587 0.034260
993.222412 48.042603 0.823515 -0.100581
72.611816 625.461670 0.738969 -0.127359
-868.215576 -205.317505 1.083633 -0.097485
-767.689209 -213.693359 1.169022 -0.283874
554.760559 412.368042 0.861027 0.066290
613.394226 -438.129517 0.925802 -0.020166
-1083.473633 -197.984497 1.040927 -0.000006
-1139.754883 65.601624 0.751311 0.066313
-1305.920166 -38.219482 0.831763 -0.060728
249.324463 42.796387 0.905455 0.064009
573.214294 174.050110 0.943104 -0.014034
-125.443970 619.982178 0.792085 0.013234
847.542419 124.472839 0.799511 0.073209
124.035278 616.747559 0.793593 -0.002014
-550.231689 612.072876 0.742732 0.006693
-1174.023438 87.645752 0.858937 -0.172751
-1066.870361 -515.446655 0.967781 -0.055952
-535.947266 607.083130 0.708776 -0.080194
-535.947266 607.083130 0.708776 0.010155
-840.989502 -205.375244 0.944881 0.000158
485.435425 214.892334 0.830338 0.107329
-1157.283203 30.936768 0.926175 -0.178867
378.085938 59.698059 0.950606 0.056550
-720.599121 618.115723 0.685133 -0.081689
-218.444092 610.508667 0.728343 0.068903
-1044.289063 -311.571045 0.894317 6.226791
598.655090 350.529480 0.809516 0.132495
-1154.413330 102.963989 0.859287 -0.124487
-235.563477 234.115234 0.789417 0.030423
-625.648804 198.754272 0.974677 0.002346
-272.919312 623.818237 0.735453 -0.012219
-272.919312 623.818237 0.735453 -0.117757
-1288.057617 -4.479736 0.765652 -0.024699
-14.186035 635.654663 0.796443 -0.106623
-316.835693 82.068909 0.841925 0.022390
-307.149414 612.383606 0.511873 -3.074840
-693.581543 636.820190 0.773122 -0.034438
536.183899 407.664307 0.870633 0.129115
-1228.610107 -248.734985 1.014225 -0.011531
955.672302 148.737976 0.720831 -0.039228
-623.458862 591.721313 0.760602 -0.005696
-576.707397 605.197815 0.734635 -0.089592
-502.858398 178.215759 0.737057 -0.069524
-519.447632 2.833862 0.748654 -0.115510
844.230164 641.964722 0.784979 0.205678
844.230164 641.964722 0.784979 0.119498
-439.771851 615.916382 0.804247 -0.024615
276.682739 614.696411 0.809164 0.111001
768.150330 216.451599 0.828002 0.176817
719.540833 249.254761 0.773540 0.004459
-818.854004 147.521484 1.027017 -0.025584
-706.078125 -190.088257 0.893343 0.087671
-185.742432 611.894165 0.808946 0.049422
280.282959 252.473572 0.638994 0.043266
-838.269043 274.250427 0.732966 -0.023049
-489.848755 631.862427 0.870775 -0.127600
-415.342651 611.727478 0.697317 -0.049973
-915.266602 -305.035522 0.883350 -0.116037
895.073730 715.625977 1.248208 3.156692
-200.304810 618.721741 0.785316 0.016407
-1224.891357 -225.276001 0.981210 -0.018564
-1017.204834 -196.793701 1.047929 0.017352
-62.590088 609.587219 0.472353 0.014308
147.352539 173.819519 0.755917 -0.027590
-1221.848389 5.343994 0.928860 -0.183747
-545.682739 28.198730 0.778480 -0.076025
-545.682739 28.198730 0.778480 -0.165587
930.226563 1.878174 0.880169 0.115648
826.594482 261.010315 0.683863 -2.880808
958.620483 46.214172 0.711876 0.106795
958.620483 46.214172 0.711876 0.007692
-101.922363 605.320251 0.710740 -0.194171
737.630188 232.596558 0.873862 0.184353
469.222534 619.987915 1.129334 3.282749
-995.635742 -63.809692 0.809077 0.007343
-656.828613 432.197266 3.793975 3.134954
522.782349 261.838318 0.952771 0.009788
-688.324219 644.344971 0.775280 0.029263
-1288.050781 -304.775635 0.917234 -0.152498
4.078125 638.079590 0.745324 0.046450
-28.463501 271.954285 0.688516 0.048355
-621.927002 598.351807 0.934807 1.595500
1018.938293 98.387939 0.876963 -0.006608
1178.793213 131.039612 0.849946 -1.236678
-76.794312 112.402588 0.850192 -0.041927
677.242065 45.157715 0.841571 0.145095
-1014.708740 -504.983032 0.907122 -0.003844
115.755249 631.504700 0.768301 -0.023544
604.008606 124.596191 0.820198 -0.214007
-671.080078 -49.314819 0.945114 0.058135
55.691895 619.166687 0.875919 -0.001440
-158.649658 185.131042 0.916592 6.203812
-1224.748535 -594.125732 2.504748 0.193766
397.340759 347.734070 0.818936 0.064461
150.058716 639.837769 0.692006 -0.003935
969.946289 32.957275 0.945695 0.240079
-76.293579 213.031250 0.937386 0.008424
844.417175 221.576050 1.174387 0.016183
1077.201660 30.988159 1.037621 1.849065
-679.289551 149.075684 1.451820 0.011834
